#
# There is insufficient memory for the Java Runtime Environment to continue.
# Native memory allocation (mmap) failed to map 981467136 bytes for G1 virtual space
# Possible reasons:
#   The system is out of physical RAM or swap space
#   The process is running with CompressedOops enabled, and the Java Heap may be blocking the growth of the native heap
# Possible solutions:
#   Reduce memory load on the system
#   Increase physical memory or swap space
#   Check if swap backing store is full
#   Decrease Java heap size (-Xmx/-Xms)
#   Decrease number of Java threads
#   Decrease Java thread stack sizes (-Xss)
#   Set larger code cache with -XX:ReservedCodeCacheSize=
#   JVM is running with Zero Based Compressed Oops mode in which the Java heap is
#     placed in the first 32GB address space. The Java Heap base address is the
#     maximum limit for the native heap growth. Please use -XX:HeapBaseMinAddress
#     to set the Java Heap base and to place the Java Heap above 32GB virtual address.
# This output file may be truncated or incomplete.
#
#  Out of Memory Error (os_windows.cpp:3548), pid=33224, tid=36956
#
# JRE version: OpenJDK Runtime Environment Temurin-17.0.5+8 (17.0.5+8) (build 17.0.5+8)
# Java VM: OpenJDK 64-Bit Server VM Temurin-17.0.5+8 (17.0.5+8, mixed mode, emulated-client, tiered, compressed oops, compressed class ptrs, g1 gc, windows-amd64)
# No core dump will be written. Minidumps are not enabled by default on client versions of Windows
#

---------------  S U M M A R Y ------------

Command Line: -Dsts.lsp.client=vscode -Dsts.log.file=/dev/null -XX:TieredStopAtLevel=1 -Xlog:jni+resolve=off -Dspring.config.location=file:c:\Users\pbj25\.vscode\extensions\pivotal.vscode-spring-boot-1.42.0\language-server\BOOT-INF\classes\application.properties org.springframework.ide.vscode.boot.app.BootLanguageServerBootApp

Host: AMD Ryzen 7 3700X 8-Core Processor             , 16 cores, 15G,  Windows 10 , 64 bit Build 19041 (10.0.19041.2251)
Time: Tue Dec 13 14:15:45 2022  Windows 10 , 64 bit Build 19041 (10.0.19041.2251) elapsed time: 2.877252 seconds (0d 0h 0m 2s)

---------------  T H R E A D  ---------------

Current thread (0x000001b55650ecc0):  VMThread "VM Thread" [stack: 0x0000000402c00000,0x0000000402d00000] [id=36956]

Stack: [0x0000000402c00000,0x0000000402d00000]
Native frames: (J=compiled Java code, j=interpreted, Vv=VM code, C=native code)
V  [jvm.dll+0x676b3a]
V  [jvm.dll+0x831444]
V  [jvm.dll+0x832bee]
V  [jvm.dll+0x833253]
V  [jvm.dll+0x244ce5]
V  [jvm.dll+0x673a49]
V  [jvm.dll+0x66811a]
V  [jvm.dll+0x303ceb]
V  [jvm.dll+0x30b1e6]
V  [jvm.dll+0x35adbe]
V  [jvm.dll+0x35afef]
V  [jvm.dll+0x2dab88]
V  [jvm.dll+0x2d8e3c]
V  [jvm.dll+0x2d840c]
V  [jvm.dll+0x31c31b]
V  [jvm.dll+0x8376fb]
V  [jvm.dll+0x838434]
V  [jvm.dll+0x83894c]
V  [jvm.dll+0x838d24]
V  [jvm.dll+0x838df0]
V  [jvm.dll+0x7e17ea]
V  [jvm.dll+0x6759e5]
C  [ucrtbase.dll+0x21bb2]
C  [KERNEL32.DLL+0x174b4]
C  [ntdll.dll+0x526a1]

VM_Operation (0x0000000406afcc90): G1CollectForAllocation, mode: safepoint, requested by thread 0x000001b55896f3c0


---------------  P R O C E S S  ---------------

Threads class SMR info:
_java_thread_list=0x000001b5588033b0, length=61, elements={
0x000001b55705c260, 0x000001b55705d0d0, 0x000001b5570a2590, 0x000001b5570a3210,
0x000001b5570a6be0, 0x000001b5570a84b0, 0x000001b5570ab8e0, 0x000001b5570b6e90,
0x000001b5572abe50, 0x000001b5572c0ef0, 0x000001b5572ca690, 0x000001b5572ebff0,
0x000001b557c0d520, 0x000001b557a8ef60, 0x000001b557a910f0, 0x000001b558114740,
0x000001b558679060, 0x000001b55856cf70, 0x000001b5439d1770, 0x000001b55885ad00,
0x000001b5588a2910, 0x000001b5588a31f0, 0x000001b55892d210, 0x000001b558932fd0,
0x000001b558943340, 0x000001b558943810, 0x000001b558943ce0, 0x000001b5589441b0,
0x000001b558945e90, 0x000001b558944b50, 0x000001b558945020, 0x000001b558946360,
0x000001b558944680, 0x000001b5589454f0, 0x000001b5589459c0, 0x000001b558946830,
0x000001b558942e70, 0x000001b55896e080, 0x000001b5589723e0, 0x000001b55896ea20,
0x000001b558970230, 0x000001b558971a40, 0x000001b558970700, 0x000001b558971f10,
0x000001b55896bed0, 0x000001b55896fd60, 0x000001b5589710a0, 0x000001b55896f3c0,
0x000001b55896d210, 0x000001b55896cd40, 0x000001b558970bd0, 0x000001b55896d6e0,
0x000001b55b000a30, 0x000001b55af84a00, 0x000001b55affdd70, 0x000001b55b023040,
0x000001b55b023550, 0x000001b55b023a60, 0x000001b55896e550, 0x000001b55896dbb0,
0x000001b558971570
}

Java Threads: ( => current thread )
  0x000001b55705c260 JavaThread "Reference Handler" daemon [_thread_blocked, id=21432, stack(0x0000000402d00000,0x0000000402e00000)]
  0x000001b55705d0d0 JavaThread "Finalizer" daemon [_thread_blocked, id=27836, stack(0x0000000402e00000,0x0000000402f00000)]
  0x000001b5570a2590 JavaThread "Signal Dispatcher" daemon [_thread_blocked, id=39468, stack(0x0000000402f00000,0x0000000403000000)]
  0x000001b5570a3210 JavaThread "Attach Listener" daemon [_thread_blocked, id=27832, stack(0x0000000403000000,0x0000000403100000)]
  0x000001b5570a6be0 JavaThread "Service Thread" daemon [_thread_blocked, id=8476, stack(0x0000000403100000,0x0000000403200000)]
  0x000001b5570a84b0 JavaThread "Monitor Deflation Thread" daemon [_thread_blocked, id=11240, stack(0x0000000403200000,0x0000000403300000)]
  0x000001b5570ab8e0 JavaThread "C1 CompilerThread0" daemon [_thread_blocked, id=38152, stack(0x0000000403300000,0x0000000403400000)]
  0x000001b5570b6e90 JavaThread "Sweeper thread" daemon [_thread_blocked, id=4444, stack(0x0000000403400000,0x0000000403500000)]
  0x000001b5572abe50 JavaThread "C1 CompilerThread1" daemon [_thread_blocked, id=8244, stack(0x0000000403500000,0x0000000403600000)]
  0x000001b5572c0ef0 JavaThread "C1 CompilerThread2" daemon [_thread_blocked, id=26860, stack(0x0000000403600000,0x0000000403700000)]
  0x000001b5572ca690 JavaThread "Notification Thread" daemon [_thread_blocked, id=36268, stack(0x0000000403700000,0x0000000403800000)]
  0x000001b5572ebff0 JavaThread "Common-Cleaner" daemon [_thread_blocked, id=9508, stack(0x0000000403900000,0x0000000403a00000)]
  0x000001b557c0d520 JavaThread "C1 CompilerThread3" daemon [_thread_blocked, id=13944, stack(0x0000000403a00000,0x0000000403b00000)]
  0x000001b557a8ef60 JavaThread "C1 CompilerThread4" daemon [_thread_blocked, id=25952, stack(0x0000000403b00000,0x0000000403c00000)]
  0x000001b557a910f0 JavaThread "C1 CompilerThread5" daemon [_thread_blocked, id=20492, stack(0x0000000403c00000,0x0000000403d00000)]
  0x000001b558114740 JavaThread "boundedElastic-evictor-1" daemon [_thread_blocked, id=31500, stack(0x0000000404b00000,0x0000000404c00000)]
  0x000001b558679060 JavaThread "pool-11-thread-1" [_thread_blocked, id=39608, stack(0x0000000404c00000,0x0000000404d00000)]
  0x000001b55856cf70 JavaThread "LanguageServerApp-lifecycle" [_thread_blocked, id=4412, stack(0x0000000404d00000,0x0000000404e00000)]
  0x000001b5439d1770 JavaThread "DestroyJavaVM" [_thread_blocked, id=37408, stack(0x0000000402600000,0x0000000402700000)]
  0x000001b55885ad00 JavaThread "pool-12-thread-1" [_thread_in_native, id=39676, stack(0x0000000404e00000,0x0000000404f00000)]
  0x000001b5588a2910 JavaThread "Simple-Language-Server main thread" daemon [_thread_blocked, id=39080, stack(0x0000000404f00000,0x0000000405000000)]
  0x000001b5588a31f0 JavaThread "ForkJoinPool.commonPool-worker-1" daemon [_thread_blocked, id=30056, stack(0x0000000405000000,0x0000000405100000)]
  0x000001b55892d210 JavaThread "ClassGraph-worker-0" daemon [_thread_blocked, id=39644, stack(0x0000000405100000,0x0000000405200000)]
  0x000001b558932fd0 JavaThread "parallel-1" daemon [_thread_blocked, id=12064, stack(0x0000000405200000,0x0000000405300000)]
  0x000001b558943340 JavaThread "ClassGraph-worker-1" daemon [_thread_blocked, id=39120, stack(0x0000000405300000,0x0000000405400000)]
  0x000001b558943810 JavaThread "ClassGraph-worker-2" daemon [_thread_blocked, id=6412, stack(0x0000000405400000,0x0000000405500000)]
  0x000001b558943ce0 JavaThread "ClassGraph-worker-3" daemon [_thread_blocked, id=15708, stack(0x0000000405500000,0x0000000405600000)]
  0x000001b5589441b0 JavaThread "ClassGraph-worker-4" daemon [_thread_blocked, id=25776, stack(0x0000000405600000,0x0000000405700000)]
  0x000001b558945e90 JavaThread "ClassGraph-worker-5" daemon [_thread_blocked, id=25328, stack(0x0000000405700000,0x0000000405800000)]
  0x000001b558944b50 JavaThread "ClassGraph-worker-6" daemon [_thread_blocked, id=24316, stack(0x0000000405800000,0x0000000405900000)]
  0x000001b558945020 JavaThread "ClassGraph-worker-7" daemon [_thread_blocked, id=16024, stack(0x0000000405900000,0x0000000405a00000)]
  0x000001b558946360 JavaThread "ClassGraph-worker-8" daemon [_thread_blocked, id=32676, stack(0x0000000405a00000,0x0000000405b00000)]
  0x000001b558944680 JavaThread "ClassGraph-worker-9" daemon [_thread_blocked, id=31008, stack(0x0000000405b00000,0x0000000405c00000)]
  0x000001b5589454f0 JavaThread "ClassGraph-worker-10" daemon [_thread_blocked, id=34172, stack(0x0000000405c00000,0x0000000405d00000)]
  0x000001b5589459c0 JavaThread "ClassGraph-worker-11" daemon [_thread_blocked, id=18152, stack(0x0000000405d00000,0x0000000405e00000)]
  0x000001b558946830 JavaThread "ClassGraph-worker-12" daemon [_thread_blocked, id=38648, stack(0x0000000405e00000,0x0000000405f00000)]
  0x000001b558942e70 JavaThread "ClassGraph-worker-13" daemon [_thread_blocked, id=18132, stack(0x0000000405f00000,0x0000000406000000)]
  0x000001b55896e080 JavaThread "ClassGraph-worker-14" daemon [_thread_blocked, id=25712, stack(0x0000000406000000,0x0000000406100000)]
  0x000001b5589723e0 JavaThread "ClassGraph-worker-15" daemon [_thread_blocked, id=30288, stack(0x0000000406100000,0x0000000406200000)]
  0x000001b55896ea20 JavaThread "ClassGraph-worker-16" daemon [_thread_blocked, id=5192, stack(0x0000000406200000,0x0000000406300000)]
  0x000001b558970230 JavaThread "ClassGraph-worker-17" daemon [_thread_blocked, id=35224, stack(0x0000000406300000,0x0000000406400000)]
  0x000001b558971a40 JavaThread "ClassGraph-worker-18" daemon [_thread_blocked, id=21188, stack(0x0000000406400000,0x0000000406500000)]
  0x000001b558970700 JavaThread "ClassGraph-worker-19" daemon [_thread_blocked, id=36444, stack(0x0000000406500000,0x0000000406600000)]
  0x000001b558971f10 JavaThread "ClassGraph-worker-20" daemon [_thread_blocked, id=24236, stack(0x0000000406600000,0x0000000406700000)]
  0x000001b55896bed0 JavaThread "ClassGraph-worker-21" daemon [_thread_blocked, id=35972, stack(0x0000000406700000,0x0000000406800000)]
  0x000001b55896fd60 JavaThread "ClassGraph-worker-22" daemon [_thread_blocked, id=19648, stack(0x0000000406800000,0x0000000406900000)]
  0x000001b5589710a0 JavaThread "ClassGraph-worker-23" daemon [_thread_blocked, id=9992, stack(0x0000000406900000,0x0000000406a00000)]
  0x000001b55896f3c0 JavaThread "pool-6-thread-1" [_thread_blocked, id=2512, stack(0x0000000406a00000,0x0000000406b00000)]
  0x000001b55896d210 JavaThread "pool-10-thread-1" [_thread_blocked, id=6896, stack(0x0000000406b00000,0x0000000406c00000)]
  0x000001b55896cd40 JavaThread "parallel-2" daemon [_thread_blocked, id=20960, stack(0x0000000406c00000,0x0000000406d00000)]
  0x000001b558970bd0 JavaThread "pool-10-thread-2" [_thread_blocked, id=29792, stack(0x0000000406d00000,0x0000000406e00000)]
  0x000001b55896d6e0 JavaThread "parallel-3" daemon [_thread_blocked, id=28972, stack(0x0000000406e00000,0x0000000406f00000)]
  0x000001b55b000a30 JavaThread "C1 CompilerThread6" daemon [_thread_blocked, id=36888, stack(0x0000000406f00000,0x0000000407000000)]
  0x000001b55af84a00 JavaThread "C1 CompilerThread7" daemon [_thread_blocked, id=29328, stack(0x0000000407000000,0x0000000407100000)]
  0x000001b55affdd70 JavaThread "C1 CompilerThread8" daemon [_thread_blocked, id=10212, stack(0x0000000407100000,0x0000000407200000)]
  0x000001b55b023040 JavaThread "C1 CompilerThread9" daemon [_thread_blocked, id=23752, stack(0x0000000407200000,0x0000000407300000)]
  0x000001b55b023550 JavaThread "C1 CompilerThread10" daemon [_thread_blocked, id=35480, stack(0x0000000407300000,0x0000000407400000)]
  0x000001b55b023a60 JavaThread "C1 CompilerThread11" daemon [_thread_blocked, id=37868, stack(0x0000000407400000,0x0000000407500000)]
  0x000001b55896e550 JavaThread "Project-Reconciler-1" daemon [_thread_blocked, id=38500, stack(0x0000000407500000,0x0000000407600000)]
  0x000001b55896dbb0 JavaThread "Project-Reconciler-2" daemon [_thread_blocked, id=28172, stack(0x0000000407800000,0x0000000407900000)]
  0x000001b558971570 JavaThread "pool-10-thread-3" [_thread_blocked, id=29280, stack(0x0000000407900000,0x0000000407a00000)]

Other Threads:
=>0x000001b55650ecc0 VMThread "VM Thread" [stack: 0x0000000402c00000,0x0000000402d00000] [id=36956]
  0x000001b55728c790 WatcherThread [stack: 0x0000000403800000,0x0000000403900000] [id=39288]
  0x000001b543a43110 GCTaskThread "GC Thread#0" [stack: 0x0000000402700000,0x0000000402800000] [id=16868]
  0x000001b557c1a600 GCTaskThread "GC Thread#1" [stack: 0x0000000403d00000,0x0000000403e00000] [id=9020]
  0x000001b557c81b00 GCTaskThread "GC Thread#2" [stack: 0x0000000403e00000,0x0000000403f00000] [id=37828]
  0x000001b557c7d030 GCTaskThread "GC Thread#3" [stack: 0x0000000403f00000,0x0000000404000000] [id=26092]
  0x000001b557c7d2e0 GCTaskThread "GC Thread#4" [stack: 0x0000000404000000,0x0000000404100000] [id=18876]
  0x000001b557c7d9a0 GCTaskThread "GC Thread#5" [stack: 0x0000000404100000,0x0000000404200000] [id=20796]
  0x000001b557f0e9d0 GCTaskThread "GC Thread#6" [stack: 0x0000000404200000,0x0000000404300000] [id=35520]
  0x000001b557f0fc90 GCTaskThread "GC Thread#7" [stack: 0x0000000404300000,0x0000000404400000] [id=38220]
  0x000001b557f0ff40 GCTaskThread "GC Thread#8" [stack: 0x0000000404400000,0x0000000404500000] [id=27304]
  0x000001b557f10400 GCTaskThread "GC Thread#9" [stack: 0x0000000404500000,0x0000000404600000] [id=37936]
  0x000001b55818ec40 GCTaskThread "GC Thread#10" [stack: 0x0000000404700000,0x0000000404800000] [id=24204]
  0x000001b558175e20 GCTaskThread "GC Thread#11" [stack: 0x0000000404800000,0x0000000404900000] [id=36736]
  0x000001b558505d10 GCTaskThread "GC Thread#12" [stack: 0x0000000404600000,0x0000000404700000] [id=14040]
  0x000001b543a53f90 ConcurrentGCThread "G1 Main Marker" [stack: 0x0000000402800000,0x0000000402900000] [id=37968]
  0x000001b543a55140 ConcurrentGCThread "G1 Conc#0" [stack: 0x0000000402900000,0x0000000402a00000] [id=25840]
  0x000001b5580aa150 ConcurrentGCThread "G1 Conc#1" [stack: 0x0000000404900000,0x0000000404a00000] [id=36060]
  0x000001b55817a950 ConcurrentGCThread "G1 Conc#2" [stack: 0x0000000404a00000,0x0000000404b00000] [id=35524]
  0x000001b543a9eba0 ConcurrentGCThread "G1 Refine#0" [stack: 0x0000000402a00000,0x0000000402b00000] [id=25260]
  0x000001b558830c30 ConcurrentGCThread "G1 Refine#1" [stack: 0x0000000407600000,0x0000000407700000] [id=22856]
  0x000001b558830670 ConcurrentGCThread "G1 Refine#2" [stack: 0x0000000407700000,0x0000000407800000] [id=38924]
  0x000001b558830950 ConcurrentGCThread "G1 Refine#3" [stack: 0x0000000407a00000,0x0000000407b00000] [id=30532]
  0x000001b5563b47e0 ConcurrentGCThread "G1 Service" [stack: 0x0000000402b00000,0x0000000402c00000] [id=36976]

Threads with active compile tasks:

VM state: at safepoint (normal execution)

VM Mutex/Monitor currently owned by a thread:  ([mutex/lock_event])
[0x000001b541739a50] Threads_lock - owner thread: 0x000001b55650ecc0
[0x000001b5439d0860] Heap_lock - owner thread: 0x000001b55896f3c0

Heap address: 0x0000000700c00000, size: 4084 MB, Compressed Oops mode: Zero based, Oop shift amount: 3

CDS archive(s) not mapped
Compressed class space mapped at: 0x0000000800000000-0x0000000840000000, reserved size: 1073741824
Narrow klass base: 0x0000000800000000, Narrow klass shift: 0, Narrow klass range: 0x40000000

GC Precious Log:
 CPUs: 16 total, 16 available
 Memory: 16332M
 Large Page Support: Disabled
 NUMA Support: Disabled
 Compressed Oops: Enabled (Zero based)
 Heap Region Size: 2M
 Heap Min Capacity: 8M
 Heap Initial Capacity: 256M
 Heap Max Capacity: 4084M
 Pre-touch: Disabled
 Parallel Workers: 13
 Concurrent Workers: 3
 Concurrent Refinement Workers: 13
 Periodic GC: Disabled

Heap:
 garbage-first heap   total 571392K, used 147456K [0x0000000700c00000, 0x0000000800000000)
  region size 2048K, 18 young (36864K), 18 survivors (36864K)
 Metaspace       used 49437K, committed 49856K, reserved 1097728K
  class space    used 6207K, committed 6400K, reserved 1048576K

Heap Regions: E=young(eden), S=young(survivor), O=old, HS=humongous(starts), HC=humongous(continues), CS=collection set, F=free, OA=open archive, CA=closed archive, TAMS=top-at-mark-start (previous, next)
|   0|0x0000000700c00000, 0x0000000700e00000, 0x0000000700e00000|100%| O|  |TAMS 0x0000000700e00000, 0x0000000700c00000| Untracked 
|   1|0x0000000700e00000, 0x0000000701000000, 0x0000000701000000|100%| O|  |TAMS 0x0000000701000000, 0x0000000700e00000| Untracked 
|   2|0x0000000701000000, 0x0000000701200000, 0x0000000701200000|100%| O|  |TAMS 0x0000000701200000, 0x0000000701000000| Untracked 
|   3|0x0000000701200000, 0x0000000701400000, 0x0000000701400000|100%| O|  |TAMS 0x0000000701200000, 0x0000000701200000| Untracked 
|   4|0x0000000701400000, 0x0000000701600000, 0x0000000701600000|100%| O|  |TAMS 0x0000000701600000, 0x0000000701400000| Untracked 
|   5|0x0000000701600000, 0x0000000701800000, 0x0000000701800000|100%| O|  |TAMS 0x0000000701800000, 0x0000000701600000| Untracked 
|   6|0x0000000701800000, 0x0000000701a00000, 0x0000000701a00000|100%| O|  |TAMS 0x0000000701a00000, 0x0000000701800000| Untracked 
|   7|0x0000000701a00000, 0x0000000701c00000, 0x0000000701c00000|100%| O|  |TAMS 0x0000000701a00000, 0x0000000701a00000| Untracked 
|   8|0x0000000701c00000, 0x0000000701e00000, 0x0000000701e00000|100%| O|  |TAMS 0x0000000701c00000, 0x0000000701c00000| Untracked 
|   9|0x0000000701e00000, 0x0000000702000000, 0x0000000702000000|100%| O|  |TAMS 0x0000000701e00000, 0x0000000701e00000| Untracked 
|  10|0x0000000702000000, 0x0000000702200000, 0x0000000702200000|100%| O|  |TAMS 0x0000000702000000, 0x0000000702000000| Untracked 
|  11|0x0000000702200000, 0x0000000702400000, 0x0000000702400000|100%| O|  |TAMS 0x0000000702200000, 0x0000000702200000| Untracked 
|  12|0x0000000702400000, 0x0000000702600000, 0x0000000702600000|100%| O|  |TAMS 0x0000000702400000, 0x0000000702400000| Untracked 
|  13|0x0000000702600000, 0x0000000702800000, 0x0000000702800000|100%| O|  |TAMS 0x0000000702600000, 0x0000000702600000| Untracked 
|  14|0x0000000702800000, 0x0000000702a00000, 0x0000000702a00000|100%| O|  |TAMS 0x0000000702800000, 0x0000000702800000| Untracked 
|  15|0x0000000702a00000, 0x0000000702c00000, 0x0000000702c00000|100%| O|  |TAMS 0x0000000702a00000, 0x0000000702a00000| Untracked 
|  16|0x0000000702c00000, 0x0000000702e00000, 0x0000000702e00000|100%| O|  |TAMS 0x0000000702c00000, 0x0000000702c00000| Untracked 
|  17|0x0000000702e00000, 0x0000000703000000, 0x0000000703000000|100%| O|  |TAMS 0x0000000702e00000, 0x0000000702e00000| Untracked 
|  18|0x0000000703000000, 0x0000000703200000, 0x0000000703200000|100%| O|  |TAMS 0x0000000703000000, 0x0000000703000000| Untracked 
|  19|0x0000000703200000, 0x0000000703400000, 0x0000000703400000|100%| O|  |TAMS 0x0000000703200000, 0x0000000703200000| Untracked 
|  20|0x0000000703400000, 0x0000000703600000, 0x0000000703600000|100%| O|  |TAMS 0x0000000703400000, 0x0000000703400000| Untracked 
|  21|0x0000000703600000, 0x0000000703800000, 0x0000000703800000|100%| O|  |TAMS 0x0000000703600000, 0x0000000703600000| Untracked 
|  22|0x0000000703800000, 0x0000000703a00000, 0x0000000703a00000|100%| O|  |TAMS 0x0000000703800000, 0x0000000703800000| Untracked 
|  23|0x0000000703a00000, 0x0000000703c00000, 0x0000000703c00000|100%| O|  |TAMS 0x0000000703a00000, 0x0000000703a00000| Untracked 
|  24|0x0000000703c00000, 0x0000000703e00000, 0x0000000703e00000|100%| O|  |TAMS 0x0000000703c00000, 0x0000000703c00000| Untracked 
|  25|0x0000000703e00000, 0x0000000704000000, 0x0000000704000000|100%| O|  |TAMS 0x0000000703e00000, 0x0000000703e00000| Untracked 
|  26|0x0000000704000000, 0x0000000704200000, 0x0000000704200000|100%| O|  |TAMS 0x0000000704000000, 0x0000000704000000| Untracked 
|  27|0x0000000704200000, 0x0000000704400000, 0x0000000704400000|100%| O|  |TAMS 0x0000000704200000, 0x0000000704200000| Untracked 
|  28|0x0000000704400000, 0x0000000704600000, 0x0000000704600000|100%| O|  |TAMS 0x0000000704400000, 0x0000000704400000| Untracked 
|  29|0x0000000704600000, 0x0000000704800000, 0x0000000704800000|100%| O|  |TAMS 0x0000000704600000, 0x0000000704600000| Untracked 
|  30|0x0000000704800000, 0x0000000704a00000, 0x0000000704a00000|100%| O|  |TAMS 0x0000000704800000, 0x0000000704800000| Untracked 
|  31|0x0000000704a00000, 0x0000000704c00000, 0x0000000704c00000|100%| O|  |TAMS 0x0000000704a00000, 0x0000000704a00000| Untracked 
|  32|0x0000000704c00000, 0x0000000704e00000, 0x0000000704e00000|100%| O|  |TAMS 0x0000000704c00000, 0x0000000704c00000| Untracked 
|  33|0x0000000704e00000, 0x0000000705000000, 0x0000000705000000|100%| O|  |TAMS 0x0000000704e00000, 0x0000000704e00000| Untracked 
|  34|0x0000000705000000, 0x0000000705200000, 0x0000000705200000|100%| O|  |TAMS 0x0000000705000000, 0x0000000705000000| Untracked 
|  35|0x0000000705200000, 0x0000000705400000, 0x0000000705400000|100%| O|  |TAMS 0x0000000705200000, 0x0000000705200000| Untracked 
|  36|0x0000000705400000, 0x0000000705600000, 0x0000000705600000|100%| O|  |TAMS 0x0000000705400000, 0x0000000705400000| Untracked 
|  37|0x0000000705600000, 0x0000000705800000, 0x0000000705800000|100%| O|  |TAMS 0x0000000705600000, 0x0000000705600000| Untracked 
|  38|0x0000000705800000, 0x0000000705a00000, 0x0000000705a00000|100%| O|  |TAMS 0x0000000705800000, 0x0000000705800000| Untracked 
|  39|0x0000000705a00000, 0x0000000705c00000, 0x0000000705c00000|100%| O|  |TAMS 0x0000000705a00000, 0x0000000705a00000| Untracked 
|  40|0x0000000705c00000, 0x0000000705e00000, 0x0000000705e00000|100%| O|  |TAMS 0x0000000705c00000, 0x0000000705c00000| Untracked 
|  41|0x0000000705e00000, 0x0000000706000000, 0x0000000706000000|100%| O|  |TAMS 0x0000000705e00000, 0x0000000705e00000| Untracked 
|  42|0x0000000706000000, 0x0000000706200000, 0x0000000706200000|100%| O|  |TAMS 0x0000000706000000, 0x0000000706000000| Untracked 
|  43|0x0000000706200000, 0x0000000706400000, 0x0000000706400000|100%| O|  |TAMS 0x0000000706200000, 0x0000000706200000| Untracked 
|  44|0x0000000706400000, 0x0000000706600000, 0x0000000706600000|100%| O|  |TAMS 0x0000000706400000, 0x0000000706400000| Untracked 
|  45|0x0000000706600000, 0x0000000706800000, 0x0000000706800000|100%| O|  |TAMS 0x0000000706600000, 0x0000000706600000| Untracked 
|  46|0x0000000706800000, 0x0000000706a00000, 0x0000000706a00000|100%| O|  |TAMS 0x0000000706800000, 0x0000000706800000| Untracked 
|  47|0x0000000706a00000, 0x0000000706c00000, 0x0000000706c00000|100%| O|  |TAMS 0x0000000706a00000, 0x0000000706a00000| Untracked 
|  48|0x0000000706c00000, 0x0000000706e00000, 0x0000000706e00000|100%| O|  |TAMS 0x0000000706c00000, 0x0000000706c00000| Untracked 
|  49|0x0000000706e00000, 0x0000000707000000, 0x0000000707000000|100%| O|  |TAMS 0x0000000706e00000, 0x0000000706e00000| Untracked 
|  50|0x0000000707000000, 0x0000000707200000, 0x0000000707200000|100%| O|  |TAMS 0x0000000707000000, 0x0000000707000000| Untracked 
|  51|0x0000000707200000, 0x0000000707400000, 0x0000000707400000|100%| O|  |TAMS 0x0000000707200000, 0x0000000707200000| Untracked 
|  52|0x0000000707400000, 0x0000000707400000, 0x0000000707600000|  0%| F|  |TAMS 0x0000000707400000, 0x0000000707400000| Untracked 
|  53|0x0000000707600000, 0x0000000707600000, 0x0000000707800000|  0%| F|  |TAMS 0x0000000707600000, 0x0000000707600000| Untracked 
|  54|0x0000000707800000, 0x0000000707800000, 0x0000000707a00000|  0%| F|  |TAMS 0x0000000707800000, 0x0000000707800000| Untracked 
|  55|0x0000000707a00000, 0x0000000707a00000, 0x0000000707c00000|  0%| F|  |TAMS 0x0000000707a00000, 0x0000000707a00000| Untracked 
|  56|0x0000000707c00000, 0x0000000707c00000, 0x0000000707e00000|  0%| F|  |TAMS 0x0000000707c00000, 0x0000000707c00000| Untracked 
|  57|0x0000000707e00000, 0x0000000707e00000, 0x0000000708000000|  0%| F|  |TAMS 0x0000000707e00000, 0x0000000707e00000| Untracked 
|  58|0x0000000708000000, 0x0000000708000000, 0x0000000708200000|  0%| F|  |TAMS 0x0000000708000000, 0x0000000708000000| Untracked 
|  59|0x0000000708200000, 0x0000000708200000, 0x0000000708400000|  0%| F|  |TAMS 0x0000000708200000, 0x0000000708200000| Untracked 
|  60|0x0000000708400000, 0x0000000708400000, 0x0000000708600000|  0%| F|  |TAMS 0x0000000708400000, 0x0000000708400000| Untracked 
|  61|0x0000000708600000, 0x0000000708600000, 0x0000000708800000|  0%| F|  |TAMS 0x0000000708600000, 0x0000000708600000| Untracked 
|  62|0x0000000708800000, 0x0000000708800000, 0x0000000708a00000|  0%| F|  |TAMS 0x0000000708800000, 0x0000000708800000| Untracked 
|  63|0x0000000708a00000, 0x0000000708a00000, 0x0000000708c00000|  0%| F|  |TAMS 0x0000000708a00000, 0x0000000708a00000| Untracked 
|  64|0x0000000708c00000, 0x0000000708c00000, 0x0000000708e00000|  0%| F|  |TAMS 0x0000000708c00000, 0x0000000708c00000| Untracked 
|  65|0x0000000708e00000, 0x0000000708e00000, 0x0000000709000000|  0%| F|  |TAMS 0x0000000708e00000, 0x0000000708e00000| Untracked 
|  66|0x0000000709000000, 0x0000000709000000, 0x0000000709200000|  0%| F|  |TAMS 0x0000000709000000, 0x0000000709000000| Untracked 
|  67|0x0000000709200000, 0x0000000709200000, 0x0000000709400000|  0%| F|  |TAMS 0x0000000709200000, 0x0000000709200000| Untracked 
|  68|0x0000000709400000, 0x0000000709400000, 0x0000000709600000|  0%| F|  |TAMS 0x0000000709400000, 0x0000000709400000| Untracked 
|  69|0x0000000709600000, 0x0000000709600000, 0x0000000709800000|  0%| F|  |TAMS 0x0000000709600000, 0x0000000709600000| Untracked 
|  70|0x0000000709800000, 0x0000000709800000, 0x0000000709a00000|  0%| F|  |TAMS 0x0000000709800000, 0x0000000709800000| Untracked 
|  71|0x0000000709a00000, 0x0000000709a00000, 0x0000000709c00000|  0%| F|  |TAMS 0x0000000709a00000, 0x0000000709a00000| Untracked 
|  72|0x0000000709c00000, 0x0000000709c00000, 0x0000000709e00000|  0%| F|  |TAMS 0x0000000709c00000, 0x0000000709c00000| Untracked 
|  73|0x0000000709e00000, 0x0000000709e00000, 0x000000070a000000|  0%| F|  |TAMS 0x0000000709e00000, 0x0000000709e00000| Untracked 
|  74|0x000000070a000000, 0x000000070a000000, 0x000000070a200000|  0%| F|  |TAMS 0x000000070a000000, 0x000000070a000000| Untracked 
|  75|0x000000070a200000, 0x000000070a200000, 0x000000070a400000|  0%| F|  |TAMS 0x000000070a200000, 0x000000070a200000| Untracked 
|  76|0x000000070a400000, 0x000000070a400000, 0x000000070a600000|  0%| F|  |TAMS 0x000000070a400000, 0x000000070a400000| Untracked 
|  77|0x000000070a600000, 0x000000070a600000, 0x000000070a800000|  0%| F|  |TAMS 0x000000070a600000, 0x000000070a600000| Untracked 
|  78|0x000000070a800000, 0x000000070a800000, 0x000000070aa00000|  0%| F|  |TAMS 0x000000070a800000, 0x000000070a800000| Untracked 
|  79|0x000000070aa00000, 0x000000070aa00000, 0x000000070ac00000|  0%| F|  |TAMS 0x000000070aa00000, 0x000000070aa00000| Untracked 
|  80|0x000000070ac00000, 0x000000070ac00000, 0x000000070ae00000|  0%| F|  |TAMS 0x000000070ac00000, 0x000000070ac00000| Untracked 
|  81|0x000000070ae00000, 0x000000070ae00000, 0x000000070b000000|  0%| F|  |TAMS 0x000000070ae00000, 0x000000070ae00000| Untracked 
|  82|0x000000070b000000, 0x000000070b000000, 0x000000070b200000|  0%| F|  |TAMS 0x000000070b000000, 0x000000070b000000| Untracked 
|  83|0x000000070b200000, 0x000000070b200000, 0x000000070b400000|  0%| F|  |TAMS 0x000000070b200000, 0x000000070b200000| Untracked 
|  84|0x000000070b400000, 0x000000070b400000, 0x000000070b600000|  0%| F|  |TAMS 0x000000070b400000, 0x000000070b400000| Untracked 
|  85|0x000000070b600000, 0x000000070b600000, 0x000000070b800000|  0%| F|  |TAMS 0x000000070b600000, 0x000000070b600000| Untracked 
|  86|0x000000070b800000, 0x000000070b800000, 0x000000070ba00000|  0%| F|  |TAMS 0x000000070b800000, 0x000000070b800000| Untracked 
|  87|0x000000070ba00000, 0x000000070ba00000, 0x000000070bc00000|  0%| F|  |TAMS 0x000000070ba00000, 0x000000070ba00000| Untracked 
|  88|0x000000070bc00000, 0x000000070bc00000, 0x000000070be00000|  0%| F|  |TAMS 0x000000070bc00000, 0x000000070bc00000| Untracked 
|  89|0x000000070be00000, 0x000000070be00000, 0x000000070c000000|  0%| F|  |TAMS 0x000000070be00000, 0x000000070be00000| Untracked 
|  90|0x000000070c000000, 0x000000070c000000, 0x000000070c200000|  0%| F|  |TAMS 0x000000070c000000, 0x000000070c000000| Untracked 
|  91|0x000000070c200000, 0x000000070c200000, 0x000000070c400000|  0%| F|  |TAMS 0x000000070c200000, 0x000000070c200000| Untracked 
|  92|0x000000070c400000, 0x000000070c600000, 0x000000070c600000|100%| S|CS|TAMS 0x000000070c400000, 0x000000070c400000| Complete 
|  93|0x000000070c600000, 0x000000070c800000, 0x000000070c800000|100%| S|CS|TAMS 0x000000070c600000, 0x000000070c600000| Complete 
|  94|0x000000070c800000, 0x000000070ca00000, 0x000000070ca00000|100%| S|CS|TAMS 0x000000070c800000, 0x000000070c800000| Complete 
|  95|0x000000070ca00000, 0x000000070cc00000, 0x000000070cc00000|100%| S|CS|TAMS 0x000000070ca00000, 0x000000070ca00000| Complete 
|  96|0x000000070cc00000, 0x000000070ce00000, 0x000000070ce00000|100%| S|CS|TAMS 0x000000070cc00000, 0x000000070cc00000| Complete 
|  97|0x000000070ce00000, 0x000000070d000000, 0x000000070d000000|100%| S|CS|TAMS 0x000000070ce00000, 0x000000070ce00000| Complete 
|  98|0x000000070d000000, 0x000000070d200000, 0x000000070d200000|100%| S|CS|TAMS 0x000000070d000000, 0x000000070d000000| Complete 
|  99|0x000000070d200000, 0x000000070d400000, 0x000000070d400000|100%| S|CS|TAMS 0x000000070d200000, 0x000000070d200000| Complete 
| 100|0x000000070d400000, 0x000000070d600000, 0x000000070d600000|100%| S|CS|TAMS 0x000000070d400000, 0x000000070d400000| Complete 
| 101|0x000000070d600000, 0x000000070d800000, 0x000000070d800000|100%| S|CS|TAMS 0x000000070d600000, 0x000000070d600000| Complete 
| 102|0x000000070d800000, 0x000000070da00000, 0x000000070da00000|100%| S|CS|TAMS 0x000000070d800000, 0x000000070d800000| Complete 
| 103|0x000000070da00000, 0x000000070dc00000, 0x000000070dc00000|100%| S|CS|TAMS 0x000000070da00000, 0x000000070da00000| Complete 
| 104|0x000000070dc00000, 0x000000070de00000, 0x000000070de00000|100%| S|CS|TAMS 0x000000070dc00000, 0x000000070dc00000| Complete 
| 105|0x000000070de00000, 0x000000070de00000, 0x000000070e000000|  0%| F|  |TAMS 0x000000070de00000, 0x000000070de00000| Untracked 
| 106|0x000000070e000000, 0x000000070e000000, 0x000000070e200000|  0%| F|  |TAMS 0x000000070e000000, 0x000000070e000000| Untracked 
| 107|0x000000070e200000, 0x000000070e200000, 0x000000070e400000|  0%| F|  |TAMS 0x000000070e200000, 0x000000070e200000| Untracked 
| 108|0x000000070e400000, 0x000000070e400000, 0x000000070e600000|  0%| F|  |TAMS 0x000000070e400000, 0x000000070e400000| Untracked 
| 109|0x000000070e600000, 0x000000070e600000, 0x000000070e800000|  0%| F|  |TAMS 0x000000070e600000, 0x000000070e600000| Untracked 
| 110|0x000000070e800000, 0x000000070e800000, 0x000000070ea00000|  0%| F|  |TAMS 0x000000070e800000, 0x000000070e800000| Untracked 
| 111|0x000000070ea00000, 0x000000070ea00000, 0x000000070ec00000|  0%| F|  |TAMS 0x000000070ea00000, 0x000000070ea00000| Untracked 
| 112|0x000000070ec00000, 0x000000070ec00000, 0x000000070ee00000|  0%| F|  |TAMS 0x000000070ec00000, 0x000000070ec00000| Untracked 
| 113|0x000000070ee00000, 0x000000070ee00000, 0x000000070f000000|  0%| F|  |TAMS 0x000000070ee00000, 0x000000070ee00000| Untracked 
| 114|0x000000070f000000, 0x000000070f000000, 0x000000070f200000|  0%| F|  |TAMS 0x000000070f000000, 0x000000070f000000| Untracked 
| 115|0x000000070f200000, 0x000000070f200000, 0x000000070f400000|  0%| F|  |TAMS 0x000000070f200000, 0x000000070f200000| Untracked 
| 116|0x000000070f400000, 0x000000070f400000, 0x000000070f600000|  0%| F|  |TAMS 0x000000070f400000, 0x000000070f400000| Untracked 
| 117|0x000000070f600000, 0x000000070f600000, 0x000000070f800000|  0%| F|  |TAMS 0x000000070f600000, 0x000000070f600000| Untracked 
| 118|0x000000070f800000, 0x000000070fa00000, 0x000000070fa00000|100%| S|CS|TAMS 0x000000070f800000, 0x000000070f800000| Complete 
| 119|0x000000070fa00000, 0x000000070fc00000, 0x000000070fc00000|100%| S|CS|TAMS 0x000000070fa00000, 0x000000070fa00000| Complete 
| 120|0x000000070fc00000, 0x000000070fe00000, 0x000000070fe00000|100%| S|CS|TAMS 0x000000070fc00000, 0x000000070fc00000| Complete 
| 121|0x000000070fe00000, 0x0000000710000000, 0x0000000710000000|100%| S|CS|TAMS 0x000000070fe00000, 0x000000070fe00000| Complete 
| 122|0x0000000710000000, 0x0000000710200000, 0x0000000710200000|100%| S|CS|TAMS 0x0000000710000000, 0x0000000710000000| Complete 
| 123|0x0000000710200000, 0x0000000710200000, 0x0000000710400000|  0%| F|  |TAMS 0x0000000710200000, 0x0000000710200000| Untracked 
| 124|0x0000000710400000, 0x0000000710400000, 0x0000000710600000|  0%| F|  |TAMS 0x0000000710400000, 0x0000000710400000| Untracked 
| 125|0x0000000710600000, 0x0000000710600000, 0x0000000710800000|  0%| F|  |TAMS 0x0000000710600000, 0x0000000710600000| Untracked 
| 126|0x0000000710800000, 0x0000000710800000, 0x0000000710a00000|  0%| F|  |TAMS 0x0000000710800000, 0x0000000710800000| Untracked 
| 127|0x0000000710a00000, 0x0000000710a00000, 0x0000000710c00000|  0%| F|  |TAMS 0x0000000710a00000, 0x0000000710a00000| Untracked 
| 128|0x0000000710c00000, 0x0000000710c00000, 0x0000000710e00000|  0%| F|  |TAMS 0x0000000710c00000, 0x0000000710c00000| Untracked 
| 129|0x0000000710e00000, 0x0000000710e00000, 0x0000000711000000|  0%| F|  |TAMS 0x0000000710e00000, 0x0000000710e00000| Untracked 
| 130|0x0000000711000000, 0x0000000711000000, 0x0000000711200000|  0%| F|  |TAMS 0x0000000711000000, 0x0000000711000000| Untracked 
| 131|0x0000000711200000, 0x0000000711200000, 0x0000000711400000|  0%| F|  |TAMS 0x0000000711200000, 0x0000000711200000| Untracked 
| 132|0x0000000711400000, 0x0000000711400000, 0x0000000711600000|  0%| F|  |TAMS 0x0000000711400000, 0x0000000711400000| Untracked 
| 133|0x0000000711600000, 0x0000000711600000, 0x0000000711800000|  0%| F|  |TAMS 0x0000000711600000, 0x0000000711600000| Untracked 
| 134|0x0000000711800000, 0x0000000711800000, 0x0000000711a00000|  0%| F|  |TAMS 0x0000000711800000, 0x0000000711800000| Untracked 
| 135|0x0000000711a00000, 0x0000000711a00000, 0x0000000711c00000|  0%| F|  |TAMS 0x0000000711a00000, 0x0000000711a00000| Untracked 
| 136|0x0000000711c00000, 0x0000000711c00000, 0x0000000711e00000|  0%| F|  |TAMS 0x0000000711c00000, 0x0000000711c00000| Untracked 
| 137|0x0000000711e00000, 0x0000000711e00000, 0x0000000712000000|  0%| F|  |TAMS 0x0000000711e00000, 0x0000000711e00000| Untracked 
| 138|0x0000000712000000, 0x0000000712000000, 0x0000000712200000|  0%| F|  |TAMS 0x0000000712000000, 0x0000000712000000| Untracked 
| 139|0x0000000712200000, 0x0000000712200000, 0x0000000712400000|  0%| F|  |TAMS 0x0000000712200000, 0x0000000712200000| Untracked 
| 140|0x0000000712400000, 0x0000000712400000, 0x0000000712600000|  0%| F|  |TAMS 0x0000000712400000, 0x0000000712400000| Untracked 
| 141|0x0000000712600000, 0x0000000712600000, 0x0000000712800000|  0%| F|  |TAMS 0x0000000712600000, 0x0000000712600000| Untracked 
| 142|0x0000000712800000, 0x0000000712800000, 0x0000000712a00000|  0%| F|  |TAMS 0x0000000712800000, 0x0000000712800000| Untracked 
| 143|0x0000000712a00000, 0x0000000712a00000, 0x0000000712c00000|  0%| F|  |TAMS 0x0000000712a00000, 0x0000000712a00000| Untracked 
| 144|0x0000000712c00000, 0x0000000712c00000, 0x0000000712e00000|  0%| F|  |TAMS 0x0000000712c00000, 0x0000000712c00000| Untracked 
| 145|0x0000000712e00000, 0x0000000712e00000, 0x0000000713000000|  0%| F|  |TAMS 0x0000000712e00000, 0x0000000712e00000| Untracked 
| 146|0x0000000713000000, 0x0000000713000000, 0x0000000713200000|  0%| F|  |TAMS 0x0000000713000000, 0x0000000713000000| Untracked 
| 147|0x0000000713200000, 0x0000000713200000, 0x0000000713400000|  0%| F|  |TAMS 0x0000000713200000, 0x0000000713200000| Untracked 
| 148|0x0000000713400000, 0x0000000713400000, 0x0000000713600000|  0%| F|  |TAMS 0x0000000713400000, 0x0000000713400000| Untracked 
| 149|0x0000000713600000, 0x0000000713600000, 0x0000000713800000|  0%| F|  |TAMS 0x0000000713600000, 0x0000000713600000| Untracked 
| 150|0x0000000713800000, 0x0000000713800000, 0x0000000713a00000|  0%| F|  |TAMS 0x0000000713800000, 0x0000000713800000| Untracked 
| 151|0x0000000713a00000, 0x0000000713a00000, 0x0000000713c00000|  0%| F|  |TAMS 0x0000000713a00000, 0x0000000713a00000| Untracked 
| 152|0x0000000713c00000, 0x0000000713c00000, 0x0000000713e00000|  0%| F|  |TAMS 0x0000000713c00000, 0x0000000713c00000| Untracked 
| 153|0x0000000713e00000, 0x0000000713e00000, 0x0000000714000000|  0%| F|  |TAMS 0x0000000713e00000, 0x0000000713e00000| Untracked 
| 154|0x0000000714000000, 0x0000000714000000, 0x0000000714200000|  0%| F|  |TAMS 0x0000000714000000, 0x0000000714000000| Untracked 
| 155|0x0000000714200000, 0x0000000714200000, 0x0000000714400000|  0%| F|  |TAMS 0x0000000714200000, 0x0000000714200000| Untracked 
| 156|0x0000000714400000, 0x0000000714400000, 0x0000000714600000|  0%| F|  |TAMS 0x0000000714400000, 0x0000000714400000| Untracked 
| 157|0x0000000714600000, 0x0000000714600000, 0x0000000714800000|  0%| F|  |TAMS 0x0000000714600000, 0x0000000714600000| Untracked 
| 158|0x0000000714800000, 0x0000000714800000, 0x0000000714a00000|  0%| F|  |TAMS 0x0000000714800000, 0x0000000714800000| Untracked 
| 159|0x0000000714a00000, 0x0000000714a00000, 0x0000000714c00000|  0%| F|  |TAMS 0x0000000714a00000, 0x0000000714a00000| Untracked 
| 160|0x0000000714c00000, 0x0000000714c00000, 0x0000000714e00000|  0%| F|  |TAMS 0x0000000714c00000, 0x0000000714c00000| Untracked 
| 161|0x0000000714e00000, 0x0000000714e00000, 0x0000000715000000|  0%| F|  |TAMS 0x0000000714e00000, 0x0000000714e00000| Untracked 
| 162|0x0000000715000000, 0x0000000715000000, 0x0000000715200000|  0%| F|  |TAMS 0x0000000715000000, 0x0000000715000000| Untracked 
| 163|0x0000000715200000, 0x0000000715200000, 0x0000000715400000|  0%| F|  |TAMS 0x0000000715200000, 0x0000000715200000| Untracked 
| 164|0x0000000715400000, 0x0000000715400000, 0x0000000715600000|  0%| F|  |TAMS 0x0000000715400000, 0x0000000715400000| Untracked 
| 165|0x0000000715600000, 0x0000000715600000, 0x0000000715800000|  0%| F|  |TAMS 0x0000000715600000, 0x0000000715600000| Untracked 
| 166|0x0000000715800000, 0x0000000715800000, 0x0000000715a00000|  0%| F|  |TAMS 0x0000000715800000, 0x0000000715800000| Untracked 
| 167|0x0000000715a00000, 0x0000000715a00000, 0x0000000715c00000|  0%| F|  |TAMS 0x0000000715a00000, 0x0000000715a00000| Untracked 
| 168|0x0000000715c00000, 0x0000000715c00000, 0x0000000715e00000|  0%| F|  |TAMS 0x0000000715c00000, 0x0000000715c00000| Untracked 
| 169|0x0000000715e00000, 0x0000000715e00000, 0x0000000716000000|  0%| F|  |TAMS 0x0000000715e00000, 0x0000000715e00000| Untracked 
| 170|0x0000000716000000, 0x0000000716000000, 0x0000000716200000|  0%| F|  |TAMS 0x0000000716000000, 0x0000000716000000| Untracked 
| 171|0x0000000716200000, 0x0000000716200000, 0x0000000716400000|  0%| F|  |TAMS 0x0000000716200000, 0x0000000716200000| Untracked 
| 172|0x0000000716400000, 0x0000000716400000, 0x0000000716600000|  0%| F|  |TAMS 0x0000000716400000, 0x0000000716400000| Untracked 
| 173|0x0000000716600000, 0x0000000716600000, 0x0000000716800000|  0%| F|  |TAMS 0x0000000716600000, 0x0000000716600000| Untracked 
| 174|0x0000000716800000, 0x0000000716800000, 0x0000000716a00000|  0%| F|  |TAMS 0x0000000716800000, 0x0000000716800000| Untracked 
| 175|0x0000000716a00000, 0x0000000716a00000, 0x0000000716c00000|  0%| F|  |TAMS 0x0000000716a00000, 0x0000000716a00000| Untracked 
| 176|0x0000000716c00000, 0x0000000716c00000, 0x0000000716e00000|  0%| F|  |TAMS 0x0000000716c00000, 0x0000000716c00000| Untracked 
| 177|0x0000000716e00000, 0x0000000716e00000, 0x0000000717000000|  0%| F|  |TAMS 0x0000000716e00000, 0x0000000716e00000| Untracked 
| 178|0x0000000717000000, 0x0000000717000000, 0x0000000717200000|  0%| F|  |TAMS 0x0000000717000000, 0x0000000717000000| Untracked 
| 179|0x0000000717200000, 0x0000000717200000, 0x0000000717400000|  0%| F|  |TAMS 0x0000000717200000, 0x0000000717200000| Untracked 
| 180|0x0000000717400000, 0x0000000717400000, 0x0000000717600000|  0%| F|  |TAMS 0x0000000717400000, 0x0000000717400000| Untracked 
| 181|0x0000000717600000, 0x0000000717600000, 0x0000000717800000|  0%| F|  |TAMS 0x0000000717600000, 0x0000000717600000| Untracked 
| 182|0x0000000717800000, 0x0000000717800000, 0x0000000717a00000|  0%| F|  |TAMS 0x0000000717800000, 0x0000000717800000| Untracked 
| 183|0x0000000717a00000, 0x0000000717a00000, 0x0000000717c00000|  0%| F|  |TAMS 0x0000000717a00000, 0x0000000717a00000| Untracked 
| 184|0x0000000717c00000, 0x0000000717c00000, 0x0000000717e00000|  0%| F|  |TAMS 0x0000000717c00000, 0x0000000717c00000| Untracked 
| 185|0x0000000717e00000, 0x0000000717e00000, 0x0000000718000000|  0%| F|  |TAMS 0x0000000717e00000, 0x0000000717e00000| Untracked 
| 186|0x0000000718000000, 0x0000000718000000, 0x0000000718200000|  0%| F|  |TAMS 0x0000000718000000, 0x0000000718000000| Untracked 
| 187|0x0000000718200000, 0x0000000718200000, 0x0000000718400000|  0%| F|  |TAMS 0x0000000718200000, 0x0000000718200000| Untracked 
| 188|0x0000000718400000, 0x0000000718400000, 0x0000000718600000|  0%| F|  |TAMS 0x0000000718400000, 0x0000000718400000| Untracked 
| 189|0x0000000718600000, 0x0000000718600000, 0x0000000718800000|  0%| F|  |TAMS 0x0000000718600000, 0x0000000718600000| Untracked 
| 190|0x0000000718800000, 0x0000000718800000, 0x0000000718a00000|  0%| F|  |TAMS 0x0000000718800000, 0x0000000718800000| Untracked 
| 191|0x0000000718a00000, 0x0000000718a00000, 0x0000000718c00000|  0%| F|  |TAMS 0x0000000718a00000, 0x0000000718a00000| Untracked 
| 192|0x0000000718c00000, 0x0000000718c00000, 0x0000000718e00000|  0%| F|  |TAMS 0x0000000718c00000, 0x0000000718c00000| Untracked 
| 193|0x0000000718e00000, 0x0000000718e00000, 0x0000000719000000|  0%| F|  |TAMS 0x0000000718e00000, 0x0000000718e00000| Untracked 
| 194|0x0000000719000000, 0x0000000719000000, 0x0000000719200000|  0%| F|  |TAMS 0x0000000719000000, 0x0000000719000000| Untracked 
| 195|0x0000000719200000, 0x0000000719200000, 0x0000000719400000|  0%| F|  |TAMS 0x0000000719200000, 0x0000000719200000| Untracked 
| 196|0x0000000719400000, 0x0000000719400000, 0x0000000719600000|  0%| F|  |TAMS 0x0000000719400000, 0x0000000719400000| Untracked 
| 197|0x0000000719600000, 0x0000000719600000, 0x0000000719800000|  0%| F|  |TAMS 0x0000000719600000, 0x0000000719600000| Untracked 
| 198|0x0000000719800000, 0x0000000719800000, 0x0000000719a00000|  0%| F|  |TAMS 0x0000000719800000, 0x0000000719800000| Untracked 
| 199|0x0000000719a00000, 0x0000000719a00000, 0x0000000719c00000|  0%| F|  |TAMS 0x0000000719a00000, 0x0000000719a00000| Untracked 
| 200|0x0000000719c00000, 0x0000000719c00000, 0x0000000719e00000|  0%| F|  |TAMS 0x0000000719c00000, 0x0000000719c00000| Untracked 
| 201|0x0000000719e00000, 0x0000000719e00000, 0x000000071a000000|  0%| F|  |TAMS 0x0000000719e00000, 0x0000000719e00000| Untracked 
| 202|0x000000071a000000, 0x000000071a000000, 0x000000071a200000|  0%| F|  |TAMS 0x000000071a000000, 0x000000071a000000| Untracked 
| 203|0x000000071a200000, 0x000000071a200000, 0x000000071a400000|  0%| F|  |TAMS 0x000000071a200000, 0x000000071a200000| Untracked 
| 204|0x000000071a400000, 0x000000071a400000, 0x000000071a600000|  0%| F|  |TAMS 0x000000071a400000, 0x000000071a400000| Untracked 
| 205|0x000000071a600000, 0x000000071a600000, 0x000000071a800000|  0%| F|  |TAMS 0x000000071a600000, 0x000000071a600000| Untracked 
| 206|0x000000071a800000, 0x000000071a800000, 0x000000071aa00000|  0%| F|  |TAMS 0x000000071a800000, 0x000000071a800000| Untracked 
| 207|0x000000071aa00000, 0x000000071aa00000, 0x000000071ac00000|  0%| F|  |TAMS 0x000000071aa00000, 0x000000071aa00000| Untracked 
| 208|0x000000071ac00000, 0x000000071ac00000, 0x000000071ae00000|  0%| F|  |TAMS 0x000000071ac00000, 0x000000071ac00000| Untracked 
| 209|0x000000071ae00000, 0x000000071ae00000, 0x000000071b000000|  0%| F|  |TAMS 0x000000071ae00000, 0x000000071ae00000| Untracked 
| 210|0x000000071b000000, 0x000000071b000000, 0x000000071b200000|  0%| F|  |TAMS 0x000000071b000000, 0x000000071b000000| Untracked 
| 211|0x000000071b200000, 0x000000071b200000, 0x000000071b400000|  0%| F|  |TAMS 0x000000071b200000, 0x000000071b200000| Untracked 
| 212|0x000000071b400000, 0x000000071b400000, 0x000000071b600000|  0%| F|  |TAMS 0x000000071b400000, 0x000000071b400000| Untracked 
| 213|0x000000071b600000, 0x000000071b600000, 0x000000071b800000|  0%| F|  |TAMS 0x000000071b600000, 0x000000071b600000| Untracked 
| 214|0x000000071b800000, 0x000000071b800000, 0x000000071ba00000|  0%| F|  |TAMS 0x000000071b800000, 0x000000071b800000| Untracked 
| 215|0x000000071ba00000, 0x000000071ba00000, 0x000000071bc00000|  0%| F|  |TAMS 0x000000071ba00000, 0x000000071ba00000| Untracked 
| 216|0x000000071bc00000, 0x000000071bc00000, 0x000000071be00000|  0%| F|  |TAMS 0x000000071bc00000, 0x000000071bc00000| Untracked 
| 217|0x000000071be00000, 0x000000071be00000, 0x000000071c000000|  0%| F|  |TAMS 0x000000071be00000, 0x000000071be00000| Untracked 
| 218|0x000000071c000000, 0x000000071c000000, 0x000000071c200000|  0%| F|  |TAMS 0x000000071c000000, 0x000000071c000000| Untracked 
| 219|0x000000071c200000, 0x000000071c200000, 0x000000071c400000|  0%| F|  |TAMS 0x000000071c200000, 0x000000071c200000| Untracked 
| 220|0x000000071c400000, 0x000000071c400000, 0x000000071c600000|  0%| F|  |TAMS 0x000000071c400000, 0x000000071c400000| Untracked 
| 221|0x000000071c600000, 0x000000071c600000, 0x000000071c800000|  0%| F|  |TAMS 0x000000071c600000, 0x000000071c600000| Untracked 
| 222|0x000000071c800000, 0x000000071c800000, 0x000000071ca00000|  0%| F|  |TAMS 0x000000071c800000, 0x000000071c800000| Untracked 
| 223|0x000000071ca00000, 0x000000071ca00000, 0x000000071cc00000|  0%| F|  |TAMS 0x000000071ca00000, 0x000000071ca00000| Untracked 
| 224|0x000000071cc00000, 0x000000071cc00000, 0x000000071ce00000|  0%| F|  |TAMS 0x000000071cc00000, 0x000000071cc00000| Untracked 
| 225|0x000000071ce00000, 0x000000071ce00000, 0x000000071d000000|  0%| F|  |TAMS 0x000000071ce00000, 0x000000071ce00000| Untracked 
| 226|0x000000071d000000, 0x000000071d000000, 0x000000071d200000|  0%| F|  |TAMS 0x000000071d000000, 0x000000071d000000| Untracked 
| 227|0x000000071d200000, 0x000000071d200000, 0x000000071d400000|  0%| F|  |TAMS 0x000000071d200000, 0x000000071d200000| Untracked 
| 228|0x000000071d400000, 0x000000071d400000, 0x000000071d600000|  0%| F|  |TAMS 0x000000071d400000, 0x000000071d400000| Untracked 
| 229|0x000000071d600000, 0x000000071d600000, 0x000000071d800000|  0%| F|  |TAMS 0x000000071d600000, 0x000000071d600000| Untracked 
| 230|0x000000071d800000, 0x000000071d800000, 0x000000071da00000|  0%| F|  |TAMS 0x000000071d800000, 0x000000071d800000| Untracked 
| 231|0x000000071da00000, 0x000000071da00000, 0x000000071dc00000|  0%| F|  |TAMS 0x000000071da00000, 0x000000071da00000| Untracked 
| 232|0x000000071dc00000, 0x000000071dc00000, 0x000000071de00000|  0%| F|  |TAMS 0x000000071dc00000, 0x000000071dc00000| Untracked 
| 233|0x000000071de00000, 0x000000071de00000, 0x000000071e000000|  0%| F|  |TAMS 0x000000071de00000, 0x000000071de00000| Untracked 
| 234|0x000000071e000000, 0x000000071e000000, 0x000000071e200000|  0%| F|  |TAMS 0x000000071e000000, 0x000000071e000000| Untracked 
| 235|0x000000071e200000, 0x000000071e200000, 0x000000071e400000|  0%| F|  |TAMS 0x000000071e200000, 0x000000071e200000| Untracked 
| 236|0x000000071e400000, 0x000000071e400000, 0x000000071e600000|  0%| F|  |TAMS 0x000000071e400000, 0x000000071e400000| Untracked 
| 237|0x000000071e600000, 0x000000071e600000, 0x000000071e800000|  0%| F|  |TAMS 0x000000071e600000, 0x000000071e600000| Untracked 
| 238|0x000000071e800000, 0x000000071e800000, 0x000000071ea00000|  0%| F|  |TAMS 0x000000071e800000, 0x000000071e800000| Untracked 
| 239|0x000000071ea00000, 0x000000071ea00000, 0x000000071ec00000|  0%| F|  |TAMS 0x000000071ea00000, 0x000000071ea00000| Untracked 
| 240|0x000000071ec00000, 0x000000071ec00000, 0x000000071ee00000|  0%| F|  |TAMS 0x000000071ec00000, 0x000000071ec00000| Untracked 
| 241|0x000000071ee00000, 0x000000071ee00000, 0x000000071f000000|  0%| F|  |TAMS 0x000000071ee00000, 0x000000071ee00000| Untracked 
| 242|0x000000071f000000, 0x000000071f000000, 0x000000071f200000|  0%| F|  |TAMS 0x000000071f000000, 0x000000071f000000| Untracked 
| 243|0x000000071f200000, 0x000000071f200000, 0x000000071f400000|  0%| F|  |TAMS 0x000000071f200000, 0x000000071f200000| Untracked 
| 244|0x000000071f400000, 0x000000071f400000, 0x000000071f600000|  0%| F|  |TAMS 0x000000071f400000, 0x000000071f400000| Untracked 
| 245|0x000000071f600000, 0x000000071f600000, 0x000000071f800000|  0%| F|  |TAMS 0x000000071f600000, 0x000000071f600000| Untracked 
| 246|0x000000071f800000, 0x000000071f800000, 0x000000071fa00000|  0%| F|  |TAMS 0x000000071f800000, 0x000000071f800000| Untracked 
| 247|0x000000071fa00000, 0x000000071fa00000, 0x000000071fc00000|  0%| F|  |TAMS 0x000000071fa00000, 0x000000071fa00000| Untracked 
| 248|0x000000071fc00000, 0x000000071fc00000, 0x000000071fe00000|  0%| F|  |TAMS 0x000000071fc00000, 0x000000071fc00000| Untracked 
| 249|0x000000071fe00000, 0x000000071fe00000, 0x0000000720000000|  0%| F|  |TAMS 0x000000071fe00000, 0x000000071fe00000| Untracked 
| 250|0x0000000720000000, 0x0000000720000000, 0x0000000720200000|  0%| F|  |TAMS 0x0000000720000000, 0x0000000720000000| Untracked 
| 251|0x0000000720200000, 0x0000000720200000, 0x0000000720400000|  0%| F|  |TAMS 0x0000000720200000, 0x0000000720200000| Untracked 
| 252|0x0000000720400000, 0x0000000720400000, 0x0000000720600000|  0%| F|  |TAMS 0x0000000720400000, 0x0000000720400000| Untracked 
| 253|0x0000000720600000, 0x0000000720600000, 0x0000000720800000|  0%| F|  |TAMS 0x0000000720600000, 0x0000000720600000| Untracked 
| 254|0x0000000720800000, 0x0000000720800000, 0x0000000720a00000|  0%| F|  |TAMS 0x0000000720800000, 0x0000000720800000| Untracked 
| 255|0x0000000720a00000, 0x0000000720a00000, 0x0000000720c00000|  0%| F|  |TAMS 0x0000000720a00000, 0x0000000720a00000| Untracked 
| 256|0x0000000720c00000, 0x0000000720c00000, 0x0000000720e00000|  0%| F|  |TAMS 0x0000000720c00000, 0x0000000720c00000| Untracked 
| 257|0x0000000720e00000, 0x0000000720e00000, 0x0000000721000000|  0%| F|  |TAMS 0x0000000720e00000, 0x0000000720e00000| Untracked 
| 258|0x0000000721000000, 0x0000000721000000, 0x0000000721200000|  0%| F|  |TAMS 0x0000000721000000, 0x0000000721000000| Untracked 
| 259|0x0000000721200000, 0x0000000721200000, 0x0000000721400000|  0%| F|  |TAMS 0x0000000721200000, 0x0000000721200000| Untracked 
| 260|0x0000000721400000, 0x0000000721400000, 0x0000000721600000|  0%| F|  |TAMS 0x0000000721400000, 0x0000000721400000| Untracked 
| 261|0x0000000721600000, 0x0000000721600000, 0x0000000721800000|  0%| F|  |TAMS 0x0000000721600000, 0x0000000721600000| Untracked 
| 262|0x0000000721800000, 0x0000000721800000, 0x0000000721a00000|  0%| F|  |TAMS 0x0000000721800000, 0x0000000721800000| Untracked 
| 263|0x0000000721a00000, 0x0000000721a00000, 0x0000000721c00000|  0%| F|  |TAMS 0x0000000721a00000, 0x0000000721a00000| Untracked 
| 264|0x0000000721c00000, 0x0000000721c00000, 0x0000000721e00000|  0%| F|  |TAMS 0x0000000721c00000, 0x0000000721c00000| Untracked 
| 265|0x0000000721e00000, 0x0000000721e00000, 0x0000000722000000|  0%| F|  |TAMS 0x0000000721e00000, 0x0000000721e00000| Untracked 
| 266|0x0000000722000000, 0x0000000722000000, 0x0000000722200000|  0%| F|  |TAMS 0x0000000722000000, 0x0000000722000000| Untracked 
| 267|0x0000000722200000, 0x0000000722200000, 0x0000000722400000|  0%| F|  |TAMS 0x0000000722200000, 0x0000000722200000| Untracked 
| 268|0x0000000722400000, 0x0000000722400000, 0x0000000722600000|  0%| F|  |TAMS 0x0000000722400000, 0x0000000722400000| Untracked 
| 269|0x0000000722600000, 0x0000000722600000, 0x0000000722800000|  0%| F|  |TAMS 0x0000000722600000, 0x0000000722600000| Untracked 
| 270|0x0000000722800000, 0x0000000722800000, 0x0000000722a00000|  0%| F|  |TAMS 0x0000000722800000, 0x0000000722800000| Untracked 
| 271|0x0000000722a00000, 0x0000000722a00000, 0x0000000722c00000|  0%| F|  |TAMS 0x0000000722a00000, 0x0000000722a00000| Untracked 
| 272|0x0000000722c00000, 0x0000000722c00000, 0x0000000722e00000|  0%| F|  |TAMS 0x0000000722c00000, 0x0000000722c00000| Untracked 
| 273|0x0000000722e00000, 0x0000000722e00000, 0x0000000723000000|  0%| F|  |TAMS 0x0000000722e00000, 0x0000000722e00000| Untracked 
| 274|0x0000000723000000, 0x0000000723000000, 0x0000000723200000|  0%| F|  |TAMS 0x0000000723000000, 0x0000000723000000| Untracked 
| 275|0x0000000723200000, 0x0000000723200000, 0x0000000723400000|  0%| F|  |TAMS 0x0000000723200000, 0x0000000723200000| Untracked 
| 276|0x0000000723400000, 0x0000000723400000, 0x0000000723600000|  0%| F|  |TAMS 0x0000000723400000, 0x0000000723400000| Untracked 
|2040|0x00000007ffc00000, 0x00000007ffe00000, 0x00000007ffe00000|100%| O|  |TAMS 0x00000007ffc00000, 0x00000007ffc00000| Untracked 
|2041|0x00000007ffe00000, 0x0000000800000000, 0x0000000800000000|100%| O|  |TAMS 0x00000007ffe00000, 0x00000007ffe00000| Untracked 

Card table byte_map: [0x000001b54a4c0000,0x000001b54acc0000] _byte_map_base: 0x000001b546cba000

Marking Bits (Prev, Next): (CMBitMap*) 0x000001b543a43720, (CMBitMap*) 0x000001b543a43760
 Prev Bits: [0x000001b54b4c0000, 0x000001b54f490000)
 Next Bits: [0x000001b54f490000, 0x000001b553460000)

Polling page: 0x000001b5431a0000

Metaspace:

Usage:
  Non-class:     42.22 MB used.
      Class:      6.06 MB used.
       Both:     48.28 MB used.

Virtual space:
  Non-class space:       48.00 MB reserved,      42.44 MB ( 88%) committed,  6 nodes.
      Class space:        1.00 GB reserved,       6.25 MB ( <1%) committed,  1 nodes.
             Both:        1.05 GB reserved,      48.69 MB (  5%) committed. 

Chunk freelists:
   Non-Class:  1.58 MB
       Class:  1.77 MB
        Both:  3.34 MB

MaxMetaspaceSize: unlimited
CompressedClassSpaceSize: 1.00 GB
Initial GC threshold: 21.00 MB
Current GC threshold: 59.19 MB
CDS: off
MetaspaceReclaimPolicy: balanced
 - commit_granule_bytes: 65536.
 - commit_granule_words: 8192.
 - virtual_space_node_default_size: 1048576.
 - enlarge_chunks_in_place: 1.
 - new_chunks_are_fully_committed: 0.
 - uncommit_free_chunks: 1.
 - use_allocation_guard: 0.
 - handle_deallocations: 1.


Internal statistics:

num_allocs_failed_limit: 6.
num_arena_births: 406.
num_arena_deaths: 0.
num_vsnodes_births: 7.
num_vsnodes_deaths: 0.
num_space_committed: 779.
num_space_uncommitted: 0.
num_chunks_returned_to_freelist: 6.
num_chunks_taken_from_freelist: 1949.
num_chunk_merges: 6.
num_chunk_splits: 1323.
num_chunks_enlarged: 953.
num_purges: 0.
num_inconsistent_stats: 0.

CodeCache: size=49152Kb used=15580Kb max_used=15580Kb free=33571Kb
 bounds [0x000001b546660000, 0x000001b5475a0000, 0x000001b549660000]
 total_blobs=5378 nmethods=4778 adapters=516
 compilation: enabled
              stopped_count=0, restarted_count=0
 full_count=0

Compilation events (20 events):
Event: 2.853 Thread 0x000001b5572c0ef0 4771       1       java.net.URL::isValidProtocol (78 bytes)
Event: 2.853 Thread 0x000001b55affdd70 nmethod 4770 0x000001b547590b10 code [0x000001b547590ce0, 0x000001b547590f58]
Event: 2.853 Thread 0x000001b55b023a60 nmethod 4769 0x000001b547591110 code [0x000001b547591380, 0x000001b547591988]
Event: 2.854 Thread 0x000001b5572c0ef0 nmethod 4771 0x000001b547591e90 code [0x000001b5475920c0, 0x000001b547592618]
Event: 2.855 Thread 0x000001b55b000a30 4772 % !   1       org.eclipse.jdt.internal.compiler.parser.Parser::readTable @ 101 (145 bytes)
Event: 2.855 Thread 0x000001b55b000a30 nmethod 4772% 0x000001b547592a10 code [0x000001b547592c60, 0x000001b547593408]
Event: 2.855 Thread 0x000001b557c0d520 4773       1       java.net.JarURLConnection::getJarFileURL (5 bytes)
Event: 2.855 Thread 0x000001b557c0d520 nmethod 4773 0x000001b547593890 code [0x000001b547593a20, 0x000001b547593af8]
Event: 2.855 Thread 0x000001b55b000a30 4774   !   1       org.eclipse.jdt.internal.compiler.parser.Parser::readTable (145 bytes)
Event: 2.856 Thread 0x000001b55b000a30 nmethod 4774 0x000001b547593b90 code [0x000001b547593dc0, 0x000001b5475944c8]
Event: 2.857 Thread 0x000001b55b023040 4775       1       com.sun.tools.javac.util.Context::checkState (13 bytes)
Event: 2.857 Thread 0x000001b55b023040 nmethod 4775 0x000001b547594910 code [0x000001b547594aa0, 0x000001b547594be8]
Event: 2.858 Thread 0x000001b5570ab8e0 4776 %     1       org.eclipse.jdt.internal.compiler.parser.Parser::computeReverseTable @ 17 (92 bytes)
Event: 2.858 Thread 0x000001b5570ab8e0 nmethod 4776% 0x000001b547594c90 code [0x000001b547594e40, 0x000001b547595178]
Event: 2.858 Thread 0x000001b5572abe50 4777 %     1       org.eclipse.jdt.internal.compiler.parser.Parser::computeReverseTable @ 51 (92 bytes)
Event: 2.858 Thread 0x000001b5572abe50 nmethod 4777% 0x000001b547595410 code [0x000001b5475955c0, 0x000001b5475958f8]
Event: 2.858 Thread 0x000001b55b023550 4778       1       com.sun.tools.javac.util.Context::uncheckedCast (2 bytes)
Event: 2.858 Thread 0x000001b55b023550 nmethod 4778 0x000001b547595b90 code [0x000001b547595d20, 0x000001b547595dd8]
Event: 2.858 Thread 0x000001b55b023a60 4779       1       com.sun.tools.javac.util.Context::get (82 bytes)
Event: 2.858 Thread 0x000001b55b023a60 nmethod 4779 0x000001b547595e90 code [0x000001b547596080, 0x000001b547596518]

GC Heap History (20 events):
Event: 2.171 GC heap after
{Heap after GC invocations=10 (full 0):
 garbage-first heap   total 129024K, used 39595K [0x0000000700c00000, 0x0000000800000000)
  region size 2048K, 6 young (12288K), 6 survivors (12288K)
 Metaspace       used 37501K, committed 37824K, reserved 1089536K
  class space    used 4735K, committed 4864K, reserved 1048576K
}
Event: 2.175 GC heap before
{Heap before GC invocations=10 (full 0):
 garbage-first heap   total 129024K, used 41643K [0x0000000700c00000, 0x0000000800000000)
  region size 2048K, 7 young (14336K), 6 survivors (12288K)
 Metaspace       used 37515K, committed 37824K, reserved 1089536K
  class space    used 4738K, committed 4864K, reserved 1048576K
}
Event: 2.179 GC heap after
{Heap after GC invocations=11 (full 0):
 garbage-first heap   total 129024K, used 42281K [0x0000000700c00000, 0x0000000800000000)
  region size 2048K, 1 young (2048K), 1 survivors (2048K)
 Metaspace       used 37515K, committed 37824K, reserved 1089536K
  class space    used 4738K, committed 4864K, reserved 1048576K
}
Event: 2.270 GC heap before
{Heap before GC invocations=11 (full 0):
 garbage-first heap   total 129024K, used 85289K [0x0000000700c00000, 0x0000000800000000)
  region size 2048K, 23 young (47104K), 1 survivors (2048K)
 Metaspace       used 38458K, committed 38784K, reserved 1089536K
  class space    used 4838K, committed 4992K, reserved 1048576K
}
Event: 2.274 GC heap after
{Heap after GC invocations=12 (full 0):
 garbage-first heap   total 282624K, used 49452K [0x0000000700c00000, 0x0000000800000000)
  region size 2048K, 3 young (6144K), 3 survivors (6144K)
 Metaspace       used 38458K, committed 38784K, reserved 1089536K
  class space    used 4838K, committed 4992K, reserved 1048576K
}
Event: 2.421 GC heap before
{Heap before GC invocations=12 (full 0):
 garbage-first heap   total 282624K, used 194860K [0x0000000700c00000, 0x0000000800000000)
  region size 2048K, 75 young (153600K), 3 survivors (6144K)
 Metaspace       used 40127K, committed 40448K, reserved 1089536K
  class space    used 5036K, committed 5184K, reserved 1048576K
}
Event: 2.437 GC heap after
{Heap after GC invocations=13 (full 0):
 garbage-first heap   total 282624K, used 70221K [0x0000000700c00000, 0x0000000800000000)
  region size 2048K, 10 young (20480K), 10 survivors (20480K)
 Metaspace       used 40127K, committed 40448K, reserved 1089536K
  class space    used 5036K, committed 5184K, reserved 1048576K
}
Event: 2.460 GC heap before
{Heap before GC invocations=13 (full 0):
 garbage-first heap   total 282624K, used 180813K [0x0000000700c00000, 0x0000000800000000)
  region size 2048K, 65 young (133120K), 10 survivors (20480K)
 Metaspace       used 40153K, committed 40448K, reserved 1089536K
  class space    used 5039K, committed 5184K, reserved 1048576K
}
Event: 2.467 GC heap after
{Heap after GC invocations=14 (full 0):
 garbage-first heap   total 282624K, used 76931K [0x0000000700c00000, 0x0000000800000000)
  region size 2048K, 4 young (8192K), 4 survivors (8192K)
 Metaspace       used 40153K, committed 40448K, reserved 1089536K
  class space    used 5039K, committed 5184K, reserved 1048576K
}
Event: 2.488 GC heap before
{Heap before GC invocations=14 (full 0):
 garbage-first heap   total 282624K, used 191619K [0x0000000700c00000, 0x0000000800000000)
  region size 2048K, 61 young (124928K), 4 survivors (8192K)
 Metaspace       used 40175K, committed 40512K, reserved 1089536K
  class space    used 5043K, committed 5184K, reserved 1048576K
}
Event: 2.492 GC heap after
{Heap after GC invocations=15 (full 0):
 garbage-first heap   total 282624K, used 80508K [0x0000000700c00000, 0x0000000800000000)
  region size 2048K, 5 young (10240K), 5 survivors (10240K)
 Metaspace       used 40175K, committed 40512K, reserved 1089536K
  class space    used 5043K, committed 5184K, reserved 1048576K
}
Event: 2.513 GC heap before
{Heap before GC invocations=15 (full 0):
 garbage-first heap   total 282624K, used 201340K [0x0000000700c00000, 0x0000000800000000)
  region size 2048K, 65 young (133120K), 5 survivors (10240K)
 Metaspace       used 40311K, committed 40640K, reserved 1089536K
  class space    used 5070K, committed 5248K, reserved 1048576K
}
Event: 2.519 GC heap after
{Heap after GC invocations=16 (full 0):
 garbage-first heap   total 571392K, used 85032K [0x0000000700c00000, 0x0000000800000000)
  region size 2048K, 8 young (16384K), 8 survivors (16384K)
 Metaspace       used 40311K, committed 40640K, reserved 1089536K
  class space    used 5070K, committed 5248K, reserved 1048576K
}
Event: 2.583 GC heap before
{Heap before GC invocations=16 (full 0):
 garbage-first heap   total 571392K, used 408616K [0x0000000700c00000, 0x0000000800000000)
  region size 2048K, 167 young (342016K), 8 survivors (16384K)
 Metaspace       used 40711K, committed 41024K, reserved 1089536K
  class space    used 5089K, committed 5248K, reserved 1048576K
}
Event: 2.593 GC heap after
{Heap after GC invocations=17 (full 0):
 garbage-first heap   total 571392K, used 98887K [0x0000000700c00000, 0x0000000800000000)
  region size 2048K, 14 young (28672K), 14 survivors (28672K)
 Metaspace       used 40711K, committed 41024K, reserved 1089536K
  class space    used 5089K, committed 5248K, reserved 1048576K
}
Event: 2.631 GC heap before
{Heap before GC invocations=17 (full 0):
 garbage-first heap   total 571392K, used 410183K [0x0000000700c00000, 0x0000000800000000)
  region size 2048K, 167 young (342016K), 14 survivors (28672K)
 Metaspace       used 40730K, committed 41088K, reserved 1089536K
  class space    used 5092K, committed 5248K, reserved 1048576K
}
Event: 2.646 GC heap after
{Heap after GC invocations=18 (full 0):
 garbage-first heap   total 571392K, used 112147K [0x0000000700c00000, 0x0000000800000000)
  region size 2048K, 17 young (34816K), 17 survivors (34816K)
 Metaspace       used 40730K, committed 41088K, reserved 1089536K
  class space    used 5092K, committed 5248K, reserved 1048576K
}
Event: 2.681 GC heap before
{Heap before GC invocations=18 (full 0):
 garbage-first heap   total 571392K, used 417299K [0x0000000700c00000, 0x0000000800000000)
  region size 2048K, 167 young (342016K), 17 survivors (34816K)
 Metaspace       used 40998K, committed 41280K, reserved 1089536K
  class space    used 5120K, committed 5248K, reserved 1048576K
}
Event: 2.696 GC heap after
{Heap after GC invocations=19 (full 0):
 garbage-first heap   total 571392K, used 130399K [0x0000000700c00000, 0x0000000800000000)
  region size 2048K, 16 young (32768K), 16 survivors (32768K)
 Metaspace       used 40998K, committed 41280K, reserved 1089536K
  class space    used 5120K, committed 5248K, reserved 1048576K
}
Event: 2.862 GC heap before
{Heap before GC invocations=19 (full 0):
 garbage-first heap   total 571392K, used 437599K [0x0000000700c00000, 0x0000000800000000)
  region size 2048K, 167 young (342016K), 16 survivors (32768K)
 Metaspace       used 49437K, committed 49856K, reserved 1097728K
  class space    used 6207K, committed 6400K, reserved 1048576K
}

Dll operation events (9 events):
Event: 0.008 Loaded shared library c:\Users\pbj25\.vscode\extensions\redhat.java-1.13.0-win32-x64\jre\17.0.5-win32-x86_64\bin\java.dll
Event: 0.149 Loaded shared library C:\Users\pbj25\.vscode\extensions\redhat.java-1.13.0-win32-x64\jre\17.0.5-win32-x86_64\bin\net.dll
Event: 0.151 Loaded shared library C:\Users\pbj25\.vscode\extensions\redhat.java-1.13.0-win32-x64\jre\17.0.5-win32-x86_64\bin\nio.dll
Event: 0.156 Loaded shared library C:\Users\pbj25\.vscode\extensions\redhat.java-1.13.0-win32-x64\jre\17.0.5-win32-x86_64\bin\zip.dll
Event: 0.240 Loaded shared library c:\Users\pbj25\.vscode\extensions\redhat.java-1.13.0-win32-x64\jre\17.0.5-win32-x86_64\bin\verify.dll
Event: 0.246 Loaded shared library C:\Users\pbj25\.vscode\extensions\redhat.java-1.13.0-win32-x64\jre\17.0.5-win32-x86_64\bin\jimage.dll
Event: 0.824 Loaded shared library C:\Users\pbj25\.vscode\extensions\redhat.java-1.13.0-win32-x64\jre\17.0.5-win32-x86_64\bin\management.dll
Event: 0.826 Loaded shared library C:\Users\pbj25\.vscode\extensions\redhat.java-1.13.0-win32-x64\jre\17.0.5-win32-x86_64\bin\management_ext.dll
Event: 2.728 Loaded shared library C:\Users\pbj25\.vscode\extensions\redhat.java-1.13.0-win32-x64\jre\17.0.5-win32-x86_64\bin\sunmscapi.dll

Deoptimization events (16 events):
Event: 0.953 Thread 0x000001b5439d1770 DEOPT PACKING pc=0x000001b546ceed79 sp=0x00000004026fd140
Event: 0.953 Thread 0x000001b5439d1770 DEOPT UNPACKING pc=0x000001b5466b2b43 sp=0x00000004026fc620 mode 3
Event: 1.338 Thread 0x000001b5439d1770 DEOPT PACKING pc=0x000001b546e10a55 sp=0x00000004026fb030
Event: 1.338 Thread 0x000001b5439d1770 DEOPT UNPACKING pc=0x000001b5466b2b43 sp=0x00000004026fa548 mode 3
Event: 1.694 Thread 0x000001b5439d1770 DEOPT PACKING pc=0x000001b546e7f3f9 sp=0x00000004026fc520
Event: 1.694 Thread 0x000001b5439d1770 DEOPT UNPACKING pc=0x000001b5466b2b43 sp=0x00000004026fba00 mode 3
Event: 1.909 Thread 0x000001b5588a2910 DEOPT PACKING pc=0x000001b546f3c5ed sp=0x0000000404ffd7d0
Event: 1.909 Thread 0x000001b5588a2910 DEOPT UNPACKING pc=0x000001b5466b2b43 sp=0x0000000404ffcce8 mode 3
Event: 1.955 Thread 0x000001b5588a31f0 DEOPT PACKING pc=0x000001b546f53013 sp=0x00000004050fe760
Event: 1.955 Thread 0x000001b5588a31f0 DEOPT UNPACKING pc=0x000001b5466b2b43 sp=0x00000004050fdca8 mode 3
Event: 1.980 Thread 0x000001b55885ad00 DEOPT PACKING pc=0x000001b546cec409 sp=0x0000000404efdb60
Event: 1.980 Thread 0x000001b55885ad00 DEOPT UNPACKING pc=0x000001b5466b2b43 sp=0x0000000404efcff0 mode 3
Event: 2.066 Thread 0x000001b55896bed0 DEOPT PACKING pc=0x000001b546ce9e9f sp=0x00000004067feeb0
Event: 2.066 Thread 0x000001b55896bed0 DEOPT UNPACKING pc=0x000001b5466b2b43 sp=0x00000004067fe308 mode 3
Event: 2.647 Thread 0x000001b558970bd0 DEOPT PACKING pc=0x000001b5468e6f2c sp=0x0000000406dfe5c0
Event: 2.647 Thread 0x000001b558970bd0 DEOPT UNPACKING pc=0x000001b5466b2b43 sp=0x0000000406dfda88 mode 0

Classes unloaded (0 events):
No events

Classes redefined (0 events):
No events

Internal exceptions (20 events):
Event: 1.982 Thread 0x000001b558943340 Exception <a 'sun/nio/fs/WindowsException'{0x000000070780dbe0}> (0x000000070780dbe0) 
thrown [s\src\hotspot\share\prims\jni.cpp, line 516]
Event: 1.983 Thread 0x000001b558943340 Exception <a 'sun/nio/fs/WindowsException'{0x000000070780e5e0}> (0x000000070780e5e0) 
thrown [s\src\hotspot\share\prims\jni.cpp, line 516]
Event: 1.983 Thread 0x000001b558943340 Exception <a 'sun/nio/fs/WindowsException'{0x000000070780e990}> (0x000000070780e990) 
thrown [s\src\hotspot\share\prims\jni.cpp, line 516]
Event: 1.984 Thread 0x000001b558943340 Exception <a 'sun/nio/fs/WindowsException'{0x000000070780f390}> (0x000000070780f390) 
thrown [s\src\hotspot\share\prims\jni.cpp, line 516]
Event: 1.984 Thread 0x000001b558943340 Exception <a 'sun/nio/fs/WindowsException'{0x000000070780f750}> (0x000000070780f750) 
thrown [s\src\hotspot\share\prims\jni.cpp, line 516]
Event: 1.984 Thread 0x000001b558943340 Exception <a 'sun/nio/fs/WindowsException'{0x0000000707810178}> (0x0000000707810178) 
thrown [s\src\hotspot\share\prims\jni.cpp, line 516]
Event: 1.984 Thread 0x000001b558943340 Exception <a 'sun/nio/fs/WindowsException'{0x0000000707810558}> (0x0000000707810558) 
thrown [s\src\hotspot\share\prims\jni.cpp, line 516]
Event: 1.985 Thread 0x000001b558943340 Exception <a 'sun/nio/fs/WindowsException'{0x0000000707810f90}> (0x0000000707810f90) 
thrown [s\src\hotspot\share\prims\jni.cpp, line 516]
Event: 1.985 Thread 0x000001b558943340 Exception <a 'sun/nio/fs/WindowsException'{0x0000000707811380}> (0x0000000707811380) 
thrown [s\src\hotspot\share\prims\jni.cpp, line 516]
Event: 1.985 Thread 0x000001b558943340 Exception <a 'sun/nio/fs/WindowsException'{0x0000000707811da8}> (0x0000000707811da8) 
thrown [s\src\hotspot\share\prims\jni.cpp, line 516]
Event: 1.985 Thread 0x000001b558943340 Exception <a 'sun/nio/fs/WindowsException'{0x0000000707812198}> (0x0000000707812198) 
thrown [s\src\hotspot\share\prims\jni.cpp, line 516]
Event: 2.240 Thread 0x000001b5588a2910 Exception <a 'java/lang/NoSuchMethodError'{0x0000000705f26a40}: 'java.lang.Object java.lang.invoke.Invokers$Holder.invoke_MT(java.lang.Object, java.lang.Object, java.lang.Object)'> (0x0000000705f26a40) 
thrown [s\src\hotspot\share\interpreter\linkResolver.cpp, line 759]
Event: 2.289 Thread 0x000001b5588a2910 Exception <a 'java/lang/NoSuchMethodError'{0x0000000711bf6ce8}: 'java.lang.Object java.lang.invoke.DirectMethodHandle$Holder.newInvokeSpecial(java.lang.Object, java.lang.Object, int)'> (0x0000000711bf6ce8) 
thrown [s\src\hotspot\share\interpreter\linkResolver.cpp, line 759]
Event: 2.292 Thread 0x000001b55896f3c0 Exception <a 'java/lang/NoSuchMethodError'{0x000000071182d740}: 'java.lang.Object java.lang.invoke.Invokers$Holder.linkToTargetMethod(java.lang.Object, long, java.lang.Object)'> (0x000000071182d740) 
thrown [s\src\hotspot\share\interpreter\linkResolver.cpp, line 759]
Event: 2.298 Thread 0x000001b55896f3c0 Exception <a 'sun/nio/fs/WindowsException'{0x000000071161d1f0}> (0x000000071161d1f0) 
thrown [s\src\hotspot\share\prims\jni.cpp, line 516]
Event: 2.373 Thread 0x000001b558970bd0 Exception <a 'java/lang/NoSuchMethodError'{0x000000070f52b7f0}: 'void java.lang.invoke.DirectMethodHandle$Holder.invokeVirtual(java.lang.Object, java.lang.Object, java.lang.Object, java.lang.Object)'> (0x000000070f52b7f0) 
thrown [s\src\hotspot\share\interpreter\linkResolver.cpp, line 759]
Event: 2.740 Thread 0x000001b558970bd0 Exception <a 'sun/nio/fs/WindowsException'{0x000000071ac38458}> (0x000000071ac38458) 
thrown [s\src\hotspot\share\prims\jni.cpp, line 516]
Event: 2.748 Thread 0x000001b558970bd0 Exception <a 'java/lang/NoSuchMethodError'{0x000000071a79bcb0}: 'int java.lang.invoke.DirectMethodHandle$Holder.invokeStaticInit(java.lang.Object, java.lang.Object, java.lang.Object, java.lang.Object)'> (0x000000071a79bcb0) 
thrown [s\src\hotspot\share\interpreter\linkResolver.cpp, line 759]
Event: 2.752 Thread 0x000001b558970230 Exception <a 'sun/nio/fs/WindowsException'{0x000000071a077800}> (0x000000071a077800) 
thrown [s\src\hotspot\share\prims\jni.cpp, line 516]
Event: 2.752 Thread 0x000001b558970230 Exception <a 'sun/nio/fs/WindowsException'{0x000000071a077bd0}> (0x000000071a077bd0) 
thrown [s\src\hotspot\share\prims\jni.cpp, line 516]

VM Operations (20 events):
Event: 2.594 Executing VM operation: G1CollectForAllocation done
Event: 2.595 Executing VM operation: HandshakeAllThreads
Event: 2.631 Executing VM operation: HandshakeAllThreads done
Event: 2.631 Executing VM operation: G1CollectForAllocation
Event: 2.646 Executing VM operation: G1CollectForAllocation done
Event: 2.648 Executing VM operation: HandshakeAllThreads
Event: 2.648 Executing VM operation: HandshakeAllThreads done
Event: 2.680 Executing VM operation: G1CollectForAllocation
Event: 2.680 Executing VM operation: G1CollectForAllocation done
Event: 2.681 Executing VM operation: G1CollectForAllocation
Event: 2.696 Executing VM operation: G1CollectForAllocation done
Event: 2.710 Executing VM operation: HandshakeAllThreads
Event: 2.710 Executing VM operation: HandshakeAllThreads done
Event: 2.742 Executing VM operation: HandshakeAllThreads
Event: 2.742 Executing VM operation: HandshakeAllThreads done
Event: 2.761 Executing VM operation: HandshakeAllThreads
Event: 2.761 Executing VM operation: HandshakeAllThreads done
Event: 2.761 Executing VM operation: HandshakeAllThreads
Event: 2.761 Executing VM operation: HandshakeAllThreads done
Event: 2.861 Executing VM operation: G1CollectForAllocation

Events (20 events):
Event: 2.832 loading class sun/security/ssl/SignatureScheme$SigAlgParamSpec
Event: 2.832 loading class sun/security/ssl/SignatureScheme$SigAlgParamSpec done
Event: 2.832 loading class java/security/spec/MGF1ParameterSpec
Event: 2.832 loading class java/security/spec/MGF1ParameterSpec done
Event: 2.832 loading class sun/security/rsa/RSAPSSSignature
Event: 2.833 loading class sun/security/rsa/RSAPSSSignature done
Event: 2.833 loading class sun/security/rsa/PSSParameters
Event: 2.833 loading class sun/security/rsa/PSSParameters done
Event: 2.833 loading class sun/security/provider/DSA$SHA256withDSA
Event: 2.833 loading class sun/security/provider/DSA
Event: 2.833 loading class sun/security/provider/DSA done
Event: 2.833 loading class sun/security/provider/DSA$SHA256withDSA done
Event: 2.834 loading class sun/security/provider/SHA2$SHA224
Event: 2.834 loading class sun/security/provider/SHA2$SHA224 done
Event: 2.834 loading class sun/security/rsa/RSASignature$SHA224withRSA
Event: 2.834 loading class sun/security/rsa/RSASignature$SHA224withRSA done
Event: 2.834 loading class sun/security/provider/DSA$SHA224withDSA
Event: 2.834 loading class sun/security/provider/DSA$SHA224withDSA done
Event: 2.834 loading class sun/security/ssl/SessionId
Event: 2.834 loading class sun/security/ssl/SessionId done


Dynamic libraries:
0x00007ff60e470000 - 0x00007ff60e47e000 	c:\Users\pbj25\.vscode\extensions\redhat.java-1.13.0-win32-x64\jre\17.0.5-win32-x86_64\bin\java.exe
0x00007ffe04550000 - 0x00007ffe04748000 	C:\WINDOWS\SYSTEM32\ntdll.dll
0x00007ffe025a0000 - 0x00007ffe0265f000 	C:\WINDOWS\System32\KERNEL32.DLL
0x00007ffe021e0000 - 0x00007ffe024b2000 	C:\WINDOWS\System32\KERNELBASE.dll
0x00007ffe01c50000 - 0x00007ffe01d50000 	C:\WINDOWS\System32\ucrtbase.dll
0x00007ffdff3e0000 - 0x00007ffdff3f7000 	c:\Users\pbj25\.vscode\extensions\redhat.java-1.13.0-win32-x64\jre\17.0.5-win32-x86_64\bin\jli.dll
0x00007ffdff370000 - 0x00007ffdff389000 	c:\Users\pbj25\.vscode\extensions\redhat.java-1.13.0-win32-x64\jre\17.0.5-win32-x86_64\bin\VCRUNTIME140.dll
0x00007ffe02c20000 - 0x00007ffe02dbd000 	C:\WINDOWS\System32\USER32.dll
0x00007ffe02050000 - 0x00007ffe02072000 	C:\WINDOWS\System32\win32u.dll
0x00007ffe03e20000 - 0x00007ffe03e4b000 	C:\WINDOWS\System32\GDI32.dll
0x00007ffe01f40000 - 0x00007ffe0204f000 	C:\WINDOWS\System32\gdi32full.dll
0x00007ffdf0640000 - 0x00007ffdf08da000 	C:\WINDOWS\WinSxS\amd64_microsoft.windows.common-controls_6595b64144ccf1df_6.0.19041.1110_none_60b5254171f9507e\COMCTL32.dll
0x00007ffe01ea0000 - 0x00007ffe01f3d000 	C:\WINDOWS\System32\msvcp_win.dll
0x00007ffe03280000 - 0x00007ffe0331e000 	C:\WINDOWS\System32\msvcrt.dll
0x00007ffe02880000 - 0x00007ffe028b2000 	C:\WINDOWS\System32\IMM32.DLL
0x00007ffdff3b0000 - 0x00007ffdff3bc000 	c:\Users\pbj25\.vscode\extensions\redhat.java-1.13.0-win32-x64\jre\17.0.5-win32-x86_64\bin\vcruntime140_1.dll
0x00007ffddd410000 - 0x00007ffddd4a1000 	c:\Users\pbj25\.vscode\extensions\redhat.java-1.13.0-win32-x64\jre\17.0.5-win32-x86_64\bin\msvcp140.dll
0x00007ffd9a1e0000 - 0x00007ffd9ae24000 	c:\Users\pbj25\.vscode\extensions\redhat.java-1.13.0-win32-x64\jre\17.0.5-win32-x86_64\bin\server\jvm.dll
0x00007ffe033e0000 - 0x00007ffe0348e000 	C:\WINDOWS\System32\ADVAPI32.dll
0x00007ffe02660000 - 0x00007ffe026fc000 	C:\WINDOWS\System32\sechost.dll
0x00007ffe043e0000 - 0x00007ffe04505000 	C:\WINDOWS\System32\RPCRT4.dll
0x00007ffdfb2a0000 - 0x00007ffdfb2a9000 	C:\WINDOWS\SYSTEM32\WSOCK32.dll
0x00007ffe03d00000 - 0x00007ffe03d6b000 	C:\WINDOWS\System32\WS2_32.dll
0x00007ffdf7ec0000 - 0x00007ffdf7ee7000 	C:\WINDOWS\SYSTEM32\WINMM.dll
0x00007ffdfc800000 - 0x00007ffdfc80a000 	C:\WINDOWS\SYSTEM32\VERSION.dll
0x00007ffdffae0000 - 0x00007ffdffaf2000 	C:\WINDOWS\SYSTEM32\kernel.appcore.dll
0x00007ffdfd7f0000 - 0x00007ffdfd7fa000 	c:\Users\pbj25\.vscode\extensions\redhat.java-1.13.0-win32-x64\jre\17.0.5-win32-x86_64\bin\jimage.dll
0x00007ffdf68a0000 - 0x00007ffdf6a84000 	C:\WINDOWS\SYSTEM32\DBGHELP.DLL
0x00007ffdf0c70000 - 0x00007ffdf0c9c000 	C:\WINDOWS\SYSTEM32\dbgcore.DLL
0x00007ffe024c0000 - 0x00007ffe02542000 	C:\WINDOWS\System32\bcryptPrimitives.dll
0x00007ffdee1b0000 - 0x00007ffdee1d5000 	c:\Users\pbj25\.vscode\extensions\redhat.java-1.13.0-win32-x64\jre\17.0.5-win32-x86_64\bin\java.dll
0x00007ffdf7b70000 - 0x00007ffdf7b88000 	c:\Users\pbj25\.vscode\extensions\redhat.java-1.13.0-win32-x64\jre\17.0.5-win32-x86_64\bin\zip.dll
0x00007ffe034f0000 - 0x00007ffe03c33000 	C:\WINDOWS\System32\SHELL32.dll
0x00007ffdffce0000 - 0x00007ffe00472000 	C:\WINDOWS\SYSTEM32\windows.storage.dll
0x00007ffe02dc0000 - 0x00007ffe03114000 	C:\WINDOWS\System32\combase.dll
0x00007ffe015d0000 - 0x00007ffe01600000 	C:\WINDOWS\SYSTEM32\Wldp.dll
0x00007ffe03d70000 - 0x00007ffe03e1d000 	C:\WINDOWS\System32\SHCORE.dll
0x00007ffe02800000 - 0x00007ffe02855000 	C:\WINDOWS\System32\shlwapi.dll
0x00007ffe01b90000 - 0x00007ffe01baf000 	C:\WINDOWS\SYSTEM32\profapi.dll
0x00007ffdf4dd0000 - 0x00007ffdf4de9000 	C:\Users\pbj25\.vscode\extensions\redhat.java-1.13.0-win32-x64\jre\17.0.5-win32-x86_64\bin\net.dll
0x00007ffdfb320000 - 0x00007ffdfb42c000 	C:\WINDOWS\SYSTEM32\WINHTTP.dll
0x00007ffe013b0000 - 0x00007ffe0141a000 	C:\WINDOWS\system32\mswsock.dll
0x00007ffdf4c90000 - 0x00007ffdf4ca5000 	C:\Users\pbj25\.vscode\extensions\redhat.java-1.13.0-win32-x64\jre\17.0.5-win32-x86_64\bin\nio.dll
0x00007ffdfd750000 - 0x00007ffdfd760000 	c:\Users\pbj25\.vscode\extensions\redhat.java-1.13.0-win32-x64\jre\17.0.5-win32-x86_64\bin\verify.dll
0x00007ffdf7b10000 - 0x00007ffdf7b19000 	C:\Users\pbj25\.vscode\extensions\redhat.java-1.13.0-win32-x64\jre\17.0.5-win32-x86_64\bin\management.dll
0x00007ffdf7710000 - 0x00007ffdf771b000 	C:\Users\pbj25\.vscode\extensions\redhat.java-1.13.0-win32-x64\jre\17.0.5-win32-x86_64\bin\management_ext.dll
0x00007ffe03c40000 - 0x00007ffe03c48000 	C:\WINDOWS\System32\PSAPI.DLL
0x00007ffdea4e0000 - 0x00007ffdea4f7000 	C:\WINDOWS\system32\napinsp.dll
0x00007ffde7130000 - 0x00007ffde714b000 	C:\WINDOWS\system32\pnrpnsp.dll
0x00007ffde7400000 - 0x00007ffde7415000 	C:\WINDOWS\system32\wshbth.dll
0x00007ffdfd700000 - 0x00007ffdfd71d000 	C:\WINDOWS\system32\NLAapi.dll
0x00007ffe01070000 - 0x00007ffe010ab000 	C:\WINDOWS\SYSTEM32\IPHLPAPI.DLL
0x00007ffe010c0000 - 0x00007ffe0118a000 	C:\WINDOWS\SYSTEM32\DNSAPI.dll
0x00007ffe027e0000 - 0x00007ffe027e8000 	C:\WINDOWS\System32\NSI.dll
0x00007ffde73e0000 - 0x00007ffde73f2000 	C:\WINDOWS\System32\winrnr.dll
0x00007ffdfae50000 - 0x00007ffdfae5a000 	C:\Windows\System32\rasadhlp.dll
0x00007ffdfaae0000 - 0x00007ffdfab60000 	C:\WINDOWS\System32\fwpuclnt.dll
0x00007ffe01dc0000 - 0x00007ffe01de7000 	C:\WINDOWS\System32\bcrypt.dll
0x00007ffe01610000 - 0x00007ffe01628000 	C:\WINDOWS\SYSTEM32\CRYPTSP.dll
0x00007ffe00c80000 - 0x00007ffe00cb4000 	C:\WINDOWS\system32\rsaenh.dll
0x00007ffe01b10000 - 0x00007ffe01b3e000 	C:\WINDOWS\SYSTEM32\USERENV.dll
0x00007ffe01540000 - 0x00007ffe0154c000 	C:\WINDOWS\SYSTEM32\CRYPTBASE.dll
0x00007ffdfcb40000 - 0x00007ffdfcb57000 	C:\WINDOWS\SYSTEM32\dhcpcsvc6.DLL
0x00007ffdfcb10000 - 0x00007ffdfcb2d000 	C:\WINDOWS\SYSTEM32\dhcpcsvc.DLL
0x00007ffdf7560000 - 0x00007ffdf756e000 	C:\Users\pbj25\.vscode\extensions\redhat.java-1.13.0-win32-x64\jre\17.0.5-win32-x86_64\bin\sunmscapi.dll
0x00007ffe02080000 - 0x00007ffe021d6000 	C:\WINDOWS\System32\CRYPT32.dll
0x00007ffe01720000 - 0x00007ffe01747000 	C:\WINDOWS\SYSTEM32\ncrypt.dll
0x00007ffe016e0000 - 0x00007ffe0171b000 	C:\WINDOWS\SYSTEM32\NTASN1.dll

dbghelp: loaded successfully - version: 4.0.5 - missing functions: none
symbol engine: initialized successfully - sym options: 0x614 - pdb path: .;c:\Users\pbj25\.vscode\extensions\redhat.java-1.13.0-win32-x64\jre\17.0.5-win32-x86_64\bin;C:\WINDOWS\SYSTEM32;C:\WINDOWS\WinSxS\amd64_microsoft.windows.common-controls_6595b64144ccf1df_6.0.19041.1110_none_60b5254171f9507e;c:\Users\pbj25\.vscode\extensions\redhat.java-1.13.0-win32-x64\jre\17.0.5-win32-x86_64\bin\server

VM Arguments:
jvm_args: -Dsts.lsp.client=vscode -Dsts.log.file=/dev/null -XX:TieredStopAtLevel=1 -Xlog:jni+resolve=off -Dspring.config.location=file:c:\Users\pbj25\.vscode\extensions\pivotal.vscode-spring-boot-1.42.0\language-server\BOOT-INF\classes\application.properties 
java_command: org.springframework.ide.vscode.boot.app.BootLanguageServerBootApp
java_class_path (initial): c:\Users\pbj25\.vscode\extensions\pivotal.vscode-spring-boot-1.42.0\language-server\BOOT-INF\classes;c:\Users\pbj25\.vscode\extensions\pivotal.vscode-spring-boot-1.42.0\language-server\BOOT-INF\lib\annotations-23.1.0.jar;c:\Users\pbj25\.vscode\extensions\pivotal.vscode-spring-boot-1.42.0\language-server\BOOT-INF\lib\ant-1.10.12.jar;c:\Users\pbj25\.vscode\extensions\pivotal.vscode-spring-boot-1.42.0\language-server\BOOT-INF\lib\ant-launcher-1.10.12.jar;c:\Users\pbj25\.vscode\extensions\pivotal.vscode-spring-boot-1.42.0\language-server\BOOT-INF\lib\antlr-runtime-3.5.2.jar;c:\Users\pbj25\.vscode\extensions\pivotal.vscode-spring-boot-1.42.0\language-server\BOOT-INF\lib\antlr4-4.9.3.jar;c:\Users\pbj25\.vscode\extensions\pivotal.vscode-spring-boot-1.42.0\language-server\BOOT-INF\lib\antlr4-runtime-4.9.3.jar;c:\Users\pbj25\.vscode\extensions\pivotal.vscode-spring-boot-1.42.0\language-server\BOOT-INF\lib\apiguardian-api-1.1.2.jar;c:\Users\pbj25\.vscode\extensions\pivotal.vscode-spring-boot-1.42.0\language-server\BOOT-INF\lib\asm-9.4.jar;c:\Users\pbj25\.vscode\extensions\pivotal.vscode-spring-boot-1.42.0\language-server\BOOT-INF\lib\asm-analysis-9.4.jar;c:\Users\pbj25\.vscode\extensions\pivotal.vscode-spring-boot-1.42.0\language-server\BOOT-INF\lib\asm-tree-9.4.jar;c:\Users\pbj25\.vscode\extensions\pivotal.vscode-spring-boot-1.42.0\language-server\BOOT-INF\lib\asm-util-9.4.jar;c:\Users\pbj25\.vscode\extensions\pivotal.vscode-spring-boot-1.42.0\language-server\BOOT-INF\lib\caffeine-2.9.3.jar;c:\Users\pbj25\.vscode\extensions\pivotal.vscode-spring-boot-1.42.0\language-server\BOOT-INF\lib\checker-qual-3.12.0.jar;c:\Users\pbj25\.vscode\extensions\pivotal.vscode-spring-boot-1.42.0\language-server\BOOT-INF\lib\ci-environment-9.1.0.jar;c:\Users\pbj25\.vscode\extensions\pivotal.vscode-spring-boot-1.42.0\language-server\BOOT-INF\lib\classgraph-4.8.149.jar;c:\Users\pbj25\.vscode\extensions\pivotal.vscode-spring-boot-1.42.0\language-server\BOOT-INF\lib\comm
Launcher Type: SUN_STANDARD

[Global flags]
     intx CICompilerCount                          = 12                                        {product} {ergonomic}
     uint ConcGCThreads                            = 3                                         {product} {ergonomic}
     uint G1ConcRefinementThreads                  = 13                                        {product} {ergonomic}
   size_t G1HeapRegionSize                         = 2097152                                   {product} {ergonomic}
    uintx GCDrainStackTargetSize                   = 64                                        {product} {ergonomic}
   size_t InitialHeapSize                          = 268435456                                 {product} {ergonomic}
   size_t MarkStackSize                            = 4194304                                   {product} {ergonomic}
   size_t MaxHeapSize                              = 4282384384                                {product} {ergonomic}
   size_t MaxNewSize                               = 2569011200                                {product} {ergonomic}
   size_t MinHeapDeltaBytes                        = 2097152                                   {product} {ergonomic}
   size_t MinHeapSize                              = 8388608                                   {product} {ergonomic}
    uintx NonProfiledCodeHeapSize                  = 0                                      {pd product} {ergonomic}
     bool ProfileInterpreter                       = false                                  {pd product} {command line}
    uintx ProfiledCodeHeapSize                     = 0                                      {pd product} {ergonomic}
   size_t SoftMaxHeapSize                          = 4282384384                             {manageable} {ergonomic}
     intx TieredStopAtLevel                        = 1                                         {product} {command line}
     bool UseCompressedClassPointers               = true                           {product lp64_product} {ergonomic}
     bool UseCompressedOops                        = true                           {product lp64_product} {ergonomic}
     bool UseG1GC                                  = true                                      {product} {ergonomic}
     bool UseLargePagesIndividualAllocation        = false                                  {pd product} {ergonomic}

Logging:
Log output configuration:
 #0: stdout all=warning,jni+resolve=off uptime,level,tags
 #1: stderr all=off uptime,level,tags

Environment Variables:
JAVA_HOME=C:\Program Files\Java\jdk-17.0.5
PATH=C:\Program Files\Eclipse Adoptium\jdk-17.0.4.101-hotspot\bin;C:\WINDOWS\system32;C:\WINDOWS;C:\WINDOWS\System32\Wbem;C:\WINDOWS\System32\WindowsPowerShell\v1.0\;C:\WINDOWS\System32\OpenSSH\;C:\Program Files (x86)\NVIDIA Corporation\PhysX\Common;C:\Program Files\NVIDIA Corporation\NVIDIA NvDLISR;C:\Program Files\Java\jdk-17.0.5\bin;C:\Program Files\Git\cmd;C:\Program Files\nodejs\;C:\Develops\apache-maven-3.8.6\bin;C:\Program Files\MySQL\MySQL Shell 8.0\bin\;C:\Users\pbj25\AppData\Local\Programs\Python\Python39\Scripts\;C:\Users\pbj25\AppData\Local\Programs\Python\Python39\;C:\Users\pbj25\AppData\Local\Microsoft\WindowsApps;C:\Program Files\Bandizip\;C:\Users\pbj25\AppData\Local\Programs\Microsoft VS Code\bin;C:\Users\pbj25\AppData\Local\GitHubDesktop\bin;C:\Users\pbj25\AppData\Roaming\npm
USERNAME=pbj25
OS=Windows_NT
PROCESSOR_IDENTIFIER=AMD64 Family 23 Model 113 Stepping 0, AuthenticAMD
TMP=C:\Users\pbj25\AppData\Local\Temp
TEMP=C:\Users\pbj25\AppData\Local\Temp



---------------  S Y S T E M  ---------------

OS:
 Windows 10 , 64 bit Build 19041 (10.0.19041.2251)
OS uptime: 11 days 1:44 hours
Hyper-V role detected

CPU: total 16 (initial active 16) (16 cores per cpu, 2 threads per core) family 23 model 113 stepping 0 microcode 0x0, cx8, cmov, fxsr, ht, mmx, 3dnowpref, sse, sse2, sse3, ssse3, sse4a, sse4.1, sse4.2, popcnt, lzcnt, tsc, tscinvbit, avx, avx2, aes, clmul, bmi1, bmi2, adx, sha, fma, vzeroupper, clflush, clflushopt, hv

Memory: 4k page, system-wide physical 16332M (1689M free)
TotalPageFile size 26332M (AvailPageFile size 167M)
current process WorkingSet (physical memory assigned to process): 727M, peak: 727M
current process commit charge ("private bytes"): 757M, peak: 1693M

vm_info: OpenJDK 64-Bit Server VM (17.0.5+8) for windows-amd64 JRE (17.0.5+8), built on Oct 19 2022 04:48:13 by "temurin" with MS VC++ 16.7 (VS2019)

END.
