#
# There is insufficient memory for the Java Runtime Environment to continue.
# Native memory allocation (mmap) failed to map 815792128 bytes for G1 virtual space
# Possible reasons:
#   The system is out of physical RAM or swap space
#   The process is running with CompressedOops enabled, and the Java Heap may be blocking the growth of the native heap
# Possible solutions:
#   Reduce memory load on the system
#   Increase physical memory or swap space
#   Check if swap backing store is full
#   Decrease Java heap size (-Xmx/-Xms)
#   Decrease number of Java threads
#   Decrease Java thread stack sizes (-Xss)
#   Set larger code cache with -XX:ReservedCodeCacheSize=
#   JVM is running with Zero Based Compressed Oops mode in which the Java heap is
#     placed in the first 32GB address space. The Java Heap base address is the
#     maximum limit for the native heap growth. Please use -XX:HeapBaseMinAddress
#     to set the Java Heap base and to place the Java Heap above 32GB virtual address.
# This output file may be truncated or incomplete.
#
#  Out of Memory Error (os_windows.cpp:3548), pid=13140, tid=20880
#
# JRE version: OpenJDK Runtime Environment Temurin-17.0.5+8 (17.0.5+8) (build 17.0.5+8)
# Java VM: OpenJDK 64-Bit Server VM Temurin-17.0.5+8 (17.0.5+8, mixed mode, emulated-client, tiered, compressed oops, compressed class ptrs, g1 gc, windows-amd64)
# No core dump will be written. Minidumps are not enabled by default on client versions of Windows
#

---------------  S U M M A R Y ------------

Command Line: -Dsts.lsp.client=vscode -Dsts.log.file=/dev/null -XX:TieredStopAtLevel=1 -Xlog:jni+resolve=off -Dspring.config.location=file:c:\Users\pbj25\.vscode\extensions\pivotal.vscode-spring-boot-1.42.0\language-server\BOOT-INF\classes\application.properties org.springframework.ide.vscode.boot.app.BootLanguageServerBootApp

Host: AMD Ryzen 7 3700X 8-Core Processor             , 16 cores, 15G,  Windows 10 , 64 bit Build 19041 (10.0.19041.2251)
Time: Tue Dec 13 14:14:15 2022  Windows 10 , 64 bit Build 19041 (10.0.19041.2251) elapsed time: 3.228725 seconds (0d 0h 0m 3s)

---------------  T H R E A D  ---------------

Current thread (0x0000019ac2042230):  VMThread "VM Thread" [stack: 0x00000045def00000,0x00000045df000000] [id=20880]

Stack: [0x00000045def00000,0x00000045df000000]
Native frames: (J=compiled Java code, j=interpreted, Vv=VM code, C=native code)
V  [jvm.dll+0x676b3a]
V  [jvm.dll+0x831444]
V  [jvm.dll+0x832bee]
V  [jvm.dll+0x833253]
V  [jvm.dll+0x244ce5]
V  [jvm.dll+0x673a49]
V  [jvm.dll+0x66811a]
V  [jvm.dll+0x303ceb]
V  [jvm.dll+0x30b1e6]
V  [jvm.dll+0x35adbe]
V  [jvm.dll+0x35afef]
V  [jvm.dll+0x2dab88]
V  [jvm.dll+0x2d8e3c]
V  [jvm.dll+0x2d840c]
V  [jvm.dll+0x31c31b]
V  [jvm.dll+0x8376fb]
V  [jvm.dll+0x838434]
V  [jvm.dll+0x83894c]
V  [jvm.dll+0x838d24]
V  [jvm.dll+0x838df0]
V  [jvm.dll+0x7e17ea]
V  [jvm.dll+0x6759e5]
C  [ucrtbase.dll+0x21bb2]
C  [KERNEL32.DLL+0x174b4]
C  [ntdll.dll+0x526a1]

VM_Operation (0x00000045e28fea20): G1CollectForAllocation, mode: safepoint, requested by thread 0x0000019ac39b42a0


---------------  P R O C E S S  ---------------

Threads class SMR info:
_java_thread_list=0x0000019ac649a660, length=61, elements={
0x0000019ac160d360, 0x0000019ac160e7e0, 0x0000019ac20740c0, 0x0000019ac20a13a0,
0x0000019ac20a2d60, 0x0000019ac20a3710, 0x0000019ac20a46d0, 0x0000019ac20aa5d0,
0x0000019ac22a5230, 0x0000019ac22abc60, 0x0000019ac22c4260, 0x0000019ac22c9fb0,
0x0000019ac2bf0890, 0x0000019ac2ab1c00, 0x0000019ac3589d60, 0x0000019ac38187d0,
0x0000019ac3846830, 0x0000019aaeac0460, 0x0000019ac386bd50, 0x0000019ac388db70,
0x0000019ac388f860, 0x0000019ac393b770, 0x0000019ac38bd8e0, 0x0000019ac39733c0,
0x0000019ac3972a20, 0x0000019ac3971210, 0x0000019ac3973890, 0x0000019ac3973d60,
0x0000019ac3971bb0, 0x0000019ac3972ef0, 0x0000019ac3974230, 0x0000019ac3972550,
0x0000019ac3972080, 0x0000019ac3974700, 0x0000019ac3970d40, 0x0000019ac39716e0,
0x0000019ac39b4770, 0x0000019ac39b4c40, 0x0000019ac39b9940, 0x0000019ac39b3900,
0x0000019ac39b72c0, 0x0000019ac39b6920, 0x0000019ac39b42a0, 0x0000019ac39b5110,
0x0000019ac39bb150, 0x0000019ac39b8600, 0x0000019ac39b7790, 0x0000019ac39ba7b0,
0x0000019ac39b8ad0, 0x0000019ac39b9470, 0x0000019ac39b5ab0, 0x0000019ac39b9e10,
0x0000019ac39b6df0, 0x0000019ac66451b0, 0x0000019ac651fab0, 0x0000019ac65e3050,
0x0000019ac65f8640, 0x0000019ac65e96b0, 0x0000019ac65c7240, 0x0000019ac665baf0,
0x0000019ac39ba2e0
}

Java Threads: ( => current thread )
  0x0000019ac160d360 JavaThread "Reference Handler" daemon [_thread_blocked, id=39528, stack(0x00000045df000000,0x00000045df100000)]
  0x0000019ac160e7e0 JavaThread "Finalizer" daemon [_thread_blocked, id=19528, stack(0x00000045df100000,0x00000045df200000)]
  0x0000019ac20740c0 JavaThread "Signal Dispatcher" daemon [_thread_blocked, id=21480, stack(0x00000045df200000,0x00000045df300000)]
  0x0000019ac20a13a0 JavaThread "Attach Listener" daemon [_thread_blocked, id=9924, stack(0x00000045df300000,0x00000045df400000)]
  0x0000019ac20a2d60 JavaThread "Service Thread" daemon [_thread_blocked, id=39600, stack(0x00000045df400000,0x00000045df500000)]
  0x0000019ac20a3710 JavaThread "Monitor Deflation Thread" daemon [_thread_blocked, id=12396, stack(0x00000045df500000,0x00000045df600000)]
  0x0000019ac20a46d0 JavaThread "C1 CompilerThread0" daemon [_thread_blocked, id=29784, stack(0x00000045df600000,0x00000045df700000)]
  0x0000019ac20aa5d0 JavaThread "Sweeper thread" daemon [_thread_blocked, id=39932, stack(0x00000045df700000,0x00000045df800000)]
  0x0000019ac22a5230 JavaThread "C1 CompilerThread1" daemon [_thread_blocked, id=2228, stack(0x00000045df800000,0x00000045df900000)]
  0x0000019ac22abc60 JavaThread "C1 CompilerThread2" daemon [_thread_blocked, id=20408, stack(0x00000045df900000,0x00000045dfa00000)]
  0x0000019ac22c4260 JavaThread "Notification Thread" daemon [_thread_blocked, id=39140, stack(0x00000045dfa00000,0x00000045dfb00000)]
  0x0000019ac22c9fb0 JavaThread "Common-Cleaner" daemon [_thread_blocked, id=31656, stack(0x00000045dfc00000,0x00000045dfd00000)]
  0x0000019ac2bf0890 JavaThread "C1 CompilerThread3" daemon [_thread_blocked, id=5232, stack(0x00000045dfd00000,0x00000045dfe00000)]
  0x0000019ac2ab1c00 JavaThread "C1 CompilerThread4" daemon [_thread_blocked, id=38072, stack(0x00000045dfe00000,0x00000045dff00000)]
  0x0000019ac3589d60 JavaThread "boundedElastic-evictor-1" daemon [_thread_blocked, id=34288, stack(0x00000045e0d00000,0x00000045e0e00000)]
  0x0000019ac38187d0 JavaThread "pool-11-thread-1" [_thread_blocked, id=17352, stack(0x00000045e0e00000,0x00000045e0f00000)]
  0x0000019ac3846830 JavaThread "LanguageServerApp-lifecycle" [_thread_blocked, id=30800, stack(0x00000045e0f00000,0x00000045e1000000)]
  0x0000019aaeac0460 JavaThread "DestroyJavaVM" [_thread_blocked, id=33064, stack(0x00000045de900000,0x00000045dea00000)]
  0x0000019ac386bd50 JavaThread "pool-12-thread-1" [_thread_in_native, id=38156, stack(0x00000045e1000000,0x00000045e1100000)]
  0x0000019ac388db70 JavaThread "Simple-Language-Server main thread" daemon [_thread_blocked, id=22628, stack(0x00000045e1100000,0x00000045e1200000)]
  0x0000019ac388f860 JavaThread "ForkJoinPool.commonPool-worker-1" daemon [_thread_blocked, id=35056, stack(0x00000045e1200000,0x00000045e1300000)]
  0x0000019ac393b770 JavaThread "ClassGraph-worker-0" daemon [_thread_blocked, id=34884, stack(0x00000045e1300000,0x00000045e1400000)]
  0x0000019ac38bd8e0 JavaThread "parallel-1" daemon [_thread_blocked, id=39832, stack(0x00000045e1400000,0x00000045e1500000)]
  0x0000019ac39733c0 JavaThread "ClassGraph-worker-1" daemon [_thread_blocked, id=20492, stack(0x00000045e1500000,0x00000045e1600000)]
  0x0000019ac3972a20 JavaThread "ClassGraph-worker-2" daemon [_thread_blocked, id=32960, stack(0x00000045e1600000,0x00000045e1700000)]
  0x0000019ac3971210 JavaThread "ClassGraph-worker-3" daemon [_thread_blocked, id=368, stack(0x00000045e1700000,0x00000045e1800000)]
  0x0000019ac3973890 JavaThread "ClassGraph-worker-4" daemon [_thread_blocked, id=32956, stack(0x00000045e1800000,0x00000045e1900000)]
  0x0000019ac3973d60 JavaThread "ClassGraph-worker-5" daemon [_thread_blocked, id=24600, stack(0x00000045e1900000,0x00000045e1a00000)]
  0x0000019ac3971bb0 JavaThread "ClassGraph-worker-6" daemon [_thread_blocked, id=4512, stack(0x00000045e1a00000,0x00000045e1b00000)]
  0x0000019ac3972ef0 JavaThread "ClassGraph-worker-7" daemon [_thread_blocked, id=26064, stack(0x00000045e1b00000,0x00000045e1c00000)]
  0x0000019ac3974230 JavaThread "ClassGraph-worker-8" daemon [_thread_blocked, id=39460, stack(0x00000045e1c00000,0x00000045e1d00000)]
  0x0000019ac3972550 JavaThread "ClassGraph-worker-9" daemon [_thread_blocked, id=10176, stack(0x00000045e1d00000,0x00000045e1e00000)]
  0x0000019ac3972080 JavaThread "ClassGraph-worker-10" daemon [_thread_blocked, id=21088, stack(0x00000045e1e00000,0x00000045e1f00000)]
  0x0000019ac3974700 JavaThread "ClassGraph-worker-11" daemon [_thread_blocked, id=25452, stack(0x00000045e1f00000,0x00000045e2000000)]
  0x0000019ac3970d40 JavaThread "ClassGraph-worker-12" daemon [_thread_blocked, id=30424, stack(0x00000045e2000000,0x00000045e2100000)]
  0x0000019ac39716e0 JavaThread "ClassGraph-worker-13" daemon [_thread_blocked, id=31968, stack(0x00000045e2100000,0x00000045e2200000)]
  0x0000019ac39b4770 JavaThread "ClassGraph-worker-14" daemon [_thread_blocked, id=32320, stack(0x00000045e2200000,0x00000045e2300000)]
  0x0000019ac39b4c40 JavaThread "ClassGraph-worker-15" daemon [_thread_blocked, id=33292, stack(0x00000045e2300000,0x00000045e2400000)]
  0x0000019ac39b9940 JavaThread "ClassGraph-worker-16" daemon [_thread_blocked, id=33084, stack(0x00000045e2400000,0x00000045e2500000)]
  0x0000019ac39b3900 JavaThread "ClassGraph-worker-17" daemon [_thread_blocked, id=35992, stack(0x00000045e2500000,0x00000045e2600000)]
  0x0000019ac39b72c0 JavaThread "ClassGraph-worker-18" daemon [_thread_blocked, id=36136, stack(0x00000045e2600000,0x00000045e2700000)]
  0x0000019ac39b6920 JavaThread "ClassGraph-worker-19" daemon [_thread_blocked, id=36644, stack(0x00000045e2700000,0x00000045e2800000)]
  0x0000019ac39b42a0 JavaThread "ClassGraph-worker-20" daemon [_thread_blocked, id=31756, stack(0x00000045e2800000,0x00000045e2900000)]
  0x0000019ac39b5110 JavaThread "ClassGraph-worker-21" daemon [_thread_blocked, id=8768, stack(0x00000045e2900000,0x00000045e2a00000)]
  0x0000019ac39bb150 JavaThread "ClassGraph-worker-22" daemon [_thread_blocked, id=37540, stack(0x00000045e2a00000,0x00000045e2b00000)]
  0x0000019ac39b8600 JavaThread "ClassGraph-worker-23" daemon [_thread_blocked, id=38188, stack(0x00000045e2b00000,0x00000045e2c00000)]
  0x0000019ac39b7790 JavaThread "pool-6-thread-1" [_thread_blocked, id=27784, stack(0x00000045e2e00000,0x00000045e2f00000)]
  0x0000019ac39ba7b0 JavaThread "pool-10-thread-1" [_thread_blocked, id=17372, stack(0x00000045e2f00000,0x00000045e3000000)]
  0x0000019ac39b8ad0 JavaThread "parallel-2" daemon [_thread_blocked, id=35284, stack(0x00000045e3000000,0x00000045e3100000)]
  0x0000019ac39b9470 JavaThread "pool-10-thread-2" [_thread_blocked, id=25900, stack(0x00000045e3100000,0x00000045e3200000)]
  0x0000019ac39b5ab0 JavaThread "parallel-3" daemon [_thread_blocked, id=29708, stack(0x00000045e3200000,0x00000045e3300000)]
  0x0000019ac39b9e10 JavaThread "Project-Reconciler-1" daemon [_thread_blocked, id=36880, stack(0x00000045e3300000,0x00000045e3400000)]
  0x0000019ac39b6df0 JavaThread "pool-10-thread-3" [_thread_blocked, id=10284, stack(0x00000045e3400000,0x00000045e3500000)]
  0x0000019ac66451b0 JavaThread "C1 CompilerThread5" daemon [_thread_blocked, id=13668, stack(0x00000045e3500000,0x00000045e3600000)]
  0x0000019ac651fab0 JavaThread "C1 CompilerThread6" daemon [_thread_blocked, id=4868, stack(0x00000045e3600000,0x00000045e3700000)]
  0x0000019ac65e3050 JavaThread "C1 CompilerThread7" daemon [_thread_blocked, id=34200, stack(0x00000045e3700000,0x00000045e3800000)]
  0x0000019ac65f8640 JavaThread "C1 CompilerThread8" daemon [_thread_blocked, id=7764, stack(0x00000045e3800000,0x00000045e3900000)]
  0x0000019ac65e96b0 JavaThread "C1 CompilerThread9" daemon [_thread_blocked, id=38036, stack(0x00000045e3900000,0x00000045e3a00000)]
  0x0000019ac65c7240 JavaThread "C1 CompilerThread10" daemon [_thread_blocked, id=37840, stack(0x00000045e3a00000,0x00000045e3b00000)]
  0x0000019ac665baf0 JavaThread "C1 CompilerThread11" daemon [_thread_blocked, id=1228, stack(0x00000045e3b00000,0x00000045e3c00000)]
  0x0000019ac39ba2e0 JavaThread "Project-Reconciler-2" daemon [_thread_blocked, id=38940, stack(0x00000045e3d00000,0x00000045e3e00000)]

Other Threads:
=>0x0000019ac2042230 VMThread "VM Thread" [stack: 0x00000045def00000,0x00000045df000000] [id=20880]
  0x0000019ac22c6740 WatcherThread [stack: 0x00000045dfb00000,0x00000045dfc00000] [id=18024]
  0x0000019aaeb31e10 GCTaskThread "GC Thread#0" [stack: 0x00000045dea00000,0x00000045deb00000] [id=2652]
  0x0000019ac2ca6c60 GCTaskThread "GC Thread#1" [stack: 0x00000045dff00000,0x00000045e0000000] [id=3400]
  0x0000019ac2cc5880 GCTaskThread "GC Thread#2" [stack: 0x00000045e0000000,0x00000045e0100000] [id=33688]
  0x0000019ac2cc6340 GCTaskThread "GC Thread#3" [stack: 0x00000045e0100000,0x00000045e0200000] [id=18148]
  0x0000019ac2cc6f10 GCTaskThread "GC Thread#4" [stack: 0x00000045e0200000,0x00000045e0300000] [id=39196]
  0x0000019ac2cc71c0 GCTaskThread "GC Thread#5" [stack: 0x00000045e0300000,0x00000045e0400000] [id=33764]
  0x0000019ac2edd560 GCTaskThread "GC Thread#6" [stack: 0x00000045e0400000,0x00000045e0500000] [id=27308]
  0x0000019ac2edd810 GCTaskThread "GC Thread#7" [stack: 0x00000045e0500000,0x00000045e0600000] [id=29584]
  0x0000019ac2eddac0 GCTaskThread "GC Thread#8" [stack: 0x00000045e0600000,0x00000045e0700000] [id=10040]
  0x0000019ac2eddd70 GCTaskThread "GC Thread#9" [stack: 0x00000045e0700000,0x00000045e0800000] [id=23340]
  0x0000019ac3009850 GCTaskThread "GC Thread#10" [stack: 0x00000045e0900000,0x00000045e0a00000] [id=25964]
  0x0000019ac2f748f0 GCTaskThread "GC Thread#11" [stack: 0x00000045e0a00000,0x00000045e0b00000] [id=1912]
  0x0000019ac34d1650 GCTaskThread "GC Thread#12" [stack: 0x00000045e0800000,0x00000045e0900000] [id=28072]
  0x0000019aaeb42c90 ConcurrentGCThread "G1 Main Marker" [stack: 0x00000045deb00000,0x00000045dec00000] [id=19332]
  0x0000019aaeb44e50 ConcurrentGCThread "G1 Conc#0" [stack: 0x00000045dec00000,0x00000045ded00000] [id=19660]
  0x0000019ac31700a0 ConcurrentGCThread "G1 Conc#1" [stack: 0x00000045e0b00000,0x00000045e0c00000] [id=35044]
  0x0000019ac30efd20 ConcurrentGCThread "G1 Conc#2" [stack: 0x00000045e0c00000,0x00000045e0d00000] [id=7472]
  0x0000019aaeb8ec30 ConcurrentGCThread "G1 Refine#0" [stack: 0x00000045ded00000,0x00000045dee00000] [id=18388]
  0x0000019ac5da5ca0 ConcurrentGCThread "G1 Refine#1" [stack: 0x00000045e2c00000,0x00000045e2d00000] [id=38908]
  0x0000019ac638f820 ConcurrentGCThread "G1 Refine#2" [stack: 0x00000045e2d00000,0x00000045e2e00000] [id=22292]
  0x0000019ac64e3fa0 ConcurrentGCThread "G1 Refine#3" [stack: 0x00000045e3c00000,0x00000045e3d00000] [id=15956]
  0x0000019ac653e5c0 ConcurrentGCThread "G1 Refine#4" [stack: 0x00000045e3e00000,0x00000045e3f00000] [id=34404]
  0x0000019ac14b28b0 ConcurrentGCThread "G1 Service" [stack: 0x00000045dee00000,0x00000045def00000] [id=29376]

Threads with active compile tasks:
C1 CompilerThread7     3250 4741       1       io.github.classgraph.ClasspathElementZip$1::close (28 bytes)

VM state: at safepoint (normal execution)

VM Mutex/Monitor currently owned by a thread:  ([mutex/lock_event])
[0x0000019aac7878c0] Threads_lock - owner thread: 0x0000019ac2042230
[0x0000019aaeabe230] Heap_lock - owner thread: 0x0000019ac39b42a0

Heap address: 0x0000000700c00000, size: 4084 MB, Compressed Oops mode: Zero based, Oop shift amount: 3

CDS archive(s) not mapped
Compressed class space mapped at: 0x0000000800000000-0x0000000840000000, reserved size: 1073741824
Narrow klass base: 0x0000000800000000, Narrow klass shift: 0, Narrow klass range: 0x40000000

GC Precious Log:
 CPUs: 16 total, 16 available
 Memory: 16332M
 Large Page Support: Disabled
 NUMA Support: Disabled
 Compressed Oops: Enabled (Zero based)
 Heap Region Size: 2M
 Heap Min Capacity: 8M
 Heap Initial Capacity: 256M
 Heap Max Capacity: 4084M
 Pre-touch: Disabled
 Parallel Workers: 13
 Concurrent Workers: 3
 Concurrent Refinement Workers: 13
 Periodic GC: Disabled

Heap:
 garbage-first heap   total 532480K, used 142694K [0x0000000700c00000, 0x0000000800000000)
  region size 2048K, 17 young (34816K), 17 survivors (34816K)
 Metaspace       used 45559K, committed 45888K, reserved 1089536K
  class space    used 5689K, committed 5824K, reserved 1048576K

Heap Regions: E=young(eden), S=young(survivor), O=old, HS=humongous(starts), HC=humongous(continues), CS=collection set, F=free, OA=open archive, CA=closed archive, TAMS=top-at-mark-start (previous, next)
|   0|0x0000000700c00000, 0x0000000700e00000, 0x0000000700e00000|100%| O|  |TAMS 0x0000000700e00000, 0x0000000700c00000| Untracked 
|   1|0x0000000700e00000, 0x0000000701000000, 0x0000000701000000|100%| O|  |TAMS 0x0000000701000000, 0x0000000700e00000| Untracked 
|   2|0x0000000701000000, 0x0000000701200000, 0x0000000701200000|100%| O|  |TAMS 0x0000000701200000, 0x0000000701000000| Untracked 
|   3|0x0000000701200000, 0x0000000701400000, 0x0000000701400000|100%| O|  |TAMS 0x0000000701200000, 0x0000000701200000| Untracked 
|   4|0x0000000701400000, 0x0000000701600000, 0x0000000701600000|100%| O|  |TAMS 0x0000000701600000, 0x0000000701400000| Untracked 
|   5|0x0000000701600000, 0x0000000701800000, 0x0000000701800000|100%| O|  |TAMS 0x0000000701800000, 0x0000000701600000| Untracked 
|   6|0x0000000701800000, 0x0000000701a00000, 0x0000000701a00000|100%| O|  |TAMS 0x0000000701a00000, 0x0000000701800000| Untracked 
|   7|0x0000000701a00000, 0x0000000701c00000, 0x0000000701c00000|100%| O|  |TAMS 0x0000000701a00000, 0x0000000701a00000| Untracked 
|   8|0x0000000701c00000, 0x0000000701e00000, 0x0000000701e00000|100%| O|  |TAMS 0x0000000701c00000, 0x0000000701c00000| Untracked 
|   9|0x0000000701e00000, 0x0000000702000000, 0x0000000702000000|100%| O|  |TAMS 0x0000000701e00000, 0x0000000701e00000| Untracked 
|  10|0x0000000702000000, 0x0000000702200000, 0x0000000702200000|100%| O|  |TAMS 0x0000000702000000, 0x0000000702000000| Untracked 
|  11|0x0000000702200000, 0x0000000702400000, 0x0000000702400000|100%| O|  |TAMS 0x0000000702200000, 0x0000000702200000| Untracked 
|  12|0x0000000702400000, 0x0000000702600000, 0x0000000702600000|100%| O|  |TAMS 0x0000000702400000, 0x0000000702400000| Untracked 
|  13|0x0000000702600000, 0x0000000702800000, 0x0000000702800000|100%| O|  |TAMS 0x0000000702600000, 0x0000000702600000| Untracked 
|  14|0x0000000702800000, 0x0000000702a00000, 0x0000000702a00000|100%| O|  |TAMS 0x0000000702800000, 0x0000000702800000| Untracked 
|  15|0x0000000702a00000, 0x0000000702c00000, 0x0000000702c00000|100%| O|  |TAMS 0x0000000702a00000, 0x0000000702a00000| Untracked 
|  16|0x0000000702c00000, 0x0000000702e00000, 0x0000000702e00000|100%| O|  |TAMS 0x0000000702c00000, 0x0000000702c00000| Untracked 
|  17|0x0000000702e00000, 0x0000000703000000, 0x0000000703000000|100%| O|  |TAMS 0x0000000702e00000, 0x0000000702e00000| Untracked 
|  18|0x0000000703000000, 0x0000000703200000, 0x0000000703200000|100%| O|  |TAMS 0x0000000703000000, 0x0000000703000000| Untracked 
|  19|0x0000000703200000, 0x0000000703400000, 0x0000000703400000|100%| O|  |TAMS 0x0000000703200000, 0x0000000703200000| Untracked 
|  20|0x0000000703400000, 0x0000000703600000, 0x0000000703600000|100%| O|  |TAMS 0x0000000703400000, 0x0000000703400000| Untracked 
|  21|0x0000000703600000, 0x0000000703800000, 0x0000000703800000|100%| O|  |TAMS 0x0000000703600000, 0x0000000703600000| Untracked 
|  22|0x0000000703800000, 0x0000000703a00000, 0x0000000703a00000|100%| O|  |TAMS 0x0000000703800000, 0x0000000703800000| Untracked 
|  23|0x0000000703a00000, 0x0000000703c00000, 0x0000000703c00000|100%| O|  |TAMS 0x0000000703a00000, 0x0000000703a00000| Untracked 
|  24|0x0000000703c00000, 0x0000000703e00000, 0x0000000703e00000|100%| O|  |TAMS 0x0000000703c00000, 0x0000000703c00000| Untracked 
|  25|0x0000000703e00000, 0x0000000704000000, 0x0000000704000000|100%| O|  |TAMS 0x0000000703e00000, 0x0000000703e00000| Untracked 
|  26|0x0000000704000000, 0x0000000704200000, 0x0000000704200000|100%| O|  |TAMS 0x0000000704000000, 0x0000000704000000| Untracked 
|  27|0x0000000704200000, 0x0000000704400000, 0x0000000704400000|100%| O|  |TAMS 0x0000000704200000, 0x0000000704200000| Untracked 
|  28|0x0000000704400000, 0x0000000704600000, 0x0000000704600000|100%| O|  |TAMS 0x0000000704400000, 0x0000000704400000| Untracked 
|  29|0x0000000704600000, 0x0000000704800000, 0x0000000704800000|100%| O|  |TAMS 0x0000000704600000, 0x0000000704600000| Untracked 
|  30|0x0000000704800000, 0x0000000704a00000, 0x0000000704a00000|100%| O|  |TAMS 0x0000000704800000, 0x0000000704800000| Untracked 
|  31|0x0000000704a00000, 0x0000000704c00000, 0x0000000704c00000|100%| O|  |TAMS 0x0000000704a00000, 0x0000000704a00000| Untracked 
|  32|0x0000000704c00000, 0x0000000704e00000, 0x0000000704e00000|100%| O|  |TAMS 0x0000000704c00000, 0x0000000704c00000| Untracked 
|  33|0x0000000704e00000, 0x0000000705000000, 0x0000000705000000|100%| O|  |TAMS 0x0000000704e00000, 0x0000000704e00000| Untracked 
|  34|0x0000000705000000, 0x0000000705200000, 0x0000000705200000|100%| O|  |TAMS 0x0000000705000000, 0x0000000705000000| Untracked 
|  35|0x0000000705200000, 0x0000000705400000, 0x0000000705400000|100%| O|  |TAMS 0x0000000705200000, 0x0000000705200000| Untracked 
|  36|0x0000000705400000, 0x0000000705600000, 0x0000000705600000|100%| O|  |TAMS 0x0000000705400000, 0x0000000705400000| Untracked 
|  37|0x0000000705600000, 0x0000000705800000, 0x0000000705800000|100%| O|  |TAMS 0x0000000705600000, 0x0000000705600000| Untracked 
|  38|0x0000000705800000, 0x0000000705a00000, 0x0000000705a00000|100%| O|  |TAMS 0x0000000705800000, 0x0000000705800000| Untracked 
|  39|0x0000000705a00000, 0x0000000705c00000, 0x0000000705c00000|100%| O|  |TAMS 0x0000000705a00000, 0x0000000705a00000| Untracked 
|  40|0x0000000705c00000, 0x0000000705e00000, 0x0000000705e00000|100%| O|  |TAMS 0x0000000705c00000, 0x0000000705c00000| Untracked 
|  41|0x0000000705e00000, 0x0000000706000000, 0x0000000706000000|100%| O|  |TAMS 0x0000000705e00000, 0x0000000705e00000| Untracked 
|  42|0x0000000706000000, 0x0000000706200000, 0x0000000706200000|100%| O|  |TAMS 0x0000000706000000, 0x0000000706000000| Untracked 
|  43|0x0000000706200000, 0x0000000706400000, 0x0000000706400000|100%| O|  |TAMS 0x0000000706200000, 0x0000000706200000| Untracked 
|  44|0x0000000706400000, 0x0000000706600000, 0x0000000706600000|100%| O|  |TAMS 0x0000000706400000, 0x0000000706400000| Untracked 
|  45|0x0000000706600000, 0x0000000706800000, 0x0000000706800000|100%| O|  |TAMS 0x0000000706600000, 0x0000000706600000| Untracked 
|  46|0x0000000706800000, 0x0000000706a00000, 0x0000000706a00000|100%| O|  |TAMS 0x0000000706800000, 0x0000000706800000| Untracked 
|  47|0x0000000706a00000, 0x0000000706c00000, 0x0000000706c00000|100%| O|  |TAMS 0x0000000706a00000, 0x0000000706a00000| Untracked 
|  48|0x0000000706c00000, 0x0000000706e00000, 0x0000000706e00000|100%| O|  |TAMS 0x0000000706c00000, 0x0000000706c00000| Untracked 
|  49|0x0000000706e00000, 0x0000000707000000, 0x0000000707000000|100%| O|  |TAMS 0x0000000706e00000, 0x0000000706e00000| Untracked 
|  50|0x0000000707000000, 0x0000000707200000, 0x0000000707200000|100%| O|  |TAMS 0x0000000707000000, 0x0000000707000000| Untracked 
|  51|0x0000000707200000, 0x0000000707359800, 0x0000000707400000| 67%| O|  |TAMS 0x0000000707200000, 0x0000000707200000| Untracked 
|  52|0x0000000707400000, 0x0000000707400000, 0x0000000707600000|  0%| F|  |TAMS 0x0000000707400000, 0x0000000707400000| Untracked 
|  53|0x0000000707600000, 0x0000000707600000, 0x0000000707800000|  0%| F|  |TAMS 0x0000000707600000, 0x0000000707600000| Untracked 
|  54|0x0000000707800000, 0x0000000707800000, 0x0000000707a00000|  0%| F|  |TAMS 0x0000000707800000, 0x0000000707800000| Untracked 
|  55|0x0000000707a00000, 0x0000000707a00000, 0x0000000707c00000|  0%| F|  |TAMS 0x0000000707a00000, 0x0000000707a00000| Untracked 
|  56|0x0000000707c00000, 0x0000000707c00000, 0x0000000707e00000|  0%| F|  |TAMS 0x0000000707c00000, 0x0000000707c00000| Untracked 
|  57|0x0000000707e00000, 0x0000000707e00000, 0x0000000708000000|  0%| F|  |TAMS 0x0000000707e00000, 0x0000000707e00000| Untracked 
|  58|0x0000000708000000, 0x0000000708000000, 0x0000000708200000|  0%| F|  |TAMS 0x0000000708000000, 0x0000000708000000| Untracked 
|  59|0x0000000708200000, 0x0000000708200000, 0x0000000708400000|  0%| F|  |TAMS 0x0000000708200000, 0x0000000708200000| Untracked 
|  60|0x0000000708400000, 0x0000000708400000, 0x0000000708600000|  0%| F|  |TAMS 0x0000000708400000, 0x0000000708400000| Untracked 
|  61|0x0000000708600000, 0x0000000708600000, 0x0000000708800000|  0%| F|  |TAMS 0x0000000708600000, 0x0000000708600000| Untracked 
|  62|0x0000000708800000, 0x0000000708800000, 0x0000000708a00000|  0%| F|  |TAMS 0x0000000708800000, 0x0000000708800000| Untracked 
|  63|0x0000000708a00000, 0x0000000708a00000, 0x0000000708c00000|  0%| F|  |TAMS 0x0000000708a00000, 0x0000000708a00000| Untracked 
|  64|0x0000000708c00000, 0x0000000708c00000, 0x0000000708e00000|  0%| F|  |TAMS 0x0000000708c00000, 0x0000000708c00000| Untracked 
|  65|0x0000000708e00000, 0x0000000708e00000, 0x0000000709000000|  0%| F|  |TAMS 0x0000000708e00000, 0x0000000708e00000| Untracked 
|  66|0x0000000709000000, 0x0000000709000000, 0x0000000709200000|  0%| F|  |TAMS 0x0000000709000000, 0x0000000709000000| Untracked 
|  67|0x0000000709200000, 0x0000000709200000, 0x0000000709400000|  0%| F|  |TAMS 0x0000000709200000, 0x0000000709200000| Untracked 
|  68|0x0000000709400000, 0x0000000709400000, 0x0000000709600000|  0%| F|  |TAMS 0x0000000709400000, 0x0000000709400000| Untracked 
|  69|0x0000000709600000, 0x0000000709600000, 0x0000000709800000|  0%| F|  |TAMS 0x0000000709600000, 0x0000000709600000| Untracked 
|  70|0x0000000709800000, 0x0000000709800000, 0x0000000709a00000|  0%| F|  |TAMS 0x0000000709800000, 0x0000000709800000| Untracked 
|  71|0x0000000709a00000, 0x0000000709a00000, 0x0000000709c00000|  0%| F|  |TAMS 0x0000000709a00000, 0x0000000709a00000| Untracked 
|  72|0x0000000709c00000, 0x0000000709c00000, 0x0000000709e00000|  0%| F|  |TAMS 0x0000000709c00000, 0x0000000709c00000| Untracked 
|  73|0x0000000709e00000, 0x0000000709e00000, 0x000000070a000000|  0%| F|  |TAMS 0x0000000709e00000, 0x0000000709e00000| Untracked 
|  74|0x000000070a000000, 0x000000070a000000, 0x000000070a200000|  0%| F|  |TAMS 0x000000070a000000, 0x000000070a000000| Untracked 
|  75|0x000000070a200000, 0x000000070a200000, 0x000000070a400000|  0%| F|  |TAMS 0x000000070a200000, 0x000000070a200000| Untracked 
|  76|0x000000070a400000, 0x000000070a400000, 0x000000070a600000|  0%| F|  |TAMS 0x000000070a400000, 0x000000070a400000| Untracked 
|  77|0x000000070a600000, 0x000000070a600000, 0x000000070a800000|  0%| F|  |TAMS 0x000000070a600000, 0x000000070a600000| Untracked 
|  78|0x000000070a800000, 0x000000070a800000, 0x000000070aa00000|  0%| F|  |TAMS 0x000000070a800000, 0x000000070a800000| Untracked 
|  79|0x000000070aa00000, 0x000000070aa00000, 0x000000070ac00000|  0%| F|  |TAMS 0x000000070aa00000, 0x000000070aa00000| Untracked 
|  80|0x000000070ac00000, 0x000000070ac00000, 0x000000070ae00000|  0%| F|  |TAMS 0x000000070ac00000, 0x000000070ac00000| Untracked 
|  81|0x000000070ae00000, 0x000000070ae00000, 0x000000070b000000|  0%| F|  |TAMS 0x000000070ae00000, 0x000000070ae00000| Untracked 
|  82|0x000000070b000000, 0x000000070b000000, 0x000000070b200000|  0%| F|  |TAMS 0x000000070b000000, 0x000000070b000000| Untracked 
|  83|0x000000070b200000, 0x000000070b200000, 0x000000070b400000|  0%| F|  |TAMS 0x000000070b200000, 0x000000070b200000| Untracked 
|  84|0x000000070b400000, 0x000000070b400000, 0x000000070b600000|  0%| F|  |TAMS 0x000000070b400000, 0x000000070b400000| Untracked 
|  85|0x000000070b600000, 0x000000070b600000, 0x000000070b800000|  0%| F|  |TAMS 0x000000070b600000, 0x000000070b600000| Untracked 
|  86|0x000000070b800000, 0x000000070ba00000, 0x000000070ba00000|100%| S|CS|TAMS 0x000000070b800000, 0x000000070b800000| Complete 
|  87|0x000000070ba00000, 0x000000070bc00000, 0x000000070bc00000|100%| S|CS|TAMS 0x000000070ba00000, 0x000000070ba00000| Complete 
|  88|0x000000070bc00000, 0x000000070be00000, 0x000000070be00000|100%| S|CS|TAMS 0x000000070bc00000, 0x000000070bc00000| Complete 
|  89|0x000000070be00000, 0x000000070c000000, 0x000000070c000000|100%| S|CS|TAMS 0x000000070be00000, 0x000000070be00000| Complete 
|  90|0x000000070c000000, 0x000000070c200000, 0x000000070c200000|100%| S|CS|TAMS 0x000000070c000000, 0x000000070c000000| Complete 
|  91|0x000000070c200000, 0x000000070c400000, 0x000000070c400000|100%| S|CS|TAMS 0x000000070c200000, 0x000000070c200000| Complete 
|  92|0x000000070c400000, 0x000000070c600000, 0x000000070c600000|100%| S|CS|TAMS 0x000000070c400000, 0x000000070c400000| Complete 
|  93|0x000000070c600000, 0x000000070c800000, 0x000000070c800000|100%| S|CS|TAMS 0x000000070c600000, 0x000000070c600000| Complete 
|  94|0x000000070c800000, 0x000000070ca00000, 0x000000070ca00000|100%| S|CS|TAMS 0x000000070c800000, 0x000000070c800000| Complete 
|  95|0x000000070ca00000, 0x000000070cc00000, 0x000000070cc00000|100%| S|CS|TAMS 0x000000070ca00000, 0x000000070ca00000| Complete 
|  96|0x000000070cc00000, 0x000000070ce00000, 0x000000070ce00000|100%| S|CS|TAMS 0x000000070cc00000, 0x000000070cc00000| Complete 
|  97|0x000000070ce00000, 0x000000070d000000, 0x000000070d000000|100%| S|CS|TAMS 0x000000070ce00000, 0x000000070ce00000| Complete 
|  98|0x000000070d000000, 0x000000070d200000, 0x000000070d200000|100%| S|CS|TAMS 0x000000070d000000, 0x000000070d000000| Complete 
|  99|0x000000070d200000, 0x000000070d400000, 0x000000070d400000|100%| S|CS|TAMS 0x000000070d200000, 0x000000070d200000| Complete 
| 100|0x000000070d400000, 0x000000070d600000, 0x000000070d600000|100%| S|CS|TAMS 0x000000070d400000, 0x000000070d400000| Complete 
| 101|0x000000070d600000, 0x000000070d800000, 0x000000070d800000|100%| S|CS|TAMS 0x000000070d600000, 0x000000070d600000| Complete 
| 102|0x000000070d800000, 0x000000070d800000, 0x000000070da00000|  0%| F|  |TAMS 0x000000070d800000, 0x000000070d800000| Untracked 
| 103|0x000000070da00000, 0x000000070da00000, 0x000000070dc00000|  0%| F|  |TAMS 0x000000070da00000, 0x000000070da00000| Untracked 
| 104|0x000000070dc00000, 0x000000070dc00000, 0x000000070de00000|  0%| F|  |TAMS 0x000000070dc00000, 0x000000070dc00000| Untracked 
| 105|0x000000070de00000, 0x000000070de00000, 0x000000070e000000|  0%| F|  |TAMS 0x000000070de00000, 0x000000070de00000| Untracked 
| 106|0x000000070e000000, 0x000000070e000000, 0x000000070e200000|  0%| F|  |TAMS 0x000000070e000000, 0x000000070e000000| Untracked 
| 107|0x000000070e200000, 0x000000070e200000, 0x000000070e400000|  0%| F|  |TAMS 0x000000070e200000, 0x000000070e200000| Untracked 
| 108|0x000000070e400000, 0x000000070e400000, 0x000000070e600000|  0%| F|  |TAMS 0x000000070e400000, 0x000000070e400000| Untracked 
| 109|0x000000070e600000, 0x000000070e600000, 0x000000070e800000|  0%| F|  |TAMS 0x000000070e600000, 0x000000070e600000| Untracked 
| 110|0x000000070e800000, 0x000000070ea00000, 0x000000070ea00000|100%| S|CS|TAMS 0x000000070e800000, 0x000000070e800000| Complete 
| 111|0x000000070ea00000, 0x000000070ea00000, 0x000000070ec00000|  0%| F|  |TAMS 0x000000070ea00000, 0x000000070ea00000| Untracked 
| 112|0x000000070ec00000, 0x000000070ec00000, 0x000000070ee00000|  0%| F|  |TAMS 0x000000070ec00000, 0x000000070ec00000| Untracked 
| 113|0x000000070ee00000, 0x000000070ee00000, 0x000000070f000000|  0%| F|  |TAMS 0x000000070ee00000, 0x000000070ee00000| Untracked 
| 114|0x000000070f000000, 0x000000070f000000, 0x000000070f200000|  0%| F|  |TAMS 0x000000070f000000, 0x000000070f000000| Untracked 
| 115|0x000000070f200000, 0x000000070f200000, 0x000000070f400000|  0%| F|  |TAMS 0x000000070f200000, 0x000000070f200000| Untracked 
| 116|0x000000070f400000, 0x000000070f400000, 0x000000070f600000|  0%| F|  |TAMS 0x000000070f400000, 0x000000070f400000| Untracked 
| 117|0x000000070f600000, 0x000000070f600000, 0x000000070f800000|  0%| F|  |TAMS 0x000000070f600000, 0x000000070f600000| Untracked 
| 118|0x000000070f800000, 0x000000070f800000, 0x000000070fa00000|  0%| F|  |TAMS 0x000000070f800000, 0x000000070f800000| Untracked 
| 119|0x000000070fa00000, 0x000000070fa00000, 0x000000070fc00000|  0%| F|  |TAMS 0x000000070fa00000, 0x000000070fa00000| Untracked 
| 120|0x000000070fc00000, 0x000000070fc00000, 0x000000070fe00000|  0%| F|  |TAMS 0x000000070fc00000, 0x000000070fc00000| Untracked 
| 121|0x000000070fe00000, 0x000000070fe00000, 0x0000000710000000|  0%| F|  |TAMS 0x000000070fe00000, 0x000000070fe00000| Untracked 
| 122|0x0000000710000000, 0x0000000710000000, 0x0000000710200000|  0%| F|  |TAMS 0x0000000710000000, 0x0000000710000000| Untracked 
| 123|0x0000000710200000, 0x0000000710200000, 0x0000000710400000|  0%| F|  |TAMS 0x0000000710200000, 0x0000000710200000| Untracked 
| 124|0x0000000710400000, 0x0000000710400000, 0x0000000710600000|  0%| F|  |TAMS 0x0000000710400000, 0x0000000710400000| Untracked 
| 125|0x0000000710600000, 0x0000000710600000, 0x0000000710800000|  0%| F|  |TAMS 0x0000000710600000, 0x0000000710600000| Untracked 
| 126|0x0000000710800000, 0x0000000710800000, 0x0000000710a00000|  0%| F|  |TAMS 0x0000000710800000, 0x0000000710800000| Untracked 
| 127|0x0000000710a00000, 0x0000000710a00000, 0x0000000710c00000|  0%| F|  |TAMS 0x0000000710a00000, 0x0000000710a00000| Untracked 
| 128|0x0000000710c00000, 0x0000000710c00000, 0x0000000710e00000|  0%| F|  |TAMS 0x0000000710c00000, 0x0000000710c00000| Untracked 
| 129|0x0000000710e00000, 0x0000000710e00000, 0x0000000711000000|  0%| F|  |TAMS 0x0000000710e00000, 0x0000000710e00000| Untracked 
| 130|0x0000000711000000, 0x0000000711000000, 0x0000000711200000|  0%| F|  |TAMS 0x0000000711000000, 0x0000000711000000| Untracked 
| 131|0x0000000711200000, 0x0000000711200000, 0x0000000711400000|  0%| F|  |TAMS 0x0000000711200000, 0x0000000711200000| Untracked 
| 132|0x0000000711400000, 0x0000000711400000, 0x0000000711600000|  0%| F|  |TAMS 0x0000000711400000, 0x0000000711400000| Untracked 
| 133|0x0000000711600000, 0x0000000711600000, 0x0000000711800000|  0%| F|  |TAMS 0x0000000711600000, 0x0000000711600000| Untracked 
| 134|0x0000000711800000, 0x0000000711800000, 0x0000000711a00000|  0%| F|  |TAMS 0x0000000711800000, 0x0000000711800000| Untracked 
| 135|0x0000000711a00000, 0x0000000711a00000, 0x0000000711c00000|  0%| F|  |TAMS 0x0000000711a00000, 0x0000000711a00000| Untracked 
| 136|0x0000000711c00000, 0x0000000711c00000, 0x0000000711e00000|  0%| F|  |TAMS 0x0000000711c00000, 0x0000000711c00000| Untracked 
| 137|0x0000000711e00000, 0x0000000711e00000, 0x0000000712000000|  0%| F|  |TAMS 0x0000000711e00000, 0x0000000711e00000| Untracked 
| 138|0x0000000712000000, 0x0000000712000000, 0x0000000712200000|  0%| F|  |TAMS 0x0000000712000000, 0x0000000712000000| Untracked 
| 139|0x0000000712200000, 0x0000000712200000, 0x0000000712400000|  0%| F|  |TAMS 0x0000000712200000, 0x0000000712200000| Untracked 
| 140|0x0000000712400000, 0x0000000712400000, 0x0000000712600000|  0%| F|  |TAMS 0x0000000712400000, 0x0000000712400000| Untracked 
| 141|0x0000000712600000, 0x0000000712600000, 0x0000000712800000|  0%| F|  |TAMS 0x0000000712600000, 0x0000000712600000| Untracked 
| 142|0x0000000712800000, 0x0000000712800000, 0x0000000712a00000|  0%| F|  |TAMS 0x0000000712800000, 0x0000000712800000| Untracked 
| 143|0x0000000712a00000, 0x0000000712a00000, 0x0000000712c00000|  0%| F|  |TAMS 0x0000000712a00000, 0x0000000712a00000| Untracked 
| 144|0x0000000712c00000, 0x0000000712c00000, 0x0000000712e00000|  0%| F|  |TAMS 0x0000000712c00000, 0x0000000712c00000| Untracked 
| 145|0x0000000712e00000, 0x0000000712e00000, 0x0000000713000000|  0%| F|  |TAMS 0x0000000712e00000, 0x0000000712e00000| Untracked 
| 146|0x0000000713000000, 0x0000000713000000, 0x0000000713200000|  0%| F|  |TAMS 0x0000000713000000, 0x0000000713000000| Untracked 
| 147|0x0000000713200000, 0x0000000713200000, 0x0000000713400000|  0%| F|  |TAMS 0x0000000713200000, 0x0000000713200000| Untracked 
| 148|0x0000000713400000, 0x0000000713400000, 0x0000000713600000|  0%| F|  |TAMS 0x0000000713400000, 0x0000000713400000| Untracked 
| 149|0x0000000713600000, 0x0000000713600000, 0x0000000713800000|  0%| F|  |TAMS 0x0000000713600000, 0x0000000713600000| Untracked 
| 150|0x0000000713800000, 0x0000000713800000, 0x0000000713a00000|  0%| F|  |TAMS 0x0000000713800000, 0x0000000713800000| Untracked 
| 151|0x0000000713a00000, 0x0000000713a00000, 0x0000000713c00000|  0%| F|  |TAMS 0x0000000713a00000, 0x0000000713a00000| Untracked 
| 152|0x0000000713c00000, 0x0000000713c00000, 0x0000000713e00000|  0%| F|  |TAMS 0x0000000713c00000, 0x0000000713c00000| Untracked 
| 153|0x0000000713e00000, 0x0000000713e00000, 0x0000000714000000|  0%| F|  |TAMS 0x0000000713e00000, 0x0000000713e00000| Untracked 
| 154|0x0000000714000000, 0x0000000714000000, 0x0000000714200000|  0%| F|  |TAMS 0x0000000714000000, 0x0000000714000000| Untracked 
| 155|0x0000000714200000, 0x0000000714200000, 0x0000000714400000|  0%| F|  |TAMS 0x0000000714200000, 0x0000000714200000| Untracked 
| 156|0x0000000714400000, 0x0000000714400000, 0x0000000714600000|  0%| F|  |TAMS 0x0000000714400000, 0x0000000714400000| Untracked 
| 157|0x0000000714600000, 0x0000000714600000, 0x0000000714800000|  0%| F|  |TAMS 0x0000000714600000, 0x0000000714600000| Untracked 
| 158|0x0000000714800000, 0x0000000714800000, 0x0000000714a00000|  0%| F|  |TAMS 0x0000000714800000, 0x0000000714800000| Untracked 
| 159|0x0000000714a00000, 0x0000000714a00000, 0x0000000714c00000|  0%| F|  |TAMS 0x0000000714a00000, 0x0000000714a00000| Untracked 
| 160|0x0000000714c00000, 0x0000000714c00000, 0x0000000714e00000|  0%| F|  |TAMS 0x0000000714c00000, 0x0000000714c00000| Untracked 
| 161|0x0000000714e00000, 0x0000000714e00000, 0x0000000715000000|  0%| F|  |TAMS 0x0000000714e00000, 0x0000000714e00000| Untracked 
| 162|0x0000000715000000, 0x0000000715000000, 0x0000000715200000|  0%| F|  |TAMS 0x0000000715000000, 0x0000000715000000| Untracked 
| 163|0x0000000715200000, 0x0000000715200000, 0x0000000715400000|  0%| F|  |TAMS 0x0000000715200000, 0x0000000715200000| Untracked 
| 164|0x0000000715400000, 0x0000000715400000, 0x0000000715600000|  0%| F|  |TAMS 0x0000000715400000, 0x0000000715400000| Untracked 
| 165|0x0000000715600000, 0x0000000715600000, 0x0000000715800000|  0%| F|  |TAMS 0x0000000715600000, 0x0000000715600000| Untracked 
| 166|0x0000000715800000, 0x0000000715800000, 0x0000000715a00000|  0%| F|  |TAMS 0x0000000715800000, 0x0000000715800000| Untracked 
| 167|0x0000000715a00000, 0x0000000715a00000, 0x0000000715c00000|  0%| F|  |TAMS 0x0000000715a00000, 0x0000000715a00000| Untracked 
| 168|0x0000000715c00000, 0x0000000715c00000, 0x0000000715e00000|  0%| F|  |TAMS 0x0000000715c00000, 0x0000000715c00000| Untracked 
| 169|0x0000000715e00000, 0x0000000715e00000, 0x0000000716000000|  0%| F|  |TAMS 0x0000000715e00000, 0x0000000715e00000| Untracked 
| 170|0x0000000716000000, 0x0000000716000000, 0x0000000716200000|  0%| F|  |TAMS 0x0000000716000000, 0x0000000716000000| Untracked 
| 171|0x0000000716200000, 0x0000000716200000, 0x0000000716400000|  0%| F|  |TAMS 0x0000000716200000, 0x0000000716200000| Untracked 
| 172|0x0000000716400000, 0x0000000716400000, 0x0000000716600000|  0%| F|  |TAMS 0x0000000716400000, 0x0000000716400000| Untracked 
| 173|0x0000000716600000, 0x0000000716600000, 0x0000000716800000|  0%| F|  |TAMS 0x0000000716600000, 0x0000000716600000| Untracked 
| 174|0x0000000716800000, 0x0000000716800000, 0x0000000716a00000|  0%| F|  |TAMS 0x0000000716800000, 0x0000000716800000| Untracked 
| 175|0x0000000716a00000, 0x0000000716a00000, 0x0000000716c00000|  0%| F|  |TAMS 0x0000000716a00000, 0x0000000716a00000| Untracked 
| 176|0x0000000716c00000, 0x0000000716c00000, 0x0000000716e00000|  0%| F|  |TAMS 0x0000000716c00000, 0x0000000716c00000| Untracked 
| 177|0x0000000716e00000, 0x0000000716e00000, 0x0000000717000000|  0%| F|  |TAMS 0x0000000716e00000, 0x0000000716e00000| Untracked 
| 178|0x0000000717000000, 0x0000000717000000, 0x0000000717200000|  0%| F|  |TAMS 0x0000000717000000, 0x0000000717000000| Untracked 
| 179|0x0000000717200000, 0x0000000717200000, 0x0000000717400000|  0%| F|  |TAMS 0x0000000717200000, 0x0000000717200000| Untracked 
| 180|0x0000000717400000, 0x0000000717400000, 0x0000000717600000|  0%| F|  |TAMS 0x0000000717400000, 0x0000000717400000| Untracked 
| 181|0x0000000717600000, 0x0000000717600000, 0x0000000717800000|  0%| F|  |TAMS 0x0000000717600000, 0x0000000717600000| Untracked 
| 182|0x0000000717800000, 0x0000000717800000, 0x0000000717a00000|  0%| F|  |TAMS 0x0000000717800000, 0x0000000717800000| Untracked 
| 183|0x0000000717a00000, 0x0000000717a00000, 0x0000000717c00000|  0%| F|  |TAMS 0x0000000717a00000, 0x0000000717a00000| Untracked 
| 184|0x0000000717c00000, 0x0000000717c00000, 0x0000000717e00000|  0%| F|  |TAMS 0x0000000717c00000, 0x0000000717c00000| Untracked 
| 185|0x0000000717e00000, 0x0000000717e00000, 0x0000000718000000|  0%| F|  |TAMS 0x0000000717e00000, 0x0000000717e00000| Untracked 
| 186|0x0000000718000000, 0x0000000718000000, 0x0000000718200000|  0%| F|  |TAMS 0x0000000718000000, 0x0000000718000000| Untracked 
| 187|0x0000000718200000, 0x0000000718200000, 0x0000000718400000|  0%| F|  |TAMS 0x0000000718200000, 0x0000000718200000| Untracked 
| 188|0x0000000718400000, 0x0000000718400000, 0x0000000718600000|  0%| F|  |TAMS 0x0000000718400000, 0x0000000718400000| Untracked 
| 189|0x0000000718600000, 0x0000000718600000, 0x0000000718800000|  0%| F|  |TAMS 0x0000000718600000, 0x0000000718600000| Untracked 
| 190|0x0000000718800000, 0x0000000718800000, 0x0000000718a00000|  0%| F|  |TAMS 0x0000000718800000, 0x0000000718800000| Untracked 
| 191|0x0000000718a00000, 0x0000000718a00000, 0x0000000718c00000|  0%| F|  |TAMS 0x0000000718a00000, 0x0000000718a00000| Untracked 
| 192|0x0000000718c00000, 0x0000000718c00000, 0x0000000718e00000|  0%| F|  |TAMS 0x0000000718c00000, 0x0000000718c00000| Untracked 
| 193|0x0000000718e00000, 0x0000000718e00000, 0x0000000719000000|  0%| F|  |TAMS 0x0000000718e00000, 0x0000000718e00000| Untracked 
| 194|0x0000000719000000, 0x0000000719000000, 0x0000000719200000|  0%| F|  |TAMS 0x0000000719000000, 0x0000000719000000| Untracked 
| 195|0x0000000719200000, 0x0000000719200000, 0x0000000719400000|  0%| F|  |TAMS 0x0000000719200000, 0x0000000719200000| Untracked 
| 196|0x0000000719400000, 0x0000000719400000, 0x0000000719600000|  0%| F|  |TAMS 0x0000000719400000, 0x0000000719400000| Untracked 
| 197|0x0000000719600000, 0x0000000719600000, 0x0000000719800000|  0%| F|  |TAMS 0x0000000719600000, 0x0000000719600000| Untracked 
| 198|0x0000000719800000, 0x0000000719800000, 0x0000000719a00000|  0%| F|  |TAMS 0x0000000719800000, 0x0000000719800000| Untracked 
| 199|0x0000000719a00000, 0x0000000719a00000, 0x0000000719c00000|  0%| F|  |TAMS 0x0000000719a00000, 0x0000000719a00000| Untracked 
| 200|0x0000000719c00000, 0x0000000719c00000, 0x0000000719e00000|  0%| F|  |TAMS 0x0000000719c00000, 0x0000000719c00000| Untracked 
| 201|0x0000000719e00000, 0x0000000719e00000, 0x000000071a000000|  0%| F|  |TAMS 0x0000000719e00000, 0x0000000719e00000| Untracked 
| 202|0x000000071a000000, 0x000000071a000000, 0x000000071a200000|  0%| F|  |TAMS 0x000000071a000000, 0x000000071a000000| Untracked 
| 203|0x000000071a200000, 0x000000071a200000, 0x000000071a400000|  0%| F|  |TAMS 0x000000071a200000, 0x000000071a200000| Untracked 
| 204|0x000000071a400000, 0x000000071a400000, 0x000000071a600000|  0%| F|  |TAMS 0x000000071a400000, 0x000000071a400000| Untracked 
| 205|0x000000071a600000, 0x000000071a600000, 0x000000071a800000|  0%| F|  |TAMS 0x000000071a600000, 0x000000071a600000| Untracked 
| 206|0x000000071a800000, 0x000000071a800000, 0x000000071aa00000|  0%| F|  |TAMS 0x000000071a800000, 0x000000071a800000| Untracked 
| 207|0x000000071aa00000, 0x000000071aa00000, 0x000000071ac00000|  0%| F|  |TAMS 0x000000071aa00000, 0x000000071aa00000| Untracked 
| 208|0x000000071ac00000, 0x000000071ac00000, 0x000000071ae00000|  0%| F|  |TAMS 0x000000071ac00000, 0x000000071ac00000| Untracked 
| 209|0x000000071ae00000, 0x000000071ae00000, 0x000000071b000000|  0%| F|  |TAMS 0x000000071ae00000, 0x000000071ae00000| Untracked 
| 210|0x000000071b000000, 0x000000071b000000, 0x000000071b200000|  0%| F|  |TAMS 0x000000071b000000, 0x000000071b000000| Untracked 
| 211|0x000000071b200000, 0x000000071b200000, 0x000000071b400000|  0%| F|  |TAMS 0x000000071b200000, 0x000000071b200000| Untracked 
| 212|0x000000071b400000, 0x000000071b400000, 0x000000071b600000|  0%| F|  |TAMS 0x000000071b400000, 0x000000071b400000| Untracked 
| 213|0x000000071b600000, 0x000000071b600000, 0x000000071b800000|  0%| F|  |TAMS 0x000000071b600000, 0x000000071b600000| Untracked 
| 214|0x000000071b800000, 0x000000071b800000, 0x000000071ba00000|  0%| F|  |TAMS 0x000000071b800000, 0x000000071b800000| Untracked 
| 215|0x000000071ba00000, 0x000000071ba00000, 0x000000071bc00000|  0%| F|  |TAMS 0x000000071ba00000, 0x000000071ba00000| Untracked 
| 216|0x000000071bc00000, 0x000000071bc00000, 0x000000071be00000|  0%| F|  |TAMS 0x000000071bc00000, 0x000000071bc00000| Untracked 
| 217|0x000000071be00000, 0x000000071be00000, 0x000000071c000000|  0%| F|  |TAMS 0x000000071be00000, 0x000000071be00000| Untracked 
| 218|0x000000071c000000, 0x000000071c000000, 0x000000071c200000|  0%| F|  |TAMS 0x000000071c000000, 0x000000071c000000| Untracked 
| 219|0x000000071c200000, 0x000000071c200000, 0x000000071c400000|  0%| F|  |TAMS 0x000000071c200000, 0x000000071c200000| Untracked 
| 220|0x000000071c400000, 0x000000071c400000, 0x000000071c600000|  0%| F|  |TAMS 0x000000071c400000, 0x000000071c400000| Untracked 
| 221|0x000000071c600000, 0x000000071c600000, 0x000000071c800000|  0%| F|  |TAMS 0x000000071c600000, 0x000000071c600000| Untracked 
| 222|0x000000071c800000, 0x000000071c800000, 0x000000071ca00000|  0%| F|  |TAMS 0x000000071c800000, 0x000000071c800000| Untracked 
| 223|0x000000071ca00000, 0x000000071ca00000, 0x000000071cc00000|  0%| F|  |TAMS 0x000000071ca00000, 0x000000071ca00000| Untracked 
| 224|0x000000071cc00000, 0x000000071cc00000, 0x000000071ce00000|  0%| F|  |TAMS 0x000000071cc00000, 0x000000071cc00000| Untracked 
| 225|0x000000071ce00000, 0x000000071ce00000, 0x000000071d000000|  0%| F|  |TAMS 0x000000071ce00000, 0x000000071ce00000| Untracked 
| 226|0x000000071d000000, 0x000000071d000000, 0x000000071d200000|  0%| F|  |TAMS 0x000000071d000000, 0x000000071d000000| Untracked 
| 227|0x000000071d200000, 0x000000071d200000, 0x000000071d400000|  0%| F|  |TAMS 0x000000071d200000, 0x000000071d200000| Untracked 
| 228|0x000000071d400000, 0x000000071d400000, 0x000000071d600000|  0%| F|  |TAMS 0x000000071d400000, 0x000000071d400000| Untracked 
| 229|0x000000071d600000, 0x000000071d600000, 0x000000071d800000|  0%| F|  |TAMS 0x000000071d600000, 0x000000071d600000| Untracked 
| 230|0x000000071d800000, 0x000000071d800000, 0x000000071da00000|  0%| F|  |TAMS 0x000000071d800000, 0x000000071d800000| Untracked 
| 231|0x000000071da00000, 0x000000071da00000, 0x000000071dc00000|  0%| F|  |TAMS 0x000000071da00000, 0x000000071da00000| Untracked 
| 232|0x000000071dc00000, 0x000000071dc00000, 0x000000071de00000|  0%| F|  |TAMS 0x000000071dc00000, 0x000000071dc00000| Untracked 
| 233|0x000000071de00000, 0x000000071de00000, 0x000000071e000000|  0%| F|  |TAMS 0x000000071de00000, 0x000000071de00000| Untracked 
| 234|0x000000071e000000, 0x000000071e000000, 0x000000071e200000|  0%| F|  |TAMS 0x000000071e000000, 0x000000071e000000| Untracked 
| 235|0x000000071e200000, 0x000000071e200000, 0x000000071e400000|  0%| F|  |TAMS 0x000000071e200000, 0x000000071e200000| Untracked 
| 236|0x000000071e400000, 0x000000071e400000, 0x000000071e600000|  0%| F|  |TAMS 0x000000071e400000, 0x000000071e400000| Untracked 
| 237|0x000000071e600000, 0x000000071e600000, 0x000000071e800000|  0%| F|  |TAMS 0x000000071e600000, 0x000000071e600000| Untracked 
| 238|0x000000071e800000, 0x000000071e800000, 0x000000071ea00000|  0%| F|  |TAMS 0x000000071e800000, 0x000000071e800000| Untracked 
| 239|0x000000071ea00000, 0x000000071ea00000, 0x000000071ec00000|  0%| F|  |TAMS 0x000000071ea00000, 0x000000071ea00000| Untracked 
| 240|0x000000071ec00000, 0x000000071ec00000, 0x000000071ee00000|  0%| F|  |TAMS 0x000000071ec00000, 0x000000071ec00000| Untracked 
| 241|0x000000071ee00000, 0x000000071ee00000, 0x000000071f000000|  0%| F|  |TAMS 0x000000071ee00000, 0x000000071ee00000| Untracked 
| 242|0x000000071f000000, 0x000000071f000000, 0x000000071f200000|  0%| F|  |TAMS 0x000000071f000000, 0x000000071f000000| Untracked 
| 243|0x000000071f200000, 0x000000071f200000, 0x000000071f400000|  0%| F|  |TAMS 0x000000071f200000, 0x000000071f200000| Untracked 
| 244|0x000000071f400000, 0x000000071f400000, 0x000000071f600000|  0%| F|  |TAMS 0x000000071f400000, 0x000000071f400000| Untracked 
| 245|0x000000071f600000, 0x000000071f600000, 0x000000071f800000|  0%| F|  |TAMS 0x000000071f600000, 0x000000071f600000| Untracked 
| 246|0x000000071f800000, 0x000000071f800000, 0x000000071fa00000|  0%| F|  |TAMS 0x000000071f800000, 0x000000071f800000| Untracked 
| 247|0x000000071fa00000, 0x000000071fa00000, 0x000000071fc00000|  0%| F|  |TAMS 0x000000071fa00000, 0x000000071fa00000| Untracked 
| 248|0x000000071fc00000, 0x000000071fc00000, 0x000000071fe00000|  0%| F|  |TAMS 0x000000071fc00000, 0x000000071fc00000| Untracked 
| 249|0x000000071fe00000, 0x000000071fe00000, 0x0000000720000000|  0%| F|  |TAMS 0x000000071fe00000, 0x000000071fe00000| Untracked 
| 250|0x0000000720000000, 0x0000000720000000, 0x0000000720200000|  0%| F|  |TAMS 0x0000000720000000, 0x0000000720000000| Untracked 
| 251|0x0000000720200000, 0x0000000720200000, 0x0000000720400000|  0%| F|  |TAMS 0x0000000720200000, 0x0000000720200000| Untracked 
| 252|0x0000000720400000, 0x0000000720400000, 0x0000000720600000|  0%| F|  |TAMS 0x0000000720400000, 0x0000000720400000| Untracked 
| 253|0x0000000720600000, 0x0000000720600000, 0x0000000720800000|  0%| F|  |TAMS 0x0000000720600000, 0x0000000720600000| Untracked 
| 254|0x0000000720800000, 0x0000000720800000, 0x0000000720a00000|  0%| F|  |TAMS 0x0000000720800000, 0x0000000720800000| Untracked 
| 255|0x0000000720a00000, 0x0000000720a00000, 0x0000000720c00000|  0%| F|  |TAMS 0x0000000720a00000, 0x0000000720a00000| Untracked 
| 256|0x0000000720c00000, 0x0000000720c00000, 0x0000000720e00000|  0%| F|  |TAMS 0x0000000720c00000, 0x0000000720c00000| Untracked 
| 257|0x0000000720e00000, 0x0000000720e00000, 0x0000000721000000|  0%| F|  |TAMS 0x0000000720e00000, 0x0000000720e00000| Untracked 
| 258|0x0000000721000000, 0x0000000721000000, 0x0000000721200000|  0%| F|  |TAMS 0x0000000721000000, 0x0000000721000000| Untracked 
|2041|0x00000007ffe00000, 0x0000000800000000, 0x0000000800000000|100%| O|  |TAMS 0x00000007ffe00000, 0x00000007ffe00000| Untracked 

Card table byte_map: [0x0000019ab55b0000,0x0000019ab5db0000] _byte_map_base: 0x0000019ab1daa000

Marking Bits (Prev, Next): (CMBitMap*) 0x0000019aaeb32420, (CMBitMap*) 0x0000019aaeb32460
 Prev Bits: [0x0000019ab65b0000, 0x0000019aba580000)
 Next Bits: [0x0000019aba580000, 0x0000019abe550000)

Polling page: 0x0000019aac720000

Metaspace:

Usage:
  Non-class:     38.94 MB used.
      Class:      5.56 MB used.
       Both:     44.49 MB used.

Virtual space:
  Non-class space:       40.00 MB reserved,      39.12 MB ( 98%) committed,  5 nodes.
      Class space:        1.00 GB reserved,       5.69 MB ( <1%) committed,  1 nodes.
             Both:        1.04 GB reserved,      44.81 MB (  4%) committed. 

Chunk freelists:
   Non-Class:  832.00 KB
       Class:  2.19 MB
        Both:  3.00 MB

MaxMetaspaceSize: unlimited
CompressedClassSpaceSize: 1.00 GB
Initial GC threshold: 21.00 MB
Current GC threshold: 59.06 MB
CDS: off
MetaspaceReclaimPolicy: balanced
 - commit_granule_bytes: 65536.
 - commit_granule_words: 8192.
 - virtual_space_node_default_size: 1048576.
 - enlarge_chunks_in_place: 1.
 - new_chunks_are_fully_committed: 0.
 - uncommit_free_chunks: 1.
 - use_allocation_guard: 0.
 - handle_deallocations: 1.


Internal statistics:

num_allocs_failed_limit: 8.
num_arena_births: 406.
num_arena_deaths: 0.
num_vsnodes_births: 6.
num_vsnodes_deaths: 0.
num_space_committed: 717.
num_space_uncommitted: 0.
num_chunks_returned_to_freelist: 8.
num_chunks_taken_from_freelist: 1820.
num_chunk_merges: 8.
num_chunk_splits: 1240.
num_chunks_enlarged: 912.
num_purges: 0.
num_inconsistent_stats: 0.

CodeCache: size=49152Kb used=15475Kb max_used=15475Kb free=33676Kb
 bounds [0x0000019ab1750000, 0x0000019ab2670000, 0x0000019ab4750000]
 total_blobs=5313 nmethods=4736 adapters=493
 compilation: enabled
              stopped_count=0, restarted_count=0
 full_count=0

Compilation events (20 events):
Event: 3.210 Thread 0x0000019ac65e96b0 4732       1       java.util.stream.ReferencePipeline::collect (124 bytes)
Event: 3.210 Thread 0x0000019ac65c7240 4733       1       java.util.stream.ReduceOps$3::makeSink (5 bytes)
Event: 3.211 Thread 0x0000019ac2bf0890 nmethod 4731 0x0000019ab2668310 code [0x0000019ab26685a0, 0x0000019ab2668e88]
Event: 3.211 Thread 0x0000019ac2ab1c00 4734       1       nonapi.io.github.classgraph.fileslice.FileSlice::slice (36 bytes)
Event: 3.211 Thread 0x0000019ac22a5230 4735       1       nonapi.io.github.classgraph.fileslice.FileSlice::<init> (112 bytes)
Event: 3.211 Thread 0x0000019ac65f8640 4736       1       nonapi.io.github.classgraph.fileslice.Slice$1::<init> (44 bytes)
Event: 3.211 Thread 0x0000019ac20a46d0 4737       1       nonapi.io.github.classgraph.fastzipfilereader.NestedJarHandler::openInflaterInputStream (10 bytes)
Event: 3.211 Thread 0x0000019ac65e3050 4738       1       nonapi.io.github.classgraph.fastzipfilereader.NestedJarHandler$8::<init> (63 bytes)
Event: 3.211 Thread 0x0000019ac651fab0 4739       1       nonapi.io.github.classgraph.fileslice.Slice::open (30 bytes)
Event: 3.211 Thread 0x0000019ac65c7240 nmethod 4733 0x0000019ab2669290 code [0x0000019ab2669420, 0x0000019ab2669698]
Event: 3.211 Thread 0x0000019ac2ab1c00 nmethod 4734 0x0000019ab2669710 code [0x0000019ab26698c0, 0x0000019ab2669af8]
Event: 3.211 Thread 0x0000019ac20a46d0 nmethod 4737 0x0000019ab2669c10 code [0x0000019ab2669da0, 0x0000019ab2669f08]
Event: 3.211 Thread 0x0000019ac651fab0 nmethod 4739 0x0000019ab2669f90 code [0x0000019ab266a140, 0x0000019ab266a378]
Event: 3.211 Thread 0x0000019ac65f8640 nmethod 4736 0x0000019ab266a490 code [0x0000019ab266a640, 0x0000019ab266aa28]
Event: 3.211 Thread 0x0000019ac65e96b0 nmethod 4732 0x0000019ab266ab10 code [0x0000019ab266ad40, 0x0000019ab266b1e8]
Event: 3.211 Thread 0x0000019ac22a5230 nmethod 4735 0x0000019ab266b510 code [0x0000019ab266b6e0, 0x0000019ab266bb18]
Event: 3.211 Thread 0x0000019ac65e3050 nmethod 4738 0x0000019ab266bc90 code [0x0000019ab266be60, 0x0000019ab266c308]
Event: 3.212 Thread 0x0000019ac2bf0890 4740   !   1       nonapi.io.github.classgraph.fileslice.Slice$1::close (28 bytes)
Event: 3.212 Thread 0x0000019ac2bf0890 nmethod 4740 0x0000019ab266c490 code [0x0000019ab266c660, 0x0000019ab266c958]
Event: 3.213 Thread 0x0000019ac65e3050 4741       1       io.github.classgraph.ClasspathElementZip$1::close (28 bytes)

GC Heap History (20 events):
Event: 2.460 GC heap after
{Heap after GC invocations=11 (full 0):
 garbage-first heap   total 120832K, used 39120K [0x0000000700c00000, 0x0000000800000000)
  region size 2048K, 6 young (12288K), 6 survivors (12288K)
 Metaspace       used 37502K, committed 37824K, reserved 1089536K
  class space    used 4736K, committed 4864K, reserved 1048576K
}
Event: 2.464 GC heap before
{Heap before GC invocations=11 (full 0):
 garbage-first heap   total 120832K, used 41168K [0x0000000700c00000, 0x0000000800000000)
  region size 2048K, 7 young (14336K), 6 survivors (12288K)
 Metaspace       used 37523K, committed 37824K, reserved 1089536K
  class space    used 4742K, committed 4864K, reserved 1048576K
}
Event: 2.468 GC heap after
{Heap after GC invocations=12 (full 0):
 garbage-first heap   total 120832K, used 42220K [0x0000000700c00000, 0x0000000800000000)
  region size 2048K, 1 young (2048K), 1 survivors (2048K)
 Metaspace       used 37523K, committed 37824K, reserved 1089536K
  class space    used 4742K, committed 4864K, reserved 1048576K
}
Event: 2.524 GC heap before
{Heap before GC invocations=12 (full 0):
 garbage-first heap   total 120832K, used 81132K [0x0000000700c00000, 0x0000000800000000)
  region size 2048K, 21 young (43008K), 1 survivors (2048K)
 Metaspace       used 37953K, committed 38336K, reserved 1089536K
  class space    used 4781K, committed 4928K, reserved 1048576K
}
Event: 2.528 GC heap after
{Heap after GC invocations=13 (full 0):
 garbage-first heap   total 266240K, used 49451K [0x0000000700c00000, 0x0000000800000000)
  region size 2048K, 3 young (6144K), 3 survivors (6144K)
 Metaspace       used 37953K, committed 38336K, reserved 1089536K
  class space    used 4781K, committed 4928K, reserved 1048576K
}
Event: 2.816 GC heap before
{Heap before GC invocations=13 (full 0):
 garbage-first heap   total 266240K, used 180523K [0x0000000700c00000, 0x0000000800000000)
  region size 2048K, 68 young (139264K), 3 survivors (6144K)
 Metaspace       used 42587K, committed 43008K, reserved 1089536K
  class space    used 5321K, committed 5568K, reserved 1048576K
}
Event: 2.837 GC heap after
{Heap after GC invocations=14 (full 0):
 garbage-first heap   total 266240K, used 70779K [0x0000000700c00000, 0x0000000800000000)
  region size 2048K, 9 young (18432K), 9 survivors (18432K)
 Metaspace       used 42587K, committed 43008K, reserved 1089536K
  class space    used 5321K, committed 5568K, reserved 1048576K
}
Event: 2.864 GC heap before
{Heap before GC invocations=14 (full 0):
 garbage-first heap   total 266240K, used 162939K [0x0000000700c00000, 0x0000000800000000)
  region size 2048K, 55 young (112640K), 9 survivors (18432K)
 Metaspace       used 42658K, committed 43072K, reserved 1089536K
  class space    used 5324K, committed 5568K, reserved 1048576K
}
Event: 2.871 GC heap after
{Heap after GC invocations=15 (full 0):
 garbage-first heap   total 266240K, used 76165K [0x0000000700c00000, 0x0000000800000000)
  region size 2048K, 3 young (6144K), 3 survivors (6144K)
 Metaspace       used 42658K, committed 43072K, reserved 1089536K
  class space    used 5324K, committed 5568K, reserved 1048576K
}
Event: 2.897 GC heap before
{Heap before GC invocations=15 (full 0):
 garbage-first heap   total 266240K, used 176517K [0x0000000700c00000, 0x0000000800000000)
  region size 2048K, 53 young (108544K), 3 survivors (6144K)
 Metaspace       used 42744K, committed 43200K, reserved 1089536K
  class space    used 5329K, committed 5568K, reserved 1048576K
}
Event: 2.902 GC heap after
{Heap after GC invocations=16 (full 0):
 garbage-first heap   total 266240K, used 80231K [0x0000000700c00000, 0x0000000800000000)
  region size 2048K, 5 young (10240K), 5 survivors (10240K)
 Metaspace       used 42744K, committed 43200K, reserved 1089536K
  class space    used 5329K, committed 5568K, reserved 1048576K
}
Event: 2.931 GC heap before
{Heap before GC invocations=16 (full 0):
 garbage-first heap   total 266240K, used 190823K [0x0000000700c00000, 0x0000000800000000)
  region size 2048K, 60 young (122880K), 5 survivors (10240K)
 Metaspace       used 42938K, committed 43392K, reserved 1089536K
  class space    used 5353K, committed 5568K, reserved 1048576K
}
Event: 2.937 GC heap after
{Heap after GC invocations=17 (full 0):
 garbage-first heap   total 532480K, used 84551K [0x0000000700c00000, 0x0000000800000000)
  region size 2048K, 7 young (14336K), 7 survivors (14336K)
 Metaspace       used 42938K, committed 43392K, reserved 1089536K
  class space    used 5353K, committed 5568K, reserved 1048576K
}
Event: 3.008 GC heap before
{Heap before GC invocations=17 (full 0):
 garbage-first heap   total 532480K, used 387655K [0x0000000700c00000, 0x0000000800000000)
  region size 2048K, 156 young (319488K), 7 survivors (14336K)
 Metaspace       used 43451K, committed 43840K, reserved 1089536K
  class space    used 5406K, committed 5568K, reserved 1048576K
}
Event: 3.018 GC heap after
{Heap after GC invocations=18 (full 0):
 garbage-first heap   total 532480K, used 96064K [0x0000000700c00000, 0x0000000800000000)
  region size 2048K, 12 young (24576K), 12 survivors (24576K)
 Metaspace       used 43451K, committed 43840K, reserved 1089536K
  class space    used 5406K, committed 5568K, reserved 1048576K
}
Event: 3.060 GC heap before
{Heap before GC invocations=18 (full 0):
 garbage-first heap   total 532480K, used 388928K [0x0000000700c00000, 0x0000000800000000)
  region size 2048K, 156 young (319488K), 12 survivors (24576K)
 Metaspace       used 43526K, committed 43904K, reserved 1089536K
  class space    used 5418K, committed 5632K, reserved 1048576K
}
Event: 3.074 GC heap after
{Heap after GC invocations=19 (full 0):
 garbage-first heap   total 532480K, used 109067K [0x0000000700c00000, 0x0000000800000000)
  region size 2048K, 17 young (34816K), 17 survivors (34816K)
 Metaspace       used 43526K, committed 43904K, reserved 1089536K
  class space    used 5418K, committed 5632K, reserved 1048576K
}
Event: 3.113 GC heap before
{Heap before GC invocations=19 (full 0):
 garbage-first heap   total 532480K, used 391691K [0x0000000700c00000, 0x0000000800000000)
  region size 2048K, 156 young (319488K), 17 survivors (34816K)
 Metaspace       used 43652K, committed 44032K, reserved 1089536K
  class space    used 5435K, committed 5632K, reserved 1048576K
}
Event: 3.130 GC heap after
{Heap after GC invocations=20 (full 0):
 garbage-first heap   total 532480K, used 121190K [0x0000000700c00000, 0x0000000800000000)
  region size 2048K, 13 young (26624K), 13 survivors (26624K)
 Metaspace       used 43652K, committed 44032K, reserved 1089536K
  class space    used 5435K, committed 5632K, reserved 1048576K
}
Event: 3.214 GC heap before
{Heap before GC invocations=20 (full 0):
 garbage-first heap   total 532480K, used 412006K [0x0000000700c00000, 0x0000000800000000)
  region size 2048K, 156 young (319488K), 13 survivors (26624K)
 Metaspace       used 45559K, committed 45888K, reserved 1089536K
  class space    used 5689K, committed 5824K, reserved 1048576K
}

Dll operation events (8 events):
Event: 0.008 Loaded shared library c:\Users\pbj25\.vscode\extensions\redhat.java-1.13.0-win32-x64\jre\17.0.5-win32-x86_64\bin\java.dll
Event: 0.158 Loaded shared library C:\Users\pbj25\.vscode\extensions\redhat.java-1.13.0-win32-x64\jre\17.0.5-win32-x86_64\bin\net.dll
Event: 0.160 Loaded shared library C:\Users\pbj25\.vscode\extensions\redhat.java-1.13.0-win32-x64\jre\17.0.5-win32-x86_64\bin\nio.dll
Event: 0.166 Loaded shared library C:\Users\pbj25\.vscode\extensions\redhat.java-1.13.0-win32-x64\jre\17.0.5-win32-x86_64\bin\zip.dll
Event: 0.259 Loaded shared library c:\Users\pbj25\.vscode\extensions\redhat.java-1.13.0-win32-x64\jre\17.0.5-win32-x86_64\bin\verify.dll
Event: 0.264 Loaded shared library C:\Users\pbj25\.vscode\extensions\redhat.java-1.13.0-win32-x64\jre\17.0.5-win32-x86_64\bin\jimage.dll
Event: 0.938 Loaded shared library C:\Users\pbj25\.vscode\extensions\redhat.java-1.13.0-win32-x64\jre\17.0.5-win32-x86_64\bin\management.dll
Event: 0.941 Loaded shared library C:\Users\pbj25\.vscode\extensions\redhat.java-1.13.0-win32-x64\jre\17.0.5-win32-x86_64\bin\management_ext.dll

Deoptimization events (16 events):
Event: 1.099 Thread 0x0000019aaeac0460 DEOPT PACKING pc=0x0000019ab1d506f9 sp=0x00000045de9fd150
Event: 1.099 Thread 0x0000019aaeac0460 DEOPT UNPACKING pc=0x0000019ab17a2b43 sp=0x00000045de9fc630 mode 3
Event: 1.537 Thread 0x0000019aaeac0460 DEOPT PACKING pc=0x0000019ab1e70d55 sp=0x00000045de9fb040
Event: 1.537 Thread 0x0000019aaeac0460 DEOPT UNPACKING pc=0x0000019ab17a2b43 sp=0x00000045de9fa558 mode 3
Event: 1.910 Thread 0x0000019aaeac0460 DEOPT PACKING pc=0x0000019ab1ee02f9 sp=0x00000045de9fc530
Event: 1.910 Thread 0x0000019aaeac0460 DEOPT UNPACKING pc=0x0000019ab17a2b43 sp=0x00000045de9fba10 mode 3
Event: 2.126 Thread 0x0000019ac388db70 DEOPT PACKING pc=0x0000019ab1f9d56d sp=0x00000045e11fd6d0
Event: 2.126 Thread 0x0000019ac388db70 DEOPT UNPACKING pc=0x0000019ab17a2b43 sp=0x00000045e11fcbf8 mode 3
Event: 2.180 Thread 0x0000019ac388f860 DEOPT PACKING pc=0x0000019ab1fb5013 sp=0x00000045e12fe4e0
Event: 2.180 Thread 0x0000019ac388f860 DEOPT UNPACKING pc=0x0000019ab17a2b43 sp=0x00000045e12fda28 mode 3
Event: 2.206 Thread 0x0000019ac386bd50 DEOPT PACKING pc=0x0000019ab1d4f189 sp=0x00000045e10fddd0
Event: 2.206 Thread 0x0000019ac386bd50 DEOPT UNPACKING pc=0x0000019ab17a2b43 sp=0x00000045e10fd260 mode 3
Event: 2.616 Thread 0x0000019ac388db70 DEOPT PACKING pc=0x0000019ab1d4cc1f sp=0x00000045e11ff150
Event: 2.616 Thread 0x0000019ac388db70 DEOPT UNPACKING pc=0x0000019ab17a2b43 sp=0x00000045e11fe5a8 mode 3
Event: 2.751 Thread 0x0000019ac39b9470 DEOPT PACKING pc=0x0000019ab19d79ac sp=0x00000045e31fe2e0
Event: 2.751 Thread 0x0000019ac39b9470 DEOPT UNPACKING pc=0x0000019ab17a2b43 sp=0x00000045e31fd7a8 mode 0

Classes unloaded (0 events):
No events

Classes redefined (0 events):
No events

Internal exceptions (20 events):
Event: 2.210 Thread 0x0000019ac39733c0 Exception <a 'sun/nio/fs/WindowsException'{0x00000007088e9df0}> (0x00000007088e9df0) 
thrown [s\src\hotspot\share\prims\jni.cpp, line 516]
Event: 2.211 Thread 0x0000019ac39733c0 Exception <a 'sun/nio/fs/WindowsException'{0x00000007088ea7f0}> (0x00000007088ea7f0) 
thrown [s\src\hotspot\share\prims\jni.cpp, line 516]
Event: 2.211 Thread 0x0000019ac39733c0 Exception <a 'sun/nio/fs/WindowsException'{0x00000007088eabb0}> (0x00000007088eabb0) 
thrown [s\src\hotspot\share\prims\jni.cpp, line 516]
Event: 2.211 Thread 0x0000019ac39733c0 Exception <a 'sun/nio/fs/WindowsException'{0x00000007088eb5b0}> (0x00000007088eb5b0) 
thrown [s\src\hotspot\share\prims\jni.cpp, line 516]
Event: 2.211 Thread 0x0000019ac39733c0 Exception <a 'sun/nio/fs/WindowsException'{0x00000007088eb960}> (0x00000007088eb960) 
thrown [s\src\hotspot\share\prims\jni.cpp, line 516]
Event: 2.211 Thread 0x0000019ac39733c0 Exception <a 'sun/nio/fs/WindowsException'{0x00000007088ec360}> (0x00000007088ec360) 
thrown [s\src\hotspot\share\prims\jni.cpp, line 516]
Event: 2.211 Thread 0x0000019ac39733c0 Exception <a 'sun/nio/fs/WindowsException'{0x00000007088ec720}> (0x00000007088ec720) 
thrown [s\src\hotspot\share\prims\jni.cpp, line 516]
Event: 2.211 Thread 0x0000019ac39733c0 Exception <a 'sun/nio/fs/WindowsException'{0x00000007088ed148}> (0x00000007088ed148) 
thrown [s\src\hotspot\share\prims\jni.cpp, line 516]
Event: 2.211 Thread 0x0000019ac39733c0 Exception <a 'sun/nio/fs/WindowsException'{0x00000007088ed528}> (0x00000007088ed528) 
thrown [s\src\hotspot\share\prims\jni.cpp, line 516]
Event: 2.211 Thread 0x0000019ac39733c0 Exception <a 'sun/nio/fs/WindowsException'{0x00000007088edf60}> (0x00000007088edf60) 
thrown [s\src\hotspot\share\prims\jni.cpp, line 516]
Event: 2.211 Thread 0x0000019ac39733c0 Exception <a 'sun/nio/fs/WindowsException'{0x00000007088ee350}> (0x00000007088ee350) 
thrown [s\src\hotspot\share\prims\jni.cpp, line 516]
Event: 2.211 Thread 0x0000019ac39733c0 Exception <a 'sun/nio/fs/WindowsException'{0x00000007088eed78}> (0x00000007088eed78) 
thrown [s\src\hotspot\share\prims\jni.cpp, line 516]
Event: 2.211 Thread 0x0000019ac39733c0 Exception <a 'sun/nio/fs/WindowsException'{0x00000007088ef168}> (0x00000007088ef168) 
thrown [s\src\hotspot\share\prims\jni.cpp, line 516]
Event: 2.553 Thread 0x0000019ac388db70 Exception <a 'java/lang/NoSuchMethodError'{0x0000000710dea328}: 'java.lang.Object java.lang.invoke.Invokers$Holder.invoke_MT(java.lang.Object, java.lang.Object, java.lang.Object)'> (0x0000000710dea328) 
thrown [s\src\hotspot\share\interpreter\linkResolver.cpp, line 759]
Event: 2.611 Thread 0x0000019ac388db70 Exception <a 'java/lang/NoSuchMethodError'{0x00000007102441b8}: 'java.lang.Object java.lang.invoke.DirectMethodHandle$Holder.newInvokeSpecial(java.lang.Object, java.lang.Object, int)'> (0x00000007102441b8) 
thrown [s\src\hotspot\share\interpreter\linkResolver.cpp, line 759]
Event: 2.616 Thread 0x0000019ac39b7790 Exception <a 'java/lang/NoSuchMethodError'{0x0000000710312e40}: 'java.lang.Object java.lang.invoke.Invokers$Holder.linkToTargetMethod(java.lang.Object, long, java.lang.Object)'> (0x0000000710312e40) 
thrown [s\src\hotspot\share\interpreter\linkResolver.cpp, line 759]
Event: 2.622 Thread 0x0000019ac39b7790 Exception <a 'sun/nio/fs/WindowsException'{0x00000007103fbe40}> (0x00000007103fbe40) 
thrown [s\src\hotspot\share\prims\jni.cpp, line 516]
Event: 2.714 Thread 0x0000019ac39b9470 Exception <a 'java/lang/NoSuchMethodError'{0x000000070ec7e8b0}: 'void java.lang.invoke.DirectMethodHandle$Holder.invokeVirtual(java.lang.Object, java.lang.Object, java.lang.Object, java.lang.Object)'> (0x000000070ec7e8b0) 
thrown [s\src\hotspot\share\interpreter\linkResolver.cpp, line 759]
Event: 2.769 Thread 0x0000019ac39b9470 Exception <a 'sun/nio/fs/WindowsException'{0x000000070d55df08}> (0x000000070d55df08) 
thrown [s\src\hotspot\share\prims\jni.cpp, line 516]
Event: 2.777 Thread 0x0000019ac39b9470 Exception <a 'java/lang/NoSuchMethodError'{0x000000070d2fe528}: 'int java.lang.invoke.DirectMethodHandle$Holder.invokeStaticInit(java.lang.Object, java.lang.Object, java.lang.Object, java.lang.Object)'> (0x000000070d2fe528) 
thrown [s\src\hotspot\share\interpreter\linkResolver.cpp, line 759]

VM Operations (20 events):
Event: 2.931 Executing VM operation: G1CollectForAllocation done
Event: 2.931 Executing VM operation: G1CollectForAllocation
Event: 2.938 Executing VM operation: G1CollectForAllocation done
Event: 3.006 Executing VM operation: G1CollectForAllocation
Event: 3.008 Executing VM operation: G1CollectForAllocation done
Event: 3.008 Executing VM operation: G1CollectForAllocation
Event: 3.018 Executing VM operation: G1CollectForAllocation done
Event: 3.048 Executing VM operation: HandshakeAllThreads
Event: 3.060 Executing VM operation: HandshakeAllThreads done
Event: 3.060 Executing VM operation: G1CollectForAllocation
Event: 3.074 Executing VM operation: G1CollectForAllocation done
Event: 3.074 Executing VM operation: HandshakeAllThreads
Event: 3.074 Executing VM operation: HandshakeAllThreads done
Event: 3.113 Executing VM operation: G1CollectForAllocation
Event: 3.113 Executing VM operation: G1CollectForAllocation done
Event: 3.113 Executing VM operation: G1CollectForAllocation
Event: 3.130 Executing VM operation: G1CollectForAllocation done
Event: 3.213 Executing VM operation: G1CollectForAllocation
Event: 3.213 Executing VM operation: G1CollectForAllocation done
Event: 3.214 Executing VM operation: G1CollectForAllocation

Events (20 events):
Event: 3.202 loading class sun/net/NetProperties$1
Event: 3.202 loading class sun/net/NetProperties$1 done
Event: 3.207 loading class sun/net/www/protocol/http/HttpURLConnection$TunnelState
Event: 3.207 loading class sun/net/www/protocol/http/HttpURLConnection$TunnelState done
Event: 3.207 loading class sun/net/www/protocol/http/HttpURLConnection$2
Event: 3.207 loading class sun/net/www/protocol/http/HttpURLConnection$2 done
Event: 3.207 loading class java/net/CookieHandler
Event: 3.207 loading class java/net/CookieHandler done
Event: 3.207 loading class sun/net/www/protocol/http/HttpURLConnection$3
Event: 3.207 loading class sun/net/www/protocol/http/HttpURLConnection$3 done
Event: 3.207 loading class java/net/ResponseCache
Event: 3.207 loading class java/net/ResponseCache done
Event: 3.210 loading class java/util/stream/SortedOps
Event: 3.210 loading class java/util/stream/SortedOps done
Event: 3.210 loading class java/util/stream/SortedOps$OfRef
Event: 3.210 loading class java/util/stream/SortedOps$OfRef done
Event: 3.210 loading class java/util/stream/SortedOps$RefSortingSink
Event: 3.211 loading class java/util/stream/SortedOps$AbstractRefSortingSink
Event: 3.211 loading class java/util/stream/SortedOps$AbstractRefSortingSink done
Event: 3.211 loading class java/util/stream/SortedOps$RefSortingSink done


Dynamic libraries:
0x00007ff60e470000 - 0x00007ff60e47e000 	c:\Users\pbj25\.vscode\extensions\redhat.java-1.13.0-win32-x64\jre\17.0.5-win32-x86_64\bin\java.exe
0x00007ffe04550000 - 0x00007ffe04748000 	C:\WINDOWS\SYSTEM32\ntdll.dll
0x00007ffe025a0000 - 0x00007ffe0265f000 	C:\WINDOWS\System32\KERNEL32.DLL
0x00007ffe021e0000 - 0x00007ffe024b2000 	C:\WINDOWS\System32\KERNELBASE.dll
0x00007ffe01c50000 - 0x00007ffe01d50000 	C:\WINDOWS\System32\ucrtbase.dll
0x00007ffdff370000 - 0x00007ffdff387000 	c:\Users\pbj25\.vscode\extensions\redhat.java-1.13.0-win32-x64\jre\17.0.5-win32-x86_64\bin\jli.dll
0x00007ffdfd750000 - 0x00007ffdfd769000 	c:\Users\pbj25\.vscode\extensions\redhat.java-1.13.0-win32-x64\jre\17.0.5-win32-x86_64\bin\VCRUNTIME140.dll
0x00007ffe02c20000 - 0x00007ffe02dbd000 	C:\WINDOWS\System32\USER32.dll
0x00007ffe02050000 - 0x00007ffe02072000 	C:\WINDOWS\System32\win32u.dll
0x00007ffe03e20000 - 0x00007ffe03e4b000 	C:\WINDOWS\System32\GDI32.dll
0x00007ffdf0640000 - 0x00007ffdf08da000 	C:\WINDOWS\WinSxS\amd64_microsoft.windows.common-controls_6595b64144ccf1df_6.0.19041.1110_none_60b5254171f9507e\COMCTL32.dll
0x00007ffe01f40000 - 0x00007ffe0204f000 	C:\WINDOWS\System32\gdi32full.dll
0x00007ffe03280000 - 0x00007ffe0331e000 	C:\WINDOWS\System32\msvcrt.dll
0x00007ffe01ea0000 - 0x00007ffe01f3d000 	C:\WINDOWS\System32\msvcp_win.dll
0x00007ffe02880000 - 0x00007ffe028b2000 	C:\WINDOWS\System32\IMM32.DLL
0x00007ffdff3e0000 - 0x00007ffdff3ec000 	c:\Users\pbj25\.vscode\extensions\redhat.java-1.13.0-win32-x64\jre\17.0.5-win32-x86_64\bin\vcruntime140_1.dll
0x00007ffddd410000 - 0x00007ffddd4a1000 	c:\Users\pbj25\.vscode\extensions\redhat.java-1.13.0-win32-x64\jre\17.0.5-win32-x86_64\bin\msvcp140.dll
0x00007ffd9a1e0000 - 0x00007ffd9ae24000 	c:\Users\pbj25\.vscode\extensions\redhat.java-1.13.0-win32-x64\jre\17.0.5-win32-x86_64\bin\server\jvm.dll
0x00007ffe033e0000 - 0x00007ffe0348e000 	C:\WINDOWS\System32\ADVAPI32.dll
0x00007ffe02660000 - 0x00007ffe026fc000 	C:\WINDOWS\System32\sechost.dll
0x00007ffe043e0000 - 0x00007ffe04505000 	C:\WINDOWS\System32\RPCRT4.dll
0x00007ffdfb2a0000 - 0x00007ffdfb2a9000 	C:\WINDOWS\SYSTEM32\WSOCK32.dll
0x00007ffe03d00000 - 0x00007ffe03d6b000 	C:\WINDOWS\System32\WS2_32.dll
0x00007ffdf7ec0000 - 0x00007ffdf7ee7000 	C:\WINDOWS\SYSTEM32\WINMM.dll
0x00007ffdfc800000 - 0x00007ffdfc80a000 	C:\WINDOWS\SYSTEM32\VERSION.dll
0x00007ffdffae0000 - 0x00007ffdffaf2000 	C:\WINDOWS\SYSTEM32\kernel.appcore.dll
0x00007ffdff3b0000 - 0x00007ffdff3ba000 	c:\Users\pbj25\.vscode\extensions\redhat.java-1.13.0-win32-x64\jre\17.0.5-win32-x86_64\bin\jimage.dll
0x00007ffdf68a0000 - 0x00007ffdf6a84000 	C:\WINDOWS\SYSTEM32\DBGHELP.DLL
0x00007ffdf0c70000 - 0x00007ffdf0c9c000 	C:\WINDOWS\SYSTEM32\dbgcore.DLL
0x00007ffe024c0000 - 0x00007ffe02542000 	C:\WINDOWS\System32\bcryptPrimitives.dll
0x00007ffde5a40000 - 0x00007ffde5a65000 	c:\Users\pbj25\.vscode\extensions\redhat.java-1.13.0-win32-x64\jre\17.0.5-win32-x86_64\bin\java.dll
0x00007ffdf7b70000 - 0x00007ffdf7b88000 	c:\Users\pbj25\.vscode\extensions\redhat.java-1.13.0-win32-x64\jre\17.0.5-win32-x86_64\bin\zip.dll
0x00007ffe034f0000 - 0x00007ffe03c33000 	C:\WINDOWS\System32\SHELL32.dll
0x00007ffdffce0000 - 0x00007ffe00472000 	C:\WINDOWS\SYSTEM32\windows.storage.dll
0x00007ffe02dc0000 - 0x00007ffe03114000 	C:\WINDOWS\System32\combase.dll
0x00007ffe015d0000 - 0x00007ffe01600000 	C:\WINDOWS\SYSTEM32\Wldp.dll
0x00007ffe03d70000 - 0x00007ffe03e1d000 	C:\WINDOWS\System32\SHCORE.dll
0x00007ffe02800000 - 0x00007ffe02855000 	C:\WINDOWS\System32\shlwapi.dll
0x00007ffe01b90000 - 0x00007ffe01baf000 	C:\WINDOWS\SYSTEM32\profapi.dll
0x00007ffdf4dd0000 - 0x00007ffdf4de9000 	C:\Users\pbj25\.vscode\extensions\redhat.java-1.13.0-win32-x64\jre\17.0.5-win32-x86_64\bin\net.dll
0x00007ffdfb320000 - 0x00007ffdfb42c000 	C:\WINDOWS\SYSTEM32\WINHTTP.dll
0x00007ffe013b0000 - 0x00007ffe0141a000 	C:\WINDOWS\system32\mswsock.dll
0x00007ffdf4c90000 - 0x00007ffdf4ca5000 	C:\Users\pbj25\.vscode\extensions\redhat.java-1.13.0-win32-x64\jre\17.0.5-win32-x86_64\bin\nio.dll
0x00007ffdf7b10000 - 0x00007ffdf7b20000 	c:\Users\pbj25\.vscode\extensions\redhat.java-1.13.0-win32-x64\jre\17.0.5-win32-x86_64\bin\verify.dll
0x00007ffdf7710000 - 0x00007ffdf7719000 	C:\Users\pbj25\.vscode\extensions\redhat.java-1.13.0-win32-x64\jre\17.0.5-win32-x86_64\bin\management.dll
0x00007ffdf7560000 - 0x00007ffdf756b000 	C:\Users\pbj25\.vscode\extensions\redhat.java-1.13.0-win32-x64\jre\17.0.5-win32-x86_64\bin\management_ext.dll
0x00007ffe03c40000 - 0x00007ffe03c48000 	C:\WINDOWS\System32\PSAPI.DLL
0x00007ffdea4e0000 - 0x00007ffdea4f7000 	C:\WINDOWS\system32\napinsp.dll
0x00007ffde7130000 - 0x00007ffde714b000 	C:\WINDOWS\system32\pnrpnsp.dll
0x00007ffde7400000 - 0x00007ffde7415000 	C:\WINDOWS\system32\wshbth.dll
0x00007ffdfd700000 - 0x00007ffdfd71d000 	C:\WINDOWS\system32\NLAapi.dll
0x00007ffe01070000 - 0x00007ffe010ab000 	C:\WINDOWS\SYSTEM32\IPHLPAPI.DLL
0x00007ffe010c0000 - 0x00007ffe0118a000 	C:\WINDOWS\SYSTEM32\DNSAPI.dll
0x00007ffe027e0000 - 0x00007ffe027e8000 	C:\WINDOWS\System32\NSI.dll
0x00007ffde73e0000 - 0x00007ffde73f2000 	C:\WINDOWS\System32\winrnr.dll
0x00007ffdfae50000 - 0x00007ffdfae5a000 	C:\Windows\System32\rasadhlp.dll
0x00007ffdfaae0000 - 0x00007ffdfab60000 	C:\WINDOWS\System32\fwpuclnt.dll
0x00007ffe01dc0000 - 0x00007ffe01de7000 	C:\WINDOWS\System32\bcrypt.dll
0x00007ffe01610000 - 0x00007ffe01628000 	C:\WINDOWS\SYSTEM32\CRYPTSP.dll
0x00007ffe00c80000 - 0x00007ffe00cb4000 	C:\WINDOWS\system32\rsaenh.dll
0x00007ffe01b10000 - 0x00007ffe01b3e000 	C:\WINDOWS\SYSTEM32\USERENV.dll
0x00007ffe01540000 - 0x00007ffe0154c000 	C:\WINDOWS\SYSTEM32\CRYPTBASE.dll
0x00007ffdfcb40000 - 0x00007ffdfcb57000 	C:\WINDOWS\SYSTEM32\dhcpcsvc6.DLL
0x00007ffdfcb10000 - 0x00007ffdfcb2d000 	C:\WINDOWS\SYSTEM32\dhcpcsvc.DLL

dbghelp: loaded successfully - version: 4.0.5 - missing functions: none
symbol engine: initialized successfully - sym options: 0x614 - pdb path: .;c:\Users\pbj25\.vscode\extensions\redhat.java-1.13.0-win32-x64\jre\17.0.5-win32-x86_64\bin;C:\WINDOWS\SYSTEM32;C:\WINDOWS\WinSxS\amd64_microsoft.windows.common-controls_6595b64144ccf1df_6.0.19041.1110_none_60b5254171f9507e;c:\Users\pbj25\.vscode\extensions\redhat.java-1.13.0-win32-x64\jre\17.0.5-win32-x86_64\bin\server

VM Arguments:
jvm_args: -Dsts.lsp.client=vscode -Dsts.log.file=/dev/null -XX:TieredStopAtLevel=1 -Xlog:jni+resolve=off -Dspring.config.location=file:c:\Users\pbj25\.vscode\extensions\pivotal.vscode-spring-boot-1.42.0\language-server\BOOT-INF\classes\application.properties 
java_command: org.springframework.ide.vscode.boot.app.BootLanguageServerBootApp
java_class_path (initial): c:\Users\pbj25\.vscode\extensions\pivotal.vscode-spring-boot-1.42.0\language-server\BOOT-INF\classes;c:\Users\pbj25\.vscode\extensions\pivotal.vscode-spring-boot-1.42.0\language-server\BOOT-INF\lib\annotations-23.1.0.jar;c:\Users\pbj25\.vscode\extensions\pivotal.vscode-spring-boot-1.42.0\language-server\BOOT-INF\lib\ant-1.10.12.jar;c:\Users\pbj25\.vscode\extensions\pivotal.vscode-spring-boot-1.42.0\language-server\BOOT-INF\lib\ant-launcher-1.10.12.jar;c:\Users\pbj25\.vscode\extensions\pivotal.vscode-spring-boot-1.42.0\language-server\BOOT-INF\lib\antlr-runtime-3.5.2.jar;c:\Users\pbj25\.vscode\extensions\pivotal.vscode-spring-boot-1.42.0\language-server\BOOT-INF\lib\antlr4-4.9.3.jar;c:\Users\pbj25\.vscode\extensions\pivotal.vscode-spring-boot-1.42.0\language-server\BOOT-INF\lib\antlr4-runtime-4.9.3.jar;c:\Users\pbj25\.vscode\extensions\pivotal.vscode-spring-boot-1.42.0\language-server\BOOT-INF\lib\apiguardian-api-1.1.2.jar;c:\Users\pbj25\.vscode\extensions\pivotal.vscode-spring-boot-1.42.0\language-server\BOOT-INF\lib\asm-9.4.jar;c:\Users\pbj25\.vscode\extensions\pivotal.vscode-spring-boot-1.42.0\language-server\BOOT-INF\lib\asm-analysis-9.4.jar;c:\Users\pbj25\.vscode\extensions\pivotal.vscode-spring-boot-1.42.0\language-server\BOOT-INF\lib\asm-tree-9.4.jar;c:\Users\pbj25\.vscode\extensions\pivotal.vscode-spring-boot-1.42.0\language-server\BOOT-INF\lib\asm-util-9.4.jar;c:\Users\pbj25\.vscode\extensions\pivotal.vscode-spring-boot-1.42.0\language-server\BOOT-INF\lib\caffeine-2.9.3.jar;c:\Users\pbj25\.vscode\extensions\pivotal.vscode-spring-boot-1.42.0\language-server\BOOT-INF\lib\checker-qual-3.12.0.jar;c:\Users\pbj25\.vscode\extensions\pivotal.vscode-spring-boot-1.42.0\language-server\BOOT-INF\lib\ci-environment-9.1.0.jar;c:\Users\pbj25\.vscode\extensions\pivotal.vscode-spring-boot-1.42.0\language-server\BOOT-INF\lib\classgraph-4.8.149.jar;c:\Users\pbj25\.vscode\extensions\pivotal.vscode-spring-boot-1.42.0\language-server\BOOT-INF\lib\comm
Launcher Type: SUN_STANDARD

[Global flags]
     intx CICompilerCount                          = 12                                        {product} {ergonomic}
     uint ConcGCThreads                            = 3                                         {product} {ergonomic}
     uint G1ConcRefinementThreads                  = 13                                        {product} {ergonomic}
   size_t G1HeapRegionSize                         = 2097152                                   {product} {ergonomic}
    uintx GCDrainStackTargetSize                   = 64                                        {product} {ergonomic}
   size_t InitialHeapSize                          = 268435456                                 {product} {ergonomic}
   size_t MarkStackSize                            = 4194304                                   {product} {ergonomic}
   size_t MaxHeapSize                              = 4282384384                                {product} {ergonomic}
   size_t MaxNewSize                               = 2569011200                                {product} {ergonomic}
   size_t MinHeapDeltaBytes                        = 2097152                                   {product} {ergonomic}
   size_t MinHeapSize                              = 8388608                                   {product} {ergonomic}
    uintx NonProfiledCodeHeapSize                  = 0                                      {pd product} {ergonomic}
     bool ProfileInterpreter                       = false                                  {pd product} {command line}
    uintx ProfiledCodeHeapSize                     = 0                                      {pd product} {ergonomic}
   size_t SoftMaxHeapSize                          = 4282384384                             {manageable} {ergonomic}
     intx TieredStopAtLevel                        = 1                                         {product} {command line}
     bool UseCompressedClassPointers               = true                           {product lp64_product} {ergonomic}
     bool UseCompressedOops                        = true                           {product lp64_product} {ergonomic}
     bool UseG1GC                                  = true                                      {product} {ergonomic}
     bool UseLargePagesIndividualAllocation        = false                                  {pd product} {ergonomic}

Logging:
Log output configuration:
 #0: stdout all=warning,jni+resolve=off uptime,level,tags
 #1: stderr all=off uptime,level,tags

Environment Variables:
JAVA_HOME=C:\Program Files\Java\jdk-17.0.5
PATH=C:\Program Files\Eclipse Adoptium\jdk-17.0.4.101-hotspot\bin;C:\WINDOWS\system32;C:\WINDOWS;C:\WINDOWS\System32\Wbem;C:\WINDOWS\System32\WindowsPowerShell\v1.0\;C:\WINDOWS\System32\OpenSSH\;C:\Program Files (x86)\NVIDIA Corporation\PhysX\Common;C:\Program Files\NVIDIA Corporation\NVIDIA NvDLISR;C:\Program Files\Java\jdk-17.0.5\bin;C:\Program Files\Git\cmd;C:\Program Files\nodejs\;C:\Develops\apache-maven-3.8.6\bin;C:\Program Files\MySQL\MySQL Shell 8.0\bin\;C:\Users\pbj25\AppData\Local\Programs\Python\Python39\Scripts\;C:\Users\pbj25\AppData\Local\Programs\Python\Python39\;C:\Users\pbj25\AppData\Local\Microsoft\WindowsApps;C:\Program Files\Bandizip\;C:\Users\pbj25\AppData\Local\Programs\Microsoft VS Code\bin;C:\Users\pbj25\AppData\Local\GitHubDesktop\bin;C:\Users\pbj25\AppData\Roaming\npm
USERNAME=pbj25
OS=Windows_NT
PROCESSOR_IDENTIFIER=AMD64 Family 23 Model 113 Stepping 0, AuthenticAMD
TMP=C:\Users\pbj25\AppData\Local\Temp
TEMP=C:\Users\pbj25\AppData\Local\Temp



---------------  S Y S T E M  ---------------

OS:
 Windows 10 , 64 bit Build 19041 (10.0.19041.2251)
OS uptime: 11 days 1:42 hours
Hyper-V role detected

CPU: total 16 (initial active 16) (16 cores per cpu, 2 threads per core) family 23 model 113 stepping 0 microcode 0x0, cx8, cmov, fxsr, ht, mmx, 3dnowpref, sse, sse2, sse3, ssse3, sse4a, sse4.1, sse4.2, popcnt, lzcnt, tsc, tscinvbit, avx, avx2, aes, clmul, bmi1, bmi2, adx, sha, fma, vzeroupper, clflush, clflushopt, hv

Memory: 4k page, system-wide physical 16332M (1393M free)
TotalPageFile size 26332M (AvailPageFile size 77M)
current process WorkingSet (physical memory assigned to process): 682M, peak: 682M
current process commit charge ("private bytes"): 713M, peak: 1491M

vm_info: OpenJDK 64-Bit Server VM (17.0.5+8) for windows-amd64 JRE (17.0.5+8), built on Oct 19 2022 04:48:13 by "temurin" with MS VC++ 16.7 (VS2019)

END.
