#
# There is insufficient memory for the Java Runtime Environment to continue.
# Native memory allocation (mmap) failed to map 750780416 bytes for G1 virtual space
# Possible reasons:
#   The system is out of physical RAM or swap space
#   The process is running with CompressedOops enabled, and the Java Heap may be blocking the growth of the native heap
# Possible solutions:
#   Reduce memory load on the system
#   Increase physical memory or swap space
#   Check if swap backing store is full
#   Decrease Java heap size (-Xmx/-Xms)
#   Decrease number of Java threads
#   Decrease Java thread stack sizes (-Xss)
#   Set larger code cache with -XX:ReservedCodeCacheSize=
#   JVM is running with Zero Based Compressed Oops mode in which the Java heap is
#     placed in the first 32GB address space. The Java Heap base address is the
#     maximum limit for the native heap growth. Please use -XX:HeapBaseMinAddress
#     to set the Java Heap base and to place the Java Heap above 32GB virtual address.
# This output file may be truncated or incomplete.
#
#  Out of Memory Error (os_windows.cpp:3548), pid=2196, tid=36736
#
# JRE version: OpenJDK Runtime Environment Temurin-17.0.5+8 (17.0.5+8) (build 17.0.5+8)
# Java VM: OpenJDK 64-Bit Server VM Temurin-17.0.5+8 (17.0.5+8, mixed mode, emulated-client, tiered, compressed oops, compressed class ptrs, g1 gc, windows-amd64)
# No core dump will be written. Minidumps are not enabled by default on client versions of Windows
#

---------------  S U M M A R Y ------------

Command Line: -Dsts.lsp.client=vscode -Dsts.log.file=/dev/null -XX:TieredStopAtLevel=1 -Xlog:jni+resolve=off -Dspring.config.location=file:c:\Users\pbj25\.vscode\extensions\pivotal.vscode-spring-boot-1.42.0\language-server\BOOT-INF\classes\application.properties org.springframework.ide.vscode.boot.app.BootLanguageServerBootApp

Host: AMD Ryzen 7 3700X 8-Core Processor             , 16 cores, 15G,  Windows 10 , 64 bit Build 19041 (10.0.19041.2251)
Time: Tue Dec 13 14:14:18 2022  Windows 10 , 64 bit Build 19041 (10.0.19041.2251) elapsed time: 2.919711 seconds (0d 0h 0m 2s)

---------------  T H R E A D  ---------------

Current thread (0x000002c7a483da00):  VMThread "VM Thread" [stack: 0x000000ecb2000000,0x000000ecb2100000] [id=36736]

Stack: [0x000000ecb2000000,0x000000ecb2100000]
Native frames: (J=compiled Java code, j=interpreted, Vv=VM code, C=native code)
V  [jvm.dll+0x676b3a]
V  [jvm.dll+0x831444]
V  [jvm.dll+0x832bee]
V  [jvm.dll+0x833253]
V  [jvm.dll+0x244ce5]
V  [jvm.dll+0x673a49]
V  [jvm.dll+0x66811a]
V  [jvm.dll+0x303ceb]
V  [jvm.dll+0x30b1e6]
V  [jvm.dll+0x35adbe]
V  [jvm.dll+0x35afef]
V  [jvm.dll+0x2dab88]
V  [jvm.dll+0x2d8e3c]
V  [jvm.dll+0x2d840c]
V  [jvm.dll+0x31c31b]
V  [jvm.dll+0x8376fb]
V  [jvm.dll+0x838434]
V  [jvm.dll+0x83894c]
V  [jvm.dll+0x838d24]
V  [jvm.dll+0x838df0]
V  [jvm.dll+0x7e17ea]
V  [jvm.dll+0x6759e5]
C  [ucrtbase.dll+0x21bb2]
C  [KERNEL32.DLL+0x174b4]
C  [ntdll.dll+0x526a1]

VM_Operation (0x000000ecb46fdfb0): G1CollectForAllocation, mode: safepoint, requested by thread 0x000002c7a6214080


---------------  P R O C E S S  ---------------

Threads class SMR info:
_java_thread_list=0x000002c7a89fd8d0, length=61, elements={
0x000002c7a4853740, 0x000002c7a48545b0, 0x000002c7a48ac010, 0x000002c7a48acd90,
0x000002c7a48b0670, 0x000002c7a4883880, 0x000002c7a4884140, 0x000002c7a48b9760,
0x000002c7a4aa2380, 0x000002c7a4aadd60, 0x000002c7a4abafa0, 0x000002c7a4ac6f50,
0x000002c7a52518a0, 0x000002c7a5503010, 0x000002c7a59bfc50, 0x000002c7a6077920,
0x000002c7a5e330e0, 0x000002c7913f2190, 0x000002c7a610d6d0, 0x000002c7a613a740,
0x000002c7a613ae20, 0x000002c7a61d16e0, 0x000002c7a6189cc0, 0x000002c7a6214080,
0x000002c7a6214550, 0x000002c7a62153c0, 0x000002c7a6214ef0, 0x000002c7a6214a20,
0x000002c7a6215890, 0x000002c7a6228bb0, 0x000002c7a6223040, 0x000002c7a6227d40,
0x000002c7a6221d00, 0x000002c7a6223510, 0x000002c7a6227870, 0x000002c7a6224d20,
0x000002c7a62251f0, 0x000002c7a62286e0, 0x000002c7a6225b90, 0x000002c7a6226ed0,
0x000002c7a62256c0, 0x000002c7a6229080, 0x000002c7a6228210, 0x000002c7a6229550,
0x000002c7a62221d0, 0x000002c7a6226060, 0x000002c7a62273a0, 0x000002c7a6222b70,
0x000002c7a62239e0, 0x000002c7a62226a0, 0x000002c7a6226530, 0x000002c7a8c45eb0,
0x000002c7a8c46c20, 0x000002c7a8c67fd0, 0x000002c7a8c603a0, 0x000002c7a6224380,
0x000002c7a8c614a0, 0x000002c7a8c6b920, 0x000002c7a8c619b0, 0x000002c7a6226a00,
0x000002c7a6224850
}

Java Threads: ( => current thread )
  0x000002c7a4853740 JavaThread "Reference Handler" daemon [_thread_blocked, id=37100, stack(0x000000ecb2100000,0x000000ecb2200000)]
  0x000002c7a48545b0 JavaThread "Finalizer" daemon [_thread_blocked, id=28060, stack(0x000000ecb2200000,0x000000ecb2300000)]
  0x000002c7a48ac010 JavaThread "Signal Dispatcher" daemon [_thread_blocked, id=31500, stack(0x000000ecb2300000,0x000000ecb2400000)]
  0x000002c7a48acd90 JavaThread "Attach Listener" daemon [_thread_blocked, id=17632, stack(0x000000ecb2400000,0x000000ecb2500000)]
  0x000002c7a48b0670 JavaThread "Service Thread" daemon [_thread_blocked, id=25588, stack(0x000000ecb2500000,0x000000ecb2600000)]
  0x000002c7a4883880 JavaThread "Monitor Deflation Thread" daemon [_thread_blocked, id=7000, stack(0x000000ecb2600000,0x000000ecb2700000)]
  0x000002c7a4884140 JavaThread "C1 CompilerThread0" daemon [_thread_blocked, id=38560, stack(0x000000ecb2700000,0x000000ecb2800000)]
  0x000002c7a48b9760 JavaThread "Sweeper thread" daemon [_thread_blocked, id=25732, stack(0x000000ecb2800000,0x000000ecb2900000)]
  0x000002c7a4aa2380 JavaThread "C1 CompilerThread1" daemon [_thread_blocked, id=39068, stack(0x000000ecb2900000,0x000000ecb2a00000)]
  0x000002c7a4aadd60 JavaThread "C1 CompilerThread2" daemon [_thread_blocked, id=6492, stack(0x000000ecb2a00000,0x000000ecb2b00000)]
  0x000002c7a4abafa0 JavaThread "Notification Thread" daemon [_thread_blocked, id=19880, stack(0x000000ecb2b00000,0x000000ecb2c00000)]
  0x000002c7a4ac6f50 JavaThread "Common-Cleaner" daemon [_thread_blocked, id=30256, stack(0x000000ecb2d00000,0x000000ecb2e00000)]
  0x000002c7a52518a0 JavaThread "C1 CompilerThread3" daemon [_thread_blocked, id=9288, stack(0x000000ecb2e00000,0x000000ecb2f00000)]
  0x000002c7a5503010 JavaThread "C1 CompilerThread4" daemon [_thread_blocked, id=38488, stack(0x000000ecb2f00000,0x000000ecb3000000)]
  0x000002c7a59bfc50 JavaThread "boundedElastic-evictor-1" daemon [_thread_blocked, id=38776, stack(0x000000ecb3e00000,0x000000ecb3f00000)]
  0x000002c7a6077920 JavaThread "pool-11-thread-1" [_thread_blocked, id=32708, stack(0x000000ecb3f00000,0x000000ecb4000000)]
  0x000002c7a5e330e0 JavaThread "LanguageServerApp-lifecycle" [_thread_blocked, id=5192, stack(0x000000ecb4000000,0x000000ecb4100000)]
  0x000002c7913f2190 JavaThread "DestroyJavaVM" [_thread_blocked, id=20104, stack(0x000000ecb1a00000,0x000000ecb1b00000)]
  0x000002c7a610d6d0 JavaThread "pool-12-thread-1" [_thread_in_native, id=34740, stack(0x000000ecb4100000,0x000000ecb4200000)]
  0x000002c7a613a740 JavaThread "Simple-Language-Server main thread" daemon [_thread_blocked, id=18732, stack(0x000000ecb4200000,0x000000ecb4300000)]
  0x000002c7a613ae20 JavaThread "ForkJoinPool.commonPool-worker-1" daemon [_thread_blocked, id=25660, stack(0x000000ecb4300000,0x000000ecb4400000)]
  0x000002c7a61d16e0 JavaThread "parallel-1" daemon [_thread_blocked, id=22508, stack(0x000000ecb4400000,0x000000ecb4500000)]
  0x000002c7a6189cc0 JavaThread "ClassGraph-worker-0" daemon [_thread_blocked, id=18828, stack(0x000000ecb4500000,0x000000ecb4600000)]
  0x000002c7a6214080 JavaThread "ClassGraph-worker-1" daemon [_thread_blocked, id=30532, stack(0x000000ecb4600000,0x000000ecb4700000)]
  0x000002c7a6214550 JavaThread "ClassGraph-worker-2" daemon [_thread_blocked, id=18584, stack(0x000000ecb4700000,0x000000ecb4800000)]
  0x000002c7a62153c0 JavaThread "ClassGraph-worker-3" daemon [_thread_blocked, id=29588, stack(0x000000ecb4800000,0x000000ecb4900000)]
  0x000002c7a6214ef0 JavaThread "ClassGraph-worker-4" daemon [_thread_blocked, id=38784, stack(0x000000ecb4900000,0x000000ecb4a00000)]
  0x000002c7a6214a20 JavaThread "ClassGraph-worker-5" daemon [_thread_blocked, id=25100, stack(0x000000ecb4a00000,0x000000ecb4b00000)]
  0x000002c7a6215890 JavaThread "ClassGraph-worker-6" daemon [_thread_blocked, id=27276, stack(0x000000ecb4b00000,0x000000ecb4c00000)]
  0x000002c7a6228bb0 JavaThread "ClassGraph-worker-7" daemon [_thread_blocked, id=29044, stack(0x000000ecb4c00000,0x000000ecb4d00000)]
  0x000002c7a6223040 JavaThread "ClassGraph-worker-8" daemon [_thread_blocked, id=28292, stack(0x000000ecb4d00000,0x000000ecb4e00000)]
  0x000002c7a6227d40 JavaThread "ClassGraph-worker-9" daemon [_thread_blocked, id=29840, stack(0x000000ecb4e00000,0x000000ecb4f00000)]
  0x000002c7a6221d00 JavaThread "ClassGraph-worker-10" daemon [_thread_blocked, id=26496, stack(0x000000ecb4f00000,0x000000ecb5000000)]
  0x000002c7a6223510 JavaThread "ClassGraph-worker-11" daemon [_thread_blocked, id=15476, stack(0x000000ecb5000000,0x000000ecb5100000)]
  0x000002c7a6227870 JavaThread "ClassGraph-worker-12" daemon [_thread_blocked, id=17268, stack(0x000000ecb5100000,0x000000ecb5200000)]
  0x000002c7a6224d20 JavaThread "ClassGraph-worker-13" daemon [_thread_blocked, id=38648, stack(0x000000ecb5200000,0x000000ecb5300000)]
  0x000002c7a62251f0 JavaThread "ClassGraph-worker-14" daemon [_thread_blocked, id=20940, stack(0x000000ecb5300000,0x000000ecb5400000)]
  0x000002c7a62286e0 JavaThread "ClassGraph-worker-15" daemon [_thread_blocked, id=35724, stack(0x000000ecb5400000,0x000000ecb5500000)]
  0x000002c7a6225b90 JavaThread "ClassGraph-worker-16" daemon [_thread_blocked, id=30444, stack(0x000000ecb5500000,0x000000ecb5600000)]
  0x000002c7a6226ed0 JavaThread "ClassGraph-worker-17" daemon [_thread_blocked, id=37908, stack(0x000000ecb5600000,0x000000ecb5700000)]
  0x000002c7a62256c0 JavaThread "ClassGraph-worker-18" daemon [_thread_blocked, id=35052, stack(0x000000ecb5700000,0x000000ecb5800000)]
  0x000002c7a6229080 JavaThread "ClassGraph-worker-19" daemon [_thread_blocked, id=36388, stack(0x000000ecb5800000,0x000000ecb5900000)]
  0x000002c7a6228210 JavaThread "ClassGraph-worker-20" daemon [_thread_blocked, id=14736, stack(0x000000ecb5900000,0x000000ecb5a00000)]
  0x000002c7a6229550 JavaThread "ClassGraph-worker-21" daemon [_thread_blocked, id=19544, stack(0x000000ecb5a00000,0x000000ecb5b00000)]
  0x000002c7a62221d0 JavaThread "ClassGraph-worker-22" daemon [_thread_blocked, id=27540, stack(0x000000ecb5b00000,0x000000ecb5c00000)]
  0x000002c7a6226060 JavaThread "ClassGraph-worker-23" daemon [_thread_blocked, id=2568, stack(0x000000ecb5c00000,0x000000ecb5d00000)]
  0x000002c7a62273a0 JavaThread "pool-6-thread-1" [_thread_blocked, id=24696, stack(0x000000ecb6300000,0x000000ecb6400000)]
  0x000002c7a6222b70 JavaThread "pool-10-thread-1" [_thread_blocked, id=14468, stack(0x000000ecb6400000,0x000000ecb6500000)]
  0x000002c7a62239e0 JavaThread "parallel-2" daemon [_thread_blocked, id=14040, stack(0x000000ecb6500000,0x000000ecb6600000)]
  0x000002c7a62226a0 JavaThread "pool-10-thread-2" [_thread_blocked, id=16012, stack(0x000000ecb6600000,0x000000ecb6700000)]
  0x000002c7a6226530 JavaThread "parallel-3" daemon [_thread_blocked, id=36936, stack(0x000000ecb6700000,0x000000ecb6800000)]
  0x000002c7a8c45eb0 JavaThread "C1 CompilerThread5" daemon [_thread_blocked, id=18524, stack(0x000000ecb6800000,0x000000ecb6900000)]
  0x000002c7a8c46c20 JavaThread "C1 CompilerThread6" daemon [_thread_blocked, id=18132, stack(0x000000ecb6900000,0x000000ecb6a00000)]
  0x000002c7a8c67fd0 JavaThread "C1 CompilerThread7" daemon [_thread_blocked, id=30056, stack(0x000000ecb6a00000,0x000000ecb6b00000)]
  0x000002c7a8c603a0 JavaThread "C1 CompilerThread8" daemon [_thread_blocked, id=13216, stack(0x000000ecb6b00000,0x000000ecb6c00000)]
  0x000002c7a6224380 JavaThread "Project-Reconciler-1" daemon [_thread_blocked, id=21400, stack(0x000000ecb6c00000,0x000000ecb6d00000)]
  0x000002c7a8c614a0 JavaThread "C1 CompilerThread9" daemon [_thread_blocked, id=36948, stack(0x000000ecb6d00000,0x000000ecb6e00000)]
  0x000002c7a8c6b920 JavaThread "C1 CompilerThread10" daemon [_thread_blocked, id=33848, stack(0x000000ecb6e00000,0x000000ecb6f00000)]
  0x000002c7a8c619b0 JavaThread "C1 CompilerThread11" daemon [_thread_blocked, id=39588, stack(0x000000ecb6f00000,0x000000ecb7000000)]
  0x000002c7a6226a00 JavaThread "Project-Reconciler-2" daemon [_thread_blocked, id=29512, stack(0x000000ecb7000000,0x000000ecb7100000)]
  0x000002c7a6224850 JavaThread "pool-10-thread-3" [_thread_blocked, id=25416, stack(0x000000ecb7100000,0x000000ecb7200000)]

Other Threads:
=>0x000002c7a483da00 VMThread "VM Thread" [stack: 0x000000ecb2000000,0x000000ecb2100000] [id=36736]
  0x000002c7a4a7fea0 WatcherThread [stack: 0x000000ecb2c00000,0x000000ecb2d00000] [id=29268]
  0x000002c791463af0 GCTaskThread "GC Thread#0" [stack: 0x000000ecb1b00000,0x000000ecb1c00000] [id=34448]
  0x000002c7a55bff90 GCTaskThread "GC Thread#1" [stack: 0x000000ecb3000000,0x000000ecb3100000] [id=36368]
  0x000002c7a55c0240 GCTaskThread "GC Thread#2" [stack: 0x000000ecb3100000,0x000000ecb3200000] [id=37272]
  0x000002c7a55c0900 GCTaskThread "GC Thread#3" [stack: 0x000000ecb3200000,0x000000ecb3300000] [id=20600]
  0x000002c7a55c1ff0 GCTaskThread "GC Thread#4" [stack: 0x000000ecb3300000,0x000000ecb3400000] [id=3068]
  0x000002c7a55c26b0 GCTaskThread "GC Thread#5" [stack: 0x000000ecb3400000,0x000000ecb3500000] [id=20516]
  0x000002c7a57e78d0 GCTaskThread "GC Thread#6" [stack: 0x000000ecb3500000,0x000000ecb3600000] [id=4412]
  0x000002c7a57e7b80 GCTaskThread "GC Thread#7" [stack: 0x000000ecb3600000,0x000000ecb3700000] [id=8664]
  0x000002c7a57e7e30 GCTaskThread "GC Thread#8" [stack: 0x000000ecb3700000,0x000000ecb3800000] [id=27152]
  0x000002c7a57f1d50 GCTaskThread "GC Thread#9" [stack: 0x000000ecb3800000,0x000000ecb3900000] [id=27632]
  0x000002c7a5987e60 GCTaskThread "GC Thread#10" [stack: 0x000000ecb3a00000,0x000000ecb3b00000] [id=29076]
  0x000002c7a59893e0 GCTaskThread "GC Thread#11" [stack: 0x000000ecb3b00000,0x000000ecb3c00000] [id=31172]
  0x000002c7a5989130 GCTaskThread "GC Thread#12" [stack: 0x000000ecb3900000,0x000000ecb3a00000] [id=39708]
  0x000002c791474970 ConcurrentGCThread "G1 Main Marker" [stack: 0x000000ecb1c00000,0x000000ecb1d00000] [id=38028]
  0x000002c791475380 ConcurrentGCThread "G1 Conc#0" [stack: 0x000000ecb1d00000,0x000000ecb1e00000] [id=11196]
  0x000002c7a5988110 ConcurrentGCThread "G1 Conc#1" [stack: 0x000000ecb3c00000,0x000000ecb3d00000] [id=13912]
  0x000002c7a59883c0 ConcurrentGCThread "G1 Conc#2" [stack: 0x000000ecb3d00000,0x000000ecb3e00000] [id=6412]
  0x000002c7914be8e0 ConcurrentGCThread "G1 Refine#0" [stack: 0x000000ecb1e00000,0x000000ecb1f00000] [id=13436]
  0x000002c7a5f00760 ConcurrentGCThread "G1 Refine#1" [stack: 0x000000ecb5d00000,0x000000ecb5e00000] [id=38980]
  0x000002c7a5f00d20 ConcurrentGCThread "G1 Refine#2" [stack: 0x000000ecb5e00000,0x000000ecb5f00000] [id=24036]
  0x000002c7a5eff340 ConcurrentGCThread "G1 Refine#3" [stack: 0x000000ecb5f00000,0x000000ecb6000000] [id=23512]
  0x000002c7a5eff060 ConcurrentGCThread "G1 Refine#4" [stack: 0x000000ecb6000000,0x000000ecb6100000] [id=27756]
  0x000002c7a5f00480 ConcurrentGCThread "G1 Refine#5" [stack: 0x000000ecb6100000,0x000000ecb6200000] [id=32120]
  0x000002c7a8b018a0 ConcurrentGCThread "G1 Refine#6" [stack: 0x000000ecb6200000,0x000000ecb6300000] [id=25984]
  0x000002c7a3de24c0 ConcurrentGCThread "G1 Service" [stack: 0x000000ecb1f00000,0x000000ecb2000000] [id=39404]

Threads with active compile tasks:
C1 CompilerThread0     2939 4438       1       java.util.regex.Pattern$BitClass::add (97 bytes)
C1 CompilerThread2     2939 4433       1       java.util.regex.Pattern::createGroup (86 bytes)
C1 CompilerThread4     2939 4439       1       java.util.regex.Pattern::qtype (39 bytes)
C1 CompilerThread11     2939 4431       1       java.util.regex.Pattern::group0 (1097 bytes)

VM state: at safepoint (normal execution)

VM Mutex/Monitor currently owned by a thread:  ([mutex/lock_event])
[0x000002c78f279550] Threads_lock - owner thread: 0x000002c7a483da00
[0x000002c7913efa50] Heap_lock - owner thread: 0x000002c7a6214080

Heap address: 0x0000000700c00000, size: 4084 MB, Compressed Oops mode: Zero based, Oop shift amount: 3

CDS archive(s) not mapped
Compressed class space mapped at: 0x0000000800000000-0x0000000840000000, reserved size: 1073741824
Narrow klass base: 0x0000000800000000, Narrow klass shift: 0, Narrow klass range: 0x40000000

GC Precious Log:
 CPUs: 16 total, 16 available
 Memory: 16332M
 Large Page Support: Disabled
 NUMA Support: Disabled
 Compressed Oops: Enabled (Zero based)
 Heap Region Size: 2M
 Heap Min Capacity: 8M
 Heap Initial Capacity: 256M
 Heap Max Capacity: 4084M
 Pre-touch: Disabled
 Parallel Workers: 13
 Concurrent Workers: 3
 Concurrent Refinement Workers: 13
 Periodic GC: Disabled

Heap:
 garbage-first heap   total 428032K, used 120094K [0x0000000700c00000, 0x0000000800000000)
  region size 2048K, 10 young (20480K), 10 survivors (20480K)
 Metaspace       used 40793K, committed 41152K, reserved 1089536K
  class space    used 5091K, committed 5248K, reserved 1048576K

Heap Regions: E=young(eden), S=young(survivor), O=old, HS=humongous(starts), HC=humongous(continues), CS=collection set, F=free, OA=open archive, CA=closed archive, TAMS=top-at-mark-start (previous, next)
|   0|0x0000000700c00000, 0x0000000700e00000, 0x0000000700e00000|100%| O|  |TAMS 0x0000000700e00000, 0x0000000700c00000| Untracked 
|   1|0x0000000700e00000, 0x0000000701000000, 0x0000000701000000|100%| O|  |TAMS 0x0000000701000000, 0x0000000700e00000| Untracked 
|   2|0x0000000701000000, 0x0000000701200000, 0x0000000701200000|100%| O|  |TAMS 0x0000000701200000, 0x0000000701000000| Untracked 
|   3|0x0000000701200000, 0x0000000701400000, 0x0000000701400000|100%| O|  |TAMS 0x0000000701400000, 0x0000000701200000| Untracked 
|   4|0x0000000701400000, 0x0000000701417200, 0x0000000701600000|  4%| O|  |TAMS 0x0000000701417200, 0x0000000701400000| Untracked 
|   5|0x0000000701600000, 0x0000000701800000, 0x0000000701800000|100%| O|  |TAMS 0x0000000701800000, 0x0000000701600000| Untracked 
|   6|0x0000000701800000, 0x0000000701a00000, 0x0000000701a00000|100%| O|  |TAMS 0x0000000701a00000, 0x0000000701800000| Untracked 
|   7|0x0000000701a00000, 0x0000000701c00000, 0x0000000701c00000|100%| O|  |TAMS 0x0000000701c00000, 0x0000000701a00000| Untracked 
|   8|0x0000000701c00000, 0x0000000701e00000, 0x0000000701e00000|100%| O|  |TAMS 0x0000000701e00000, 0x0000000701c00000| Untracked 
|   9|0x0000000701e00000, 0x0000000701fb5e00, 0x0000000702000000| 85%| O|  |TAMS 0x0000000701fb5e00, 0x0000000701e00000| Untracked 
|  10|0x0000000702000000, 0x0000000702200000, 0x0000000702200000|100%| O|  |TAMS 0x0000000702000000, 0x0000000702000000| Untracked 
|  11|0x0000000702200000, 0x0000000702400000, 0x0000000702400000|100%| O|  |TAMS 0x0000000702200000, 0x0000000702200000| Untracked 
|  12|0x0000000702400000, 0x0000000702600000, 0x0000000702600000|100%| O|  |TAMS 0x0000000702400000, 0x0000000702400000| Untracked 
|  13|0x0000000702600000, 0x0000000702800000, 0x0000000702800000|100%| O|  |TAMS 0x0000000702600000, 0x0000000702600000| Untracked 
|  14|0x0000000702800000, 0x0000000702a00000, 0x0000000702a00000|100%| O|  |TAMS 0x0000000702800000, 0x0000000702800000| Untracked 
|  15|0x0000000702a00000, 0x0000000702c00000, 0x0000000702c00000|100%| O|  |TAMS 0x0000000702a00000, 0x0000000702a00000| Untracked 
|  16|0x0000000702c00000, 0x0000000702e00000, 0x0000000702e00000|100%| O|  |TAMS 0x0000000702c00000, 0x0000000702c00000| Untracked 
|  17|0x0000000702e00000, 0x0000000703000000, 0x0000000703000000|100%| O|  |TAMS 0x0000000702e00000, 0x0000000702e00000| Untracked 
|  18|0x0000000703000000, 0x0000000703200000, 0x0000000703200000|100%| O|  |TAMS 0x0000000703000000, 0x0000000703000000| Untracked 
|  19|0x0000000703200000, 0x0000000703400000, 0x0000000703400000|100%| O|  |TAMS 0x0000000703200000, 0x0000000703200000| Untracked 
|  20|0x0000000703400000, 0x0000000703600000, 0x0000000703600000|100%| O|  |TAMS 0x0000000703400000, 0x0000000703400000| Untracked 
|  21|0x0000000703600000, 0x0000000703800000, 0x0000000703800000|100%| O|  |TAMS 0x0000000703600000, 0x0000000703600000| Untracked 
|  22|0x0000000703800000, 0x0000000703a00000, 0x0000000703a00000|100%| O|  |TAMS 0x0000000703800000, 0x0000000703800000| Untracked 
|  23|0x0000000703a00000, 0x0000000703c00000, 0x0000000703c00000|100%| O|  |TAMS 0x0000000703a00000, 0x0000000703a00000| Untracked 
|  24|0x0000000703c00000, 0x0000000703e00000, 0x0000000703e00000|100%| O|  |TAMS 0x0000000703c00000, 0x0000000703c00000| Untracked 
|  25|0x0000000703e00000, 0x0000000704000000, 0x0000000704000000|100%| O|  |TAMS 0x0000000703e00000, 0x0000000703e00000| Untracked 
|  26|0x0000000704000000, 0x0000000704200000, 0x0000000704200000|100%| O|  |TAMS 0x0000000704000000, 0x0000000704000000| Untracked 
|  27|0x0000000704200000, 0x0000000704400000, 0x0000000704400000|100%| O|  |TAMS 0x0000000704200000, 0x0000000704200000| Untracked 
|  28|0x0000000704400000, 0x0000000704600000, 0x0000000704600000|100%| O|  |TAMS 0x0000000704400000, 0x0000000704400000| Untracked 
|  29|0x0000000704600000, 0x0000000704800000, 0x0000000704800000|100%| O|  |TAMS 0x0000000704600000, 0x0000000704600000| Untracked 
|  30|0x0000000704800000, 0x0000000704a00000, 0x0000000704a00000|100%| O|  |TAMS 0x0000000704800000, 0x0000000704800000| Untracked 
|  31|0x0000000704a00000, 0x0000000704c00000, 0x0000000704c00000|100%| O|  |TAMS 0x0000000704a00000, 0x0000000704a00000| Untracked 
|  32|0x0000000704c00000, 0x0000000704e00000, 0x0000000704e00000|100%| O|  |TAMS 0x0000000704c00000, 0x0000000704c00000| Untracked 
|  33|0x0000000704e00000, 0x0000000705000000, 0x0000000705000000|100%| O|  |TAMS 0x0000000704e00000, 0x0000000704e00000| Untracked 
|  34|0x0000000705000000, 0x0000000705200000, 0x0000000705200000|100%| O|  |TAMS 0x0000000705000000, 0x0000000705000000| Untracked 
|  35|0x0000000705200000, 0x0000000705400000, 0x0000000705400000|100%| O|  |TAMS 0x0000000705200000, 0x0000000705200000| Untracked 
|  36|0x0000000705400000, 0x0000000705600000, 0x0000000705600000|100%| O|  |TAMS 0x0000000705400000, 0x0000000705400000| Untracked 
|  37|0x0000000705600000, 0x0000000705800000, 0x0000000705800000|100%| O|  |TAMS 0x0000000705600000, 0x0000000705600000| Untracked 
|  38|0x0000000705800000, 0x0000000705a00000, 0x0000000705a00000|100%| O|  |TAMS 0x0000000705800000, 0x0000000705800000| Untracked 
|  39|0x0000000705a00000, 0x0000000705c00000, 0x0000000705c00000|100%| O|  |TAMS 0x0000000705a00000, 0x0000000705a00000| Untracked 
|  40|0x0000000705c00000, 0x0000000705e00000, 0x0000000705e00000|100%| O|  |TAMS 0x0000000705c00000, 0x0000000705c00000| Untracked 
|  41|0x0000000705e00000, 0x0000000706000000, 0x0000000706000000|100%| O|  |TAMS 0x0000000705e00000, 0x0000000705e00000| Untracked 
|  42|0x0000000706000000, 0x0000000706200000, 0x0000000706200000|100%| O|  |TAMS 0x0000000706000000, 0x0000000706000000| Untracked 
|  43|0x0000000706200000, 0x0000000706400000, 0x0000000706400000|100%| O|  |TAMS 0x0000000706200000, 0x0000000706200000| Untracked 
|  44|0x0000000706400000, 0x0000000706600000, 0x0000000706600000|100%| O|  |TAMS 0x0000000706400000, 0x0000000706400000| Untracked 
|  45|0x0000000706600000, 0x0000000706800000, 0x0000000706800000|100%| O|  |TAMS 0x0000000706600000, 0x0000000706600000| Untracked 
|  46|0x0000000706800000, 0x0000000706a00000, 0x0000000706a00000|100%| O|  |TAMS 0x0000000706800000, 0x0000000706800000| Untracked 
|  47|0x0000000706a00000, 0x0000000706c00000, 0x0000000706c00000|100%| O|  |TAMS 0x0000000706a00000, 0x0000000706a00000| Untracked 
|  48|0x0000000706c00000, 0x0000000706e00000, 0x0000000706e00000|100%| O|  |TAMS 0x0000000706c00000, 0x0000000706c00000| Untracked 
|  49|0x0000000706e00000, 0x0000000707000000, 0x0000000707000000|100%| O|  |TAMS 0x0000000706e00000, 0x0000000706e00000| Untracked 
|  50|0x0000000707000000, 0x000000070704fe00, 0x0000000707200000| 15%| O|  |TAMS 0x0000000707000000, 0x0000000707000000| Untracked 
|  51|0x0000000707200000, 0x0000000707200000, 0x0000000707400000|  0%| F|  |TAMS 0x0000000707200000, 0x0000000707200000| Untracked 
|  52|0x0000000707400000, 0x0000000707400000, 0x0000000707600000|  0%| F|  |TAMS 0x0000000707400000, 0x0000000707400000| Untracked 
|  53|0x0000000707600000, 0x0000000707600000, 0x0000000707800000|  0%| F|  |TAMS 0x0000000707600000, 0x0000000707600000| Untracked 
|  54|0x0000000707800000, 0x0000000707800000, 0x0000000707a00000|  0%| F|  |TAMS 0x0000000707800000, 0x0000000707800000| Untracked 
|  55|0x0000000707a00000, 0x0000000707a00000, 0x0000000707c00000|  0%| F|  |TAMS 0x0000000707a00000, 0x0000000707a00000| Untracked 
|  56|0x0000000707c00000, 0x0000000707c00000, 0x0000000707e00000|  0%| F|  |TAMS 0x0000000707c00000, 0x0000000707c00000| Untracked 
|  57|0x0000000707e00000, 0x0000000707e00000, 0x0000000708000000|  0%| F|  |TAMS 0x0000000707e00000, 0x0000000707e00000| Untracked 
|  58|0x0000000708000000, 0x0000000708000000, 0x0000000708200000|  0%| F|  |TAMS 0x0000000708000000, 0x0000000708000000| Untracked 
|  59|0x0000000708200000, 0x0000000708200000, 0x0000000708400000|  0%| F|  |TAMS 0x0000000708200000, 0x0000000708200000| Untracked 
|  60|0x0000000708400000, 0x0000000708400000, 0x0000000708600000|  0%| F|  |TAMS 0x0000000708400000, 0x0000000708400000| Untracked 
|  61|0x0000000708600000, 0x0000000708600000, 0x0000000708800000|  0%| F|  |TAMS 0x0000000708600000, 0x0000000708600000| Untracked 
|  62|0x0000000708800000, 0x0000000708800000, 0x0000000708a00000|  0%| F|  |TAMS 0x0000000708800000, 0x0000000708800000| Untracked 
|  63|0x0000000708a00000, 0x0000000708a00000, 0x0000000708c00000|  0%| F|  |TAMS 0x0000000708a00000, 0x0000000708a00000| Untracked 
|  64|0x0000000708c00000, 0x0000000708c00000, 0x0000000708e00000|  0%| F|  |TAMS 0x0000000708c00000, 0x0000000708c00000| Untracked 
|  65|0x0000000708e00000, 0x0000000708e00000, 0x0000000709000000|  0%| F|  |TAMS 0x0000000708e00000, 0x0000000708e00000| Untracked 
|  66|0x0000000709000000, 0x0000000709000000, 0x0000000709200000|  0%| F|  |TAMS 0x0000000709000000, 0x0000000709000000| Untracked 
|  67|0x0000000709200000, 0x0000000709200000, 0x0000000709400000|  0%| F|  |TAMS 0x0000000709200000, 0x0000000709200000| Untracked 
|  68|0x0000000709400000, 0x0000000709400000, 0x0000000709600000|  0%| F|  |TAMS 0x0000000709400000, 0x0000000709400000| Untracked 
|  69|0x0000000709600000, 0x0000000709600000, 0x0000000709800000|  0%| F|  |TAMS 0x0000000709600000, 0x0000000709600000| Untracked 
|  70|0x0000000709800000, 0x0000000709800000, 0x0000000709a00000|  0%| F|  |TAMS 0x0000000709800000, 0x0000000709800000| Untracked 
|  71|0x0000000709a00000, 0x0000000709a00000, 0x0000000709c00000|  0%| F|  |TAMS 0x0000000709a00000, 0x0000000709a00000| Untracked 
|  72|0x0000000709c00000, 0x0000000709c00000, 0x0000000709e00000|  0%| F|  |TAMS 0x0000000709c00000, 0x0000000709c00000| Untracked 
|  73|0x0000000709e00000, 0x0000000709e00000, 0x000000070a000000|  0%| F|  |TAMS 0x0000000709e00000, 0x0000000709e00000| Untracked 
|  74|0x000000070a000000, 0x000000070a12aa20, 0x000000070a200000| 58%| S|CS|TAMS 0x000000070a000000, 0x000000070a000000| Complete 
|  75|0x000000070a200000, 0x000000070a400000, 0x000000070a400000|100%| S|CS|TAMS 0x000000070a200000, 0x000000070a200000| Complete 
|  76|0x000000070a400000, 0x000000070a600000, 0x000000070a600000|100%| S|CS|TAMS 0x000000070a400000, 0x000000070a400000| Complete 
|  77|0x000000070a600000, 0x000000070a800000, 0x000000070a800000|100%| S|CS|TAMS 0x000000070a600000, 0x000000070a600000| Complete 
|  78|0x000000070a800000, 0x000000070aa00000, 0x000000070aa00000|100%| S|CS|TAMS 0x000000070a800000, 0x000000070a800000| Complete 
|  79|0x000000070aa00000, 0x000000070ac00000, 0x000000070ac00000|100%| S|CS|TAMS 0x000000070aa00000, 0x000000070aa00000| Complete 
|  80|0x000000070ac00000, 0x000000070ae00000, 0x000000070ae00000|100%| S|CS|TAMS 0x000000070ac00000, 0x000000070ac00000| Complete 
|  81|0x000000070ae00000, 0x000000070b000000, 0x000000070b000000|100%| S|CS|TAMS 0x000000070ae00000, 0x000000070ae00000| Complete 
|  82|0x000000070b000000, 0x000000070b200000, 0x000000070b200000|100%| S|CS|TAMS 0x000000070b000000, 0x000000070b000000| Complete 
|  83|0x000000070b200000, 0x000000070b400000, 0x000000070b400000|100%| S|CS|TAMS 0x000000070b200000, 0x000000070b200000| Complete 
|  84|0x000000070b400000, 0x000000070b400000, 0x000000070b600000|  0%| F|  |TAMS 0x000000070b400000, 0x000000070b400000| Untracked 
|  85|0x000000070b600000, 0x000000070b600000, 0x000000070b800000|  0%| F|  |TAMS 0x000000070b600000, 0x000000070b600000| Untracked 
|  86|0x000000070b800000, 0x000000070b800000, 0x000000070ba00000|  0%| F|  |TAMS 0x000000070b800000, 0x000000070b800000| Untracked 
|  87|0x000000070ba00000, 0x000000070ba00000, 0x000000070bc00000|  0%| F|  |TAMS 0x000000070ba00000, 0x000000070ba00000| Untracked 
|  88|0x000000070bc00000, 0x000000070bc00000, 0x000000070be00000|  0%| F|  |TAMS 0x000000070bc00000, 0x000000070bc00000| Untracked 
|  89|0x000000070be00000, 0x000000070be00000, 0x000000070c000000|  0%| F|  |TAMS 0x000000070be00000, 0x000000070be00000| Untracked 
|  90|0x000000070c000000, 0x000000070c000000, 0x000000070c200000|  0%| F|  |TAMS 0x000000070c000000, 0x000000070c000000| Untracked 
|  91|0x000000070c200000, 0x000000070c200000, 0x000000070c400000|  0%| F|  |TAMS 0x000000070c200000, 0x000000070c200000| Untracked 
|  92|0x000000070c400000, 0x000000070c400000, 0x000000070c600000|  0%| F|  |TAMS 0x000000070c400000, 0x000000070c400000| Untracked 
|  93|0x000000070c600000, 0x000000070c600000, 0x000000070c800000|  0%| F|  |TAMS 0x000000070c600000, 0x000000070c600000| Untracked 
|  94|0x000000070c800000, 0x000000070c800000, 0x000000070ca00000|  0%| F|  |TAMS 0x000000070c800000, 0x000000070c800000| Untracked 
|  95|0x000000070ca00000, 0x000000070ca00000, 0x000000070cc00000|  0%| F|  |TAMS 0x000000070ca00000, 0x000000070ca00000| Untracked 
|  96|0x000000070cc00000, 0x000000070cc00000, 0x000000070ce00000|  0%| F|  |TAMS 0x000000070cc00000, 0x000000070cc00000| Untracked 
|  97|0x000000070ce00000, 0x000000070ce00000, 0x000000070d000000|  0%| F|  |TAMS 0x000000070ce00000, 0x000000070ce00000| Untracked 
|  98|0x000000070d000000, 0x000000070d000000, 0x000000070d200000|  0%| F|  |TAMS 0x000000070d000000, 0x000000070d000000| Untracked 
|  99|0x000000070d200000, 0x000000070d200000, 0x000000070d400000|  0%| F|  |TAMS 0x000000070d200000, 0x000000070d200000| Untracked 
| 100|0x000000070d400000, 0x000000070d400000, 0x000000070d600000|  0%| F|  |TAMS 0x000000070d400000, 0x000000070d400000| Untracked 
| 101|0x000000070d600000, 0x000000070d600000, 0x000000070d800000|  0%| F|  |TAMS 0x000000070d600000, 0x000000070d600000| Untracked 
| 102|0x000000070d800000, 0x000000070d800000, 0x000000070da00000|  0%| F|  |TAMS 0x000000070d800000, 0x000000070d800000| Untracked 
| 103|0x000000070da00000, 0x000000070da00000, 0x000000070dc00000|  0%| F|  |TAMS 0x000000070da00000, 0x000000070da00000| Untracked 
| 104|0x000000070dc00000, 0x000000070dc00000, 0x000000070de00000|  0%| F|  |TAMS 0x000000070dc00000, 0x000000070dc00000| Untracked 
| 105|0x000000070de00000, 0x000000070de00000, 0x000000070e000000|  0%| F|  |TAMS 0x000000070de00000, 0x000000070de00000| Untracked 
| 106|0x000000070e000000, 0x000000070e000000, 0x000000070e200000|  0%| F|  |TAMS 0x000000070e000000, 0x000000070e000000| Untracked 
| 107|0x000000070e200000, 0x000000070e200000, 0x000000070e400000|  0%| F|  |TAMS 0x000000070e200000, 0x000000070e200000| Untracked 
| 108|0x000000070e400000, 0x000000070e400000, 0x000000070e600000|  0%| F|  |TAMS 0x000000070e400000, 0x000000070e400000| Untracked 
| 109|0x000000070e600000, 0x000000070e600000, 0x000000070e800000|  0%| F|  |TAMS 0x000000070e600000, 0x000000070e600000| Untracked 
| 110|0x000000070e800000, 0x000000070e800000, 0x000000070ea00000|  0%| F|  |TAMS 0x000000070e800000, 0x000000070e800000| Untracked 
| 111|0x000000070ea00000, 0x000000070ea00000, 0x000000070ec00000|  0%| F|  |TAMS 0x000000070ea00000, 0x000000070ea00000| Untracked 
| 112|0x000000070ec00000, 0x000000070ec00000, 0x000000070ee00000|  0%| F|  |TAMS 0x000000070ec00000, 0x000000070ec00000| Untracked 
| 113|0x000000070ee00000, 0x000000070ee00000, 0x000000070f000000|  0%| F|  |TAMS 0x000000070ee00000, 0x000000070ee00000| Untracked 
| 114|0x000000070f000000, 0x000000070f000000, 0x000000070f200000|  0%| F|  |TAMS 0x000000070f000000, 0x000000070f000000| Untracked 
| 115|0x000000070f200000, 0x000000070f200000, 0x000000070f400000|  0%| F|  |TAMS 0x000000070f200000, 0x000000070f200000| Untracked 
| 116|0x000000070f400000, 0x000000070f400000, 0x000000070f600000|  0%| F|  |TAMS 0x000000070f400000, 0x000000070f400000| Untracked 
| 117|0x000000070f600000, 0x000000070f600000, 0x000000070f800000|  0%| F|  |TAMS 0x000000070f600000, 0x000000070f600000| Untracked 
| 118|0x000000070f800000, 0x000000070f800000, 0x000000070fa00000|  0%| F|  |TAMS 0x000000070f800000, 0x000000070f800000| Untracked 
| 119|0x000000070fa00000, 0x000000070fa00000, 0x000000070fc00000|  0%| F|  |TAMS 0x000000070fa00000, 0x000000070fa00000| Untracked 
| 120|0x000000070fc00000, 0x000000070fc00000, 0x000000070fe00000|  0%| F|  |TAMS 0x000000070fc00000, 0x000000070fc00000| Untracked 
| 121|0x000000070fe00000, 0x000000070fe00000, 0x0000000710000000|  0%| F|  |TAMS 0x000000070fe00000, 0x000000070fe00000| Untracked 
| 122|0x0000000710000000, 0x0000000710000000, 0x0000000710200000|  0%| F|  |TAMS 0x0000000710000000, 0x0000000710000000| Untracked 
| 123|0x0000000710200000, 0x0000000710200000, 0x0000000710400000|  0%| F|  |TAMS 0x0000000710200000, 0x0000000710200000| Untracked 
| 124|0x0000000710400000, 0x0000000710400000, 0x0000000710600000|  0%| F|  |TAMS 0x0000000710400000, 0x0000000710400000| Untracked 
| 125|0x0000000710600000, 0x0000000710600000, 0x0000000710800000|  0%| F|  |TAMS 0x0000000710600000, 0x0000000710600000| Untracked 
| 126|0x0000000710800000, 0x0000000710800000, 0x0000000710a00000|  0%| F|  |TAMS 0x0000000710800000, 0x0000000710800000| Untracked 
| 127|0x0000000710a00000, 0x0000000710a00000, 0x0000000710c00000|  0%| F|  |TAMS 0x0000000710a00000, 0x0000000710a00000| Untracked 
| 128|0x0000000710c00000, 0x0000000710c00000, 0x0000000710e00000|  0%| F|  |TAMS 0x0000000710c00000, 0x0000000710c00000| Untracked 
| 129|0x0000000710e00000, 0x0000000710e00000, 0x0000000711000000|  0%| F|  |TAMS 0x0000000710e00000, 0x0000000710e00000| Untracked 
| 130|0x0000000711000000, 0x0000000711000000, 0x0000000711200000|  0%| F|  |TAMS 0x0000000711000000, 0x0000000711000000| Untracked 
| 131|0x0000000711200000, 0x0000000711200000, 0x0000000711400000|  0%| F|  |TAMS 0x0000000711200000, 0x0000000711200000| Untracked 
| 132|0x0000000711400000, 0x0000000711400000, 0x0000000711600000|  0%| F|  |TAMS 0x0000000711400000, 0x0000000711400000| Untracked 
| 133|0x0000000711600000, 0x0000000711600000, 0x0000000711800000|  0%| F|  |TAMS 0x0000000711600000, 0x0000000711600000| Untracked 
| 134|0x0000000711800000, 0x0000000711800000, 0x0000000711a00000|  0%| F|  |TAMS 0x0000000711800000, 0x0000000711800000| Untracked 
| 135|0x0000000711a00000, 0x0000000711a00000, 0x0000000711c00000|  0%| F|  |TAMS 0x0000000711a00000, 0x0000000711a00000| Untracked 
| 136|0x0000000711c00000, 0x0000000711c00000, 0x0000000711e00000|  0%| F|  |TAMS 0x0000000711c00000, 0x0000000711c00000| Untracked 
| 137|0x0000000711e00000, 0x0000000711e00000, 0x0000000712000000|  0%| F|  |TAMS 0x0000000711e00000, 0x0000000711e00000| Untracked 
| 138|0x0000000712000000, 0x0000000712000000, 0x0000000712200000|  0%| F|  |TAMS 0x0000000712000000, 0x0000000712000000| Untracked 
| 139|0x0000000712200000, 0x0000000712200000, 0x0000000712400000|  0%| F|  |TAMS 0x0000000712200000, 0x0000000712200000| Untracked 
| 140|0x0000000712400000, 0x0000000712400000, 0x0000000712600000|  0%| F|  |TAMS 0x0000000712400000, 0x0000000712400000| Untracked 
| 141|0x0000000712600000, 0x0000000712600000, 0x0000000712800000|  0%| F|  |TAMS 0x0000000712600000, 0x0000000712600000| Untracked 
| 142|0x0000000712800000, 0x0000000712800000, 0x0000000712a00000|  0%| F|  |TAMS 0x0000000712800000, 0x0000000712800000| Untracked 
| 143|0x0000000712a00000, 0x0000000712a00000, 0x0000000712c00000|  0%| F|  |TAMS 0x0000000712a00000, 0x0000000712a00000| Untracked 
| 144|0x0000000712c00000, 0x0000000712c00000, 0x0000000712e00000|  0%| F|  |TAMS 0x0000000712c00000, 0x0000000712c00000| Untracked 
| 145|0x0000000712e00000, 0x0000000712e00000, 0x0000000713000000|  0%| F|  |TAMS 0x0000000712e00000, 0x0000000712e00000| Untracked 
| 146|0x0000000713000000, 0x0000000713000000, 0x0000000713200000|  0%| F|  |TAMS 0x0000000713000000, 0x0000000713000000| Untracked 
| 147|0x0000000713200000, 0x0000000713200000, 0x0000000713400000|  0%| F|  |TAMS 0x0000000713200000, 0x0000000713200000| Untracked 
| 148|0x0000000713400000, 0x0000000713400000, 0x0000000713600000|  0%| F|  |TAMS 0x0000000713400000, 0x0000000713400000| Untracked 
| 149|0x0000000713600000, 0x0000000713600000, 0x0000000713800000|  0%| F|  |TAMS 0x0000000713600000, 0x0000000713600000| Untracked 
| 150|0x0000000713800000, 0x0000000713800000, 0x0000000713a00000|  0%| F|  |TAMS 0x0000000713800000, 0x0000000713800000| Untracked 
| 151|0x0000000713a00000, 0x0000000713a00000, 0x0000000713c00000|  0%| F|  |TAMS 0x0000000713a00000, 0x0000000713a00000| Untracked 
| 152|0x0000000713c00000, 0x0000000713c00000, 0x0000000713e00000|  0%| F|  |TAMS 0x0000000713c00000, 0x0000000713c00000| Untracked 
| 153|0x0000000713e00000, 0x0000000713e00000, 0x0000000714000000|  0%| F|  |TAMS 0x0000000713e00000, 0x0000000713e00000| Untracked 
| 154|0x0000000714000000, 0x0000000714000000, 0x0000000714200000|  0%| F|  |TAMS 0x0000000714000000, 0x0000000714000000| Untracked 
| 155|0x0000000714200000, 0x0000000714200000, 0x0000000714400000|  0%| F|  |TAMS 0x0000000714200000, 0x0000000714200000| Untracked 
| 156|0x0000000714400000, 0x0000000714400000, 0x0000000714600000|  0%| F|  |TAMS 0x0000000714400000, 0x0000000714400000| Untracked 
| 157|0x0000000714600000, 0x0000000714600000, 0x0000000714800000|  0%| F|  |TAMS 0x0000000714600000, 0x0000000714600000| Untracked 
| 158|0x0000000714800000, 0x0000000714800000, 0x0000000714a00000|  0%| F|  |TAMS 0x0000000714800000, 0x0000000714800000| Untracked 
| 159|0x0000000714a00000, 0x0000000714a00000, 0x0000000714c00000|  0%| F|  |TAMS 0x0000000714a00000, 0x0000000714a00000| Untracked 
| 160|0x0000000714c00000, 0x0000000714c00000, 0x0000000714e00000|  0%| F|  |TAMS 0x0000000714c00000, 0x0000000714c00000| Untracked 
| 161|0x0000000714e00000, 0x0000000714e00000, 0x0000000715000000|  0%| F|  |TAMS 0x0000000714e00000, 0x0000000714e00000| Untracked 
| 162|0x0000000715000000, 0x0000000715000000, 0x0000000715200000|  0%| F|  |TAMS 0x0000000715000000, 0x0000000715000000| Untracked 
| 163|0x0000000715200000, 0x0000000715200000, 0x0000000715400000|  0%| F|  |TAMS 0x0000000715200000, 0x0000000715200000| Untracked 
| 164|0x0000000715400000, 0x0000000715400000, 0x0000000715600000|  0%| F|  |TAMS 0x0000000715400000, 0x0000000715400000| Untracked 
| 165|0x0000000715600000, 0x0000000715600000, 0x0000000715800000|  0%| F|  |TAMS 0x0000000715600000, 0x0000000715600000| Untracked 
| 166|0x0000000715800000, 0x0000000715800000, 0x0000000715a00000|  0%| F|  |TAMS 0x0000000715800000, 0x0000000715800000| Untracked 
| 167|0x0000000715a00000, 0x0000000715a00000, 0x0000000715c00000|  0%| F|  |TAMS 0x0000000715a00000, 0x0000000715a00000| Untracked 
| 168|0x0000000715c00000, 0x0000000715c00000, 0x0000000715e00000|  0%| F|  |TAMS 0x0000000715c00000, 0x0000000715c00000| Untracked 
| 169|0x0000000715e00000, 0x0000000715e00000, 0x0000000716000000|  0%| F|  |TAMS 0x0000000715e00000, 0x0000000715e00000| Untracked 
| 170|0x0000000716000000, 0x0000000716000000, 0x0000000716200000|  0%| F|  |TAMS 0x0000000716000000, 0x0000000716000000| Untracked 
| 171|0x0000000716200000, 0x0000000716200000, 0x0000000716400000|  0%| F|  |TAMS 0x0000000716200000, 0x0000000716200000| Untracked 
| 172|0x0000000716400000, 0x0000000716400000, 0x0000000716600000|  0%| F|  |TAMS 0x0000000716400000, 0x0000000716400000| Untracked 
| 173|0x0000000716600000, 0x0000000716600000, 0x0000000716800000|  0%| F|  |TAMS 0x0000000716600000, 0x0000000716600000| Untracked 
| 174|0x0000000716800000, 0x0000000716800000, 0x0000000716a00000|  0%| F|  |TAMS 0x0000000716800000, 0x0000000716800000| Untracked 
| 175|0x0000000716a00000, 0x0000000716a00000, 0x0000000716c00000|  0%| F|  |TAMS 0x0000000716a00000, 0x0000000716a00000| Untracked 
| 176|0x0000000716c00000, 0x0000000716c00000, 0x0000000716e00000|  0%| F|  |TAMS 0x0000000716c00000, 0x0000000716c00000| Untracked 
| 177|0x0000000716e00000, 0x0000000716e00000, 0x0000000717000000|  0%| F|  |TAMS 0x0000000716e00000, 0x0000000716e00000| Untracked 
| 178|0x0000000717000000, 0x0000000717000000, 0x0000000717200000|  0%| F|  |TAMS 0x0000000717000000, 0x0000000717000000| Untracked 
| 179|0x0000000717200000, 0x0000000717200000, 0x0000000717400000|  0%| F|  |TAMS 0x0000000717200000, 0x0000000717200000| Untracked 
| 180|0x0000000717400000, 0x0000000717400000, 0x0000000717600000|  0%| F|  |TAMS 0x0000000717400000, 0x0000000717400000| Untracked 
| 181|0x0000000717600000, 0x0000000717600000, 0x0000000717800000|  0%| F|  |TAMS 0x0000000717600000, 0x0000000717600000| Untracked 
| 182|0x0000000717800000, 0x0000000717800000, 0x0000000717a00000|  0%| F|  |TAMS 0x0000000717800000, 0x0000000717800000| Untracked 
| 183|0x0000000717a00000, 0x0000000717a00000, 0x0000000717c00000|  0%| F|  |TAMS 0x0000000717a00000, 0x0000000717a00000| Untracked 
| 184|0x0000000717c00000, 0x0000000717c00000, 0x0000000717e00000|  0%| F|  |TAMS 0x0000000717c00000, 0x0000000717c00000| Untracked 
| 185|0x0000000717e00000, 0x0000000717e00000, 0x0000000718000000|  0%| F|  |TAMS 0x0000000717e00000, 0x0000000717e00000| Untracked 
| 186|0x0000000718000000, 0x0000000718000000, 0x0000000718200000|  0%| F|  |TAMS 0x0000000718000000, 0x0000000718000000| Untracked 
| 187|0x0000000718200000, 0x0000000718200000, 0x0000000718400000|  0%| F|  |TAMS 0x0000000718200000, 0x0000000718200000| Untracked 
| 188|0x0000000718400000, 0x0000000718400000, 0x0000000718600000|  0%| F|  |TAMS 0x0000000718400000, 0x0000000718400000| Untracked 
| 189|0x0000000718600000, 0x0000000718600000, 0x0000000718800000|  0%| F|  |TAMS 0x0000000718600000, 0x0000000718600000| Untracked 
| 190|0x0000000718800000, 0x0000000718800000, 0x0000000718a00000|  0%| F|  |TAMS 0x0000000718800000, 0x0000000718800000| Untracked 
| 191|0x0000000718a00000, 0x0000000718a00000, 0x0000000718c00000|  0%| F|  |TAMS 0x0000000718a00000, 0x0000000718a00000| Untracked 
| 192|0x0000000718c00000, 0x0000000718c00000, 0x0000000718e00000|  0%| F|  |TAMS 0x0000000718c00000, 0x0000000718c00000| Untracked 
| 193|0x0000000718e00000, 0x0000000718e00000, 0x0000000719000000|  0%| F|  |TAMS 0x0000000718e00000, 0x0000000718e00000| Untracked 
| 194|0x0000000719000000, 0x0000000719000000, 0x0000000719200000|  0%| F|  |TAMS 0x0000000719000000, 0x0000000719000000| Untracked 
| 195|0x0000000719200000, 0x0000000719200000, 0x0000000719400000|  0%| F|  |TAMS 0x0000000719200000, 0x0000000719200000| Untracked 
| 196|0x0000000719400000, 0x0000000719400000, 0x0000000719600000|  0%| F|  |TAMS 0x0000000719400000, 0x0000000719400000| Untracked 
| 197|0x0000000719600000, 0x0000000719600000, 0x0000000719800000|  0%| F|  |TAMS 0x0000000719600000, 0x0000000719600000| Untracked 
| 198|0x0000000719800000, 0x0000000719800000, 0x0000000719a00000|  0%| F|  |TAMS 0x0000000719800000, 0x0000000719800000| Untracked 
| 199|0x0000000719a00000, 0x0000000719a00000, 0x0000000719c00000|  0%| F|  |TAMS 0x0000000719a00000, 0x0000000719a00000| Untracked 
| 200|0x0000000719c00000, 0x0000000719c00000, 0x0000000719e00000|  0%| F|  |TAMS 0x0000000719c00000, 0x0000000719c00000| Untracked 
| 201|0x0000000719e00000, 0x0000000719e00000, 0x000000071a000000|  0%| F|  |TAMS 0x0000000719e00000, 0x0000000719e00000| Untracked 
| 202|0x000000071a000000, 0x000000071a000000, 0x000000071a200000|  0%| F|  |TAMS 0x000000071a000000, 0x000000071a000000| Untracked 
| 203|0x000000071a200000, 0x000000071a200000, 0x000000071a400000|  0%| F|  |TAMS 0x000000071a200000, 0x000000071a200000| Untracked 
| 204|0x000000071a400000, 0x000000071a400000, 0x000000071a600000|  0%| F|  |TAMS 0x000000071a400000, 0x000000071a400000| Untracked 
| 205|0x000000071a600000, 0x000000071a600000, 0x000000071a800000|  0%| F|  |TAMS 0x000000071a600000, 0x000000071a600000| Untracked 
| 206|0x000000071a800000, 0x000000071a800000, 0x000000071aa00000|  0%| F|  |TAMS 0x000000071a800000, 0x000000071a800000| Untracked 
| 207|0x000000071aa00000, 0x000000071aa00000, 0x000000071ac00000|  0%| F|  |TAMS 0x000000071aa00000, 0x000000071aa00000| Untracked 
| 208|0x000000071ac00000, 0x000000071ac00000, 0x000000071ae00000|  0%| F|  |TAMS 0x000000071ac00000, 0x000000071ac00000| Untracked 

Card table byte_map: [0x000002c797ef0000,0x000002c7986f0000] _byte_map_base: 0x000002c7946ea000

Marking Bits (Prev, Next): (CMBitMap*) 0x000002c791464100, (CMBitMap*) 0x000002c791464140
 Prev Bits: [0x000002c798ef0000, 0x000002c79cec0000)
 Next Bits: [0x000002c79cec0000, 0x000002c7a0e90000)

Polling page: 0x000002c78f360000

Metaspace:

Usage:
  Non-class:     34.86 MB used.
      Class:      4.97 MB used.
       Both:     39.84 MB used.

Virtual space:
  Non-class space:       40.00 MB reserved,      35.06 MB ( 88%) committed,  5 nodes.
      Class space:        1.00 GB reserved,       5.12 MB ( <1%) committed,  1 nodes.
             Both:        1.04 GB reserved,      40.19 MB (  4%) committed. 

Chunk freelists:
   Non-Class:  256.00 KB
       Class:  2.90 MB
        Both:  3.15 MB

MaxMetaspaceSize: unlimited
CompressedClassSpaceSize: 1.00 GB
Initial GC threshold: 21.00 MB
Current GC threshold: 59.19 MB
CDS: off
MetaspaceReclaimPolicy: balanced
 - commit_granule_bytes: 65536.
 - commit_granule_words: 8192.
 - virtual_space_node_default_size: 1048576.
 - enlarge_chunks_in_place: 1.
 - new_chunks_are_fully_committed: 0.
 - uncommit_free_chunks: 1.
 - use_allocation_guard: 0.
 - handle_deallocations: 1.


Internal statistics:

num_allocs_failed_limit: 8.
num_arena_births: 392.
num_arena_deaths: 0.
num_vsnodes_births: 6.
num_vsnodes_deaths: 0.
num_space_committed: 643.
num_space_uncommitted: 0.
num_chunks_returned_to_freelist: 8.
num_chunks_taken_from_freelist: 1599.
num_chunk_merges: 8.
num_chunk_splits: 1107.
num_chunks_enlarged: 859.
num_purges: 0.
num_inconsistent_stats: 0.

CodeCache: size=49152Kb used=14925Kb max_used=14925Kb free=34227Kb
 bounds [0x000002c794080000, 0x000002c794f20000, 0x000002c797080000]
 total_blobs=4994 nmethods=4435 adapters=475
 compilation: enabled
              stopped_count=0, restarted_count=0
 full_count=0

Compilation events (20 events):
Event: 2.897 Thread 0x000002c7a4aa2380 4428       1       java.util.regex.Pattern::single (82 bytes)
Event: 2.897 Thread 0x000002c7a8c67fd0 4429       1       java.util.regex.Pattern::Single (7 bytes)
Event: 2.898 Thread 0x000002c7a8c603a0 4430       1       java.util.regex.Pattern$$Lambda$28/0x000000080014a598::<init> (10 bytes)
Event: 2.899 Thread 0x000002c7a8c619b0 4431       1       java.util.regex.Pattern::group0 (1097 bytes)
Event: 2.899 Thread 0x000002c7a8c46c20 4432       1       java.util.concurrent.ConcurrentHashMap::values (25 bytes)
Event: 2.899 Thread 0x000002c7a4aadd60 4433       1       java.util.regex.Pattern::createGroup (86 bytes)
Event: 2.899 Thread 0x000002c7a8c45eb0 4434       1       java.util.regex.Pattern$GroupHead::<init> (10 bytes)
Event: 2.899 Thread 0x000002c7a52518a0 4435       1       java.util.regex.Pattern$GroupTail::<init> (17 bytes)
Event: 2.899 Thread 0x000002c7a8c6b920 4436       1       java.util.regex.Pattern::accept (43 bytes)
Event: 2.899 Thread 0x000002c7a8c614a0 4437       1       java.util.regex.Pattern::bitsOrSingle (106 bytes)
Event: 2.899 Thread 0x000002c7a4884140 4438       1       java.util.regex.Pattern$BitClass::add (97 bytes)
Event: 2.899 Thread 0x000002c7a5503010 4439       1       java.util.regex.Pattern::qtype (39 bytes)
Event: 2.900 Thread 0x000002c7a8c67fd0 nmethod 4429 0x000002c794f10f90 code [0x000002c794f11120, 0x000002c794f11208]
Event: 2.900 Thread 0x000002c7a8c603a0 nmethod 4430 0x000002c794f11310 code [0x000002c794f114a0, 0x000002c794f11578]
Event: 2.907 Thread 0x000002c7a4aa2380 nmethod 4428 0x000002c794f11610 code [0x000002c794f11820, 0x000002c794f11cd8]
Event: 2.907 Thread 0x000002c7a52518a0 nmethod 4435 0x000002c794f11f10 code [0x000002c794f120a0, 0x000002c794f121d8]
Event: 2.907 Thread 0x000002c7a8c45eb0 nmethod 4434 0x000002c794f12290 code [0x000002c794f12420, 0x000002c794f12558]
Event: 2.907 Thread 0x000002c7a8c46c20 nmethod 4432 0x000002c794f12610 code [0x000002c794f127a0, 0x000002c794f129b8]
Event: 2.907 Thread 0x000002c7a8c614a0 nmethod 4437 0x000002c794f12a90 code [0x000002c794f12c40, 0x000002c794f12e58]
Event: 2.907 Thread 0x000002c7a8c6b920 nmethod 4436 0x000002c794f12f10 code [0x000002c794f130c0, 0x000002c794f132d8]

GC Heap History (20 events):
Event: 2.404 GC heap after
{Heap after GC invocations=12 (full 0):
 garbage-first heap   total 137216K, used 42470K [0x0000000700c00000, 0x0000000800000000)
  region size 2048K, 6 young (12288K), 6 survivors (12288K)
 Metaspace       used 37694K, committed 37952K, reserved 1089536K
  class space    used 4754K, committed 4864K, reserved 1048576K
}
Event: 2.534 GC heap before
{Heap before GC invocations=12 (full 0):
 garbage-first heap   total 137216K, used 83430K [0x0000000700c00000, 0x0000000800000000)
  region size 2048K, 26 young (53248K), 6 survivors (12288K)
 Metaspace       used 39005K, committed 39424K, reserved 1089536K
  class space    used 4921K, committed 5120K, reserved 1048576K
}
Event: 2.539 GC heap after
{Heap after GC invocations=13 (full 0):
 garbage-first heap   total 137216K, used 51586K [0x0000000700c00000, 0x0000000800000000)
  region size 2048K, 4 young (8192K), 4 survivors (8192K)
 Metaspace       used 39005K, committed 39424K, reserved 1089536K
  class space    used 4921K, committed 5120K, reserved 1048576K
}
Event: 2.612 GC heap before
{Heap before GC invocations=13 (full 0):
 garbage-first heap   total 137216K, used 88450K [0x0000000700c00000, 0x0000000800000000)
  region size 2048K, 23 young (47104K), 4 survivors (8192K)
 Metaspace       used 39577K, committed 39936K, reserved 1089536K
  class space    used 5000K, committed 5184K, reserved 1048576K
}
Event: 2.627 GC heap after
{Heap after GC invocations=14 (full 0):
 garbage-first heap   total 204800K, used 66897K [0x0000000700c00000, 0x0000000800000000)
  region size 2048K, 3 young (6144K), 3 survivors (6144K)
 Metaspace       used 39577K, committed 39936K, reserved 1089536K
  class space    used 5000K, committed 5184K, reserved 1048576K
}
Event: 2.650 GC heap before
{Heap before GC invocations=14 (full 0):
 garbage-first heap   total 204800K, used 134481K [0x0000000700c00000, 0x0000000800000000)
  region size 2048K, 37 young (75776K), 3 survivors (6144K)
 Metaspace       used 39664K, committed 40000K, reserved 1089536K
  class space    used 5006K, committed 5184K, reserved 1048576K
}
Event: 2.654 GC heap after
{Heap after GC invocations=15 (full 0):
 garbage-first heap   total 204800K, used 72257K [0x0000000700c00000, 0x0000000800000000)
  region size 2048K, 2 young (4096K), 2 survivors (4096K)
 Metaspace       used 39664K, committed 40000K, reserved 1089536K
  class space    used 5006K, committed 5184K, reserved 1048576K
}
Event: 2.672 GC heap before
{Heap before GC invocations=15 (full 0):
 garbage-first heap   total 204800K, used 141889K [0x0000000700c00000, 0x0000000800000000)
  region size 2048K, 37 young (75776K), 2 survivors (4096K)
 Metaspace       used 39680K, committed 40064K, reserved 1089536K
  class space    used 5009K, committed 5184K, reserved 1048576K
}
Event: 2.675 GC heap after
{Heap after GC invocations=16 (full 0):
 garbage-first heap   total 204800K, used 74642K [0x0000000700c00000, 0x0000000800000000)
  region size 2048K, 3 young (6144K), 3 survivors (6144K)
 Metaspace       used 39680K, committed 40064K, reserved 1089536K
  class space    used 5009K, committed 5184K, reserved 1048576K
}
Event: 2.705 GC heap before
{Heap before GC invocations=16 (full 0):
 garbage-first heap   total 204800K, used 148370K [0x0000000700c00000, 0x0000000800000000)
  region size 2048K, 40 young (81920K), 3 survivors (6144K)
 Metaspace       used 39756K, committed 40128K, reserved 1089536K
  class space    used 5013K, committed 5184K, reserved 1048576K
}
Event: 2.709 GC heap after
{Heap after GC invocations=17 (full 0):
 garbage-first heap   total 204800K, used 78248K [0x0000000700c00000, 0x0000000800000000)
  region size 2048K, 4 young (8192K), 4 survivors (8192K)
 Metaspace       used 39756K, committed 40128K, reserved 1089536K
  class space    used 5013K, committed 5184K, reserved 1048576K
}
Event: 2.725 GC heap before
{Heap before GC invocations=17 (full 0):
 garbage-first heap   total 204800K, used 149928K [0x0000000700c00000, 0x0000000800000000)
  region size 2048K, 40 young (81920K), 4 survivors (8192K)
 Metaspace       used 39764K, committed 40128K, reserved 1089536K
  class space    used 5017K, committed 5184K, reserved 1048576K
}
Event: 2.730 GC heap after
{Heap after GC invocations=18 (full 0):
 garbage-first heap   total 428032K, used 80722K [0x0000000700c00000, 0x0000000800000000)
  region size 2048K, 3 young (6144K), 3 survivors (6144K)
 Metaspace       used 39764K, committed 40128K, reserved 1089536K
  class space    used 5017K, committed 5184K, reserved 1048576K
}
Event: 2.784 GC heap before
{Heap before GC invocations=18 (full 0):
 garbage-first heap   total 428032K, used 320338K [0x0000000700c00000, 0x0000000800000000)
  region size 2048K, 121 young (247808K), 3 survivors (6144K)
 Metaspace       used 40230K, committed 40576K, reserved 1089536K
  class space    used 5064K, committed 5248K, reserved 1048576K
}
Event: 2.792 GC heap after
{Heap after GC invocations=19 (full 0):
 garbage-first heap   total 428032K, used 90309K [0x0000000700c00000, 0x0000000800000000)
  region size 2048K, 8 young (16384K), 8 survivors (16384K)
 Metaspace       used 40230K, committed 40576K, reserved 1089536K
  class space    used 5064K, committed 5248K, reserved 1048576K
}
Event: 2.824 GC heap before
{Heap before GC invocations=19 (full 0):
 garbage-first heap   total 428032K, used 327877K [0x0000000700c00000, 0x0000000800000000)
  region size 2048K, 125 young (256000K), 8 survivors (16384K)
 Metaspace       used 40386K, committed 40704K, reserved 1089536K
  class space    used 5079K, committed 5248K, reserved 1048576K
}
Event: 2.834 GC heap after
{Heap after GC invocations=20 (full 0):
 garbage-first heap   total 428032K, used 100940K [0x0000000700c00000, 0x0000000800000000)
  region size 2048K, 13 young (26624K), 13 survivors (26624K)
 Metaspace       used 40386K, committed 40704K, reserved 1089536K
  class space    used 5079K, committed 5248K, reserved 1048576K
}
Event: 2.860 GC heap before
{Heap before GC invocations=20 (full 0):
 garbage-first heap   total 428032K, used 328268K [0x0000000700c00000, 0x0000000800000000)
  region size 2048K, 125 young (256000K), 13 survivors (26624K)
 Metaspace       used 40466K, committed 40768K, reserved 1089536K
  class space    used 5087K, committed 5248K, reserved 1048576K
}
Event: 2.874 GC heap after
{Heap after GC invocations=21 (full 0):
 garbage-first heap   total 428032K, used 110520K [0x0000000700c00000, 0x0000000800000000)
  region size 2048K, 11 young (22528K), 11 survivors (22528K)
 Metaspace       used 40466K, committed 40768K, reserved 1089536K
  class space    used 5087K, committed 5248K, reserved 1048576K
}
Event: 2.907 GC heap before
{Heap before GC invocations=21 (full 0):
 garbage-first heap   total 428032K, used 341944K [0x0000000700c00000, 0x0000000800000000)
  region size 2048K, 125 young (256000K), 11 survivors (22528K)
 Metaspace       used 40793K, committed 41152K, reserved 1089536K
  class space    used 5091K, committed 5248K, reserved 1048576K
}

Dll operation events (8 events):
Event: 0.007 Loaded shared library c:\Users\pbj25\.vscode\extensions\redhat.java-1.13.0-win32-x64\jre\17.0.5-win32-x86_64\bin\java.dll
Event: 0.158 Loaded shared library C:\Users\pbj25\.vscode\extensions\redhat.java-1.13.0-win32-x64\jre\17.0.5-win32-x86_64\bin\net.dll
Event: 0.160 Loaded shared library C:\Users\pbj25\.vscode\extensions\redhat.java-1.13.0-win32-x64\jre\17.0.5-win32-x86_64\bin\nio.dll
Event: 0.166 Loaded shared library C:\Users\pbj25\.vscode\extensions\redhat.java-1.13.0-win32-x64\jre\17.0.5-win32-x86_64\bin\zip.dll
Event: 0.272 Loaded shared library c:\Users\pbj25\.vscode\extensions\redhat.java-1.13.0-win32-x64\jre\17.0.5-win32-x86_64\bin\verify.dll
Event: 0.277 Loaded shared library C:\Users\pbj25\.vscode\extensions\redhat.java-1.13.0-win32-x64\jre\17.0.5-win32-x86_64\bin\jimage.dll
Event: 0.863 Loaded shared library C:\Users\pbj25\.vscode\extensions\redhat.java-1.13.0-win32-x64\jre\17.0.5-win32-x86_64\bin\management.dll
Event: 0.865 Loaded shared library C:\Users\pbj25\.vscode\extensions\redhat.java-1.13.0-win32-x64\jre\17.0.5-win32-x86_64\bin\management_ext.dll

Deoptimization events (14 events):
Event: 0.997 Thread 0x000002c7913f2190 DEOPT PACKING pc=0x000002c794682079 sp=0x000000ecb1afd600
Event: 0.997 Thread 0x000002c7913f2190 DEOPT UNPACKING pc=0x000002c7940d2b43 sp=0x000000ecb1afcae0 mode 3
Event: 1.468 Thread 0x000002c7913f2190 DEOPT PACKING pc=0x000002c7947a2855 sp=0x000000ecb1afb4f0
Event: 1.468 Thread 0x000002c7913f2190 DEOPT UNPACKING pc=0x000002c7940d2b43 sp=0x000000ecb1afaa08 mode 3
Event: 1.837 Thread 0x000002c7913f2190 DEOPT PACKING pc=0x000002c794813779 sp=0x000000ecb1afc9e0
Event: 1.837 Thread 0x000002c7913f2190 DEOPT UNPACKING pc=0x000002c7940d2b43 sp=0x000000ecb1afbec0 mode 3
Event: 2.074 Thread 0x000002c7a613a740 DEOPT PACKING pc=0x000002c7948cf7ed sp=0x000000ecb42fe0e0
Event: 2.074 Thread 0x000002c7a613a740 DEOPT UNPACKING pc=0x000002c7940d2b43 sp=0x000000ecb42fd608 mode 3
Event: 2.133 Thread 0x000002c7a613ae20 DEOPT PACKING pc=0x000002c7948e8493 sp=0x000000ecb43fe800
Event: 2.133 Thread 0x000002c7a613ae20 DEOPT UNPACKING pc=0x000002c7940d2b43 sp=0x000000ecb43fdd48 mode 3
Event: 2.160 Thread 0x000002c7a610d6d0 DEOPT PACKING pc=0x000002c79467f809 sp=0x000000ecb41fdb40
Event: 2.160 Thread 0x000002c7a610d6d0 DEOPT UNPACKING pc=0x000002c7940d2b43 sp=0x000000ecb41fcfd0 mode 3
Event: 2.513 Thread 0x000002c7a613a740 DEOPT PACKING pc=0x000002c79467d29f sp=0x000000ecb42ff110
Event: 2.513 Thread 0x000002c7a613a740 DEOPT UNPACKING pc=0x000002c7940d2b43 sp=0x000000ecb42fe568 mode 3

Classes unloaded (0 events):
No events

Classes redefined (0 events):
No events

Internal exceptions (20 events):
Event: 2.168 Thread 0x000002c7a6214080 Exception <a 'sun/nio/fs/WindowsException'{0x0000000710b12548}> (0x0000000710b12548) 
thrown [s\src\hotspot\share\prims\jni.cpp, line 516]
Event: 2.169 Thread 0x000002c7a6214080 Exception <a 'sun/nio/fs/WindowsException'{0x0000000710b12f38}> (0x0000000710b12f38) 
thrown [s\src\hotspot\share\prims\jni.cpp, line 516]
Event: 2.169 Thread 0x000002c7a6214080 Exception <a 'sun/nio/fs/WindowsException'{0x0000000710b132e0}> (0x0000000710b132e0) 
thrown [s\src\hotspot\share\prims\jni.cpp, line 516]
Event: 2.169 Thread 0x000002c7a6214080 Exception <a 'sun/nio/fs/WindowsException'{0x0000000710b13ce0}> (0x0000000710b13ce0) 
thrown [s\src\hotspot\share\prims\jni.cpp, line 516]
Event: 2.169 Thread 0x000002c7a6214080 Exception <a 'sun/nio/fs/WindowsException'{0x0000000710b140a0}> (0x0000000710b140a0) 
thrown [s\src\hotspot\share\prims\jni.cpp, line 516]
Event: 2.169 Thread 0x000002c7a6214080 Exception <a 'sun/nio/fs/WindowsException'{0x0000000710b14aa0}> (0x0000000710b14aa0) 
thrown [s\src\hotspot\share\prims\jni.cpp, line 516]
Event: 2.169 Thread 0x000002c7a6214080 Exception <a 'sun/nio/fs/WindowsException'{0x0000000710b14e50}> (0x0000000710b14e50) 
thrown [s\src\hotspot\share\prims\jni.cpp, line 516]
Event: 2.169 Thread 0x000002c7a6214080 Exception <a 'sun/nio/fs/WindowsException'{0x0000000710b15850}> (0x0000000710b15850) 
thrown [s\src\hotspot\share\prims\jni.cpp, line 516]
Event: 2.169 Thread 0x000002c7a6214080 Exception <a 'sun/nio/fs/WindowsException'{0x0000000710b15c10}> (0x0000000710b15c10) 
thrown [s\src\hotspot\share\prims\jni.cpp, line 516]
Event: 2.169 Thread 0x000002c7a6214080 Exception <a 'sun/nio/fs/WindowsException'{0x0000000710b4f458}> (0x0000000710b4f458) 
thrown [s\src\hotspot\share\prims\jni.cpp, line 516]
Event: 2.169 Thread 0x000002c7a6214080 Exception <a 'sun/nio/fs/WindowsException'{0x0000000710b4f838}> (0x0000000710b4f838) 
thrown [s\src\hotspot\share\prims\jni.cpp, line 516]
Event: 2.170 Thread 0x000002c7a6214080 Exception <a 'sun/nio/fs/WindowsException'{0x0000000710b50270}> (0x0000000710b50270) 
thrown [s\src\hotspot\share\prims\jni.cpp, line 516]
Event: 2.170 Thread 0x000002c7a6214080 Exception <a 'sun/nio/fs/WindowsException'{0x0000000710b50660}> (0x0000000710b50660) 
thrown [s\src\hotspot\share\prims\jni.cpp, line 516]
Event: 2.171 Thread 0x000002c7a6214080 Exception <a 'sun/nio/fs/WindowsException'{0x0000000710b51088}> (0x0000000710b51088) 
thrown [s\src\hotspot\share\prims\jni.cpp, line 516]
Event: 2.171 Thread 0x000002c7a6214080 Exception <a 'sun/nio/fs/WindowsException'{0x0000000710b51478}> (0x0000000710b51478) 
thrown [s\src\hotspot\share\prims\jni.cpp, line 516]
Event: 2.463 Thread 0x000002c7a613a740 Exception <a 'java/lang/NoSuchMethodError'{0x0000000707789db8}: 'java.lang.Object java.lang.invoke.Invokers$Holder.invoke_MT(java.lang.Object, java.lang.Object, java.lang.Object)'> (0x0000000707789db8) 
thrown [s\src\hotspot\share\interpreter\linkResolver.cpp, line 759]
Event: 2.508 Thread 0x000002c7a613a740 Exception <a 'java/lang/NoSuchMethodError'{0x0000000706fa0580}: 'java.lang.Object java.lang.invoke.DirectMethodHandle$Holder.newInvokeSpecial(java.lang.Object, java.lang.Object, int)'> (0x0000000706fa0580) 
thrown [s\src\hotspot\share\interpreter\linkResolver.cpp, line 759]
Event: 2.511 Thread 0x000002c7a62273a0 Exception <a 'java/lang/NoSuchMethodError'{0x0000000706c3ccf0}: 'java.lang.Object java.lang.invoke.Invokers$Holder.linkToTargetMethod(java.lang.Object, long, java.lang.Object)'> (0x0000000706c3ccf0) 
thrown [s\src\hotspot\share\interpreter\linkResolver.cpp, line 759]
Event: 2.517 Thread 0x000002c7a62273a0 Exception <a 'sun/nio/fs/WindowsException'{0x0000000706d0e428}> (0x0000000706d0e428) 
thrown [s\src\hotspot\share\prims\jni.cpp, line 516]
Event: 2.597 Thread 0x000002c7a62226a0 Exception <a 'java/lang/NoSuchMethodError'{0x0000000707343df8}: 'void java.lang.invoke.DirectMethodHandle$Holder.invokeVirtual(java.lang.Object, java.lang.Object, java.lang.Object, java.lang.Object)'> (0x0000000707343df8) 
thrown [s\src\hotspot\share\interpreter\linkResolver.cpp, line 759]

VM Operations (20 events):
Event: 2.724 Executing VM operation: HandshakeAllThreads done
Event: 2.724 Executing VM operation: G1CollectForAllocation
Event: 2.730 Executing VM operation: G1CollectForAllocation done
Event: 2.750 Executing VM operation: HandshakeAllThreads
Event: 2.752 Executing VM operation: HandshakeAllThreads done
Event: 2.783 Executing VM operation: G1CollectForAllocation
Event: 2.784 Executing VM operation: G1CollectForAllocation done
Event: 2.784 Executing VM operation: G1CollectForAllocation
Event: 2.792 Executing VM operation: G1CollectForAllocation done
Event: 2.822 Executing VM operation: G1CollectForAllocation
Event: 2.823 Executing VM operation: G1CollectForAllocation done
Event: 2.823 Executing VM operation: G1CollectForAllocation
Event: 2.834 Executing VM operation: G1CollectForAllocation done
Event: 2.859 Executing VM operation: G1CollectForAllocation
Event: 2.860 Executing VM operation: G1CollectForAllocation done
Event: 2.860 Executing VM operation: G1CollectForAllocation
Event: 2.874 Executing VM operation: G1CollectForAllocation done
Event: 2.902 Executing VM operation: G1CollectForAllocation
Event: 2.907 Executing VM operation: G1CollectForAllocation done
Event: 2.907 Executing VM operation: G1CollectForAllocation

Events (20 events):
Event: 2.648 Thread 0x000002c7a8c45eb0 Thread added: 0x000002c7a8c45eb0
Event: 2.648 Thread 0x000002c7a8c46c20 Thread added: 0x000002c7a8c46c20
Event: 2.654 Thread 0x000002c7a8c67fd0 Thread added: 0x000002c7a8c67fd0
Event: 2.655 Thread 0x000002c7a8c603a0 Thread added: 0x000002c7a8c603a0
Event: 2.657 Thread 0x000002c7a6224380 Thread added: 0x000002c7a6224380
Event: 2.672 Thread 0x000002c7a8c614a0 Thread added: 0x000002c7a8c614a0
Event: 2.675 Thread 0x000002c7a8c6b920 Thread added: 0x000002c7a8c6b920
Event: 2.676 Thread 0x000002c7a8c619b0 Thread added: 0x000002c7a8c619b0
Event: 2.711 Thread 0x000002c7a6226a00 Thread added: 0x000002c7a6226a00
Event: 2.712 Thread 0x000002c7a6224850 Thread added: 0x000002c7a6224850
Event: 2.835 loading class sun/util/ResourceBundleEnumeration
Event: 2.835 loading class sun/util/ResourceBundleEnumeration done
Event: 2.836 loading class jdk/internal/jrtfs/SystemImage
Event: 2.836 loading class jdk/internal/jrtfs/SystemImage done
Event: 2.851 loading class java/security/AllPermissionCollection
Event: 2.855 loading class java/security/AllPermissionCollection done
Event: 2.874 loading class jdk/internal/jrtfs/SystemImage$2
Event: 2.874 loading class jdk/internal/jrtfs/SystemImage$2 done
Event: 2.874 loading class jdk/internal/jrtfs/SystemImage$1
Event: 2.876 loading class jdk/internal/jrtfs/SystemImage$1 done


Dynamic libraries:
0x00007ff60e470000 - 0x00007ff60e47e000 	c:\Users\pbj25\.vscode\extensions\redhat.java-1.13.0-win32-x64\jre\17.0.5-win32-x86_64\bin\java.exe
0x00007ffe04550000 - 0x00007ffe04748000 	C:\WINDOWS\SYSTEM32\ntdll.dll
0x00007ffe025a0000 - 0x00007ffe0265f000 	C:\WINDOWS\System32\KERNEL32.DLL
0x00007ffe021e0000 - 0x00007ffe024b2000 	C:\WINDOWS\System32\KERNELBASE.dll
0x00007ffe01c50000 - 0x00007ffe01d50000 	C:\WINDOWS\System32\ucrtbase.dll
0x00007ffdff370000 - 0x00007ffdff387000 	c:\Users\pbj25\.vscode\extensions\redhat.java-1.13.0-win32-x64\jre\17.0.5-win32-x86_64\bin\jli.dll
0x00007ffdfd750000 - 0x00007ffdfd769000 	c:\Users\pbj25\.vscode\extensions\redhat.java-1.13.0-win32-x64\jre\17.0.5-win32-x86_64\bin\VCRUNTIME140.dll
0x00007ffe02c20000 - 0x00007ffe02dbd000 	C:\WINDOWS\System32\USER32.dll
0x00007ffe02050000 - 0x00007ffe02072000 	C:\WINDOWS\System32\win32u.dll
0x00007ffe03e20000 - 0x00007ffe03e4b000 	C:\WINDOWS\System32\GDI32.dll
0x00007ffe01f40000 - 0x00007ffe0204f000 	C:\WINDOWS\System32\gdi32full.dll
0x00007ffdf0640000 - 0x00007ffdf08da000 	C:\WINDOWS\WinSxS\amd64_microsoft.windows.common-controls_6595b64144ccf1df_6.0.19041.1110_none_60b5254171f9507e\COMCTL32.dll
0x00007ffe01ea0000 - 0x00007ffe01f3d000 	C:\WINDOWS\System32\msvcp_win.dll
0x00007ffe03280000 - 0x00007ffe0331e000 	C:\WINDOWS\System32\msvcrt.dll
0x00007ffe02880000 - 0x00007ffe028b2000 	C:\WINDOWS\System32\IMM32.DLL
0x00007ffdff3e0000 - 0x00007ffdff3ec000 	c:\Users\pbj25\.vscode\extensions\redhat.java-1.13.0-win32-x64\jre\17.0.5-win32-x86_64\bin\vcruntime140_1.dll
0x00007ffddd410000 - 0x00007ffddd4a1000 	c:\Users\pbj25\.vscode\extensions\redhat.java-1.13.0-win32-x64\jre\17.0.5-win32-x86_64\bin\msvcp140.dll
0x00007ffd9a1e0000 - 0x00007ffd9ae24000 	c:\Users\pbj25\.vscode\extensions\redhat.java-1.13.0-win32-x64\jre\17.0.5-win32-x86_64\bin\server\jvm.dll
0x00007ffe033e0000 - 0x00007ffe0348e000 	C:\WINDOWS\System32\ADVAPI32.dll
0x00007ffe02660000 - 0x00007ffe026fc000 	C:\WINDOWS\System32\sechost.dll
0x00007ffe043e0000 - 0x00007ffe04505000 	C:\WINDOWS\System32\RPCRT4.dll
0x00007ffdf7ec0000 - 0x00007ffdf7ee7000 	C:\WINDOWS\SYSTEM32\WINMM.dll
0x00007ffdfb2a0000 - 0x00007ffdfb2a9000 	C:\WINDOWS\SYSTEM32\WSOCK32.dll
0x00007ffdfc800000 - 0x00007ffdfc80a000 	C:\WINDOWS\SYSTEM32\VERSION.dll
0x00007ffe03d00000 - 0x00007ffe03d6b000 	C:\WINDOWS\System32\WS2_32.dll
0x00007ffdffae0000 - 0x00007ffdffaf2000 	C:\WINDOWS\SYSTEM32\kernel.appcore.dll
0x00007ffdff3b0000 - 0x00007ffdff3ba000 	c:\Users\pbj25\.vscode\extensions\redhat.java-1.13.0-win32-x64\jre\17.0.5-win32-x86_64\bin\jimage.dll
0x00007ffdf68a0000 - 0x00007ffdf6a84000 	C:\WINDOWS\SYSTEM32\DBGHELP.DLL
0x00007ffdf0c70000 - 0x00007ffdf0c9c000 	C:\WINDOWS\SYSTEM32\dbgcore.DLL
0x00007ffe024c0000 - 0x00007ffe02542000 	C:\WINDOWS\System32\bcryptPrimitives.dll
0x00007ffde5a40000 - 0x00007ffde5a65000 	c:\Users\pbj25\.vscode\extensions\redhat.java-1.13.0-win32-x64\jre\17.0.5-win32-x86_64\bin\java.dll
0x00007ffdf7b70000 - 0x00007ffdf7b88000 	c:\Users\pbj25\.vscode\extensions\redhat.java-1.13.0-win32-x64\jre\17.0.5-win32-x86_64\bin\zip.dll
0x00007ffe034f0000 - 0x00007ffe03c33000 	C:\WINDOWS\System32\SHELL32.dll
0x00007ffdffce0000 - 0x00007ffe00472000 	C:\WINDOWS\SYSTEM32\windows.storage.dll
0x00007ffe02dc0000 - 0x00007ffe03114000 	C:\WINDOWS\System32\combase.dll
0x00007ffe015d0000 - 0x00007ffe01600000 	C:\WINDOWS\SYSTEM32\Wldp.dll
0x00007ffe03d70000 - 0x00007ffe03e1d000 	C:\WINDOWS\System32\SHCORE.dll
0x00007ffe02800000 - 0x00007ffe02855000 	C:\WINDOWS\System32\shlwapi.dll
0x00007ffe01b90000 - 0x00007ffe01baf000 	C:\WINDOWS\SYSTEM32\profapi.dll
0x00007ffdf4dd0000 - 0x00007ffdf4de9000 	C:\Users\pbj25\.vscode\extensions\redhat.java-1.13.0-win32-x64\jre\17.0.5-win32-x86_64\bin\net.dll
0x00007ffdfb320000 - 0x00007ffdfb42c000 	C:\WINDOWS\SYSTEM32\WINHTTP.dll
0x00007ffe013b0000 - 0x00007ffe0141a000 	C:\WINDOWS\system32\mswsock.dll
0x00007ffdf4c90000 - 0x00007ffdf4ca5000 	C:\Users\pbj25\.vscode\extensions\redhat.java-1.13.0-win32-x64\jre\17.0.5-win32-x86_64\bin\nio.dll
0x00007ffdf7b10000 - 0x00007ffdf7b20000 	c:\Users\pbj25\.vscode\extensions\redhat.java-1.13.0-win32-x64\jre\17.0.5-win32-x86_64\bin\verify.dll
0x00007ffdf7710000 - 0x00007ffdf7719000 	C:\Users\pbj25\.vscode\extensions\redhat.java-1.13.0-win32-x64\jre\17.0.5-win32-x86_64\bin\management.dll
0x00007ffdf7560000 - 0x00007ffdf756b000 	C:\Users\pbj25\.vscode\extensions\redhat.java-1.13.0-win32-x64\jre\17.0.5-win32-x86_64\bin\management_ext.dll
0x00007ffe03c40000 - 0x00007ffe03c48000 	C:\WINDOWS\System32\PSAPI.DLL
0x00007ffdea4e0000 - 0x00007ffdea4f7000 	C:\WINDOWS\system32\napinsp.dll
0x00007ffde7130000 - 0x00007ffde714b000 	C:\WINDOWS\system32\pnrpnsp.dll
0x00007ffde7400000 - 0x00007ffde7415000 	C:\WINDOWS\system32\wshbth.dll
0x00007ffdfd700000 - 0x00007ffdfd71d000 	C:\WINDOWS\system32\NLAapi.dll
0x00007ffe01070000 - 0x00007ffe010ab000 	C:\WINDOWS\SYSTEM32\IPHLPAPI.DLL
0x00007ffe010c0000 - 0x00007ffe0118a000 	C:\WINDOWS\SYSTEM32\DNSAPI.dll
0x00007ffe027e0000 - 0x00007ffe027e8000 	C:\WINDOWS\System32\NSI.dll
0x00007ffde73e0000 - 0x00007ffde73f2000 	C:\WINDOWS\System32\winrnr.dll
0x00007ffdfae50000 - 0x00007ffdfae5a000 	C:\Windows\System32\rasadhlp.dll
0x00007ffdfaae0000 - 0x00007ffdfab60000 	C:\WINDOWS\System32\fwpuclnt.dll
0x00007ffe01dc0000 - 0x00007ffe01de7000 	C:\WINDOWS\System32\bcrypt.dll
0x00007ffe01610000 - 0x00007ffe01628000 	C:\WINDOWS\SYSTEM32\CRYPTSP.dll
0x00007ffe00c80000 - 0x00007ffe00cb4000 	C:\WINDOWS\system32\rsaenh.dll
0x00007ffe01b10000 - 0x00007ffe01b3e000 	C:\WINDOWS\SYSTEM32\USERENV.dll
0x00007ffe01540000 - 0x00007ffe0154c000 	C:\WINDOWS\SYSTEM32\CRYPTBASE.dll
0x00007ffdfcb40000 - 0x00007ffdfcb57000 	C:\WINDOWS\SYSTEM32\dhcpcsvc6.DLL
0x00007ffdfcb10000 - 0x00007ffdfcb2d000 	C:\WINDOWS\SYSTEM32\dhcpcsvc.DLL

dbghelp: loaded successfully - version: 4.0.5 - missing functions: none
symbol engine: initialized successfully - sym options: 0x614 - pdb path: .;c:\Users\pbj25\.vscode\extensions\redhat.java-1.13.0-win32-x64\jre\17.0.5-win32-x86_64\bin;C:\WINDOWS\SYSTEM32;C:\WINDOWS\WinSxS\amd64_microsoft.windows.common-controls_6595b64144ccf1df_6.0.19041.1110_none_60b5254171f9507e;c:\Users\pbj25\.vscode\extensions\redhat.java-1.13.0-win32-x64\jre\17.0.5-win32-x86_64\bin\server

VM Arguments:
jvm_args: -Dsts.lsp.client=vscode -Dsts.log.file=/dev/null -XX:TieredStopAtLevel=1 -Xlog:jni+resolve=off -Dspring.config.location=file:c:\Users\pbj25\.vscode\extensions\pivotal.vscode-spring-boot-1.42.0\language-server\BOOT-INF\classes\application.properties 
java_command: org.springframework.ide.vscode.boot.app.BootLanguageServerBootApp
java_class_path (initial): c:\Users\pbj25\.vscode\extensions\pivotal.vscode-spring-boot-1.42.0\language-server\BOOT-INF\classes;c:\Users\pbj25\.vscode\extensions\pivotal.vscode-spring-boot-1.42.0\language-server\BOOT-INF\lib\annotations-23.1.0.jar;c:\Users\pbj25\.vscode\extensions\pivotal.vscode-spring-boot-1.42.0\language-server\BOOT-INF\lib\ant-1.10.12.jar;c:\Users\pbj25\.vscode\extensions\pivotal.vscode-spring-boot-1.42.0\language-server\BOOT-INF\lib\ant-launcher-1.10.12.jar;c:\Users\pbj25\.vscode\extensions\pivotal.vscode-spring-boot-1.42.0\language-server\BOOT-INF\lib\antlr-runtime-3.5.2.jar;c:\Users\pbj25\.vscode\extensions\pivotal.vscode-spring-boot-1.42.0\language-server\BOOT-INF\lib\antlr4-4.9.3.jar;c:\Users\pbj25\.vscode\extensions\pivotal.vscode-spring-boot-1.42.0\language-server\BOOT-INF\lib\antlr4-runtime-4.9.3.jar;c:\Users\pbj25\.vscode\extensions\pivotal.vscode-spring-boot-1.42.0\language-server\BOOT-INF\lib\apiguardian-api-1.1.2.jar;c:\Users\pbj25\.vscode\extensions\pivotal.vscode-spring-boot-1.42.0\language-server\BOOT-INF\lib\asm-9.4.jar;c:\Users\pbj25\.vscode\extensions\pivotal.vscode-spring-boot-1.42.0\language-server\BOOT-INF\lib\asm-analysis-9.4.jar;c:\Users\pbj25\.vscode\extensions\pivotal.vscode-spring-boot-1.42.0\language-server\BOOT-INF\lib\asm-tree-9.4.jar;c:\Users\pbj25\.vscode\extensions\pivotal.vscode-spring-boot-1.42.0\language-server\BOOT-INF\lib\asm-util-9.4.jar;c:\Users\pbj25\.vscode\extensions\pivotal.vscode-spring-boot-1.42.0\language-server\BOOT-INF\lib\caffeine-2.9.3.jar;c:\Users\pbj25\.vscode\extensions\pivotal.vscode-spring-boot-1.42.0\language-server\BOOT-INF\lib\checker-qual-3.12.0.jar;c:\Users\pbj25\.vscode\extensions\pivotal.vscode-spring-boot-1.42.0\language-server\BOOT-INF\lib\ci-environment-9.1.0.jar;c:\Users\pbj25\.vscode\extensions\pivotal.vscode-spring-boot-1.42.0\language-server\BOOT-INF\lib\classgraph-4.8.149.jar;c:\Users\pbj25\.vscode\extensions\pivotal.vscode-spring-boot-1.42.0\language-server\BOOT-INF\lib\comm
Launcher Type: SUN_STANDARD

[Global flags]
     intx CICompilerCount                          = 12                                        {product} {ergonomic}
     uint ConcGCThreads                            = 3                                         {product} {ergonomic}
     uint G1ConcRefinementThreads                  = 13                                        {product} {ergonomic}
   size_t G1HeapRegionSize                         = 2097152                                   {product} {ergonomic}
    uintx GCDrainStackTargetSize                   = 64                                        {product} {ergonomic}
   size_t InitialHeapSize                          = 268435456                                 {product} {ergonomic}
   size_t MarkStackSize                            = 4194304                                   {product} {ergonomic}
   size_t MaxHeapSize                              = 4282384384                                {product} {ergonomic}
   size_t MaxNewSize                               = 2569011200                                {product} {ergonomic}
   size_t MinHeapDeltaBytes                        = 2097152                                   {product} {ergonomic}
   size_t MinHeapSize                              = 8388608                                   {product} {ergonomic}
    uintx NonProfiledCodeHeapSize                  = 0                                      {pd product} {ergonomic}
     bool ProfileInterpreter                       = false                                  {pd product} {command line}
    uintx ProfiledCodeHeapSize                     = 0                                      {pd product} {ergonomic}
   size_t SoftMaxHeapSize                          = 4282384384                             {manageable} {ergonomic}
     intx TieredStopAtLevel                        = 1                                         {product} {command line}
     bool UseCompressedClassPointers               = true                           {product lp64_product} {ergonomic}
     bool UseCompressedOops                        = true                           {product lp64_product} {ergonomic}
     bool UseG1GC                                  = true                                      {product} {ergonomic}
     bool UseLargePagesIndividualAllocation        = false                                  {pd product} {ergonomic}

Logging:
Log output configuration:
 #0: stdout all=warning,jni+resolve=off uptime,level,tags
 #1: stderr all=off uptime,level,tags

Environment Variables:
JAVA_HOME=C:\Program Files\Java\jdk-17.0.5
PATH=C:\Program Files\Eclipse Adoptium\jdk-17.0.4.101-hotspot\bin;C:\WINDOWS\system32;C:\WINDOWS;C:\WINDOWS\System32\Wbem;C:\WINDOWS\System32\WindowsPowerShell\v1.0\;C:\WINDOWS\System32\OpenSSH\;C:\Program Files (x86)\NVIDIA Corporation\PhysX\Common;C:\Program Files\NVIDIA Corporation\NVIDIA NvDLISR;C:\Program Files\Java\jdk-17.0.5\bin;C:\Program Files\Git\cmd;C:\Program Files\nodejs\;C:\Develops\apache-maven-3.8.6\bin;C:\Program Files\MySQL\MySQL Shell 8.0\bin\;C:\Users\pbj25\AppData\Local\Programs\Python\Python39\Scripts\;C:\Users\pbj25\AppData\Local\Programs\Python\Python39\;C:\Users\pbj25\AppData\Local\Microsoft\WindowsApps;C:\Program Files\Bandizip\;C:\Users\pbj25\AppData\Local\Programs\Microsoft VS Code\bin;C:\Users\pbj25\AppData\Local\GitHubDesktop\bin;C:\Users\pbj25\AppData\Roaming\npm
USERNAME=pbj25
OS=Windows_NT
PROCESSOR_IDENTIFIER=AMD64 Family 23 Model 113 Stepping 0, AuthenticAMD
TMP=C:\Users\pbj25\AppData\Local\Temp
TEMP=C:\Users\pbj25\AppData\Local\Temp



---------------  S Y S T E M  ---------------

OS:
 Windows 10 , 64 bit Build 19041 (10.0.19041.2251)
OS uptime: 11 days 1:42 hours
Hyper-V role detected

CPU: total 16 (initial active 16) (16 cores per cpu, 2 threads per core) family 23 model 113 stepping 0 microcode 0x0, cx8, cmov, fxsr, ht, mmx, 3dnowpref, sse, sse2, sse3, ssse3, sse4a, sse4.1, sse4.2, popcnt, lzcnt, tsc, tscinvbit, avx, avx2, aes, clmul, bmi1, bmi2, adx, sha, fma, vzeroupper, clflush, clflushopt, hv

Memory: 4k page, system-wide physical 16332M (1512M free)
TotalPageFile size 26332M (AvailPageFile size 248M)
current process WorkingSet (physical memory assigned to process): 561M, peak: 561M
current process commit charge ("private bytes"): 599M, peak: 1315M

vm_info: OpenJDK 64-Bit Server VM (17.0.5+8) for windows-amd64 JRE (17.0.5+8), built on Oct 19 2022 04:48:13 by "temurin" with MS VC++ 16.7 (VS2019)

END.
