#
# There is insufficient memory for the Java Runtime Environment to continue.
# Native memory allocation (mmap) failed to map 645922816 bytes for G1 virtual space
# Possible reasons:
#   The system is out of physical RAM or swap space
#   The process is running with CompressedOops enabled, and the Java Heap may be blocking the growth of the native heap
# Possible solutions:
#   Reduce memory load on the system
#   Increase physical memory or swap space
#   Check if swap backing store is full
#   Decrease Java heap size (-Xmx/-Xms)
#   Decrease number of Java threads
#   Decrease Java thread stack sizes (-Xss)
#   Set larger code cache with -XX:ReservedCodeCacheSize=
#   JVM is running with Zero Based Compressed Oops mode in which the Java heap is
#     placed in the first 32GB address space. The Java Heap base address is the
#     maximum limit for the native heap growth. Please use -XX:HeapBaseMinAddress
#     to set the Java Heap base and to place the Java Heap above 32GB virtual address.
# This output file may be truncated or incomplete.
#
#  Out of Memory Error (os_windows.cpp:3548), pid=12328, tid=15380
#
# JRE version: OpenJDK Runtime Environment Temurin-17.0.5+8 (17.0.5+8) (build 17.0.5+8)
# Java VM: OpenJDK 64-Bit Server VM Temurin-17.0.5+8 (17.0.5+8, mixed mode, emulated-client, tiered, compressed oops, compressed class ptrs, g1 gc, windows-amd64)
# No core dump will be written. Minidumps are not enabled by default on client versions of Windows
#

---------------  S U M M A R Y ------------

Command Line: -Dsts.lsp.client=vscode -Dsts.log.file=/dev/null -XX:TieredStopAtLevel=1 -Xlog:jni+resolve=off -Dspring.config.location=file:c:\Users\pbj25\.vscode\extensions\pivotal.vscode-spring-boot-1.42.0\language-server\BOOT-INF\classes\application.properties org.springframework.ide.vscode.boot.app.BootLanguageServerBootApp

Host: AMD Ryzen 7 3700X 8-Core Processor             , 16 cores, 15G,  Windows 10 , 64 bit Build 19041 (10.0.19041.2251)
Time: Tue Dec 13 14:15:39 2022  Windows 10 , 64 bit Build 19041 (10.0.19041.2251) elapsed time: 2.780363 seconds (0d 0h 0m 2s)

---------------  T H R E A D  ---------------

Current thread (0x000001cfae02e0c0):  VMThread "VM Thread" [stack: 0x00000032a1e00000,0x00000032a1f00000] [id=15380]

Stack: [0x00000032a1e00000,0x00000032a1f00000]
Native frames: (J=compiled Java code, j=interpreted, Vv=VM code, C=native code)
V  [jvm.dll+0x676b3a]
V  [jvm.dll+0x831444]
V  [jvm.dll+0x832bee]
V  [jvm.dll+0x833253]
V  [jvm.dll+0x244ce5]
V  [jvm.dll+0x673a49]
V  [jvm.dll+0x66811a]
V  [jvm.dll+0x303ceb]
V  [jvm.dll+0x30b1e6]
V  [jvm.dll+0x35adbe]
V  [jvm.dll+0x35afef]
V  [jvm.dll+0x2dab88]
V  [jvm.dll+0x2d8e3c]
V  [jvm.dll+0x2d840c]
V  [jvm.dll+0x31c31b]
V  [jvm.dll+0x8376fb]
V  [jvm.dll+0x838434]
V  [jvm.dll+0x83894c]
V  [jvm.dll+0x838d24]
V  [jvm.dll+0x838df0]
V  [jvm.dll+0x7e17ea]
V  [jvm.dll+0x6759e5]
C  [ucrtbase.dll+0x21bb2]
C  [KERNEL32.DLL+0x174b4]
C  [ntdll.dll+0x526a1]

VM_Operation (0x00000032a52fdd20): G1CollectForAllocation, mode: safepoint, requested by thread 0x000001cfafa2a360


---------------  P R O C E S S  ---------------

Threads class SMR info:
_java_thread_list=0x000001cfb2421660, length=61, elements={
0x000001cfae050750, 0x000001cfae0515c0, 0x000001cfae09a850, 0x000001cfae09d4e0,
0x000001cfae09f2a0, 0x000001cfae0a03f0, 0x000001cfae0a2460, 0x000001cfae0a3710,
0x000001cfae2b8c10, 0x000001cfae2bba00, 0x000001cfae2e9ed0, 0x000001cfae2f2af0,
0x000001cfae80a100, 0x000001cfaf5e31b0, 0x000001cfaf5e36c0, 0x000001cfaf627620,
0x000001cfaf805ab0, 0x000001cfaf63e6b0, 0x000001cf9abb3520, 0x000001cfaf457e20,
0x000001cfaf9279b0, 0x000001cfaf938840, 0x000001cfaf951be0, 0x000001cfafa0d0e0,
0x000001cfafa11fb0, 0x000001cfafa12480, 0x000001cfafa132f0, 0x000001cfafa11ae0,
0x000001cfafa14630, 0x000001cfafa12950, 0x000001cfafa12e20, 0x000001cfafa137c0,
0x000001cfafa14fd0, 0x000001cfafa13c90, 0x000001cfafa14160, 0x000001cfafa14b00,
0x000001cfafa11610, 0x000001cfafa2a360, 0x000001cfafa26000, 0x000001cfafa28680,
0x000001cfafa2b6a0, 0x000001cfafa2bb70, 0x000001cfafa25190, 0x000001cfafa281b0,
0x000001cfafa264d0, 0x000001cfafa269a0, 0x000001cfafa294f0, 0x000001cfafa25660,
0x000001cfafa2c040, 0x000001cfafa25b30, 0x000001cfafa2b1d0, 0x000001cfafa2a830,
0x000001cfb2507640, 0x000001cfb260d640, 0x000001cfb260adc0, 0x000001cfb260d130,
0x000001cfb260c710, 0x000001cfb260c200, 0x000001cfafa299c0, 0x000001cfafa29e90,
0x000001cfafa247f0
}

Java Threads: ( => current thread )
  0x000001cfae050750 JavaThread "Reference Handler" daemon [_thread_blocked, id=33672, stack(0x00000032a1f00000,0x00000032a2000000)]
  0x000001cfae0515c0 JavaThread "Finalizer" daemon [_thread_blocked, id=22604, stack(0x00000032a2000000,0x00000032a2100000)]
  0x000001cfae09a850 JavaThread "Signal Dispatcher" daemon [_thread_blocked, id=1128, stack(0x00000032a2100000,0x00000032a2200000)]
  0x000001cfae09d4e0 JavaThread "Attach Listener" daemon [_thread_blocked, id=30860, stack(0x00000032a2200000,0x00000032a2300000)]
  0x000001cfae09f2a0 JavaThread "Service Thread" daemon [_thread_blocked, id=14756, stack(0x00000032a2300000,0x00000032a2400000)]
  0x000001cfae0a03f0 JavaThread "Monitor Deflation Thread" daemon [_thread_blocked, id=20880, stack(0x00000032a2400000,0x00000032a2500000)]
  0x000001cfae0a2460 JavaThread "C1 CompilerThread0" daemon [_thread_blocked, id=18104, stack(0x00000032a2500000,0x00000032a2600000)]
  0x000001cfae0a3710 JavaThread "Sweeper thread" daemon [_thread_blocked, id=17420, stack(0x00000032a2600000,0x00000032a2700000)]
  0x000001cfae2b8c10 JavaThread "C1 CompilerThread1" daemon [_thread_blocked, id=37388, stack(0x00000032a2700000,0x00000032a2800000)]
  0x000001cfae2bba00 JavaThread "C1 CompilerThread2" daemon [_thread_blocked, id=39876, stack(0x00000032a2800000,0x00000032a2900000)]
  0x000001cfae2e9ed0 JavaThread "Notification Thread" daemon [_thread_blocked, id=31132, stack(0x00000032a2900000,0x00000032a2a00000)]
  0x000001cfae2f2af0 JavaThread "Common-Cleaner" daemon [_thread_blocked, id=11060, stack(0x00000032a2b00000,0x00000032a2c00000)]
  0x000001cfae80a100 JavaThread "C1 CompilerThread3" daemon [_thread_blocked, id=6116, stack(0x00000032a2c00000,0x00000032a2d00000)]
  0x000001cfaf5e31b0 JavaThread "C1 CompilerThread4" daemon [_thread_blocked, id=28640, stack(0x00000032a3b00000,0x00000032a3c00000)]
  0x000001cfaf5e36c0 JavaThread "C1 CompilerThread5" daemon [_thread_blocked, id=38908, stack(0x00000032a3c00000,0x00000032a3d00000)]
  0x000001cfaf627620 JavaThread "boundedElastic-evictor-1" daemon [_thread_blocked, id=35712, stack(0x00000032a3d00000,0x00000032a3e00000)]
  0x000001cfaf805ab0 JavaThread "pool-11-thread-1" [_thread_blocked, id=35648, stack(0x00000032a3e00000,0x00000032a3f00000)]
  0x000001cfaf63e6b0 JavaThread "LanguageServerApp-lifecycle" [_thread_blocked, id=39084, stack(0x00000032a3f00000,0x00000032a4000000)]
  0x000001cf9abb3520 JavaThread "DestroyJavaVM" [_thread_blocked, id=30624, stack(0x00000032a1800000,0x00000032a1900000)]
  0x000001cfaf457e20 JavaThread "pool-12-thread-1" [_thread_in_native, id=38644, stack(0x00000032a4000000,0x00000032a4100000)]
  0x000001cfaf9279b0 JavaThread "Simple-Language-Server main thread" daemon [_thread_blocked, id=26936, stack(0x00000032a4100000,0x00000032a4200000)]
  0x000001cfaf938840 JavaThread "ForkJoinPool.commonPool-worker-1" daemon [_thread_blocked, id=39016, stack(0x00000032a4200000,0x00000032a4300000)]
  0x000001cfaf951be0 JavaThread "ClassGraph-worker-0" daemon [_thread_blocked, id=21932, stack(0x00000032a4300000,0x00000032a4400000)]
  0x000001cfafa0d0e0 JavaThread "parallel-1" daemon [_thread_blocked, id=37156, stack(0x00000032a4400000,0x00000032a4500000)]
  0x000001cfafa11fb0 JavaThread "ClassGraph-worker-1" daemon [_thread_blocked, id=34700, stack(0x00000032a4500000,0x00000032a4600000)]
  0x000001cfafa12480 JavaThread "ClassGraph-worker-2" daemon [_thread_blocked, id=21136, stack(0x00000032a4600000,0x00000032a4700000)]
  0x000001cfafa132f0 JavaThread "ClassGraph-worker-3" daemon [_thread_blocked, id=16640, stack(0x00000032a4700000,0x00000032a4800000)]
  0x000001cfafa11ae0 JavaThread "ClassGraph-worker-4" daemon [_thread_blocked, id=25900, stack(0x00000032a4800000,0x00000032a4900000)]
  0x000001cfafa14630 JavaThread "ClassGraph-worker-5" daemon [_thread_blocked, id=2392, stack(0x00000032a4900000,0x00000032a4a00000)]
  0x000001cfafa12950 JavaThread "ClassGraph-worker-6" daemon [_thread_blocked, id=36264, stack(0x00000032a4a00000,0x00000032a4b00000)]
  0x000001cfafa12e20 JavaThread "ClassGraph-worker-7" daemon [_thread_blocked, id=16344, stack(0x00000032a4b00000,0x00000032a4c00000)]
  0x000001cfafa137c0 JavaThread "ClassGraph-worker-8" daemon [_thread_blocked, id=21852, stack(0x00000032a4c00000,0x00000032a4d00000)]
  0x000001cfafa14fd0 JavaThread "ClassGraph-worker-9" daemon [_thread_blocked, id=21524, stack(0x00000032a4d00000,0x00000032a4e00000)]
  0x000001cfafa13c90 JavaThread "ClassGraph-worker-10" daemon [_thread_blocked, id=31852, stack(0x00000032a4e00000,0x00000032a4f00000)]
  0x000001cfafa14160 JavaThread "ClassGraph-worker-11" daemon [_thread_blocked, id=30512, stack(0x00000032a4f00000,0x00000032a5000000)]
  0x000001cfafa14b00 JavaThread "ClassGraph-worker-12" daemon [_thread_blocked, id=6992, stack(0x00000032a5000000,0x00000032a5100000)]
  0x000001cfafa11610 JavaThread "ClassGraph-worker-13" daemon [_thread_blocked, id=25112, stack(0x00000032a5100000,0x00000032a5200000)]
  0x000001cfafa2a360 JavaThread "ClassGraph-worker-14" daemon [_thread_blocked, id=20076, stack(0x00000032a5200000,0x00000032a5300000)]
  0x000001cfafa26000 JavaThread "ClassGraph-worker-15" daemon [_thread_blocked, id=30240, stack(0x00000032a5300000,0x00000032a5400000)]
  0x000001cfafa28680 JavaThread "ClassGraph-worker-16" daemon [_thread_blocked, id=19412, stack(0x00000032a5400000,0x00000032a5500000)]
  0x000001cfafa2b6a0 JavaThread "ClassGraph-worker-17" daemon [_thread_blocked, id=24716, stack(0x00000032a5500000,0x00000032a5600000)]
  0x000001cfafa2bb70 JavaThread "ClassGraph-worker-18" daemon [_thread_blocked, id=39324, stack(0x00000032a5600000,0x00000032a5700000)]
  0x000001cfafa25190 JavaThread "ClassGraph-worker-19" daemon [_thread_blocked, id=26468, stack(0x00000032a5700000,0x00000032a5800000)]
  0x000001cfafa281b0 JavaThread "ClassGraph-worker-20" daemon [_thread_blocked, id=30536, stack(0x00000032a5800000,0x00000032a5900000)]
  0x000001cfafa264d0 JavaThread "ClassGraph-worker-21" daemon [_thread_blocked, id=38188, stack(0x00000032a5900000,0x00000032a5a00000)]
  0x000001cfafa269a0 JavaThread "ClassGraph-worker-22" daemon [_thread_blocked, id=29672, stack(0x00000032a5a00000,0x00000032a5b00000)]
  0x000001cfafa294f0 JavaThread "ClassGraph-worker-23" daemon [_thread_blocked, id=30508, stack(0x00000032a5b00000,0x00000032a5c00000)]
  0x000001cfafa25660 JavaThread "pool-6-thread-1" [_thread_blocked, id=27484, stack(0x00000032a5c00000,0x00000032a5d00000)]
  0x000001cfafa2c040 JavaThread "pool-10-thread-1" [_thread_blocked, id=13436, stack(0x00000032a5d00000,0x00000032a5e00000)]
  0x000001cfafa25b30 JavaThread "parallel-2" daemon [_thread_blocked, id=11724, stack(0x00000032a5e00000,0x00000032a5f00000)]
  0x000001cfafa2b1d0 JavaThread "pool-10-thread-2" [_thread_blocked, id=10204, stack(0x00000032a5f00000,0x00000032a6000000)]
  0x000001cfafa2a830 JavaThread "parallel-3" daemon [_thread_blocked, id=16532, stack(0x00000032a6000000,0x00000032a6100000)]
  0x000001cfb2507640 JavaThread "C1 CompilerThread6" daemon [_thread_blocked, id=36348, stack(0x00000032a6100000,0x00000032a6200000)]
  0x000001cfb260d640 JavaThread "C1 CompilerThread7" daemon [_thread_blocked, id=11556, stack(0x00000032a6200000,0x00000032a6300000)]
  0x000001cfb260adc0 JavaThread "C1 CompilerThread8" daemon [_thread_blocked, id=36520, stack(0x00000032a6300000,0x00000032a6400000)]
  0x000001cfb260d130 JavaThread "C1 CompilerThread9" daemon [_thread_blocked, id=38616, stack(0x00000032a6400000,0x00000032a6500000)]
  0x000001cfb260c710 JavaThread "C1 CompilerThread10" daemon [_thread_blocked, id=38680, stack(0x00000032a6500000,0x00000032a6600000)]
  0x000001cfb260c200 JavaThread "C1 CompilerThread11" daemon [_thread_blocked, id=37196, stack(0x00000032a6600000,0x00000032a6700000)]
  0x000001cfafa299c0 JavaThread "Project-Reconciler-1" daemon [_thread_blocked, id=35076, stack(0x00000032a6700000,0x00000032a6800000)]
  0x000001cfafa29e90 JavaThread "pool-10-thread-3" [_thread_blocked, id=34024, stack(0x00000032a6a00000,0x00000032a6b00000)]
  0x000001cfafa247f0 JavaThread "Project-Reconciler-2" daemon [_thread_blocked, id=1228, stack(0x00000032a6b00000,0x00000032a6c00000)]

Other Threads:
=>0x000001cfae02e0c0 VMThread "VM Thread" [stack: 0x00000032a1e00000,0x00000032a1f00000] [id=15380]
  0x000001cfae2eabc0 WatcherThread [stack: 0x00000032a2a00000,0x00000032a2b00000] [id=32516]
  0x000001cf9ac22da0 GCTaskThread "GC Thread#0" [stack: 0x00000032a1900000,0x00000032a1a00000] [id=16052]
  0x000001cfaeb3ee50 GCTaskThread "GC Thread#1" [stack: 0x00000032a2d00000,0x00000032a2e00000] [id=39792]
  0x000001cfaeb3f100 GCTaskThread "GC Thread#2" [stack: 0x00000032a2e00000,0x00000032a2f00000] [id=16376]
  0x000001cfaeb3f5c0 GCTaskThread "GC Thread#3" [stack: 0x00000032a2f00000,0x00000032a3000000] [id=32024]
  0x000001cfaeb3f870 GCTaskThread "GC Thread#4" [stack: 0x00000032a3000000,0x00000032a3100000] [id=36144]
  0x000001cfaeb3fb20 GCTaskThread "GC Thread#5" [stack: 0x00000032a3100000,0x00000032a3200000] [id=28236]
  0x000001cfaf00c9c0 GCTaskThread "GC Thread#6" [stack: 0x00000032a3200000,0x00000032a3300000] [id=31924]
  0x000001cfaf00dc80 GCTaskThread "GC Thread#7" [stack: 0x00000032a3300000,0x00000032a3400000] [id=20140]
  0x000001cfaf00ff40 GCTaskThread "GC Thread#8" [stack: 0x00000032a3400000,0x00000032a3500000] [id=33408]
  0x000001cfaf0101f0 GCTaskThread "GC Thread#9" [stack: 0x00000032a3500000,0x00000032a3600000] [id=38012]
  0x000001cfae2d9ff0 GCTaskThread "GC Thread#10" [stack: 0x00000032a3700000,0x00000032a3800000] [id=22292]
  0x000001cfae2da2a0 GCTaskThread "GC Thread#11" [stack: 0x00000032a3800000,0x00000032a3900000] [id=27784]
  0x000001cfaf58da10 GCTaskThread "GC Thread#12" [stack: 0x00000032a3600000,0x00000032a3700000] [id=29316]
  0x000001cf9ac33c20 ConcurrentGCThread "G1 Main Marker" [stack: 0x00000032a1a00000,0x00000032a1b00000] [id=3432]
  0x000001cf9ac34dd0 ConcurrentGCThread "G1 Conc#0" [stack: 0x00000032a1b00000,0x00000032a1c00000] [id=39192]
  0x000001cfaf23ac60 ConcurrentGCThread "G1 Conc#1" [stack: 0x00000032a3900000,0x00000032a3a00000] [id=13668]
  0x000001cfaf2427a0 ConcurrentGCThread "G1 Conc#2" [stack: 0x00000032a3a00000,0x00000032a3b00000] [id=30136]
  0x000001cfad5b55a0 ConcurrentGCThread "G1 Refine#0" [stack: 0x00000032a1c00000,0x00000032a1d00000] [id=25052]
  0x000001cfb24899c0 ConcurrentGCThread "G1 Refine#1" [stack: 0x00000032a6800000,0x00000032a6900000] [id=14536]
  0x000001cfb248b0c0 ConcurrentGCThread "G1 Refine#2" [stack: 0x00000032a6900000,0x00000032a6a00000] [id=22808]
  0x000001cfad5b5fc0 ConcurrentGCThread "G1 Service" [stack: 0x00000032a1d00000,0x00000032a1e00000] [id=39264]

Threads with active compile tasks:

VM state: at safepoint (normal execution)

VM Mutex/Monitor currently owned by a thread:  ([mutex/lock_event])
[0x000001cf988fa6d0] Threads_lock - owner thread: 0x000001cfae02e0c0
[0x000001cf9abb0130] Heap_lock - owner thread: 0x000001cfafa2a360

Heap address: 0x0000000700c00000, size: 4084 MB, Compressed Oops mode: Zero based, Oop shift amount: 3

CDS archive(s) not mapped
Compressed class space mapped at: 0x0000000800000000-0x0000000840000000, reserved size: 1073741824
Narrow klass base: 0x0000000800000000, Narrow klass shift: 0, Narrow klass range: 0x40000000

GC Precious Log:
 CPUs: 16 total, 16 available
 Memory: 16332M
 Large Page Support: Disabled
 NUMA Support: Disabled
 Compressed Oops: Enabled (Zero based)
 Heap Region Size: 2M
 Heap Min Capacity: 8M
 Heap Initial Capacity: 256M
 Heap Max Capacity: 4084M
 Pre-touch: Disabled
 Parallel Workers: 13
 Concurrent Workers: 3
 Concurrent Refinement Workers: 13
 Periodic GC: Disabled

Heap:
 garbage-first heap   total 434176K, used 116647K [0x0000000700c00000, 0x0000000800000000)
  region size 2048K, 10 young (20480K), 10 survivors (20480K)
 Metaspace       used 41187K, committed 41600K, reserved 1089536K
  class space    used 5135K, committed 5312K, reserved 1048576K

Heap Regions: E=young(eden), S=young(survivor), O=old, HS=humongous(starts), HC=humongous(continues), CS=collection set, F=free, OA=open archive, CA=closed archive, TAMS=top-at-mark-start (previous, next)
|   0|0x0000000700c00000, 0x0000000700e00000, 0x0000000700e00000|100%| O|  |TAMS 0x0000000700e00000, 0x0000000700c00000| Untracked 
|   1|0x0000000700e00000, 0x0000000701000000, 0x0000000701000000|100%| O|  |TAMS 0x0000000701000000, 0x0000000700e00000| Untracked 
|   2|0x0000000701000000, 0x0000000701200000, 0x0000000701200000|100%| O|  |TAMS 0x0000000701200000, 0x0000000701000000| Untracked 
|   3|0x0000000701200000, 0x0000000701248800, 0x0000000701400000| 14%| O|  |TAMS 0x0000000701200000, 0x0000000701200000| Untracked 
|   4|0x0000000701400000, 0x0000000701600000, 0x0000000701600000|100%| O|  |TAMS 0x0000000701600000, 0x0000000701400000| Untracked 
|   5|0x0000000701600000, 0x0000000701800000, 0x0000000701800000|100%| O|  |TAMS 0x0000000701800000, 0x0000000701600000| Untracked 
|   6|0x0000000701800000, 0x0000000701a00000, 0x0000000701a00000|100%| O|  |TAMS 0x0000000701a00000, 0x0000000701800000| Untracked 
|   7|0x0000000701a00000, 0x0000000701c00000, 0x0000000701c00000|100%| O|  |TAMS 0x0000000701a00000, 0x0000000701a00000| Untracked 
|   8|0x0000000701c00000, 0x0000000701e00000, 0x0000000701e00000|100%| O|  |TAMS 0x0000000701c00000, 0x0000000701c00000| Untracked 
|   9|0x0000000701e00000, 0x0000000702000000, 0x0000000702000000|100%| O|  |TAMS 0x0000000701e00000, 0x0000000701e00000| Untracked 
|  10|0x0000000702000000, 0x0000000702200000, 0x0000000702200000|100%| O|  |TAMS 0x0000000702200000, 0x0000000702000000| Untracked 
|  11|0x0000000702200000, 0x0000000702400000, 0x0000000702400000|100%| O|  |TAMS 0x0000000702200000, 0x0000000702200000| Untracked 
|  12|0x0000000702400000, 0x0000000702600000, 0x0000000702600000|100%| O|  |TAMS 0x0000000702400000, 0x0000000702400000| Untracked 
|  13|0x0000000702600000, 0x0000000702800000, 0x0000000702800000|100%| O|  |TAMS 0x0000000702600000, 0x0000000702600000| Untracked 
|  14|0x0000000702800000, 0x0000000702a00000, 0x0000000702a00000|100%| O|  |TAMS 0x0000000702800000, 0x0000000702800000| Untracked 
|  15|0x0000000702a00000, 0x0000000702c00000, 0x0000000702c00000|100%| O|  |TAMS 0x0000000702a00000, 0x0000000702a00000| Untracked 
|  16|0x0000000702c00000, 0x0000000702e00000, 0x0000000702e00000|100%| O|  |TAMS 0x0000000702c00000, 0x0000000702c00000| Untracked 
|  17|0x0000000702e00000, 0x0000000703000000, 0x0000000703000000|100%| O|  |TAMS 0x0000000702e00000, 0x0000000702e00000| Untracked 
|  18|0x0000000703000000, 0x0000000703200000, 0x0000000703200000|100%| O|  |TAMS 0x0000000703000000, 0x0000000703000000| Untracked 
|  19|0x0000000703200000, 0x0000000703400000, 0x0000000703400000|100%| O|  |TAMS 0x0000000703200000, 0x0000000703200000| Untracked 
|  20|0x0000000703400000, 0x0000000703600000, 0x0000000703600000|100%| O|  |TAMS 0x0000000703400000, 0x0000000703400000| Untracked 
|  21|0x0000000703600000, 0x0000000703800000, 0x0000000703800000|100%| O|  |TAMS 0x0000000703600000, 0x0000000703600000| Untracked 
|  22|0x0000000703800000, 0x0000000703a00000, 0x0000000703a00000|100%| O|  |TAMS 0x0000000703800000, 0x0000000703800000| Untracked 
|  23|0x0000000703a00000, 0x0000000703c00000, 0x0000000703c00000|100%| O|  |TAMS 0x0000000703a00000, 0x0000000703a00000| Untracked 
|  24|0x0000000703c00000, 0x0000000703e00000, 0x0000000703e00000|100%| O|  |TAMS 0x0000000703c00000, 0x0000000703c00000| Untracked 
|  25|0x0000000703e00000, 0x0000000704000000, 0x0000000704000000|100%| O|  |TAMS 0x0000000703e00000, 0x0000000703e00000| Untracked 
|  26|0x0000000704000000, 0x0000000704200000, 0x0000000704200000|100%| O|  |TAMS 0x0000000704000000, 0x0000000704000000| Untracked 
|  27|0x0000000704200000, 0x0000000704400000, 0x0000000704400000|100%| O|  |TAMS 0x0000000704200000, 0x0000000704200000| Untracked 
|  28|0x0000000704400000, 0x0000000704600000, 0x0000000704600000|100%| O|  |TAMS 0x0000000704400000, 0x0000000704400000| Untracked 
|  29|0x0000000704600000, 0x0000000704800000, 0x0000000704800000|100%| O|  |TAMS 0x0000000704600000, 0x0000000704600000| Untracked 
|  30|0x0000000704800000, 0x0000000704a00000, 0x0000000704a00000|100%| O|  |TAMS 0x0000000704800000, 0x0000000704800000| Untracked 
|  31|0x0000000704a00000, 0x0000000704c00000, 0x0000000704c00000|100%| O|  |TAMS 0x0000000704a00000, 0x0000000704a00000| Untracked 
|  32|0x0000000704c00000, 0x0000000704e00000, 0x0000000704e00000|100%| O|  |TAMS 0x0000000704c00000, 0x0000000704c00000| Untracked 
|  33|0x0000000704e00000, 0x0000000705000000, 0x0000000705000000|100%| O|  |TAMS 0x0000000704e00000, 0x0000000704e00000| Untracked 
|  34|0x0000000705000000, 0x0000000705200000, 0x0000000705200000|100%| O|  |TAMS 0x0000000705000000, 0x0000000705000000| Untracked 
|  35|0x0000000705200000, 0x0000000705400000, 0x0000000705400000|100%| O|  |TAMS 0x0000000705200000, 0x0000000705200000| Untracked 
|  36|0x0000000705400000, 0x0000000705600000, 0x0000000705600000|100%| O|  |TAMS 0x0000000705400000, 0x0000000705400000| Untracked 
|  37|0x0000000705600000, 0x0000000705800000, 0x0000000705800000|100%| O|  |TAMS 0x0000000705600000, 0x0000000705600000| Untracked 
|  38|0x0000000705800000, 0x0000000705a00000, 0x0000000705a00000|100%| O|  |TAMS 0x0000000705800000, 0x0000000705800000| Untracked 
|  39|0x0000000705a00000, 0x0000000705c00000, 0x0000000705c00000|100%| O|  |TAMS 0x0000000705a00000, 0x0000000705a00000| Untracked 
|  40|0x0000000705c00000, 0x0000000705e00000, 0x0000000705e00000|100%| O|  |TAMS 0x0000000705c00000, 0x0000000705c00000| Untracked 
|  41|0x0000000705e00000, 0x0000000706000000, 0x0000000706000000|100%| O|  |TAMS 0x0000000705e00000, 0x0000000705e00000| Untracked 
|  42|0x0000000706000000, 0x0000000706200000, 0x0000000706200000|100%| O|  |TAMS 0x0000000706000000, 0x0000000706000000| Untracked 
|  43|0x0000000706200000, 0x0000000706400000, 0x0000000706400000|100%| O|  |TAMS 0x0000000706200000, 0x0000000706200000| Untracked 
|  44|0x0000000706400000, 0x0000000706600000, 0x0000000706600000|100%| O|  |TAMS 0x0000000706400000, 0x0000000706400000| Untracked 
|  45|0x0000000706600000, 0x0000000706800000, 0x0000000706800000|100%| O|  |TAMS 0x0000000706600000, 0x0000000706600000| Untracked 
|  46|0x0000000706800000, 0x0000000706a00000, 0x0000000706a00000|100%| O|  |TAMS 0x0000000706800000, 0x0000000706800000| Untracked 
|  47|0x0000000706a00000, 0x0000000706a2d200, 0x0000000706c00000|  8%| O|  |TAMS 0x0000000706a00000, 0x0000000706a00000| Untracked 
|  48|0x0000000706c00000, 0x0000000706c00000, 0x0000000706e00000|  0%| F|  |TAMS 0x0000000706c00000, 0x0000000706c00000| Untracked 
|  49|0x0000000706e00000, 0x0000000706e00000, 0x0000000707000000|  0%| F|  |TAMS 0x0000000706e00000, 0x0000000706e00000| Untracked 
|  50|0x0000000707000000, 0x0000000707000000, 0x0000000707200000|  0%| F|  |TAMS 0x0000000707000000, 0x0000000707000000| Untracked 
|  51|0x0000000707200000, 0x0000000707200000, 0x0000000707400000|  0%| F|  |TAMS 0x0000000707200000, 0x0000000707200000| Untracked 
|  52|0x0000000707400000, 0x0000000707400000, 0x0000000707600000|  0%| F|  |TAMS 0x0000000707400000, 0x0000000707400000| Untracked 
|  53|0x0000000707600000, 0x0000000707600000, 0x0000000707800000|  0%| F|  |TAMS 0x0000000707600000, 0x0000000707600000| Untracked 
|  54|0x0000000707800000, 0x0000000707800000, 0x0000000707a00000|  0%| F|  |TAMS 0x0000000707800000, 0x0000000707800000| Untracked 
|  55|0x0000000707a00000, 0x0000000707a00000, 0x0000000707c00000|  0%| F|  |TAMS 0x0000000707a00000, 0x0000000707a00000| Untracked 
|  56|0x0000000707c00000, 0x0000000707c00000, 0x0000000707e00000|  0%| F|  |TAMS 0x0000000707c00000, 0x0000000707c00000| Untracked 
|  57|0x0000000707e00000, 0x0000000707e00000, 0x0000000708000000|  0%| F|  |TAMS 0x0000000707e00000, 0x0000000707e00000| Untracked 
|  58|0x0000000708000000, 0x0000000708000000, 0x0000000708200000|  0%| F|  |TAMS 0x0000000708000000, 0x0000000708000000| Untracked 
|  59|0x0000000708200000, 0x0000000708200000, 0x0000000708400000|  0%| F|  |TAMS 0x0000000708200000, 0x0000000708200000| Untracked 
|  60|0x0000000708400000, 0x0000000708400000, 0x0000000708600000|  0%| F|  |TAMS 0x0000000708400000, 0x0000000708400000| Untracked 
|  61|0x0000000708600000, 0x0000000708600000, 0x0000000708800000|  0%| F|  |TAMS 0x0000000708600000, 0x0000000708600000| Untracked 
|  62|0x0000000708800000, 0x0000000708800000, 0x0000000708a00000|  0%| F|  |TAMS 0x0000000708800000, 0x0000000708800000| Untracked 
|  63|0x0000000708a00000, 0x0000000708a00000, 0x0000000708c00000|  0%| F|  |TAMS 0x0000000708a00000, 0x0000000708a00000| Untracked 
|  64|0x0000000708c00000, 0x0000000708c00000, 0x0000000708e00000|  0%| F|  |TAMS 0x0000000708c00000, 0x0000000708c00000| Untracked 
|  65|0x0000000708e00000, 0x0000000708e00000, 0x0000000709000000|  0%| F|  |TAMS 0x0000000708e00000, 0x0000000708e00000| Untracked 
|  66|0x0000000709000000, 0x0000000709000000, 0x0000000709200000|  0%| F|  |TAMS 0x0000000709000000, 0x0000000709000000| Untracked 
|  67|0x0000000709200000, 0x0000000709200000, 0x0000000709400000|  0%| F|  |TAMS 0x0000000709200000, 0x0000000709200000| Untracked 
|  68|0x0000000709400000, 0x0000000709400000, 0x0000000709600000|  0%| F|  |TAMS 0x0000000709400000, 0x0000000709400000| Untracked 
|  69|0x0000000709600000, 0x0000000709600000, 0x0000000709800000|  0%| F|  |TAMS 0x0000000709600000, 0x0000000709600000| Untracked 
|  70|0x0000000709800000, 0x0000000709800000, 0x0000000709a00000|  0%| F|  |TAMS 0x0000000709800000, 0x0000000709800000| Untracked 
|  71|0x0000000709a00000, 0x0000000709a00000, 0x0000000709c00000|  0%| F|  |TAMS 0x0000000709a00000, 0x0000000709a00000| Untracked 
|  72|0x0000000709c00000, 0x0000000709c00000, 0x0000000709e00000|  0%| F|  |TAMS 0x0000000709c00000, 0x0000000709c00000| Untracked 
|  73|0x0000000709e00000, 0x0000000709e00000, 0x000000070a000000|  0%| F|  |TAMS 0x0000000709e00000, 0x0000000709e00000| Untracked 
|  74|0x000000070a000000, 0x000000070a1742b0, 0x000000070a200000| 72%| S|CS|TAMS 0x000000070a000000, 0x000000070a000000| Complete 
|  75|0x000000070a200000, 0x000000070a400000, 0x000000070a400000|100%| S|CS|TAMS 0x000000070a200000, 0x000000070a200000| Complete 
|  76|0x000000070a400000, 0x000000070a600000, 0x000000070a600000|100%| S|CS|TAMS 0x000000070a400000, 0x000000070a400000| Complete 
|  77|0x000000070a600000, 0x000000070a800000, 0x000000070a800000|100%| S|CS|TAMS 0x000000070a600000, 0x000000070a600000| Complete 
|  78|0x000000070a800000, 0x000000070aa00000, 0x000000070aa00000|100%| S|CS|TAMS 0x000000070a800000, 0x000000070a800000| Complete 
|  79|0x000000070aa00000, 0x000000070ac00000, 0x000000070ac00000|100%| S|CS|TAMS 0x000000070aa00000, 0x000000070aa00000| Complete 
|  80|0x000000070ac00000, 0x000000070ae00000, 0x000000070ae00000|100%| S|CS|TAMS 0x000000070ac00000, 0x000000070ac00000| Complete 
|  81|0x000000070ae00000, 0x000000070b000000, 0x000000070b000000|100%| S|CS|TAMS 0x000000070ae00000, 0x000000070ae00000| Complete 
|  82|0x000000070b000000, 0x000000070b200000, 0x000000070b200000|100%| S|CS|TAMS 0x000000070b000000, 0x000000070b000000| Complete 
|  83|0x000000070b200000, 0x000000070b400000, 0x000000070b400000|100%| S|CS|TAMS 0x000000070b200000, 0x000000070b200000| Complete 
|  84|0x000000070b400000, 0x000000070b400000, 0x000000070b600000|  0%| F|  |TAMS 0x000000070b400000, 0x000000070b400000| Untracked 
|  85|0x000000070b600000, 0x000000070b600000, 0x000000070b800000|  0%| F|  |TAMS 0x000000070b600000, 0x000000070b600000| Untracked 
|  86|0x000000070b800000, 0x000000070b800000, 0x000000070ba00000|  0%| F|  |TAMS 0x000000070b800000, 0x000000070b800000| Untracked 
|  87|0x000000070ba00000, 0x000000070ba00000, 0x000000070bc00000|  0%| F|  |TAMS 0x000000070ba00000, 0x000000070ba00000| Untracked 
|  88|0x000000070bc00000, 0x000000070bc00000, 0x000000070be00000|  0%| F|  |TAMS 0x000000070bc00000, 0x000000070bc00000| Untracked 
|  89|0x000000070be00000, 0x000000070be00000, 0x000000070c000000|  0%| F|  |TAMS 0x000000070be00000, 0x000000070be00000| Untracked 
|  90|0x000000070c000000, 0x000000070c000000, 0x000000070c200000|  0%| F|  |TAMS 0x000000070c000000, 0x000000070c000000| Untracked 
|  91|0x000000070c200000, 0x000000070c200000, 0x000000070c400000|  0%| F|  |TAMS 0x000000070c200000, 0x000000070c200000| Untracked 
|  92|0x000000070c400000, 0x000000070c400000, 0x000000070c600000|  0%| F|  |TAMS 0x000000070c400000, 0x000000070c400000| Untracked 
|  93|0x000000070c600000, 0x000000070c600000, 0x000000070c800000|  0%| F|  |TAMS 0x000000070c600000, 0x000000070c600000| Untracked 
|  94|0x000000070c800000, 0x000000070c800000, 0x000000070ca00000|  0%| F|  |TAMS 0x000000070c800000, 0x000000070c800000| Untracked 
|  95|0x000000070ca00000, 0x000000070ca00000, 0x000000070cc00000|  0%| F|  |TAMS 0x000000070ca00000, 0x000000070ca00000| Untracked 
|  96|0x000000070cc00000, 0x000000070cc00000, 0x000000070ce00000|  0%| F|  |TAMS 0x000000070cc00000, 0x000000070cc00000| Untracked 
|  97|0x000000070ce00000, 0x000000070ce00000, 0x000000070d000000|  0%| F|  |TAMS 0x000000070ce00000, 0x000000070ce00000| Untracked 
|  98|0x000000070d000000, 0x000000070d000000, 0x000000070d200000|  0%| F|  |TAMS 0x000000070d000000, 0x000000070d000000| Untracked 
|  99|0x000000070d200000, 0x000000070d200000, 0x000000070d400000|  0%| F|  |TAMS 0x000000070d200000, 0x000000070d200000| Untracked 
| 100|0x000000070d400000, 0x000000070d400000, 0x000000070d600000|  0%| F|  |TAMS 0x000000070d400000, 0x000000070d400000| Untracked 
| 101|0x000000070d600000, 0x000000070d600000, 0x000000070d800000|  0%| F|  |TAMS 0x000000070d600000, 0x000000070d600000| Untracked 
| 102|0x000000070d800000, 0x000000070d800000, 0x000000070da00000|  0%| F|  |TAMS 0x000000070d800000, 0x000000070d800000| Untracked 
| 103|0x000000070da00000, 0x000000070da00000, 0x000000070dc00000|  0%| F|  |TAMS 0x000000070da00000, 0x000000070da00000| Untracked 
| 104|0x000000070dc00000, 0x000000070dc00000, 0x000000070de00000|  0%| F|  |TAMS 0x000000070dc00000, 0x000000070dc00000| Untracked 
| 105|0x000000070de00000, 0x000000070de00000, 0x000000070e000000|  0%| F|  |TAMS 0x000000070de00000, 0x000000070de00000| Untracked 
| 106|0x000000070e000000, 0x000000070e000000, 0x000000070e200000|  0%| F|  |TAMS 0x000000070e000000, 0x000000070e000000| Untracked 
| 107|0x000000070e200000, 0x000000070e200000, 0x000000070e400000|  0%| F|  |TAMS 0x000000070e200000, 0x000000070e200000| Untracked 
| 108|0x000000070e400000, 0x000000070e400000, 0x000000070e600000|  0%| F|  |TAMS 0x000000070e400000, 0x000000070e400000| Untracked 
| 109|0x000000070e600000, 0x000000070e600000, 0x000000070e800000|  0%| F|  |TAMS 0x000000070e600000, 0x000000070e600000| Untracked 
| 110|0x000000070e800000, 0x000000070e800000, 0x000000070ea00000|  0%| F|  |TAMS 0x000000070e800000, 0x000000070e800000| Untracked 
| 111|0x000000070ea00000, 0x000000070ea00000, 0x000000070ec00000|  0%| F|  |TAMS 0x000000070ea00000, 0x000000070ea00000| Untracked 
| 112|0x000000070ec00000, 0x000000070ec00000, 0x000000070ee00000|  0%| F|  |TAMS 0x000000070ec00000, 0x000000070ec00000| Untracked 
| 113|0x000000070ee00000, 0x000000070ee00000, 0x000000070f000000|  0%| F|  |TAMS 0x000000070ee00000, 0x000000070ee00000| Untracked 
| 114|0x000000070f000000, 0x000000070f000000, 0x000000070f200000|  0%| F|  |TAMS 0x000000070f000000, 0x000000070f000000| Untracked 
| 115|0x000000070f200000, 0x000000070f200000, 0x000000070f400000|  0%| F|  |TAMS 0x000000070f200000, 0x000000070f200000| Untracked 
| 116|0x000000070f400000, 0x000000070f400000, 0x000000070f600000|  0%| F|  |TAMS 0x000000070f400000, 0x000000070f400000| Untracked 
| 117|0x000000070f600000, 0x000000070f600000, 0x000000070f800000|  0%| F|  |TAMS 0x000000070f600000, 0x000000070f600000| Untracked 
| 118|0x000000070f800000, 0x000000070f800000, 0x000000070fa00000|  0%| F|  |TAMS 0x000000070f800000, 0x000000070f800000| Untracked 
| 119|0x000000070fa00000, 0x000000070fa00000, 0x000000070fc00000|  0%| F|  |TAMS 0x000000070fa00000, 0x000000070fa00000| Untracked 
| 120|0x000000070fc00000, 0x000000070fc00000, 0x000000070fe00000|  0%| F|  |TAMS 0x000000070fc00000, 0x000000070fc00000| Untracked 
| 121|0x000000070fe00000, 0x000000070fe00000, 0x0000000710000000|  0%| F|  |TAMS 0x000000070fe00000, 0x000000070fe00000| Untracked 
| 122|0x0000000710000000, 0x0000000710000000, 0x0000000710200000|  0%| F|  |TAMS 0x0000000710000000, 0x0000000710000000| Untracked 
| 123|0x0000000710200000, 0x0000000710200000, 0x0000000710400000|  0%| F|  |TAMS 0x0000000710200000, 0x0000000710200000| Untracked 
| 124|0x0000000710400000, 0x0000000710400000, 0x0000000710600000|  0%| F|  |TAMS 0x0000000710400000, 0x0000000710400000| Untracked 
| 125|0x0000000710600000, 0x0000000710600000, 0x0000000710800000|  0%| F|  |TAMS 0x0000000710600000, 0x0000000710600000| Untracked 
| 126|0x0000000710800000, 0x0000000710800000, 0x0000000710a00000|  0%| F|  |TAMS 0x0000000710800000, 0x0000000710800000| Untracked 
| 127|0x0000000710a00000, 0x0000000710a00000, 0x0000000710c00000|  0%| F|  |TAMS 0x0000000710a00000, 0x0000000710a00000| Untracked 
| 128|0x0000000710c00000, 0x0000000710c00000, 0x0000000710e00000|  0%| F|  |TAMS 0x0000000710c00000, 0x0000000710c00000| Untracked 
| 129|0x0000000710e00000, 0x0000000710e00000, 0x0000000711000000|  0%| F|  |TAMS 0x0000000710e00000, 0x0000000710e00000| Untracked 
| 130|0x0000000711000000, 0x0000000711000000, 0x0000000711200000|  0%| F|  |TAMS 0x0000000711000000, 0x0000000711000000| Untracked 
| 131|0x0000000711200000, 0x0000000711200000, 0x0000000711400000|  0%| F|  |TAMS 0x0000000711200000, 0x0000000711200000| Untracked 
| 132|0x0000000711400000, 0x0000000711400000, 0x0000000711600000|  0%| F|  |TAMS 0x0000000711400000, 0x0000000711400000| Untracked 
| 133|0x0000000711600000, 0x0000000711600000, 0x0000000711800000|  0%| F|  |TAMS 0x0000000711600000, 0x0000000711600000| Untracked 
| 134|0x0000000711800000, 0x0000000711800000, 0x0000000711a00000|  0%| F|  |TAMS 0x0000000711800000, 0x0000000711800000| Untracked 
| 135|0x0000000711a00000, 0x0000000711a00000, 0x0000000711c00000|  0%| F|  |TAMS 0x0000000711a00000, 0x0000000711a00000| Untracked 
| 136|0x0000000711c00000, 0x0000000711c00000, 0x0000000711e00000|  0%| F|  |TAMS 0x0000000711c00000, 0x0000000711c00000| Untracked 
| 137|0x0000000711e00000, 0x0000000711e00000, 0x0000000712000000|  0%| F|  |TAMS 0x0000000711e00000, 0x0000000711e00000| Untracked 
| 138|0x0000000712000000, 0x0000000712000000, 0x0000000712200000|  0%| F|  |TAMS 0x0000000712000000, 0x0000000712000000| Untracked 
| 139|0x0000000712200000, 0x0000000712200000, 0x0000000712400000|  0%| F|  |TAMS 0x0000000712200000, 0x0000000712200000| Untracked 
| 140|0x0000000712400000, 0x0000000712400000, 0x0000000712600000|  0%| F|  |TAMS 0x0000000712400000, 0x0000000712400000| Untracked 
| 141|0x0000000712600000, 0x0000000712600000, 0x0000000712800000|  0%| F|  |TAMS 0x0000000712600000, 0x0000000712600000| Untracked 
| 142|0x0000000712800000, 0x0000000712800000, 0x0000000712a00000|  0%| F|  |TAMS 0x0000000712800000, 0x0000000712800000| Untracked 
| 143|0x0000000712a00000, 0x0000000712a00000, 0x0000000712c00000|  0%| F|  |TAMS 0x0000000712a00000, 0x0000000712a00000| Untracked 
| 144|0x0000000712c00000, 0x0000000712c00000, 0x0000000712e00000|  0%| F|  |TAMS 0x0000000712c00000, 0x0000000712c00000| Untracked 
| 145|0x0000000712e00000, 0x0000000712e00000, 0x0000000713000000|  0%| F|  |TAMS 0x0000000712e00000, 0x0000000712e00000| Untracked 
| 146|0x0000000713000000, 0x0000000713000000, 0x0000000713200000|  0%| F|  |TAMS 0x0000000713000000, 0x0000000713000000| Untracked 
| 147|0x0000000713200000, 0x0000000713200000, 0x0000000713400000|  0%| F|  |TAMS 0x0000000713200000, 0x0000000713200000| Untracked 
| 148|0x0000000713400000, 0x0000000713400000, 0x0000000713600000|  0%| F|  |TAMS 0x0000000713400000, 0x0000000713400000| Untracked 
| 149|0x0000000713600000, 0x0000000713600000, 0x0000000713800000|  0%| F|  |TAMS 0x0000000713600000, 0x0000000713600000| Untracked 
| 150|0x0000000713800000, 0x0000000713800000, 0x0000000713a00000|  0%| F|  |TAMS 0x0000000713800000, 0x0000000713800000| Untracked 
| 151|0x0000000713a00000, 0x0000000713a00000, 0x0000000713c00000|  0%| F|  |TAMS 0x0000000713a00000, 0x0000000713a00000| Untracked 
| 152|0x0000000713c00000, 0x0000000713c00000, 0x0000000713e00000|  0%| F|  |TAMS 0x0000000713c00000, 0x0000000713c00000| Untracked 
| 153|0x0000000713e00000, 0x0000000713e00000, 0x0000000714000000|  0%| F|  |TAMS 0x0000000713e00000, 0x0000000713e00000| Untracked 
| 154|0x0000000714000000, 0x0000000714000000, 0x0000000714200000|  0%| F|  |TAMS 0x0000000714000000, 0x0000000714000000| Untracked 
| 155|0x0000000714200000, 0x0000000714200000, 0x0000000714400000|  0%| F|  |TAMS 0x0000000714200000, 0x0000000714200000| Untracked 
| 156|0x0000000714400000, 0x0000000714400000, 0x0000000714600000|  0%| F|  |TAMS 0x0000000714400000, 0x0000000714400000| Untracked 
| 157|0x0000000714600000, 0x0000000714600000, 0x0000000714800000|  0%| F|  |TAMS 0x0000000714600000, 0x0000000714600000| Untracked 
| 158|0x0000000714800000, 0x0000000714800000, 0x0000000714a00000|  0%| F|  |TAMS 0x0000000714800000, 0x0000000714800000| Untracked 
| 159|0x0000000714a00000, 0x0000000714a00000, 0x0000000714c00000|  0%| F|  |TAMS 0x0000000714a00000, 0x0000000714a00000| Untracked 
| 160|0x0000000714c00000, 0x0000000714c00000, 0x0000000714e00000|  0%| F|  |TAMS 0x0000000714c00000, 0x0000000714c00000| Untracked 
| 161|0x0000000714e00000, 0x0000000714e00000, 0x0000000715000000|  0%| F|  |TAMS 0x0000000714e00000, 0x0000000714e00000| Untracked 
| 162|0x0000000715000000, 0x0000000715000000, 0x0000000715200000|  0%| F|  |TAMS 0x0000000715000000, 0x0000000715000000| Untracked 
| 163|0x0000000715200000, 0x0000000715200000, 0x0000000715400000|  0%| F|  |TAMS 0x0000000715200000, 0x0000000715200000| Untracked 
| 164|0x0000000715400000, 0x0000000715400000, 0x0000000715600000|  0%| F|  |TAMS 0x0000000715400000, 0x0000000715400000| Untracked 
| 165|0x0000000715600000, 0x0000000715600000, 0x0000000715800000|  0%| F|  |TAMS 0x0000000715600000, 0x0000000715600000| Untracked 
| 166|0x0000000715800000, 0x0000000715800000, 0x0000000715a00000|  0%| F|  |TAMS 0x0000000715800000, 0x0000000715800000| Untracked 
| 167|0x0000000715a00000, 0x0000000715a00000, 0x0000000715c00000|  0%| F|  |TAMS 0x0000000715a00000, 0x0000000715a00000| Untracked 
| 168|0x0000000715c00000, 0x0000000715c00000, 0x0000000715e00000|  0%| F|  |TAMS 0x0000000715c00000, 0x0000000715c00000| Untracked 
| 169|0x0000000715e00000, 0x0000000715e00000, 0x0000000716000000|  0%| F|  |TAMS 0x0000000715e00000, 0x0000000715e00000| Untracked 
| 170|0x0000000716000000, 0x0000000716000000, 0x0000000716200000|  0%| F|  |TAMS 0x0000000716000000, 0x0000000716000000| Untracked 
| 171|0x0000000716200000, 0x0000000716200000, 0x0000000716400000|  0%| F|  |TAMS 0x0000000716200000, 0x0000000716200000| Untracked 
| 172|0x0000000716400000, 0x0000000716400000, 0x0000000716600000|  0%| F|  |TAMS 0x0000000716400000, 0x0000000716400000| Untracked 
| 173|0x0000000716600000, 0x0000000716600000, 0x0000000716800000|  0%| F|  |TAMS 0x0000000716600000, 0x0000000716600000| Untracked 
| 174|0x0000000716800000, 0x0000000716800000, 0x0000000716a00000|  0%| F|  |TAMS 0x0000000716800000, 0x0000000716800000| Untracked 
| 175|0x0000000716a00000, 0x0000000716a00000, 0x0000000716c00000|  0%| F|  |TAMS 0x0000000716a00000, 0x0000000716a00000| Untracked 
| 176|0x0000000716c00000, 0x0000000716c00000, 0x0000000716e00000|  0%| F|  |TAMS 0x0000000716c00000, 0x0000000716c00000| Untracked 
| 177|0x0000000716e00000, 0x0000000716e00000, 0x0000000717000000|  0%| F|  |TAMS 0x0000000716e00000, 0x0000000716e00000| Untracked 
| 178|0x0000000717000000, 0x0000000717000000, 0x0000000717200000|  0%| F|  |TAMS 0x0000000717000000, 0x0000000717000000| Untracked 
| 179|0x0000000717200000, 0x0000000717200000, 0x0000000717400000|  0%| F|  |TAMS 0x0000000717200000, 0x0000000717200000| Untracked 
| 180|0x0000000717400000, 0x0000000717400000, 0x0000000717600000|  0%| F|  |TAMS 0x0000000717400000, 0x0000000717400000| Untracked 
| 181|0x0000000717600000, 0x0000000717600000, 0x0000000717800000|  0%| F|  |TAMS 0x0000000717600000, 0x0000000717600000| Untracked 
| 182|0x0000000717800000, 0x0000000717800000, 0x0000000717a00000|  0%| F|  |TAMS 0x0000000717800000, 0x0000000717800000| Untracked 
| 183|0x0000000717a00000, 0x0000000717a00000, 0x0000000717c00000|  0%| F|  |TAMS 0x0000000717a00000, 0x0000000717a00000| Untracked 
| 184|0x0000000717c00000, 0x0000000717c00000, 0x0000000717e00000|  0%| F|  |TAMS 0x0000000717c00000, 0x0000000717c00000| Untracked 
| 185|0x0000000717e00000, 0x0000000717e00000, 0x0000000718000000|  0%| F|  |TAMS 0x0000000717e00000, 0x0000000717e00000| Untracked 
| 186|0x0000000718000000, 0x0000000718000000, 0x0000000718200000|  0%| F|  |TAMS 0x0000000718000000, 0x0000000718000000| Untracked 
| 187|0x0000000718200000, 0x0000000718200000, 0x0000000718400000|  0%| F|  |TAMS 0x0000000718200000, 0x0000000718200000| Untracked 
| 188|0x0000000718400000, 0x0000000718400000, 0x0000000718600000|  0%| F|  |TAMS 0x0000000718400000, 0x0000000718400000| Untracked 
| 189|0x0000000718600000, 0x0000000718600000, 0x0000000718800000|  0%| F|  |TAMS 0x0000000718600000, 0x0000000718600000| Untracked 
| 190|0x0000000718800000, 0x0000000718800000, 0x0000000718a00000|  0%| F|  |TAMS 0x0000000718800000, 0x0000000718800000| Untracked 
| 191|0x0000000718a00000, 0x0000000718a00000, 0x0000000718c00000|  0%| F|  |TAMS 0x0000000718a00000, 0x0000000718a00000| Untracked 
| 192|0x0000000718c00000, 0x0000000718c00000, 0x0000000718e00000|  0%| F|  |TAMS 0x0000000718c00000, 0x0000000718c00000| Untracked 
| 193|0x0000000718e00000, 0x0000000718e00000, 0x0000000719000000|  0%| F|  |TAMS 0x0000000718e00000, 0x0000000718e00000| Untracked 
| 194|0x0000000719000000, 0x0000000719000000, 0x0000000719200000|  0%| F|  |TAMS 0x0000000719000000, 0x0000000719000000| Untracked 
| 195|0x0000000719200000, 0x0000000719200000, 0x0000000719400000|  0%| F|  |TAMS 0x0000000719200000, 0x0000000719200000| Untracked 
| 196|0x0000000719400000, 0x0000000719400000, 0x0000000719600000|  0%| F|  |TAMS 0x0000000719400000, 0x0000000719400000| Untracked 
| 197|0x0000000719600000, 0x0000000719600000, 0x0000000719800000|  0%| F|  |TAMS 0x0000000719600000, 0x0000000719600000| Untracked 
| 198|0x0000000719800000, 0x0000000719800000, 0x0000000719a00000|  0%| F|  |TAMS 0x0000000719800000, 0x0000000719800000| Untracked 
| 199|0x0000000719a00000, 0x0000000719a00000, 0x0000000719c00000|  0%| F|  |TAMS 0x0000000719a00000, 0x0000000719a00000| Untracked 
| 200|0x0000000719c00000, 0x0000000719c00000, 0x0000000719e00000|  0%| F|  |TAMS 0x0000000719c00000, 0x0000000719c00000| Untracked 
| 201|0x0000000719e00000, 0x0000000719e00000, 0x000000071a000000|  0%| F|  |TAMS 0x0000000719e00000, 0x0000000719e00000| Untracked 
| 202|0x000000071a000000, 0x000000071a000000, 0x000000071a200000|  0%| F|  |TAMS 0x000000071a000000, 0x000000071a000000| Untracked 
| 203|0x000000071a200000, 0x000000071a200000, 0x000000071a400000|  0%| F|  |TAMS 0x000000071a200000, 0x000000071a200000| Untracked 
| 204|0x000000071a400000, 0x000000071a400000, 0x000000071a600000|  0%| F|  |TAMS 0x000000071a400000, 0x000000071a400000| Untracked 
| 205|0x000000071a600000, 0x000000071a600000, 0x000000071a800000|  0%| F|  |TAMS 0x000000071a600000, 0x000000071a600000| Untracked 
| 206|0x000000071a800000, 0x000000071a800000, 0x000000071aa00000|  0%| F|  |TAMS 0x000000071a800000, 0x000000071a800000| Untracked 
| 207|0x000000071aa00000, 0x000000071aa00000, 0x000000071ac00000|  0%| F|  |TAMS 0x000000071aa00000, 0x000000071aa00000| Untracked 
| 208|0x000000071ac00000, 0x000000071ac00000, 0x000000071ae00000|  0%| F|  |TAMS 0x000000071ac00000, 0x000000071ac00000| Untracked 
| 209|0x000000071ae00000, 0x000000071ae00000, 0x000000071b000000|  0%| F|  |TAMS 0x000000071ae00000, 0x000000071ae00000| Untracked 
| 210|0x000000071b000000, 0x000000071b000000, 0x000000071b200000|  0%| F|  |TAMS 0x000000071b000000, 0x000000071b000000| Untracked 
|2041|0x00000007ffe00000, 0x0000000800000000, 0x0000000800000000|100%| O|  |TAMS 0x00000007ffe00000, 0x00000007ffe00000| Untracked 

Card table byte_map: [0x000001cfa16b0000,0x000001cfa1eb0000] _byte_map_base: 0x000001cf9deaa000

Marking Bits (Prev, Next): (CMBitMap*) 0x000001cf9ac233b0, (CMBitMap*) 0x000001cf9ac233f0
 Prev Bits: [0x000001cfa26b0000, 0x000001cfa6680000)
 Next Bits: [0x000001cfa6680000, 0x000001cfaa650000)

Polling page: 0x000001cf98b20000

Metaspace:

Usage:
  Non-class:     35.21 MB used.
      Class:      5.01 MB used.
       Both:     40.22 MB used.

Virtual space:
  Non-class space:       40.00 MB reserved,      35.44 MB ( 89%) committed,  5 nodes.
      Class space:        1.00 GB reserved,       5.19 MB ( <1%) committed,  1 nodes.
             Both:        1.04 GB reserved,      40.62 MB (  4%) committed. 

Chunk freelists:
   Non-Class:  3.91 MB
       Class:  2.86 MB
        Both:  6.76 MB

MaxMetaspaceSize: unlimited
CompressedClassSpaceSize: 1.00 GB
Initial GC threshold: 21.00 MB
Current GC threshold: 59.38 MB
CDS: off
MetaspaceReclaimPolicy: balanced
 - commit_granule_bytes: 65536.
 - commit_granule_words: 8192.
 - virtual_space_node_default_size: 1048576.
 - enlarge_chunks_in_place: 1.
 - new_chunks_are_fully_committed: 0.
 - uncommit_free_chunks: 1.
 - use_allocation_guard: 0.
 - handle_deallocations: 1.


Internal statistics:

num_allocs_failed_limit: 6.
num_arena_births: 392.
num_arena_deaths: 0.
num_vsnodes_births: 6.
num_vsnodes_deaths: 0.
num_space_committed: 650.
num_space_uncommitted: 0.
num_chunks_returned_to_freelist: 6.
num_chunks_taken_from_freelist: 1615.
num_chunk_merges: 6.
num_chunk_splits: 1125.
num_chunks_enlarged: 880.
num_purges: 0.
num_inconsistent_stats: 0.

CodeCache: size=49152Kb used=14980Kb max_used=14980Kb free=34172Kb
 bounds [0x000001cf9d840000, 0x000001cf9e6f0000, 0x000001cfa0840000]
 total_blobs=5007 nmethods=4446 adapters=477
 compilation: enabled
              stopped_count=0, restarted_count=0
 full_count=0

Compilation events (20 events):
Event: 2.663 Thread 0x000001cfb2507640 nmethod 4416 0x000001cf9e6d5a10 code [0x000001cf9e6d6080, 0x000001cf9e6d8ee8]
Event: 2.663 Thread 0x000001cfaf5e31b0 nmethod 4437 0x000001cf9e6dd310 code [0x000001cf9e6dd4a0, 0x000001cf9e6dd5e8]
Event: 2.674 Thread 0x000001cfae80a100 4438       1       nonapi.io.github.classgraph.fastzipfilereader.NestedJarHandler$5$1::newInstance (5 bytes)
Event: 2.675 Thread 0x000001cfae80a100 nmethod 4438 0x000001cf9e6dd690 code [0x000001cf9e6dd820, 0x000001cf9e6dd968]
Event: 2.675 Thread 0x000001cfb2507640 4439   !   1       io.github.classgraph.ModuleReaderProxy::<init> (74 bytes)
Event: 2.676 Thread 0x000001cfb260d130 4440       1       nonapi.io.github.classgraph.fastzipfilereader.NestedJarHandler$5$1::newInstance (8 bytes)
Event: 2.676 Thread 0x000001cfae2b8c10 4441   !   1       jdk.internal.reflect.GeneratedMethodAccessor27::invoke (61 bytes)
Event: 2.678 Thread 0x000001cfb260d640 4442       1       java.util.concurrent.ConcurrentHashMap::helpTransfer (123 bytes)
Event: 2.678 Thread 0x000001cfaf5e31b0 4443       1       java.util.concurrent.ConcurrentHashMap::resizeStamp (9 bytes)
Event: 2.689 Thread 0x000001cfb260d130 nmethod 4440 0x000001cf9e6de590 code [0x000001cf9e6de720, 0x000001cf9e6de868]
Event: 2.690 Thread 0x000001cfaf5e31b0 nmethod 4443 0x000001cf9e6de990 code [0x000001cf9e6deb20, 0x000001cf9e6debe8]
Event: 2.690 Thread 0x000001cfb2507640 nmethod 4439 0x000001cf9e6dda90 code [0x000001cf9e6ddca0, 0x000001cf9e6de258]
Event: 2.691 Thread 0x000001cfae2b8c10 nmethod 4441 0x000001cf9e6dec90 code [0x000001cf9e6deea0, 0x000001cf9e6df348]
Event: 2.691 Thread 0x000001cfb260d640 nmethod 4442 0x000001cf9e6df690 code [0x000001cf9e6df840, 0x000001cf9e6dfaf8]
Event: 2.746 Thread 0x000001cfae80a100 4444       1       java.util.concurrent.ConcurrentHashMap::values (25 bytes)
Event: 2.746 Thread 0x000001cfae2b8c10 4445       1       java.util.concurrent.ConcurrentHashMap$ValueIterator::<init> (12 bytes)
Event: 2.747 Thread 0x000001cfb260d640 4446       1       java.util.concurrent.ConcurrentHashMap$ValuesView::iterator (34 bytes)
Event: 2.754 Thread 0x000001cfae80a100 nmethod 4444 0x000001cf9e6e0290 code [0x000001cf9e6e0420, 0x000001cf9e6e0638]
Event: 2.760 Thread 0x000001cfae2b8c10 nmethod 4445 0x000001cf9e6e0710 code [0x000001cf9e6e08c0, 0x000001cf9e6e0a38]
Event: 2.761 Thread 0x000001cfb260d640 nmethod 4446 0x000001cf9e6e0b10 code [0x000001cf9e6e0cc0, 0x000001cf9e6e0ef8]

GC Heap History (20 events):
Event: 2.252 GC heap after
{Heap after GC invocations=11 (full 0):
 garbage-first heap   total 118784K, used 39964K [0x0000000700c00000, 0x0000000800000000)
  region size 2048K, 6 young (12288K), 6 survivors (12288K)
 Metaspace       used 37345K, committed 37632K, reserved 1081344K
  class space    used 4735K, committed 4864K, reserved 1048576K
}
Event: 2.310 GC heap before
{Heap before GC invocations=11 (full 0):
 garbage-first heap   total 118784K, used 76828K [0x0000000700c00000, 0x0000000800000000)
  region size 2048K, 25 young (51200K), 6 survivors (12288K)
 Metaspace       used 37975K, committed 38336K, reserved 1089536K
  class space    used 4785K, committed 4928K, reserved 1048576K
}
Event: 2.315 GC heap after
{Heap after GC invocations=12 (full 0):
 garbage-first heap   total 118784K, used 49038K [0x0000000700c00000, 0x0000000800000000)
  region size 2048K, 4 young (8192K), 4 survivors (8192K)
 Metaspace       used 37975K, committed 38336K, reserved 1089536K
  class space    used 4785K, committed 4928K, reserved 1048576K
}
Event: 2.440 GC heap before
{Heap before GC invocations=12 (full 0):
 garbage-first heap   total 118784K, used 81806K [0x0000000700c00000, 0x0000000800000000)
  region size 2048K, 21 young (43008K), 4 survivors (8192K)
 Metaspace       used 39104K, committed 39488K, reserved 1089536K
  class space    used 4935K, committed 5120K, reserved 1048576K
}
Event: 2.444 GC heap after
{Heap after GC invocations=13 (full 0):
 garbage-first heap   total 186368K, used 55277K [0x0000000700c00000, 0x0000000800000000)
  region size 2048K, 3 young (6144K), 3 survivors (6144K)
 Metaspace       used 39104K, committed 39488K, reserved 1089536K
  class space    used 4935K, committed 5120K, reserved 1048576K
}
Event: 2.498 GC heap before
{Heap before GC invocations=13 (full 0):
 garbage-first heap   total 186368K, used 129005K [0x0000000700c00000, 0x0000000800000000)
  region size 2048K, 40 young (81920K), 3 survivors (6144K)
 Metaspace       used 39659K, committed 40000K, reserved 1089536K
  class space    used 5004K, committed 5184K, reserved 1048576K
}
Event: 2.510 GC heap after
{Heap after GC invocations=14 (full 0):
 garbage-first heap   total 186368K, used 69600K [0x0000000700c00000, 0x0000000800000000)
  region size 2048K, 5 young (10240K), 5 survivors (10240K)
 Metaspace       used 39659K, committed 40000K, reserved 1089536K
  class space    used 5004K, committed 5184K, reserved 1048576K
}
Event: 2.523 GC heap before
{Heap before GC invocations=14 (full 0):
 garbage-first heap   total 186368K, used 133088K [0x0000000700c00000, 0x0000000800000000)
  region size 2048K, 37 young (75776K), 5 survivors (10240K)
 Metaspace       used 39678K, committed 40064K, reserved 1089536K
  class space    used 5009K, committed 5184K, reserved 1048576K
}
Event: 2.529 GC heap after
{Heap after GC invocations=15 (full 0):
 garbage-first heap   total 186368K, used 73621K [0x0000000700c00000, 0x0000000800000000)
  region size 2048K, 2 young (4096K), 2 survivors (4096K)
 Metaspace       used 39678K, committed 40064K, reserved 1089536K
  class space    used 5009K, committed 5184K, reserved 1048576K
}
Event: 2.542 GC heap before
{Heap before GC invocations=15 (full 0):
 garbage-first heap   total 186368K, used 137109K [0x0000000700c00000, 0x0000000800000000)
  region size 2048K, 34 young (69632K), 2 survivors (4096K)
 Metaspace       used 39747K, committed 40128K, reserved 1089536K
  class space    used 5013K, committed 5184K, reserved 1048576K
}
Event: 2.545 GC heap after
{Heap after GC invocations=16 (full 0):
 garbage-first heap   total 186368K, used 75752K [0x0000000700c00000, 0x0000000800000000)
  region size 2048K, 3 young (6144K), 3 survivors (6144K)
 Metaspace       used 39747K, committed 40128K, reserved 1089536K
  class space    used 5013K, committed 5184K, reserved 1048576K
}
Event: 2.558 GC heap before
{Heap before GC invocations=16 (full 0):
 garbage-first heap   total 186368K, used 139240K [0x0000000700c00000, 0x0000000800000000)
  region size 2048K, 36 young (73728K), 3 survivors (6144K)
 Metaspace       used 39760K, committed 40128K, reserved 1089536K
  class space    used 5022K, committed 5184K, reserved 1048576K
}
Event: 2.563 GC heap after
{Heap after GC invocations=17 (full 0):
 garbage-first heap   total 434176K, used 79230K [0x0000000700c00000, 0x0000000800000000)
  region size 2048K, 4 young (8192K), 4 survivors (8192K)
 Metaspace       used 39760K, committed 40128K, reserved 1089536K
  class space    used 5022K, committed 5184K, reserved 1048576K
}
Event: 2.624 GC heap before
{Heap before GC invocations=17 (full 0):
 garbage-first heap   total 434176K, used 296318K [0x0000000700c00000, 0x0000000800000000)
  region size 2048K, 111 young (227328K), 4 survivors (8192K)
 Metaspace       used 40211K, committed 40576K, reserved 1089536K
  class space    used 5058K, committed 5248K, reserved 1048576K
}
Event: 2.631 GC heap after
{Heap after GC invocations=18 (full 0):
 garbage-first heap   total 434176K, used 86563K [0x0000000700c00000, 0x0000000800000000)
  region size 2048K, 7 young (14336K), 7 survivors (14336K)
 Metaspace       used 40211K, committed 40576K, reserved 1089536K
  class space    used 5058K, committed 5248K, reserved 1048576K
}
Event: 2.664 GC heap before
{Heap before GC invocations=18 (full 0):
 garbage-first heap   total 434176K, used 330275K [0x0000000700c00000, 0x0000000800000000)
  region size 2048K, 127 young (260096K), 7 survivors (14336K)
 Metaspace       used 40432K, committed 40768K, reserved 1089536K
  class space    used 5081K, committed 5248K, reserved 1048576K
}
Event: 2.674 GC heap after
{Heap after GC invocations=19 (full 0):
 garbage-first heap   total 434176K, used 97060K [0x0000000700c00000, 0x0000000800000000)
  region size 2048K, 12 young (24576K), 12 survivors (24576K)
 Metaspace       used 40432K, committed 40768K, reserved 1089536K
  class space    used 5081K, committed 5248K, reserved 1048576K
}
Event: 2.717 GC heap before
{Heap before GC invocations=19 (full 0):
 garbage-first heap   total 434176K, used 330532K [0x0000000700c00000, 0x0000000800000000)
  region size 2048K, 127 young (260096K), 12 survivors (24576K)
 Metaspace       used 40764K, committed 41088K, reserved 1089536K
  class space    used 5087K, committed 5248K, reserved 1048576K
}
Event: 2.729 GC heap after
{Heap after GC invocations=20 (full 0):
 garbage-first heap   total 434176K, used 106855K [0x0000000700c00000, 0x0000000800000000)
  region size 2048K, 11 young (22528K), 11 survivors (22528K)
 Metaspace       used 40764K, committed 41088K, reserved 1089536K
  class space    used 5087K, committed 5248K, reserved 1048576K
}
Event: 2.763 GC heap before
{Heap before GC invocations=20 (full 0):
 garbage-first heap   total 434176K, used 342375K [0x0000000700c00000, 0x0000000800000000)
  region size 2048K, 127 young (260096K), 11 survivors (22528K)
 Metaspace       used 41187K, committed 41600K, reserved 1089536K
  class space    used 5135K, committed 5312K, reserved 1048576K
}

Dll operation events (8 events):
Event: 0.010 Loaded shared library c:\Users\pbj25\.vscode\extensions\redhat.java-1.13.0-win32-x64\jre\17.0.5-win32-x86_64\bin\java.dll
Event: 0.180 Loaded shared library C:\Users\pbj25\.vscode\extensions\redhat.java-1.13.0-win32-x64\jre\17.0.5-win32-x86_64\bin\net.dll
Event: 0.183 Loaded shared library C:\Users\pbj25\.vscode\extensions\redhat.java-1.13.0-win32-x64\jre\17.0.5-win32-x86_64\bin\nio.dll
Event: 0.188 Loaded shared library C:\Users\pbj25\.vscode\extensions\redhat.java-1.13.0-win32-x64\jre\17.0.5-win32-x86_64\bin\zip.dll
Event: 0.287 Loaded shared library c:\Users\pbj25\.vscode\extensions\redhat.java-1.13.0-win32-x64\jre\17.0.5-win32-x86_64\bin\verify.dll
Event: 0.294 Loaded shared library C:\Users\pbj25\.vscode\extensions\redhat.java-1.13.0-win32-x64\jre\17.0.5-win32-x86_64\bin\jimage.dll
Event: 0.985 Loaded shared library C:\Users\pbj25\.vscode\extensions\redhat.java-1.13.0-win32-x64\jre\17.0.5-win32-x86_64\bin\management.dll
Event: 0.987 Loaded shared library C:\Users\pbj25\.vscode\extensions\redhat.java-1.13.0-win32-x64\jre\17.0.5-win32-x86_64\bin\management_ext.dll

Deoptimization events (16 events):
Event: 1.115 Thread 0x000001cf9abb3520 DEOPT PACKING pc=0x000001cf9ddb4479 sp=0x00000032a18fd4c0
Event: 1.115 Thread 0x000001cf9abb3520 DEOPT UNPACKING pc=0x000001cf9d892b43 sp=0x00000032a18fc9a0 mode 3
Event: 1.480 Thread 0x000001cf9abb3520 DEOPT PACKING pc=0x000001cf9dff4555 sp=0x00000032a18fb3b0
Event: 1.480 Thread 0x000001cf9abb3520 DEOPT UNPACKING pc=0x000001cf9d892b43 sp=0x00000032a18fa8c8 mode 3
Event: 1.805 Thread 0x000001cf9abb3520 DEOPT PACKING pc=0x000001cf9e061ef9 sp=0x00000032a18fc8a0
Event: 1.805 Thread 0x000001cf9abb3520 DEOPT UNPACKING pc=0x000001cf9d892b43 sp=0x00000032a18fbd80 mode 3
Event: 2.005 Thread 0x000001cfaf9279b0 DEOPT PACKING pc=0x000001cf9e11f4ed sp=0x00000032a41fd710
Event: 2.005 Thread 0x000001cfaf9279b0 DEOPT UNPACKING pc=0x000001cf9d892b43 sp=0x00000032a41fcc28 mode 3
Event: 2.050 Thread 0x000001cfaf938840 DEOPT PACKING pc=0x000001cf9e136593 sp=0x00000032a42fe4f0
Event: 2.050 Thread 0x000001cfaf938840 DEOPT UNPACKING pc=0x000001cf9d892b43 sp=0x00000032a42fda38 mode 3
Event: 2.084 Thread 0x000001cfaf457e20 DEOPT PACKING pc=0x000001cf9ddb1889 sp=0x00000032a40fd7d0
Event: 2.084 Thread 0x000001cfaf457e20 DEOPT UNPACKING pc=0x000001cf9d892b43 sp=0x00000032a40fcc60 mode 3
Event: 2.143 Thread 0x000001cfafa132f0 DEOPT PACKING pc=0x000001cf9ddaf01f sp=0x00000032a47ff220
Event: 2.143 Thread 0x000001cfafa132f0 DEOPT UNPACKING pc=0x000001cf9d892b43 sp=0x00000032a47fe678 mode 3
Event: 2.322 Thread 0x000001cfafa12480 DEOPT PACKING pc=0x000001cf9e22e42c sp=0x00000032a46fe560
Event: 2.322 Thread 0x000001cfafa12480 DEOPT UNPACKING pc=0x000001cf9d892b43 sp=0x00000032a46fda00 mode 0

Classes unloaded (0 events):
No events

Classes redefined (0 events):
No events

Internal exceptions (20 events):
Event: 2.076 Thread 0x000001cfafa11fb0 Exception <a 'sun/nio/fs/WindowsException'{0x00000007089d0ac0}> (0x00000007089d0ac0) 
thrown [s\src\hotspot\share\prims\jni.cpp, line 516]
Event: 2.076 Thread 0x000001cfafa11fb0 Exception <a 'sun/nio/fs/WindowsException'{0x00000007089d14b0}> (0x00000007089d14b0) 
thrown [s\src\hotspot\share\prims\jni.cpp, line 516]
Event: 2.076 Thread 0x000001cfafa11fb0 Exception <a 'sun/nio/fs/WindowsException'{0x00000007089d1858}> (0x00000007089d1858) 
thrown [s\src\hotspot\share\prims\jni.cpp, line 516]
Event: 2.076 Thread 0x000001cfafa11fb0 Exception <a 'sun/nio/fs/WindowsException'{0x00000007089d2258}> (0x00000007089d2258) 
thrown [s\src\hotspot\share\prims\jni.cpp, line 516]
Event: 2.077 Thread 0x000001cfafa11fb0 Exception <a 'sun/nio/fs/WindowsException'{0x00000007089d2618}> (0x00000007089d2618) 
thrown [s\src\hotspot\share\prims\jni.cpp, line 516]
Event: 2.077 Thread 0x000001cfafa11fb0 Exception <a 'sun/nio/fs/WindowsException'{0x00000007089d3018}> (0x00000007089d3018) 
thrown [s\src\hotspot\share\prims\jni.cpp, line 516]
Event: 2.077 Thread 0x000001cfafa11fb0 Exception <a 'sun/nio/fs/WindowsException'{0x00000007089d33c8}> (0x00000007089d33c8) 
thrown [s\src\hotspot\share\prims\jni.cpp, line 516]
Event: 2.078 Thread 0x000001cfafa11fb0 Exception <a 'sun/nio/fs/WindowsException'{0x00000007089d3dc8}> (0x00000007089d3dc8) 
thrown [s\src\hotspot\share\prims\jni.cpp, line 516]
Event: 2.078 Thread 0x000001cfafa11fb0 Exception <a 'sun/nio/fs/WindowsException'{0x00000007089d4188}> (0x00000007089d4188) 
thrown [s\src\hotspot\share\prims\jni.cpp, line 516]
Event: 2.078 Thread 0x000001cfafa11fb0 Exception <a 'sun/nio/fs/WindowsException'{0x00000007089d4bb0}> (0x00000007089d4bb0) 
thrown [s\src\hotspot\share\prims\jni.cpp, line 516]
Event: 2.078 Thread 0x000001cfafa11fb0 Exception <a 'sun/nio/fs/WindowsException'{0x00000007089d4f90}> (0x00000007089d4f90) 
thrown [s\src\hotspot\share\prims\jni.cpp, line 516]
Event: 2.078 Thread 0x000001cfafa11fb0 Exception <a 'sun/nio/fs/WindowsException'{0x00000007089d59c8}> (0x00000007089d59c8) 
thrown [s\src\hotspot\share\prims\jni.cpp, line 516]
Event: 2.079 Thread 0x000001cfafa11fb0 Exception <a 'sun/nio/fs/WindowsException'{0x00000007089d5db8}> (0x00000007089d5db8) 
thrown [s\src\hotspot\share\prims\jni.cpp, line 516]
Event: 2.079 Thread 0x000001cfafa11fb0 Exception <a 'sun/nio/fs/WindowsException'{0x00000007089d67e0}> (0x00000007089d67e0) 
thrown [s\src\hotspot\share\prims\jni.cpp, line 516]
Event: 2.079 Thread 0x000001cfafa11fb0 Exception <a 'sun/nio/fs/WindowsException'{0x00000007089d6bd0}> (0x00000007089d6bd0) 
thrown [s\src\hotspot\share\prims\jni.cpp, line 516]
Event: 2.328 Thread 0x000001cfaf9279b0 Exception <a 'java/lang/NoSuchMethodError'{0x0000000710b6c358}: 'java.lang.Object java.lang.invoke.Invokers$Holder.invoke_MT(java.lang.Object, java.lang.Object, java.lang.Object)'> (0x0000000710b6c358) 
thrown [s\src\hotspot\share\interpreter\linkResolver.cpp, line 759]
Event: 2.372 Thread 0x000001cfaf9279b0 Exception <a 'java/lang/NoSuchMethodError'{0x00000007075e6930}: 'java.lang.Object java.lang.invoke.DirectMethodHandle$Holder.newInvokeSpecial(java.lang.Object, java.lang.Object, int)'> (0x00000007075e6930) 
thrown [s\src\hotspot\share\interpreter\linkResolver.cpp, line 759]
Event: 2.375 Thread 0x000001cfafa25660 Exception <a 'java/lang/NoSuchMethodError'{0x000000070726e528}: 'java.lang.Object java.lang.invoke.Invokers$Holder.linkToTargetMethod(java.lang.Object, long, java.lang.Object)'> (0x000000070726e528) 
thrown [s\src\hotspot\share\interpreter\linkResolver.cpp, line 759]
Event: 2.381 Thread 0x000001cfafa25660 Exception <a 'sun/nio/fs/WindowsException'{0x0000000707381400}> (0x0000000707381400) 
thrown [s\src\hotspot\share\prims\jni.cpp, line 516]
Event: 2.468 Thread 0x000001cfafa2b1d0 Exception <a 'java/lang/NoSuchMethodError'{0x000000070b2f1dc8}: 'void java.lang.invoke.DirectMethodHandle$Holder.invokeVirtual(java.lang.Object, java.lang.Object, java.lang.Object, java.lang.Object)'> (0x000000070b2f1dc8) 
thrown [s\src\hotspot\share\interpreter\linkResolver.cpp, line 759]

VM Operations (20 events):
Event: 2.558 Executing VM operation: HandshakeAllThreads done
Event: 2.558 Executing VM operation: G1CollectForAllocation
Event: 2.558 Executing VM operation: G1CollectForAllocation done
Event: 2.558 Executing VM operation: G1CollectForAllocation
Event: 2.563 Executing VM operation: G1CollectForAllocation done
Event: 2.612 Executing VM operation: G1CollectForAllocation
Event: 2.623 Executing VM operation: G1CollectForAllocation done
Event: 2.624 Executing VM operation: G1CollectForAllocation
Event: 2.631 Executing VM operation: G1CollectForAllocation done
Event: 2.663 Executing VM operation: G1CollectForAllocation
Event: 2.663 Executing VM operation: G1CollectForAllocation done
Event: 2.663 Executing VM operation: G1CollectForAllocation
Event: 2.674 Executing VM operation: G1CollectForAllocation done
Event: 2.702 Executing VM operation: G1CollectForAllocation
Event: 2.716 Executing VM operation: G1CollectForAllocation done
Event: 2.716 Executing VM operation: G1CollectForAllocation
Event: 2.729 Executing VM operation: G1CollectForAllocation done
Event: 2.762 Executing VM operation: G1CollectForAllocation
Event: 2.763 Executing VM operation: G1CollectForAllocation done
Event: 2.763 Executing VM operation: G1CollectForAllocation

Events (20 events):
Event: 2.498 Thread 0x000001cfb260c200 Thread added: 0x000001cfb260c200
Event: 2.498 Thread 0x000001cfafa299c0 Thread added: 0x000001cfafa299c0
Event: 2.542 Thread 0x000001cfafa29e90 Thread added: 0x000001cfafa29e90
Event: 2.587 Thread 0x000001cfafa247f0 Thread added: 0x000001cfafa247f0
Event: 2.645 loading class sun/util/ResourceBundleEnumeration
Event: 2.645 loading class sun/util/ResourceBundleEnumeration done
Event: 2.691 loading class java/util/regex/Pattern$1
Event: 2.691 loading class java/util/regex/Pattern$1 done
Event: 2.730 loading class jdk/internal/jrtfs/SystemImage
Event: 2.730 loading class jdk/internal/jrtfs/SystemImage done
Event: 2.739 loading class java/security/AllPermissionCollection
Event: 2.740 loading class java/security/AllPermissionCollection done
Event: 2.740 loading class jdk/internal/jrtfs/SystemImage$2
Event: 2.740 loading class jdk/internal/jrtfs/SystemImage$2 done
Event: 2.740 loading class jdk/internal/jrtfs/SystemImage$1
Event: 2.740 loading class jdk/internal/jrtfs/SystemImage$1 done
Event: 2.741 loading class java/lang/AbstractMethodError
Event: 2.741 loading class java/lang/AbstractMethodError done
Event: 2.743 loading class jdk/internal/jrtfs/JrtFileSystem$1
Event: 2.743 loading class jdk/internal/jrtfs/JrtFileSystem$1 done


Dynamic libraries:
0x00007ff60e470000 - 0x00007ff60e47e000 	c:\Users\pbj25\.vscode\extensions\redhat.java-1.13.0-win32-x64\jre\17.0.5-win32-x86_64\bin\java.exe
0x00007ffe04550000 - 0x00007ffe04748000 	C:\WINDOWS\SYSTEM32\ntdll.dll
0x00007ffe025a0000 - 0x00007ffe0265f000 	C:\WINDOWS\System32\KERNEL32.DLL
0x00007ffe021e0000 - 0x00007ffe024b2000 	C:\WINDOWS\System32\KERNELBASE.dll
0x00007ffe01c50000 - 0x00007ffe01d50000 	C:\WINDOWS\System32\ucrtbase.dll
0x00007ffdff3e0000 - 0x00007ffdff3f7000 	c:\Users\pbj25\.vscode\extensions\redhat.java-1.13.0-win32-x64\jre\17.0.5-win32-x86_64\bin\jli.dll
0x00007ffdff370000 - 0x00007ffdff389000 	c:\Users\pbj25\.vscode\extensions\redhat.java-1.13.0-win32-x64\jre\17.0.5-win32-x86_64\bin\VCRUNTIME140.dll
0x00007ffe02c20000 - 0x00007ffe02dbd000 	C:\WINDOWS\System32\USER32.dll
0x00007ffe02050000 - 0x00007ffe02072000 	C:\WINDOWS\System32\win32u.dll
0x00007ffe03e20000 - 0x00007ffe03e4b000 	C:\WINDOWS\System32\GDI32.dll
0x00007ffe01f40000 - 0x00007ffe0204f000 	C:\WINDOWS\System32\gdi32full.dll
0x00007ffe01ea0000 - 0x00007ffe01f3d000 	C:\WINDOWS\System32\msvcp_win.dll
0x00007ffdf0640000 - 0x00007ffdf08da000 	C:\WINDOWS\WinSxS\amd64_microsoft.windows.common-controls_6595b64144ccf1df_6.0.19041.1110_none_60b5254171f9507e\COMCTL32.dll
0x00007ffe03280000 - 0x00007ffe0331e000 	C:\WINDOWS\System32\msvcrt.dll
0x00007ffe02880000 - 0x00007ffe028b2000 	C:\WINDOWS\System32\IMM32.DLL
0x00007ffdff3b0000 - 0x00007ffdff3bc000 	c:\Users\pbj25\.vscode\extensions\redhat.java-1.13.0-win32-x64\jre\17.0.5-win32-x86_64\bin\vcruntime140_1.dll
0x00007ffddd410000 - 0x00007ffddd4a1000 	c:\Users\pbj25\.vscode\extensions\redhat.java-1.13.0-win32-x64\jre\17.0.5-win32-x86_64\bin\msvcp140.dll
0x00007ffd9a1e0000 - 0x00007ffd9ae24000 	c:\Users\pbj25\.vscode\extensions\redhat.java-1.13.0-win32-x64\jre\17.0.5-win32-x86_64\bin\server\jvm.dll
0x00007ffe033e0000 - 0x00007ffe0348e000 	C:\WINDOWS\System32\ADVAPI32.dll
0x00007ffe02660000 - 0x00007ffe026fc000 	C:\WINDOWS\System32\sechost.dll
0x00007ffe043e0000 - 0x00007ffe04505000 	C:\WINDOWS\System32\RPCRT4.dll
0x00007ffdfb2a0000 - 0x00007ffdfb2a9000 	C:\WINDOWS\SYSTEM32\WSOCK32.dll
0x00007ffdf7ec0000 - 0x00007ffdf7ee7000 	C:\WINDOWS\SYSTEM32\WINMM.dll
0x00007ffdfc800000 - 0x00007ffdfc80a000 	C:\WINDOWS\SYSTEM32\VERSION.dll
0x00007ffe03d00000 - 0x00007ffe03d6b000 	C:\WINDOWS\System32\WS2_32.dll
0x00007ffdffae0000 - 0x00007ffdffaf2000 	C:\WINDOWS\SYSTEM32\kernel.appcore.dll
0x00007ffdfd7f0000 - 0x00007ffdfd7fa000 	c:\Users\pbj25\.vscode\extensions\redhat.java-1.13.0-win32-x64\jre\17.0.5-win32-x86_64\bin\jimage.dll
0x00007ffdf68a0000 - 0x00007ffdf6a84000 	C:\WINDOWS\SYSTEM32\DBGHELP.DLL
0x00007ffdf0c70000 - 0x00007ffdf0c9c000 	C:\WINDOWS\SYSTEM32\dbgcore.DLL
0x00007ffe024c0000 - 0x00007ffe02542000 	C:\WINDOWS\System32\bcryptPrimitives.dll
0x00007ffdee1b0000 - 0x00007ffdee1d5000 	c:\Users\pbj25\.vscode\extensions\redhat.java-1.13.0-win32-x64\jre\17.0.5-win32-x86_64\bin\java.dll
0x00007ffdf7b70000 - 0x00007ffdf7b88000 	c:\Users\pbj25\.vscode\extensions\redhat.java-1.13.0-win32-x64\jre\17.0.5-win32-x86_64\bin\zip.dll
0x00007ffe034f0000 - 0x00007ffe03c33000 	C:\WINDOWS\System32\SHELL32.dll
0x00007ffdffce0000 - 0x00007ffe00472000 	C:\WINDOWS\SYSTEM32\windows.storage.dll
0x00007ffe02dc0000 - 0x00007ffe03114000 	C:\WINDOWS\System32\combase.dll
0x00007ffe015d0000 - 0x00007ffe01600000 	C:\WINDOWS\SYSTEM32\Wldp.dll
0x00007ffe03d70000 - 0x00007ffe03e1d000 	C:\WINDOWS\System32\SHCORE.dll
0x00007ffe02800000 - 0x00007ffe02855000 	C:\WINDOWS\System32\shlwapi.dll
0x00007ffe01b90000 - 0x00007ffe01baf000 	C:\WINDOWS\SYSTEM32\profapi.dll
0x00007ffdf4dd0000 - 0x00007ffdf4de9000 	C:\Users\pbj25\.vscode\extensions\redhat.java-1.13.0-win32-x64\jre\17.0.5-win32-x86_64\bin\net.dll
0x00007ffdfb320000 - 0x00007ffdfb42c000 	C:\WINDOWS\SYSTEM32\WINHTTP.dll
0x00007ffe013b0000 - 0x00007ffe0141a000 	C:\WINDOWS\system32\mswsock.dll
0x00007ffdf4c90000 - 0x00007ffdf4ca5000 	C:\Users\pbj25\.vscode\extensions\redhat.java-1.13.0-win32-x64\jre\17.0.5-win32-x86_64\bin\nio.dll
0x00007ffdfd750000 - 0x00007ffdfd760000 	c:\Users\pbj25\.vscode\extensions\redhat.java-1.13.0-win32-x64\jre\17.0.5-win32-x86_64\bin\verify.dll
0x00007ffdf7b10000 - 0x00007ffdf7b19000 	C:\Users\pbj25\.vscode\extensions\redhat.java-1.13.0-win32-x64\jre\17.0.5-win32-x86_64\bin\management.dll
0x00007ffdf7710000 - 0x00007ffdf771b000 	C:\Users\pbj25\.vscode\extensions\redhat.java-1.13.0-win32-x64\jre\17.0.5-win32-x86_64\bin\management_ext.dll
0x00007ffe03c40000 - 0x00007ffe03c48000 	C:\WINDOWS\System32\PSAPI.DLL
0x00007ffdea4e0000 - 0x00007ffdea4f7000 	C:\WINDOWS\system32\napinsp.dll
0x00007ffde7130000 - 0x00007ffde714b000 	C:\WINDOWS\system32\pnrpnsp.dll
0x00007ffde7400000 - 0x00007ffde7415000 	C:\WINDOWS\system32\wshbth.dll
0x00007ffdfd700000 - 0x00007ffdfd71d000 	C:\WINDOWS\system32\NLAapi.dll
0x00007ffe01070000 - 0x00007ffe010ab000 	C:\WINDOWS\SYSTEM32\IPHLPAPI.DLL
0x00007ffe010c0000 - 0x00007ffe0118a000 	C:\WINDOWS\SYSTEM32\DNSAPI.dll
0x00007ffe027e0000 - 0x00007ffe027e8000 	C:\WINDOWS\System32\NSI.dll
0x00007ffde73e0000 - 0x00007ffde73f2000 	C:\WINDOWS\System32\winrnr.dll
0x00007ffdfae50000 - 0x00007ffdfae5a000 	C:\Windows\System32\rasadhlp.dll
0x00007ffdfaae0000 - 0x00007ffdfab60000 	C:\WINDOWS\System32\fwpuclnt.dll
0x00007ffe01dc0000 - 0x00007ffe01de7000 	C:\WINDOWS\System32\bcrypt.dll
0x00007ffe01610000 - 0x00007ffe01628000 	C:\WINDOWS\SYSTEM32\CRYPTSP.dll
0x00007ffe00c80000 - 0x00007ffe00cb4000 	C:\WINDOWS\system32\rsaenh.dll
0x00007ffe01b10000 - 0x00007ffe01b3e000 	C:\WINDOWS\SYSTEM32\USERENV.dll
0x00007ffe01540000 - 0x00007ffe0154c000 	C:\WINDOWS\SYSTEM32\CRYPTBASE.dll
0x00007ffdfcb40000 - 0x00007ffdfcb57000 	C:\WINDOWS\SYSTEM32\dhcpcsvc6.DLL
0x00007ffdfcb10000 - 0x00007ffdfcb2d000 	C:\WINDOWS\SYSTEM32\dhcpcsvc.DLL

dbghelp: loaded successfully - version: 4.0.5 - missing functions: none
symbol engine: initialized successfully - sym options: 0x614 - pdb path: .;c:\Users\pbj25\.vscode\extensions\redhat.java-1.13.0-win32-x64\jre\17.0.5-win32-x86_64\bin;C:\WINDOWS\SYSTEM32;C:\WINDOWS\WinSxS\amd64_microsoft.windows.common-controls_6595b64144ccf1df_6.0.19041.1110_none_60b5254171f9507e;c:\Users\pbj25\.vscode\extensions\redhat.java-1.13.0-win32-x64\jre\17.0.5-win32-x86_64\bin\server

VM Arguments:
jvm_args: -Dsts.lsp.client=vscode -Dsts.log.file=/dev/null -XX:TieredStopAtLevel=1 -Xlog:jni+resolve=off -Dspring.config.location=file:c:\Users\pbj25\.vscode\extensions\pivotal.vscode-spring-boot-1.42.0\language-server\BOOT-INF\classes\application.properties 
java_command: org.springframework.ide.vscode.boot.app.BootLanguageServerBootApp
java_class_path (initial): c:\Users\pbj25\.vscode\extensions\pivotal.vscode-spring-boot-1.42.0\language-server\BOOT-INF\classes;c:\Users\pbj25\.vscode\extensions\pivotal.vscode-spring-boot-1.42.0\language-server\BOOT-INF\lib\annotations-23.1.0.jar;c:\Users\pbj25\.vscode\extensions\pivotal.vscode-spring-boot-1.42.0\language-server\BOOT-INF\lib\ant-1.10.12.jar;c:\Users\pbj25\.vscode\extensions\pivotal.vscode-spring-boot-1.42.0\language-server\BOOT-INF\lib\ant-launcher-1.10.12.jar;c:\Users\pbj25\.vscode\extensions\pivotal.vscode-spring-boot-1.42.0\language-server\BOOT-INF\lib\antlr-runtime-3.5.2.jar;c:\Users\pbj25\.vscode\extensions\pivotal.vscode-spring-boot-1.42.0\language-server\BOOT-INF\lib\antlr4-4.9.3.jar;c:\Users\pbj25\.vscode\extensions\pivotal.vscode-spring-boot-1.42.0\language-server\BOOT-INF\lib\antlr4-runtime-4.9.3.jar;c:\Users\pbj25\.vscode\extensions\pivotal.vscode-spring-boot-1.42.0\language-server\BOOT-INF\lib\apiguardian-api-1.1.2.jar;c:\Users\pbj25\.vscode\extensions\pivotal.vscode-spring-boot-1.42.0\language-server\BOOT-INF\lib\asm-9.4.jar;c:\Users\pbj25\.vscode\extensions\pivotal.vscode-spring-boot-1.42.0\language-server\BOOT-INF\lib\asm-analysis-9.4.jar;c:\Users\pbj25\.vscode\extensions\pivotal.vscode-spring-boot-1.42.0\language-server\BOOT-INF\lib\asm-tree-9.4.jar;c:\Users\pbj25\.vscode\extensions\pivotal.vscode-spring-boot-1.42.0\language-server\BOOT-INF\lib\asm-util-9.4.jar;c:\Users\pbj25\.vscode\extensions\pivotal.vscode-spring-boot-1.42.0\language-server\BOOT-INF\lib\caffeine-2.9.3.jar;c:\Users\pbj25\.vscode\extensions\pivotal.vscode-spring-boot-1.42.0\language-server\BOOT-INF\lib\checker-qual-3.12.0.jar;c:\Users\pbj25\.vscode\extensions\pivotal.vscode-spring-boot-1.42.0\language-server\BOOT-INF\lib\ci-environment-9.1.0.jar;c:\Users\pbj25\.vscode\extensions\pivotal.vscode-spring-boot-1.42.0\language-server\BOOT-INF\lib\classgraph-4.8.149.jar;c:\Users\pbj25\.vscode\extensions\pivotal.vscode-spring-boot-1.42.0\language-server\BOOT-INF\lib\comm
Launcher Type: SUN_STANDARD

[Global flags]
     intx CICompilerCount                          = 12                                        {product} {ergonomic}
     uint ConcGCThreads                            = 3                                         {product} {ergonomic}
     uint G1ConcRefinementThreads                  = 13                                        {product} {ergonomic}
   size_t G1HeapRegionSize                         = 2097152                                   {product} {ergonomic}
    uintx GCDrainStackTargetSize                   = 64                                        {product} {ergonomic}
   size_t InitialHeapSize                          = 268435456                                 {product} {ergonomic}
   size_t MarkStackSize                            = 4194304                                   {product} {ergonomic}
   size_t MaxHeapSize                              = 4282384384                                {product} {ergonomic}
   size_t MaxNewSize                               = 2569011200                                {product} {ergonomic}
   size_t MinHeapDeltaBytes                        = 2097152                                   {product} {ergonomic}
   size_t MinHeapSize                              = 8388608                                   {product} {ergonomic}
    uintx NonProfiledCodeHeapSize                  = 0                                      {pd product} {ergonomic}
     bool ProfileInterpreter                       = false                                  {pd product} {command line}
    uintx ProfiledCodeHeapSize                     = 0                                      {pd product} {ergonomic}
   size_t SoftMaxHeapSize                          = 4282384384                             {manageable} {ergonomic}
     intx TieredStopAtLevel                        = 1                                         {product} {command line}
     bool UseCompressedClassPointers               = true                           {product lp64_product} {ergonomic}
     bool UseCompressedOops                        = true                           {product lp64_product} {ergonomic}
     bool UseG1GC                                  = true                                      {product} {ergonomic}
     bool UseLargePagesIndividualAllocation        = false                                  {pd product} {ergonomic}

Logging:
Log output configuration:
 #0: stdout all=warning,jni+resolve=off uptime,level,tags
 #1: stderr all=off uptime,level,tags

Environment Variables:
JAVA_HOME=C:\Program Files\Java\jdk-17.0.5
PATH=C:\Program Files\Eclipse Adoptium\jdk-17.0.4.101-hotspot\bin;C:\WINDOWS\system32;C:\WINDOWS;C:\WINDOWS\System32\Wbem;C:\WINDOWS\System32\WindowsPowerShell\v1.0\;C:\WINDOWS\System32\OpenSSH\;C:\Program Files (x86)\NVIDIA Corporation\PhysX\Common;C:\Program Files\NVIDIA Corporation\NVIDIA NvDLISR;C:\Program Files\Java\jdk-17.0.5\bin;C:\Program Files\Git\cmd;C:\Program Files\nodejs\;C:\Develops\apache-maven-3.8.6\bin;C:\Program Files\MySQL\MySQL Shell 8.0\bin\;C:\Users\pbj25\AppData\Local\Programs\Python\Python39\Scripts\;C:\Users\pbj25\AppData\Local\Programs\Python\Python39\;C:\Users\pbj25\AppData\Local\Microsoft\WindowsApps;C:\Program Files\Bandizip\;C:\Users\pbj25\AppData\Local\Programs\Microsoft VS Code\bin;C:\Users\pbj25\AppData\Local\GitHubDesktop\bin;C:\Users\pbj25\AppData\Roaming\npm
USERNAME=pbj25
OS=Windows_NT
PROCESSOR_IDENTIFIER=AMD64 Family 23 Model 113 Stepping 0, AuthenticAMD
TMP=C:\Users\pbj25\AppData\Local\Temp
TEMP=C:\Users\pbj25\AppData\Local\Temp



---------------  S Y S T E M  ---------------

OS:
 Windows 10 , 64 bit Build 19041 (10.0.19041.2251)
OS uptime: 11 days 1:44 hours
Hyper-V role detected

CPU: total 16 (initial active 16) (16 cores per cpu, 2 threads per core) family 23 model 113 stepping 0 microcode 0x0, cx8, cmov, fxsr, ht, mmx, 3dnowpref, sse, sse2, sse3, ssse3, sse4a, sse4.1, sse4.2, popcnt, lzcnt, tsc, tscinvbit, avx, avx2, aes, clmul, bmi1, bmi2, adx, sha, fma, vzeroupper, clflush, clflushopt, hv

Memory: 4k page, system-wide physical 16332M (1771M free)
TotalPageFile size 26332M (AvailPageFile size 280M)
current process WorkingSet (physical memory assigned to process): 570M, peak: 570M
current process commit charge ("private bytes"): 607M, peak: 1223M

vm_info: OpenJDK 64-Bit Server VM (17.0.5+8) for windows-amd64 JRE (17.0.5+8), built on Oct 19 2022 04:48:13 by "temurin" with MS VC++ 16.7 (VS2019)

END.
