#
# There is insufficient memory for the Java Runtime Environment to continue.
# Native memory allocation (mmap) failed to map 935329792 bytes for G1 virtual space
# Possible reasons:
#   The system is out of physical RAM or swap space
#   The process is running with CompressedOops enabled, and the Java Heap may be blocking the growth of the native heap
# Possible solutions:
#   Reduce memory load on the system
#   Increase physical memory or swap space
#   Check if swap backing store is full
#   Decrease Java heap size (-Xmx/-Xms)
#   Decrease number of Java threads
#   Decrease Java thread stack sizes (-Xss)
#   Set larger code cache with -XX:ReservedCodeCacheSize=
#   JVM is running with Zero Based Compressed Oops mode in which the Java heap is
#     placed in the first 32GB address space. The Java Heap base address is the
#     maximum limit for the native heap growth. Please use -XX:HeapBaseMinAddress
#     to set the Java Heap base and to place the Java Heap above 32GB virtual address.
# This output file may be truncated or incomplete.
#
#  Out of Memory Error (os_windows.cpp:3548), pid=38028, tid=38840
#
# JRE version: OpenJDK Runtime Environment Temurin-17.0.5+8 (17.0.5+8) (build 17.0.5+8)
# Java VM: OpenJDK 64-Bit Server VM Temurin-17.0.5+8 (17.0.5+8, mixed mode, emulated-client, tiered, compressed oops, compressed class ptrs, g1 gc, windows-amd64)
# No core dump will be written. Minidumps are not enabled by default on client versions of Windows
#

---------------  S U M M A R Y ------------

Command Line: -Dsts.lsp.client=vscode -Dsts.log.file=/dev/null -XX:TieredStopAtLevel=1 -Xlog:jni+resolve=off -Dspring.config.location=file:c:\Users\pbj25\.vscode\extensions\pivotal.vscode-spring-boot-1.42.0\language-server\BOOT-INF\classes\application.properties org.springframework.ide.vscode.boot.app.BootLanguageServerBootApp

Host: AMD Ryzen 7 3700X 8-Core Processor             , 16 cores, 15G,  Windows 10 , 64 bit Build 19041 (10.0.19041.2251)
Time: Tue Dec 13 14:15:42 2022  Windows 10 , 64 bit Build 19041 (10.0.19041.2251) elapsed time: 2.589588 seconds (0d 0h 0m 2s)

---------------  T H R E A D  ---------------

Current thread (0x000001f3c87ad6d0):  VMThread "VM Thread" [stack: 0x000000f36b500000,0x000000f36b600000] [id=38840]

Stack: [0x000000f36b500000,0x000000f36b600000]
Native frames: (J=compiled Java code, j=interpreted, Vv=VM code, C=native code)
V  [jvm.dll+0x676b3a]
V  [jvm.dll+0x831444]
V  [jvm.dll+0x832bee]
V  [jvm.dll+0x833253]
V  [jvm.dll+0x244ce5]
V  [jvm.dll+0x673a49]
V  [jvm.dll+0x66811a]
V  [jvm.dll+0x303ceb]
V  [jvm.dll+0x30b1e6]
V  [jvm.dll+0x35adbe]
V  [jvm.dll+0x35afef]
V  [jvm.dll+0x2dab88]
V  [jvm.dll+0x2d8e3c]
V  [jvm.dll+0x2d840c]
V  [jvm.dll+0x31c31b]
V  [jvm.dll+0x8376fb]
V  [jvm.dll+0x838434]
V  [jvm.dll+0x83894c]
V  [jvm.dll+0x838d24]
V  [jvm.dll+0x838df0]
V  [jvm.dll+0x7e17ea]
V  [jvm.dll+0x6759e5]
C  [ucrtbase.dll+0x21bb2]
C  [KERNEL32.DLL+0x174b4]
C  [ntdll.dll+0x526a1]

VM_Operation (0x000000f36e1fe260): G1CollectForAllocation, mode: safepoint, requested by thread 0x000001f3caa59970


---------------  P R O C E S S  ---------------

Threads class SMR info:
_java_thread_list=0x000001f3cd2f4cc0, length=61, elements={
0x000001f3c9055740, 0x000001f3c9056300, 0x000001f3c90a0450, 0x000001f3c90a0ce0,
0x000001f3c90a41d0, 0x000001f3c90a46a0, 0x000001f3c90a9390, 0x000001f3c90b5fd0,
0x000001f3c92b44b0, 0x000001f3c92b6ce0, 0x000001f3c92cefa0, 0x000001f3c92d8960,
0x000001f3c9acab80, 0x000001f3c9d969a0, 0x000001f3ca261070, 0x000001f3ca8b1cb0,
0x000001f3ca819c40, 0x000001f3b5c71290, 0x000001f3ca9711c0, 0x000001f3ca9b0460,
0x000001f3ca9a06d0, 0x000001f3ca9c28f0, 0x000001f3caa2a620, 0x000001f3caa5d330,
0x000001f3caa5bb20, 0x000001f3caa5a7e0, 0x000001f3caa5c990, 0x000001f3caa5b180,
0x000001f3caa5bff0, 0x000001f3caa59970, 0x000001f3caa5c4c0, 0x000001f3caa5acb0,
0x000001f3caa5a310, 0x000001f3caa5b650, 0x000001f3caa5ce60, 0x000001f3caa59e40,
0x000001f3caa95d70, 0x000001f3caa953d0, 0x000001f3caa96710, 0x000001f3caa9a0d0,
0x000001f3caa99c00, 0x000001f3caa9a5a0, 0x000001f3caa9aa70, 0x000001f3caa98d90,
0x000001f3caa9af40, 0x000001f3caa958a0, 0x000001f3caa94a30, 0x000001f3caa9b410,
0x000001f3caa96be0, 0x000001f3caa94f00, 0x000001f3caa9b8e0, 0x000001f3caa9bdb0,
0x000001f3caa97f20, 0x000001f3cd4842f0, 0x000001f3cd484800, 0x000001f3cd484d10,
0x000001f3cd5260a0, 0x000001f3cd505070, 0x000001f3cd505580, 0x000001f3cd506df0,
0x000001f3caa970b0
}

Java Threads: ( => current thread )
  0x000001f3c9055740 JavaThread "Reference Handler" daemon [_thread_blocked, id=28932, stack(0x000000f36b600000,0x000000f36b700000)]
  0x000001f3c9056300 JavaThread "Finalizer" daemon [_thread_blocked, id=15584, stack(0x000000f36b700000,0x000000f36b800000)]
  0x000001f3c90a0450 JavaThread "Signal Dispatcher" daemon [_thread_blocked, id=14116, stack(0x000000f36b800000,0x000000f36b900000)]
  0x000001f3c90a0ce0 JavaThread "Attach Listener" daemon [_thread_blocked, id=20860, stack(0x000000f36b900000,0x000000f36ba00000)]
  0x000001f3c90a41d0 JavaThread "Service Thread" daemon [_thread_blocked, id=18608, stack(0x000000f36ba00000,0x000000f36bb00000)]
  0x000001f3c90a46a0 JavaThread "Monitor Deflation Thread" daemon [_thread_blocked, id=25160, stack(0x000000f36bb00000,0x000000f36bc00000)]
  0x000001f3c90a9390 JavaThread "C1 CompilerThread0" daemon [_thread_blocked, id=20344, stack(0x000000f36bc00000,0x000000f36bd00000)]
  0x000001f3c90b5fd0 JavaThread "Sweeper thread" daemon [_thread_blocked, id=35368, stack(0x000000f36bd00000,0x000000f36be00000)]
  0x000001f3c92b44b0 JavaThread "C1 CompilerThread1" daemon [_thread_blocked, id=37084, stack(0x000000f36be00000,0x000000f36bf00000)]
  0x000001f3c92b6ce0 JavaThread "C1 CompilerThread2" daemon [_thread_blocked, id=24632, stack(0x000000f36bf00000,0x000000f36c000000)]
  0x000001f3c92cefa0 JavaThread "Notification Thread" daemon [_thread_blocked, id=28764, stack(0x000000f36c000000,0x000000f36c100000)]
  0x000001f3c92d8960 JavaThread "Common-Cleaner" daemon [_thread_blocked, id=22668, stack(0x000000f36c200000,0x000000f36c300000)]
  0x000001f3c9acab80 JavaThread "C1 CompilerThread3" daemon [_thread_blocked, id=37948, stack(0x000000f36c300000,0x000000f36c400000)]
  0x000001f3c9d969a0 JavaThread "C1 CompilerThread4" daemon [_thread_blocked, id=23224, stack(0x000000f36c400000,0x000000f36c500000)]
  0x000001f3ca261070 JavaThread "boundedElastic-evictor-1" daemon [_thread_blocked, id=14056, stack(0x000000f36d300000,0x000000f36d400000)]
  0x000001f3ca8b1cb0 JavaThread "pool-11-thread-1" [_thread_blocked, id=14252, stack(0x000000f36d400000,0x000000f36d500000)]
  0x000001f3ca819c40 JavaThread "LanguageServerApp-lifecycle" [_thread_blocked, id=34588, stack(0x000000f36d500000,0x000000f36d600000)]
  0x000001f3b5c71290 JavaThread "DestroyJavaVM" [_thread_blocked, id=38004, stack(0x000000f36af00000,0x000000f36b000000)]
  0x000001f3ca9711c0 JavaThread "pool-12-thread-1" [_thread_in_native, id=34828, stack(0x000000f36d600000,0x000000f36d700000)]
  0x000001f3ca9b0460 JavaThread "Simple-Language-Server main thread" daemon [_thread_blocked, id=34940, stack(0x000000f36d700000,0x000000f36d800000)]
  0x000001f3ca9a06d0 JavaThread "ForkJoinPool.commonPool-worker-1" daemon [_thread_blocked, id=31780, stack(0x000000f36d800000,0x000000f36d900000)]
  0x000001f3ca9c28f0 JavaThread "ClassGraph-worker-0" daemon [_thread_blocked, id=18580, stack(0x000000f36d900000,0x000000f36da00000)]
  0x000001f3caa2a620 JavaThread "ClassGraph-worker-1" daemon [_thread_blocked, id=30132, stack(0x000000f36da00000,0x000000f36db00000)]
  0x000001f3caa5d330 JavaThread "ClassGraph-worker-2" daemon [_thread_blocked, id=5256, stack(0x000000f36db00000,0x000000f36dc00000)]
  0x000001f3caa5bb20 JavaThread "ClassGraph-worker-3" daemon [_thread_blocked, id=35956, stack(0x000000f36dc00000,0x000000f36dd00000)]
  0x000001f3caa5a7e0 JavaThread "ClassGraph-worker-4" daemon [_thread_blocked, id=26340, stack(0x000000f36dd00000,0x000000f36de00000)]
  0x000001f3caa5c990 JavaThread "parallel-1" daemon [_thread_blocked, id=33824, stack(0x000000f36de00000,0x000000f36df00000)]
  0x000001f3caa5b180 JavaThread "ClassGraph-worker-5" daemon [_thread_blocked, id=39744, stack(0x000000f36df00000,0x000000f36e000000)]
  0x000001f3caa5bff0 JavaThread "ClassGraph-worker-6" daemon [_thread_blocked, id=38196, stack(0x000000f36e000000,0x000000f36e100000)]
  0x000001f3caa59970 JavaThread "ClassGraph-worker-7" daemon [_thread_blocked, id=22040, stack(0x000000f36e100000,0x000000f36e200000)]
  0x000001f3caa5c4c0 JavaThread "ClassGraph-worker-8" daemon [_thread_blocked, id=28960, stack(0x000000f36e200000,0x000000f36e300000)]
  0x000001f3caa5acb0 JavaThread "ClassGraph-worker-9" daemon [_thread_blocked, id=21792, stack(0x000000f36e300000,0x000000f36e400000)]
  0x000001f3caa5a310 JavaThread "ClassGraph-worker-10" daemon [_thread_blocked, id=14256, stack(0x000000f36e400000,0x000000f36e500000)]
  0x000001f3caa5b650 JavaThread "ClassGraph-worker-11" daemon [_thread_blocked, id=39436, stack(0x000000f36e500000,0x000000f36e600000)]
  0x000001f3caa5ce60 JavaThread "ClassGraph-worker-12" daemon [_thread_blocked, id=35988, stack(0x000000f36e600000,0x000000f36e700000)]
  0x000001f3caa59e40 JavaThread "ClassGraph-worker-13" daemon [_thread_blocked, id=39680, stack(0x000000f36e700000,0x000000f36e800000)]
  0x000001f3caa95d70 JavaThread "ClassGraph-worker-14" daemon [_thread_blocked, id=35692, stack(0x000000f36e800000,0x000000f36e900000)]
  0x000001f3caa953d0 JavaThread "ClassGraph-worker-15" daemon [_thread_blocked, id=11056, stack(0x000000f36e900000,0x000000f36ea00000)]
  0x000001f3caa96710 JavaThread "ClassGraph-worker-16" daemon [_thread_blocked, id=35408, stack(0x000000f36ea00000,0x000000f36eb00000)]
  0x000001f3caa9a0d0 JavaThread "ClassGraph-worker-17" daemon [_thread_blocked, id=12040, stack(0x000000f36eb00000,0x000000f36ec00000)]
  0x000001f3caa99c00 JavaThread "ClassGraph-worker-18" daemon [_thread_blocked, id=20232, stack(0x000000f36ec00000,0x000000f36ed00000)]
  0x000001f3caa9a5a0 JavaThread "ClassGraph-worker-19" daemon [_thread_blocked, id=9888, stack(0x000000f36ed00000,0x000000f36ee00000)]
  0x000001f3caa9aa70 JavaThread "ClassGraph-worker-20" daemon [_thread_blocked, id=36184, stack(0x000000f36ee00000,0x000000f36ef00000)]
  0x000001f3caa98d90 JavaThread "ClassGraph-worker-21" daemon [_thread_blocked, id=38836, stack(0x000000f36ef00000,0x000000f36f000000)]
  0x000001f3caa9af40 JavaThread "ClassGraph-worker-22" daemon [_thread_blocked, id=17328, stack(0x000000f36f000000,0x000000f36f100000)]
  0x000001f3caa958a0 JavaThread "ClassGraph-worker-23" daemon [_thread_blocked, id=2132, stack(0x000000f36f100000,0x000000f36f200000)]
  0x000001f3caa94a30 JavaThread "pool-6-thread-1" [_thread_blocked, id=9364, stack(0x000000f36f600000,0x000000f36f700000)]
  0x000001f3caa9b410 JavaThread "pool-10-thread-1" [_thread_blocked, id=2252, stack(0x000000f36f700000,0x000000f36f800000)]
  0x000001f3caa96be0 JavaThread "parallel-2" daemon [_thread_blocked, id=14588, stack(0x000000f36f800000,0x000000f36f900000)]
  0x000001f3caa94f00 JavaThread "pool-10-thread-2" [_thread_blocked, id=19092, stack(0x000000f36f900000,0x000000f36fa00000)]
  0x000001f3caa9b8e0 JavaThread "parallel-3" daemon [_thread_blocked, id=29496, stack(0x000000f36fa00000,0x000000f36fb00000)]
  0x000001f3caa9bdb0 JavaThread "Project-Reconciler-1" daemon [_thread_blocked, id=38084, stack(0x000000f36fb00000,0x000000f36fc00000)]
  0x000001f3caa97f20 JavaThread "pool-10-thread-3" [_thread_blocked, id=13908, stack(0x000000f36fc00000,0x000000f36fd00000)]
  0x000001f3cd4842f0 JavaThread "C1 CompilerThread5" daemon [_thread_blocked, id=39692, stack(0x000000f36fd00000,0x000000f36fe00000)]
  0x000001f3cd484800 JavaThread "C1 CompilerThread6" daemon [_thread_blocked, id=11468, stack(0x000000f36fe00000,0x000000f36ff00000)]
  0x000001f3cd484d10 JavaThread "C1 CompilerThread7" daemon [_thread_blocked, id=36356, stack(0x000000f36ff00000,0x000000f370000000)]
  0x000001f3cd5260a0 JavaThread "C1 CompilerThread8" daemon [_thread_blocked, id=27084, stack(0x000000f370000000,0x000000f370100000)]
  0x000001f3cd505070 JavaThread "C1 CompilerThread9" daemon [_thread_blocked, id=18872, stack(0x000000f370100000,0x000000f370200000)]
  0x000001f3cd505580 JavaThread "C1 CompilerThread10" daemon [_thread_blocked, id=33252, stack(0x000000f370200000,0x000000f370300000)]
  0x000001f3cd506df0 JavaThread "C1 CompilerThread11" daemon [_thread_blocked, id=5968, stack(0x000000f370300000,0x000000f370400000)]
  0x000001f3caa970b0 JavaThread "Project-Reconciler-2" daemon [_thread_blocked, id=29456, stack(0x000000f370400000,0x000000f370500000)]

Other Threads:
=>0x000001f3c87ad6d0 VMThread "VM Thread" [stack: 0x000000f36b500000,0x000000f36b600000] [id=38840]
  0x000001f3c92d1480 WatcherThread [stack: 0x000000f36c100000,0x000000f36c200000] [id=16184]
  0x000001f3b5ce3c00 GCTaskThread "GC Thread#0" [stack: 0x000000f36b000000,0x000000f36b100000] [id=20500]
  0x000001f3c9dd3ed0 GCTaskThread "GC Thread#1" [stack: 0x000000f36c500000,0x000000f36c600000] [id=33564]
  0x000001f3c9e2d070 GCTaskThread "GC Thread#2" [stack: 0x000000f36c600000,0x000000f36c700000] [id=12296]
  0x000001f3c9e2db30 GCTaskThread "GC Thread#3" [stack: 0x000000f36c700000,0x000000f36c800000] [id=35852]
  0x000001f3c9e2dde0 GCTaskThread "GC Thread#4" [stack: 0x000000f36c800000,0x000000f36c900000] [id=24220]
  0x000001f3c9e2e8a0 GCTaskThread "GC Thread#5" [stack: 0x000000f36c900000,0x000000f36ca00000] [id=26608]
  0x000001f3ca0755b0 GCTaskThread "GC Thread#6" [stack: 0x000000f36ca00000,0x000000f36cb00000] [id=23528]
  0x000001f3ca075860 GCTaskThread "GC Thread#7" [stack: 0x000000f36cb00000,0x000000f36cc00000] [id=16364]
  0x000001f3ca075b10 GCTaskThread "GC Thread#8" [stack: 0x000000f36cc00000,0x000000f36cd00000] [id=38496]
  0x000001f3ca077a10 GCTaskThread "GC Thread#9" [stack: 0x000000f36cd00000,0x000000f36ce00000] [id=34704]
  0x000001f3ca2f1740 GCTaskThread "GC Thread#10" [stack: 0x000000f36cf00000,0x000000f36d000000] [id=23128]
  0x000001f3ca2f19f0 GCTaskThread "GC Thread#11" [stack: 0x000000f36d000000,0x000000f36d100000] [id=38844]
  0x000001f3ca2f11e0 GCTaskThread "GC Thread#12" [stack: 0x000000f36ce00000,0x000000f36cf00000] [id=29308]
  0x000001f3b5cf4a80 ConcurrentGCThread "G1 Main Marker" [stack: 0x000000f36b100000,0x000000f36b200000] [id=33164]
  0x000001f3b5cf5490 ConcurrentGCThread "G1 Conc#0" [stack: 0x000000f36b200000,0x000000f36b300000] [id=36992]
  0x000001f3ca2f1490 ConcurrentGCThread "G1 Conc#1" [stack: 0x000000f36d100000,0x000000f36d200000] [id=34036]
  0x000001f3ca2f0f30 ConcurrentGCThread "G1 Conc#2" [stack: 0x000000f36d200000,0x000000f36d300000] [id=38664]
  0x000001f3b5d3ecd0 ConcurrentGCThread "G1 Refine#0" [stack: 0x000000f36b300000,0x000000f36b400000] [id=24288]
  0x000001f3ca256d20 ConcurrentGCThread "G1 Refine#1" [stack: 0x000000f36f200000,0x000000f36f300000] [id=33392]
  0x000001f3ca256480 ConcurrentGCThread "G1 Refine#2" [stack: 0x000000f36f300000,0x000000f36f400000] [id=39220]
  0x000001f3ca256760 ConcurrentGCThread "G1 Refine#3" [stack: 0x000000f36f400000,0x000000f36f500000] [id=16560]
  0x000001f3ca255620 ConcurrentGCThread "G1 Refine#4" [stack: 0x000000f36f500000,0x000000f36f600000] [id=27360]
  0x000001f3c8657900 ConcurrentGCThread "G1 Service" [stack: 0x000000f36b400000,0x000000f36b500000] [id=38556]

Threads with active compile tasks:
C1 CompilerThread1     2608 4509       1       java.nio.file.Files::newByteChannel (11 bytes)
C1 CompilerThread2     2608 4508       1       java.nio.file.Files::newByteChannel (36 bytes)

VM state: at safepoint (normal execution)

VM Mutex/Monitor currently owned by a thread:  ([mutex/lock_event])
[0x000001f3b3999f20] Threads_lock - owner thread: 0x000001f3c87ad6d0
[0x000001f3b5c6f4e0] Heap_lock - owner thread: 0x000001f3caa59970

Heap address: 0x0000000700c00000, size: 4084 MB, Compressed Oops mode: Zero based, Oop shift amount: 3

CDS archive(s) not mapped
Compressed class space mapped at: 0x0000000800000000-0x0000000840000000, reserved size: 1073741824
Narrow klass base: 0x0000000800000000, Narrow klass shift: 0, Narrow klass range: 0x40000000

GC Precious Log:
 CPUs: 16 total, 16 available
 Memory: 16332M
 Large Page Support: Disabled
 NUMA Support: Disabled
 Compressed Oops: Enabled (Zero based)
 Heap Region Size: 2M
 Heap Min Capacity: 8M
 Heap Initial Capacity: 256M
 Heap Max Capacity: 4084M
 Pre-touch: Disabled
 Parallel Workers: 13
 Concurrent Workers: 3
 Concurrent Refinement Workers: 13
 Periodic GC: Disabled

Heap:
 garbage-first heap   total 530432K, used 138643K [0x0000000700c00000, 0x0000000800000000)
  region size 2048K, 16 young (32768K), 16 survivors (32768K)
 Metaspace       used 42862K, committed 43264K, reserved 1089536K
  class space    used 5338K, committed 5504K, reserved 1048576K

Heap Regions: E=young(eden), S=young(survivor), O=old, HS=humongous(starts), HC=humongous(continues), CS=collection set, F=free, OA=open archive, CA=closed archive, TAMS=top-at-mark-start (previous, next)
|   0|0x0000000700c00000, 0x0000000700e00000, 0x0000000700e00000|100%| O|  |TAMS 0x0000000700e00000, 0x0000000700c00000| Untracked 
|   1|0x0000000700e00000, 0x0000000701000000, 0x0000000701000000|100%| O|  |TAMS 0x0000000701000000, 0x0000000700e00000| Untracked 
|   2|0x0000000701000000, 0x0000000701200000, 0x0000000701200000|100%| O|  |TAMS 0x0000000701200000, 0x0000000701000000| Untracked 
|   3|0x0000000701200000, 0x00000007013f5a00, 0x0000000701400000| 97%| O|  |TAMS 0x00000007013f5a00, 0x0000000701200000| Untracked 
|   4|0x0000000701400000, 0x0000000701600000, 0x0000000701600000|100%| O|  |TAMS 0x0000000701600000, 0x0000000701400000| Untracked 
|   5|0x0000000701600000, 0x0000000701800000, 0x0000000701800000|100%| O|  |TAMS 0x0000000701800000, 0x0000000701600000| Untracked 
|   6|0x0000000701800000, 0x0000000701a00000, 0x0000000701a00000|100%| O|  |TAMS 0x0000000701a00000, 0x0000000701800000| Untracked 
|   7|0x0000000701a00000, 0x0000000701c00000, 0x0000000701c00000|100%| O|  |TAMS 0x0000000701c00000, 0x0000000701a00000| Untracked 
|   8|0x0000000701c00000, 0x0000000701e00000, 0x0000000701e00000|100%| O|  |TAMS 0x0000000701e00000, 0x0000000701c00000| Untracked 
|   9|0x0000000701e00000, 0x0000000701f06400, 0x0000000702000000| 51%| O|  |TAMS 0x0000000701f06400, 0x0000000701e00000| Untracked 
|  10|0x0000000702000000, 0x0000000702200000, 0x0000000702200000|100%| O|  |TAMS 0x0000000702200000, 0x0000000702000000| Untracked 
|  11|0x0000000702200000, 0x0000000702400000, 0x0000000702400000|100%| O|  |TAMS 0x0000000702400000, 0x0000000702200000| Untracked 
|  12|0x0000000702400000, 0x0000000702600000, 0x0000000702600000|100%| O|  |TAMS 0x0000000702600000, 0x0000000702400000| Untracked 
|  13|0x0000000702600000, 0x0000000702800000, 0x0000000702800000|100%| O|  |TAMS 0x0000000702800000, 0x0000000702600000| Untracked 
|  14|0x0000000702800000, 0x0000000702a00000, 0x0000000702a00000|100%| O|  |TAMS 0x0000000702a00000, 0x0000000702800000| Untracked 
|  15|0x0000000702a00000, 0x0000000702c00000, 0x0000000702c00000|100%| O|  |TAMS 0x0000000702c00000, 0x0000000702a00000| Untracked 
|  16|0x0000000702c00000, 0x0000000702e00000, 0x0000000702e00000|100%| O|  |TAMS 0x0000000702e00000, 0x0000000702c00000| Untracked 
|  17|0x0000000702e00000, 0x0000000703000000, 0x0000000703000000|100%| O|  |TAMS 0x0000000703000000, 0x0000000702e00000| Untracked 
|  18|0x0000000703000000, 0x0000000703200000, 0x0000000703200000|100%| O|  |TAMS 0x00000007030a7c00, 0x0000000703000000| Untracked 
|  19|0x0000000703200000, 0x0000000703400000, 0x0000000703400000|100%| O|  |TAMS 0x0000000703400000, 0x0000000703200000| Untracked 
|  20|0x0000000703400000, 0x0000000703600000, 0x0000000703600000|100%| O|  |TAMS 0x0000000703600000, 0x0000000703400000| Untracked 
|  21|0x0000000703600000, 0x0000000703800000, 0x0000000703800000|100%| O|  |TAMS 0x0000000703800000, 0x0000000703600000| Untracked 
|  22|0x0000000703800000, 0x0000000703a00000, 0x0000000703a00000|100%| O|  |TAMS 0x0000000703a00000, 0x0000000703800000| Untracked 
|  23|0x0000000703a00000, 0x0000000703c00000, 0x0000000703c00000|100%| O|  |TAMS 0x0000000703c00000, 0x0000000703a00000| Untracked 
|  24|0x0000000703c00000, 0x0000000703e00000, 0x0000000703e00000|100%| O|  |TAMS 0x0000000703e00000, 0x0000000703c00000| Untracked 
|  25|0x0000000703e00000, 0x0000000704000000, 0x0000000704000000|100%| O|  |TAMS 0x0000000703e00000, 0x0000000703e00000| Untracked 
|  26|0x0000000704000000, 0x0000000704200000, 0x0000000704200000|100%| O|  |TAMS 0x0000000704000000, 0x0000000704000000| Untracked 
|  27|0x0000000704200000, 0x0000000704400000, 0x0000000704400000|100%| O|  |TAMS 0x0000000704200000, 0x0000000704200000| Untracked 
|  28|0x0000000704400000, 0x0000000704600000, 0x0000000704600000|100%| O|  |TAMS 0x0000000704400000, 0x0000000704400000| Untracked 
|  29|0x0000000704600000, 0x0000000704800000, 0x0000000704800000|100%| O|  |TAMS 0x0000000704600000, 0x0000000704600000| Untracked 
|  30|0x0000000704800000, 0x0000000704a00000, 0x0000000704a00000|100%| O|  |TAMS 0x0000000704800000, 0x0000000704800000| Untracked 
|  31|0x0000000704a00000, 0x0000000704c00000, 0x0000000704c00000|100%| O|  |TAMS 0x0000000704a00000, 0x0000000704a00000| Untracked 
|  32|0x0000000704c00000, 0x0000000704e00000, 0x0000000704e00000|100%| O|  |TAMS 0x0000000704c00000, 0x0000000704c00000| Untracked 
|  33|0x0000000704e00000, 0x0000000705000000, 0x0000000705000000|100%| O|  |TAMS 0x0000000704e00000, 0x0000000704e00000| Untracked 
|  34|0x0000000705000000, 0x0000000705200000, 0x0000000705200000|100%| O|  |TAMS 0x0000000705000000, 0x0000000705000000| Untracked 
|  35|0x0000000705200000, 0x0000000705400000, 0x0000000705400000|100%| O|  |TAMS 0x0000000705200000, 0x0000000705200000| Untracked 
|  36|0x0000000705400000, 0x0000000705600000, 0x0000000705600000|100%| O|  |TAMS 0x0000000705400000, 0x0000000705400000| Untracked 
|  37|0x0000000705600000, 0x0000000705800000, 0x0000000705800000|100%| O|  |TAMS 0x0000000705600000, 0x0000000705600000| Untracked 
|  38|0x0000000705800000, 0x0000000705a00000, 0x0000000705a00000|100%| O|  |TAMS 0x0000000705800000, 0x0000000705800000| Untracked 
|  39|0x0000000705a00000, 0x0000000705c00000, 0x0000000705c00000|100%| O|  |TAMS 0x0000000705a00000, 0x0000000705a00000| Untracked 
|  40|0x0000000705c00000, 0x0000000705e00000, 0x0000000705e00000|100%| O|  |TAMS 0x0000000705c00000, 0x0000000705c00000| Untracked 
|  41|0x0000000705e00000, 0x0000000706000000, 0x0000000706000000|100%| O|  |TAMS 0x0000000705e00000, 0x0000000705e00000| Untracked 
|  42|0x0000000706000000, 0x0000000706200000, 0x0000000706200000|100%| O|  |TAMS 0x0000000706000000, 0x0000000706000000| Untracked 
|  43|0x0000000706200000, 0x0000000706400000, 0x0000000706400000|100%| O|  |TAMS 0x0000000706200000, 0x0000000706200000| Untracked 
|  44|0x0000000706400000, 0x0000000706600000, 0x0000000706600000|100%| O|  |TAMS 0x0000000706400000, 0x0000000706400000| Untracked 
|  45|0x0000000706600000, 0x0000000706800000, 0x0000000706800000|100%| O|  |TAMS 0x0000000706600000, 0x0000000706600000| Untracked 
|  46|0x0000000706800000, 0x0000000706a00000, 0x0000000706a00000|100%| O|  |TAMS 0x0000000706800000, 0x0000000706800000| Untracked 
|  47|0x0000000706a00000, 0x0000000706c00000, 0x0000000706c00000|100%| O|  |TAMS 0x0000000706a00000, 0x0000000706a00000| Untracked 
|  48|0x0000000706c00000, 0x0000000706e00000, 0x0000000706e00000|100%| O|  |TAMS 0x0000000706c00000, 0x0000000706c00000| Untracked 
|  49|0x0000000706e00000, 0x0000000707000000, 0x0000000707000000|100%| O|  |TAMS 0x0000000706e00000, 0x0000000706e00000| Untracked 
|  50|0x0000000707000000, 0x0000000707069000, 0x0000000707200000| 20%| O|  |TAMS 0x0000000707000000, 0x0000000707000000| Untracked 
|  51|0x0000000707200000, 0x0000000707200000, 0x0000000707400000|  0%| F|  |TAMS 0x0000000707200000, 0x0000000707200000| Untracked 
|  52|0x0000000707400000, 0x0000000707400000, 0x0000000707600000|  0%| F|  |TAMS 0x0000000707400000, 0x0000000707400000| Untracked 
|  53|0x0000000707600000, 0x0000000707600000, 0x0000000707800000|  0%| F|  |TAMS 0x0000000707600000, 0x0000000707600000| Untracked 
|  54|0x0000000707800000, 0x0000000707800000, 0x0000000707a00000|  0%| F|  |TAMS 0x0000000707800000, 0x0000000707800000| Untracked 
|  55|0x0000000707a00000, 0x0000000707a00000, 0x0000000707c00000|  0%| F|  |TAMS 0x0000000707a00000, 0x0000000707a00000| Untracked 
|  56|0x0000000707c00000, 0x0000000707c00000, 0x0000000707e00000|  0%| F|  |TAMS 0x0000000707c00000, 0x0000000707c00000| Untracked 
|  57|0x0000000707e00000, 0x0000000707e00000, 0x0000000708000000|  0%| F|  |TAMS 0x0000000707e00000, 0x0000000707e00000| Untracked 
|  58|0x0000000708000000, 0x0000000708000000, 0x0000000708200000|  0%| F|  |TAMS 0x0000000708000000, 0x0000000708000000| Untracked 
|  59|0x0000000708200000, 0x0000000708200000, 0x0000000708400000|  0%| F|  |TAMS 0x0000000708200000, 0x0000000708200000| Untracked 
|  60|0x0000000708400000, 0x0000000708400000, 0x0000000708600000|  0%| F|  |TAMS 0x0000000708400000, 0x0000000708400000| Untracked 
|  61|0x0000000708600000, 0x0000000708600000, 0x0000000708800000|  0%| F|  |TAMS 0x0000000708600000, 0x0000000708600000| Untracked 
|  62|0x0000000708800000, 0x0000000708800000, 0x0000000708a00000|  0%| F|  |TAMS 0x0000000708800000, 0x0000000708800000| Untracked 
|  63|0x0000000708a00000, 0x0000000708a00000, 0x0000000708c00000|  0%| F|  |TAMS 0x0000000708a00000, 0x0000000708a00000| Untracked 
|  64|0x0000000708c00000, 0x0000000708c00000, 0x0000000708e00000|  0%| F|  |TAMS 0x0000000708c00000, 0x0000000708c00000| Untracked 
|  65|0x0000000708e00000, 0x0000000708e00000, 0x0000000709000000|  0%| F|  |TAMS 0x0000000708e00000, 0x0000000708e00000| Untracked 
|  66|0x0000000709000000, 0x0000000709000000, 0x0000000709200000|  0%| F|  |TAMS 0x0000000709000000, 0x0000000709000000| Untracked 
|  67|0x0000000709200000, 0x0000000709200000, 0x0000000709400000|  0%| F|  |TAMS 0x0000000709200000, 0x0000000709200000| Untracked 
|  68|0x0000000709400000, 0x0000000709400000, 0x0000000709600000|  0%| F|  |TAMS 0x0000000709400000, 0x0000000709400000| Untracked 
|  69|0x0000000709600000, 0x0000000709600000, 0x0000000709800000|  0%| F|  |TAMS 0x0000000709600000, 0x0000000709600000| Untracked 
|  70|0x0000000709800000, 0x0000000709800000, 0x0000000709a00000|  0%| F|  |TAMS 0x0000000709800000, 0x0000000709800000| Untracked 
|  71|0x0000000709a00000, 0x0000000709a00000, 0x0000000709c00000|  0%| F|  |TAMS 0x0000000709a00000, 0x0000000709a00000| Untracked 
|  72|0x0000000709c00000, 0x0000000709c00000, 0x0000000709e00000|  0%| F|  |TAMS 0x0000000709c00000, 0x0000000709c00000| Untracked 
|  73|0x0000000709e00000, 0x0000000709e00000, 0x000000070a000000|  0%| F|  |TAMS 0x0000000709e00000, 0x0000000709e00000| Untracked 
|  74|0x000000070a000000, 0x000000070a000000, 0x000000070a200000|  0%| F|  |TAMS 0x000000070a000000, 0x000000070a000000| Untracked 
|  75|0x000000070a200000, 0x000000070a200000, 0x000000070a400000|  0%| F|  |TAMS 0x000000070a200000, 0x000000070a200000| Untracked 
|  76|0x000000070a400000, 0x000000070a400000, 0x000000070a600000|  0%| F|  |TAMS 0x000000070a400000, 0x000000070a400000| Untracked 
|  77|0x000000070a600000, 0x000000070a600000, 0x000000070a800000|  0%| F|  |TAMS 0x000000070a600000, 0x000000070a600000| Untracked 
|  78|0x000000070a800000, 0x000000070a800000, 0x000000070aa00000|  0%| F|  |TAMS 0x000000070a800000, 0x000000070a800000| Untracked 
|  79|0x000000070aa00000, 0x000000070aa00000, 0x000000070ac00000|  0%| F|  |TAMS 0x000000070aa00000, 0x000000070aa00000| Untracked 
|  80|0x000000070ac00000, 0x000000070ac00000, 0x000000070ae00000|  0%| F|  |TAMS 0x000000070ac00000, 0x000000070ac00000| Untracked 
|  81|0x000000070ae00000, 0x000000070ae00000, 0x000000070b000000|  0%| F|  |TAMS 0x000000070ae00000, 0x000000070ae00000| Untracked 
|  82|0x000000070b000000, 0x000000070b000000, 0x000000070b200000|  0%| F|  |TAMS 0x000000070b000000, 0x000000070b000000| Untracked 
|  83|0x000000070b200000, 0x000000070b200000, 0x000000070b400000|  0%| F|  |TAMS 0x000000070b200000, 0x000000070b200000| Untracked 
|  84|0x000000070b400000, 0x000000070b400000, 0x000000070b600000|  0%| F|  |TAMS 0x000000070b400000, 0x000000070b400000| Untracked 
|  85|0x000000070b600000, 0x000000070b600000, 0x000000070b800000|  0%| F|  |TAMS 0x000000070b600000, 0x000000070b600000| Untracked 
|  86|0x000000070b800000, 0x000000070ba00000, 0x000000070ba00000|100%| S|CS|TAMS 0x000000070b800000, 0x000000070b800000| Complete 
|  87|0x000000070ba00000, 0x000000070bc00000, 0x000000070bc00000|100%| S|CS|TAMS 0x000000070ba00000, 0x000000070ba00000| Complete 
|  88|0x000000070bc00000, 0x000000070be00000, 0x000000070be00000|100%| S|CS|TAMS 0x000000070bc00000, 0x000000070bc00000| Complete 
|  89|0x000000070be00000, 0x000000070c000000, 0x000000070c000000|100%| S|CS|TAMS 0x000000070be00000, 0x000000070be00000| Complete 
|  90|0x000000070c000000, 0x000000070c200000, 0x000000070c200000|100%| S|CS|TAMS 0x000000070c000000, 0x000000070c000000| Complete 
|  91|0x000000070c200000, 0x000000070c400000, 0x000000070c400000|100%| S|CS|TAMS 0x000000070c200000, 0x000000070c200000| Complete 
|  92|0x000000070c400000, 0x000000070c600000, 0x000000070c600000|100%| S|CS|TAMS 0x000000070c400000, 0x000000070c400000| Complete 
|  93|0x000000070c600000, 0x000000070c800000, 0x000000070c800000|100%| S|CS|TAMS 0x000000070c600000, 0x000000070c600000| Complete 
|  94|0x000000070c800000, 0x000000070ca00000, 0x000000070ca00000|100%| S|CS|TAMS 0x000000070c800000, 0x000000070c800000| Complete 
|  95|0x000000070ca00000, 0x000000070cc00000, 0x000000070cc00000|100%| S|CS|TAMS 0x000000070ca00000, 0x000000070ca00000| Complete 
|  96|0x000000070cc00000, 0x000000070ce00000, 0x000000070ce00000|100%| S|CS|TAMS 0x000000070cc00000, 0x000000070cc00000| Complete 
|  97|0x000000070ce00000, 0x000000070d000000, 0x000000070d000000|100%| S|CS|TAMS 0x000000070ce00000, 0x000000070ce00000| Complete 
|  98|0x000000070d000000, 0x000000070d200000, 0x000000070d200000|100%| S|CS|TAMS 0x000000070d000000, 0x000000070d000000| Complete 
|  99|0x000000070d200000, 0x000000070d200000, 0x000000070d400000|  0%| F|  |TAMS 0x000000070d200000, 0x000000070d200000| Untracked 
| 100|0x000000070d400000, 0x000000070d400000, 0x000000070d600000|  0%| F|  |TAMS 0x000000070d400000, 0x000000070d400000| Untracked 
| 101|0x000000070d600000, 0x000000070d600000, 0x000000070d800000|  0%| F|  |TAMS 0x000000070d600000, 0x000000070d600000| Untracked 
| 102|0x000000070d800000, 0x000000070d800000, 0x000000070da00000|  0%| F|  |TAMS 0x000000070d800000, 0x000000070d800000| Untracked 
| 103|0x000000070da00000, 0x000000070da00000, 0x000000070dc00000|  0%| F|  |TAMS 0x000000070da00000, 0x000000070da00000| Untracked 
| 104|0x000000070dc00000, 0x000000070dc00000, 0x000000070de00000|  0%| F|  |TAMS 0x000000070dc00000, 0x000000070dc00000| Untracked 
| 105|0x000000070de00000, 0x000000070de00000, 0x000000070e000000|  0%| F|  |TAMS 0x000000070de00000, 0x000000070de00000| Untracked 
| 106|0x000000070e000000, 0x000000070e200000, 0x000000070e200000|100%| S|CS|TAMS 0x000000070e000000, 0x000000070e000000| Complete 
| 107|0x000000070e200000, 0x000000070e400000, 0x000000070e400000|100%| S|CS|TAMS 0x000000070e200000, 0x000000070e200000| Complete 
| 108|0x000000070e400000, 0x000000070e600000, 0x000000070e600000|100%| S|CS|TAMS 0x000000070e400000, 0x000000070e400000| Complete 
| 109|0x000000070e600000, 0x000000070e600000, 0x000000070e800000|  0%| F|  |TAMS 0x000000070e600000, 0x000000070e600000| Untracked 
| 110|0x000000070e800000, 0x000000070e800000, 0x000000070ea00000|  0%| F|  |TAMS 0x000000070e800000, 0x000000070e800000| Untracked 
| 111|0x000000070ea00000, 0x000000070ea00000, 0x000000070ec00000|  0%| F|  |TAMS 0x000000070ea00000, 0x000000070ea00000| Untracked 
| 112|0x000000070ec00000, 0x000000070ec00000, 0x000000070ee00000|  0%| F|  |TAMS 0x000000070ec00000, 0x000000070ec00000| Untracked 
| 113|0x000000070ee00000, 0x000000070ee00000, 0x000000070f000000|  0%| F|  |TAMS 0x000000070ee00000, 0x000000070ee00000| Untracked 
| 114|0x000000070f000000, 0x000000070f000000, 0x000000070f200000|  0%| F|  |TAMS 0x000000070f000000, 0x000000070f000000| Untracked 
| 115|0x000000070f200000, 0x000000070f200000, 0x000000070f400000|  0%| F|  |TAMS 0x000000070f200000, 0x000000070f200000| Untracked 
| 116|0x000000070f400000, 0x000000070f400000, 0x000000070f600000|  0%| F|  |TAMS 0x000000070f400000, 0x000000070f400000| Untracked 
| 117|0x000000070f600000, 0x000000070f600000, 0x000000070f800000|  0%| F|  |TAMS 0x000000070f600000, 0x000000070f600000| Untracked 
| 118|0x000000070f800000, 0x000000070f800000, 0x000000070fa00000|  0%| F|  |TAMS 0x000000070f800000, 0x000000070f800000| Untracked 
| 119|0x000000070fa00000, 0x000000070fa00000, 0x000000070fc00000|  0%| F|  |TAMS 0x000000070fa00000, 0x000000070fa00000| Untracked 
| 120|0x000000070fc00000, 0x000000070fc00000, 0x000000070fe00000|  0%| F|  |TAMS 0x000000070fc00000, 0x000000070fc00000| Untracked 
| 121|0x000000070fe00000, 0x000000070fe00000, 0x0000000710000000|  0%| F|  |TAMS 0x000000070fe00000, 0x000000070fe00000| Untracked 
| 122|0x0000000710000000, 0x0000000710000000, 0x0000000710200000|  0%| F|  |TAMS 0x0000000710000000, 0x0000000710000000| Untracked 
| 123|0x0000000710200000, 0x0000000710200000, 0x0000000710400000|  0%| F|  |TAMS 0x0000000710200000, 0x0000000710200000| Untracked 
| 124|0x0000000710400000, 0x0000000710400000, 0x0000000710600000|  0%| F|  |TAMS 0x0000000710400000, 0x0000000710400000| Untracked 
| 125|0x0000000710600000, 0x0000000710600000, 0x0000000710800000|  0%| F|  |TAMS 0x0000000710600000, 0x0000000710600000| Untracked 
| 126|0x0000000710800000, 0x0000000710800000, 0x0000000710a00000|  0%| F|  |TAMS 0x0000000710800000, 0x0000000710800000| Untracked 
| 127|0x0000000710a00000, 0x0000000710a00000, 0x0000000710c00000|  0%| F|  |TAMS 0x0000000710a00000, 0x0000000710a00000| Untracked 
| 128|0x0000000710c00000, 0x0000000710c00000, 0x0000000710e00000|  0%| F|  |TAMS 0x0000000710c00000, 0x0000000710c00000| Untracked 
| 129|0x0000000710e00000, 0x0000000710e00000, 0x0000000711000000|  0%| F|  |TAMS 0x0000000710e00000, 0x0000000710e00000| Untracked 
| 130|0x0000000711000000, 0x0000000711000000, 0x0000000711200000|  0%| F|  |TAMS 0x0000000711000000, 0x0000000711000000| Untracked 
| 131|0x0000000711200000, 0x0000000711200000, 0x0000000711400000|  0%| F|  |TAMS 0x0000000711200000, 0x0000000711200000| Untracked 
| 132|0x0000000711400000, 0x0000000711400000, 0x0000000711600000|  0%| F|  |TAMS 0x0000000711400000, 0x0000000711400000| Untracked 
| 133|0x0000000711600000, 0x0000000711600000, 0x0000000711800000|  0%| F|  |TAMS 0x0000000711600000, 0x0000000711600000| Untracked 
| 134|0x0000000711800000, 0x0000000711800000, 0x0000000711a00000|  0%| F|  |TAMS 0x0000000711800000, 0x0000000711800000| Untracked 
| 135|0x0000000711a00000, 0x0000000711a00000, 0x0000000711c00000|  0%| F|  |TAMS 0x0000000711a00000, 0x0000000711a00000| Untracked 
| 136|0x0000000711c00000, 0x0000000711c00000, 0x0000000711e00000|  0%| F|  |TAMS 0x0000000711c00000, 0x0000000711c00000| Untracked 
| 137|0x0000000711e00000, 0x0000000711e00000, 0x0000000712000000|  0%| F|  |TAMS 0x0000000711e00000, 0x0000000711e00000| Untracked 
| 138|0x0000000712000000, 0x0000000712000000, 0x0000000712200000|  0%| F|  |TAMS 0x0000000712000000, 0x0000000712000000| Untracked 
| 139|0x0000000712200000, 0x0000000712200000, 0x0000000712400000|  0%| F|  |TAMS 0x0000000712200000, 0x0000000712200000| Untracked 
| 140|0x0000000712400000, 0x0000000712400000, 0x0000000712600000|  0%| F|  |TAMS 0x0000000712400000, 0x0000000712400000| Untracked 
| 141|0x0000000712600000, 0x0000000712600000, 0x0000000712800000|  0%| F|  |TAMS 0x0000000712600000, 0x0000000712600000| Untracked 
| 142|0x0000000712800000, 0x0000000712800000, 0x0000000712a00000|  0%| F|  |TAMS 0x0000000712800000, 0x0000000712800000| Untracked 
| 143|0x0000000712a00000, 0x0000000712a00000, 0x0000000712c00000|  0%| F|  |TAMS 0x0000000712a00000, 0x0000000712a00000| Untracked 
| 144|0x0000000712c00000, 0x0000000712c00000, 0x0000000712e00000|  0%| F|  |TAMS 0x0000000712c00000, 0x0000000712c00000| Untracked 
| 145|0x0000000712e00000, 0x0000000712e00000, 0x0000000713000000|  0%| F|  |TAMS 0x0000000712e00000, 0x0000000712e00000| Untracked 
| 146|0x0000000713000000, 0x0000000713000000, 0x0000000713200000|  0%| F|  |TAMS 0x0000000713000000, 0x0000000713000000| Untracked 
| 147|0x0000000713200000, 0x0000000713200000, 0x0000000713400000|  0%| F|  |TAMS 0x0000000713200000, 0x0000000713200000| Untracked 
| 148|0x0000000713400000, 0x0000000713400000, 0x0000000713600000|  0%| F|  |TAMS 0x0000000713400000, 0x0000000713400000| Untracked 
| 149|0x0000000713600000, 0x0000000713600000, 0x0000000713800000|  0%| F|  |TAMS 0x0000000713600000, 0x0000000713600000| Untracked 
| 150|0x0000000713800000, 0x0000000713800000, 0x0000000713a00000|  0%| F|  |TAMS 0x0000000713800000, 0x0000000713800000| Untracked 
| 151|0x0000000713a00000, 0x0000000713a00000, 0x0000000713c00000|  0%| F|  |TAMS 0x0000000713a00000, 0x0000000713a00000| Untracked 
| 152|0x0000000713c00000, 0x0000000713c00000, 0x0000000713e00000|  0%| F|  |TAMS 0x0000000713c00000, 0x0000000713c00000| Untracked 
| 153|0x0000000713e00000, 0x0000000713e00000, 0x0000000714000000|  0%| F|  |TAMS 0x0000000713e00000, 0x0000000713e00000| Untracked 
| 154|0x0000000714000000, 0x0000000714000000, 0x0000000714200000|  0%| F|  |TAMS 0x0000000714000000, 0x0000000714000000| Untracked 
| 155|0x0000000714200000, 0x0000000714200000, 0x0000000714400000|  0%| F|  |TAMS 0x0000000714200000, 0x0000000714200000| Untracked 
| 156|0x0000000714400000, 0x0000000714400000, 0x0000000714600000|  0%| F|  |TAMS 0x0000000714400000, 0x0000000714400000| Untracked 
| 157|0x0000000714600000, 0x0000000714600000, 0x0000000714800000|  0%| F|  |TAMS 0x0000000714600000, 0x0000000714600000| Untracked 
| 158|0x0000000714800000, 0x0000000714800000, 0x0000000714a00000|  0%| F|  |TAMS 0x0000000714800000, 0x0000000714800000| Untracked 
| 159|0x0000000714a00000, 0x0000000714a00000, 0x0000000714c00000|  0%| F|  |TAMS 0x0000000714a00000, 0x0000000714a00000| Untracked 
| 160|0x0000000714c00000, 0x0000000714c00000, 0x0000000714e00000|  0%| F|  |TAMS 0x0000000714c00000, 0x0000000714c00000| Untracked 
| 161|0x0000000714e00000, 0x0000000714e00000, 0x0000000715000000|  0%| F|  |TAMS 0x0000000714e00000, 0x0000000714e00000| Untracked 
| 162|0x0000000715000000, 0x0000000715000000, 0x0000000715200000|  0%| F|  |TAMS 0x0000000715000000, 0x0000000715000000| Untracked 
| 163|0x0000000715200000, 0x0000000715200000, 0x0000000715400000|  0%| F|  |TAMS 0x0000000715200000, 0x0000000715200000| Untracked 
| 164|0x0000000715400000, 0x0000000715400000, 0x0000000715600000|  0%| F|  |TAMS 0x0000000715400000, 0x0000000715400000| Untracked 
| 165|0x0000000715600000, 0x0000000715600000, 0x0000000715800000|  0%| F|  |TAMS 0x0000000715600000, 0x0000000715600000| Untracked 
| 166|0x0000000715800000, 0x0000000715800000, 0x0000000715a00000|  0%| F|  |TAMS 0x0000000715800000, 0x0000000715800000| Untracked 
| 167|0x0000000715a00000, 0x0000000715a00000, 0x0000000715c00000|  0%| F|  |TAMS 0x0000000715a00000, 0x0000000715a00000| Untracked 
| 168|0x0000000715c00000, 0x0000000715c00000, 0x0000000715e00000|  0%| F|  |TAMS 0x0000000715c00000, 0x0000000715c00000| Untracked 
| 169|0x0000000715e00000, 0x0000000715e00000, 0x0000000716000000|  0%| F|  |TAMS 0x0000000715e00000, 0x0000000715e00000| Untracked 
| 170|0x0000000716000000, 0x0000000716000000, 0x0000000716200000|  0%| F|  |TAMS 0x0000000716000000, 0x0000000716000000| Untracked 
| 171|0x0000000716200000, 0x0000000716200000, 0x0000000716400000|  0%| F|  |TAMS 0x0000000716200000, 0x0000000716200000| Untracked 
| 172|0x0000000716400000, 0x0000000716400000, 0x0000000716600000|  0%| F|  |TAMS 0x0000000716400000, 0x0000000716400000| Untracked 
| 173|0x0000000716600000, 0x0000000716600000, 0x0000000716800000|  0%| F|  |TAMS 0x0000000716600000, 0x0000000716600000| Untracked 
| 174|0x0000000716800000, 0x0000000716800000, 0x0000000716a00000|  0%| F|  |TAMS 0x0000000716800000, 0x0000000716800000| Untracked 
| 175|0x0000000716a00000, 0x0000000716a00000, 0x0000000716c00000|  0%| F|  |TAMS 0x0000000716a00000, 0x0000000716a00000| Untracked 
| 176|0x0000000716c00000, 0x0000000716c00000, 0x0000000716e00000|  0%| F|  |TAMS 0x0000000716c00000, 0x0000000716c00000| Untracked 
| 177|0x0000000716e00000, 0x0000000716e00000, 0x0000000717000000|  0%| F|  |TAMS 0x0000000716e00000, 0x0000000716e00000| Untracked 
| 178|0x0000000717000000, 0x0000000717000000, 0x0000000717200000|  0%| F|  |TAMS 0x0000000717000000, 0x0000000717000000| Untracked 
| 179|0x0000000717200000, 0x0000000717200000, 0x0000000717400000|  0%| F|  |TAMS 0x0000000717200000, 0x0000000717200000| Untracked 
| 180|0x0000000717400000, 0x0000000717400000, 0x0000000717600000|  0%| F|  |TAMS 0x0000000717400000, 0x0000000717400000| Untracked 
| 181|0x0000000717600000, 0x0000000717600000, 0x0000000717800000|  0%| F|  |TAMS 0x0000000717600000, 0x0000000717600000| Untracked 
| 182|0x0000000717800000, 0x0000000717800000, 0x0000000717a00000|  0%| F|  |TAMS 0x0000000717800000, 0x0000000717800000| Untracked 
| 183|0x0000000717a00000, 0x0000000717a00000, 0x0000000717c00000|  0%| F|  |TAMS 0x0000000717a00000, 0x0000000717a00000| Untracked 
| 184|0x0000000717c00000, 0x0000000717c00000, 0x0000000717e00000|  0%| F|  |TAMS 0x0000000717c00000, 0x0000000717c00000| Untracked 
| 185|0x0000000717e00000, 0x0000000717e00000, 0x0000000718000000|  0%| F|  |TAMS 0x0000000717e00000, 0x0000000717e00000| Untracked 
| 186|0x0000000718000000, 0x0000000718000000, 0x0000000718200000|  0%| F|  |TAMS 0x0000000718000000, 0x0000000718000000| Untracked 
| 187|0x0000000718200000, 0x0000000718200000, 0x0000000718400000|  0%| F|  |TAMS 0x0000000718200000, 0x0000000718200000| Untracked 
| 188|0x0000000718400000, 0x0000000718400000, 0x0000000718600000|  0%| F|  |TAMS 0x0000000718400000, 0x0000000718400000| Untracked 
| 189|0x0000000718600000, 0x0000000718600000, 0x0000000718800000|  0%| F|  |TAMS 0x0000000718600000, 0x0000000718600000| Untracked 
| 190|0x0000000718800000, 0x0000000718800000, 0x0000000718a00000|  0%| F|  |TAMS 0x0000000718800000, 0x0000000718800000| Untracked 
| 191|0x0000000718a00000, 0x0000000718a00000, 0x0000000718c00000|  0%| F|  |TAMS 0x0000000718a00000, 0x0000000718a00000| Untracked 
| 192|0x0000000718c00000, 0x0000000718c00000, 0x0000000718e00000|  0%| F|  |TAMS 0x0000000718c00000, 0x0000000718c00000| Untracked 
| 193|0x0000000718e00000, 0x0000000718e00000, 0x0000000719000000|  0%| F|  |TAMS 0x0000000718e00000, 0x0000000718e00000| Untracked 
| 194|0x0000000719000000, 0x0000000719000000, 0x0000000719200000|  0%| F|  |TAMS 0x0000000719000000, 0x0000000719000000| Untracked 
| 195|0x0000000719200000, 0x0000000719200000, 0x0000000719400000|  0%| F|  |TAMS 0x0000000719200000, 0x0000000719200000| Untracked 
| 196|0x0000000719400000, 0x0000000719400000, 0x0000000719600000|  0%| F|  |TAMS 0x0000000719400000, 0x0000000719400000| Untracked 
| 197|0x0000000719600000, 0x0000000719600000, 0x0000000719800000|  0%| F|  |TAMS 0x0000000719600000, 0x0000000719600000| Untracked 
| 198|0x0000000719800000, 0x0000000719800000, 0x0000000719a00000|  0%| F|  |TAMS 0x0000000719800000, 0x0000000719800000| Untracked 
| 199|0x0000000719a00000, 0x0000000719a00000, 0x0000000719c00000|  0%| F|  |TAMS 0x0000000719a00000, 0x0000000719a00000| Untracked 
| 200|0x0000000719c00000, 0x0000000719c00000, 0x0000000719e00000|  0%| F|  |TAMS 0x0000000719c00000, 0x0000000719c00000| Untracked 
| 201|0x0000000719e00000, 0x0000000719e00000, 0x000000071a000000|  0%| F|  |TAMS 0x0000000719e00000, 0x0000000719e00000| Untracked 
| 202|0x000000071a000000, 0x000000071a000000, 0x000000071a200000|  0%| F|  |TAMS 0x000000071a000000, 0x000000071a000000| Untracked 
| 203|0x000000071a200000, 0x000000071a200000, 0x000000071a400000|  0%| F|  |TAMS 0x000000071a200000, 0x000000071a200000| Untracked 
| 204|0x000000071a400000, 0x000000071a400000, 0x000000071a600000|  0%| F|  |TAMS 0x000000071a400000, 0x000000071a400000| Untracked 
| 205|0x000000071a600000, 0x000000071a600000, 0x000000071a800000|  0%| F|  |TAMS 0x000000071a600000, 0x000000071a600000| Untracked 
| 206|0x000000071a800000, 0x000000071a800000, 0x000000071aa00000|  0%| F|  |TAMS 0x000000071a800000, 0x000000071a800000| Untracked 
| 207|0x000000071aa00000, 0x000000071aa00000, 0x000000071ac00000|  0%| F|  |TAMS 0x000000071aa00000, 0x000000071aa00000| Untracked 
| 208|0x000000071ac00000, 0x000000071ac00000, 0x000000071ae00000|  0%| F|  |TAMS 0x000000071ac00000, 0x000000071ac00000| Untracked 
| 209|0x000000071ae00000, 0x000000071ae00000, 0x000000071b000000|  0%| F|  |TAMS 0x000000071ae00000, 0x000000071ae00000| Untracked 
| 210|0x000000071b000000, 0x000000071b000000, 0x000000071b200000|  0%| F|  |TAMS 0x000000071b000000, 0x000000071b000000| Untracked 
| 211|0x000000071b200000, 0x000000071b200000, 0x000000071b400000|  0%| F|  |TAMS 0x000000071b200000, 0x000000071b200000| Untracked 
| 212|0x000000071b400000, 0x000000071b400000, 0x000000071b600000|  0%| F|  |TAMS 0x000000071b400000, 0x000000071b400000| Untracked 
| 213|0x000000071b600000, 0x000000071b600000, 0x000000071b800000|  0%| F|  |TAMS 0x000000071b600000, 0x000000071b600000| Untracked 
| 214|0x000000071b800000, 0x000000071b800000, 0x000000071ba00000|  0%| F|  |TAMS 0x000000071b800000, 0x000000071b800000| Untracked 
| 215|0x000000071ba00000, 0x000000071ba00000, 0x000000071bc00000|  0%| F|  |TAMS 0x000000071ba00000, 0x000000071ba00000| Untracked 
| 216|0x000000071bc00000, 0x000000071bc00000, 0x000000071be00000|  0%| F|  |TAMS 0x000000071bc00000, 0x000000071bc00000| Untracked 
| 217|0x000000071be00000, 0x000000071be00000, 0x000000071c000000|  0%| F|  |TAMS 0x000000071be00000, 0x000000071be00000| Untracked 
| 218|0x000000071c000000, 0x000000071c000000, 0x000000071c200000|  0%| F|  |TAMS 0x000000071c000000, 0x000000071c000000| Untracked 
| 219|0x000000071c200000, 0x000000071c200000, 0x000000071c400000|  0%| F|  |TAMS 0x000000071c200000, 0x000000071c200000| Untracked 
| 220|0x000000071c400000, 0x000000071c400000, 0x000000071c600000|  0%| F|  |TAMS 0x000000071c400000, 0x000000071c400000| Untracked 
| 221|0x000000071c600000, 0x000000071c600000, 0x000000071c800000|  0%| F|  |TAMS 0x000000071c600000, 0x000000071c600000| Untracked 
| 222|0x000000071c800000, 0x000000071c800000, 0x000000071ca00000|  0%| F|  |TAMS 0x000000071c800000, 0x000000071c800000| Untracked 
| 223|0x000000071ca00000, 0x000000071ca00000, 0x000000071cc00000|  0%| F|  |TAMS 0x000000071ca00000, 0x000000071ca00000| Untracked 
| 224|0x000000071cc00000, 0x000000071cc00000, 0x000000071ce00000|  0%| F|  |TAMS 0x000000071cc00000, 0x000000071cc00000| Untracked 
| 225|0x000000071ce00000, 0x000000071ce00000, 0x000000071d000000|  0%| F|  |TAMS 0x000000071ce00000, 0x000000071ce00000| Untracked 
| 226|0x000000071d000000, 0x000000071d000000, 0x000000071d200000|  0%| F|  |TAMS 0x000000071d000000, 0x000000071d000000| Untracked 
| 227|0x000000071d200000, 0x000000071d200000, 0x000000071d400000|  0%| F|  |TAMS 0x000000071d200000, 0x000000071d200000| Untracked 
| 228|0x000000071d400000, 0x000000071d400000, 0x000000071d600000|  0%| F|  |TAMS 0x000000071d400000, 0x000000071d400000| Untracked 
| 229|0x000000071d600000, 0x000000071d600000, 0x000000071d800000|  0%| F|  |TAMS 0x000000071d600000, 0x000000071d600000| Untracked 
| 230|0x000000071d800000, 0x000000071d800000, 0x000000071da00000|  0%| F|  |TAMS 0x000000071d800000, 0x000000071d800000| Untracked 
| 231|0x000000071da00000, 0x000000071da00000, 0x000000071dc00000|  0%| F|  |TAMS 0x000000071da00000, 0x000000071da00000| Untracked 
| 232|0x000000071dc00000, 0x000000071dc00000, 0x000000071de00000|  0%| F|  |TAMS 0x000000071dc00000, 0x000000071dc00000| Untracked 
| 233|0x000000071de00000, 0x000000071de00000, 0x000000071e000000|  0%| F|  |TAMS 0x000000071de00000, 0x000000071de00000| Untracked 
| 234|0x000000071e000000, 0x000000071e000000, 0x000000071e200000|  0%| F|  |TAMS 0x000000071e000000, 0x000000071e000000| Untracked 
| 235|0x000000071e200000, 0x000000071e200000, 0x000000071e400000|  0%| F|  |TAMS 0x000000071e200000, 0x000000071e200000| Untracked 
| 236|0x000000071e400000, 0x000000071e400000, 0x000000071e600000|  0%| F|  |TAMS 0x000000071e400000, 0x000000071e400000| Untracked 
| 237|0x000000071e600000, 0x000000071e600000, 0x000000071e800000|  0%| F|  |TAMS 0x000000071e600000, 0x000000071e600000| Untracked 
| 238|0x000000071e800000, 0x000000071e800000, 0x000000071ea00000|  0%| F|  |TAMS 0x000000071e800000, 0x000000071e800000| Untracked 
| 239|0x000000071ea00000, 0x000000071ea00000, 0x000000071ec00000|  0%| F|  |TAMS 0x000000071ea00000, 0x000000071ea00000| Untracked 
| 240|0x000000071ec00000, 0x000000071ec00000, 0x000000071ee00000|  0%| F|  |TAMS 0x000000071ec00000, 0x000000071ec00000| Untracked 
| 241|0x000000071ee00000, 0x000000071ee00000, 0x000000071f000000|  0%| F|  |TAMS 0x000000071ee00000, 0x000000071ee00000| Untracked 
| 242|0x000000071f000000, 0x000000071f000000, 0x000000071f200000|  0%| F|  |TAMS 0x000000071f000000, 0x000000071f000000| Untracked 
| 243|0x000000071f200000, 0x000000071f200000, 0x000000071f400000|  0%| F|  |TAMS 0x000000071f200000, 0x000000071f200000| Untracked 
| 244|0x000000071f400000, 0x000000071f400000, 0x000000071f600000|  0%| F|  |TAMS 0x000000071f400000, 0x000000071f400000| Untracked 
| 245|0x000000071f600000, 0x000000071f600000, 0x000000071f800000|  0%| F|  |TAMS 0x000000071f600000, 0x000000071f600000| Untracked 
| 246|0x000000071f800000, 0x000000071f800000, 0x000000071fa00000|  0%| F|  |TAMS 0x000000071f800000, 0x000000071f800000| Untracked 
| 247|0x000000071fa00000, 0x000000071fa00000, 0x000000071fc00000|  0%| F|  |TAMS 0x000000071fa00000, 0x000000071fa00000| Untracked 
| 248|0x000000071fc00000, 0x000000071fc00000, 0x000000071fe00000|  0%| F|  |TAMS 0x000000071fc00000, 0x000000071fc00000| Untracked 
| 249|0x000000071fe00000, 0x000000071fe00000, 0x0000000720000000|  0%| F|  |TAMS 0x000000071fe00000, 0x000000071fe00000| Untracked 
| 250|0x0000000720000000, 0x0000000720000000, 0x0000000720200000|  0%| F|  |TAMS 0x0000000720000000, 0x0000000720000000| Untracked 
| 251|0x0000000720200000, 0x0000000720200000, 0x0000000720400000|  0%| F|  |TAMS 0x0000000720200000, 0x0000000720200000| Untracked 
| 252|0x0000000720400000, 0x0000000720400000, 0x0000000720600000|  0%| F|  |TAMS 0x0000000720400000, 0x0000000720400000| Untracked 
| 253|0x0000000720600000, 0x0000000720600000, 0x0000000720800000|  0%| F|  |TAMS 0x0000000720600000, 0x0000000720600000| Untracked 
| 254|0x0000000720800000, 0x0000000720800000, 0x0000000720a00000|  0%| F|  |TAMS 0x0000000720800000, 0x0000000720800000| Untracked 
| 255|0x0000000720a00000, 0x0000000720a00000, 0x0000000720c00000|  0%| F|  |TAMS 0x0000000720a00000, 0x0000000720a00000| Untracked 
| 256|0x0000000720c00000, 0x0000000720c00000, 0x0000000720e00000|  0%| F|  |TAMS 0x0000000720c00000, 0x0000000720c00000| Untracked 
|2040|0x00000007ffc00000, 0x00000007ffe00000, 0x00000007ffe00000|100%| O|  |TAMS 0x00000007ffe00000, 0x00000007ffc00000| Untracked 
|2041|0x00000007ffe00000, 0x0000000800000000, 0x0000000800000000|100%| O|  |TAMS 0x0000000800000000, 0x00000007ffe00000| Untracked 

Card table byte_map: [0x000001f3bc760000,0x000001f3bcf60000] _byte_map_base: 0x000001f3b8f5a000

Marking Bits (Prev, Next): (CMBitMap*) 0x000001f3b5ce4250, (CMBitMap*) 0x000001f3b5ce4210
 Prev Bits: [0x000001f3c1730000, 0x000001f3c5700000)
 Next Bits: [0x000001f3bd760000, 0x000001f3c1730000)

Polling page: 0x000001f3b3c30000

Metaspace:

Usage:
  Non-class:     36.64 MB used.
      Class:      5.21 MB used.
       Both:     41.86 MB used.

Virtual space:
  Non-class space:       40.00 MB reserved,      36.88 MB ( 92%) committed,  5 nodes.
      Class space:        1.00 GB reserved,       5.38 MB ( <1%) committed,  1 nodes.
             Both:        1.04 GB reserved,      42.25 MB (  4%) committed. 

Chunk freelists:
   Non-Class:  2.98 MB
       Class:  2.45 MB
        Both:  5.44 MB

MaxMetaspaceSize: unlimited
CompressedClassSpaceSize: 1.00 GB
Initial GC threshold: 21.00 MB
Current GC threshold: 66.19 MB
CDS: off
MetaspaceReclaimPolicy: balanced
 - commit_granule_bytes: 65536.
 - commit_granule_words: 8192.
 - virtual_space_node_default_size: 1048576.
 - enlarge_chunks_in_place: 1.
 - new_chunks_are_fully_committed: 0.
 - uncommit_free_chunks: 1.
 - use_allocation_guard: 0.
 - handle_deallocations: 1.


Internal statistics:

num_allocs_failed_limit: 6.
num_arena_births: 394.
num_arena_deaths: 0.
num_vsnodes_births: 6.
num_vsnodes_deaths: 0.
num_space_committed: 676.
num_space_uncommitted: 0.
num_chunks_returned_to_freelist: 6.
num_chunks_taken_from_freelist: 1672.
num_chunk_merges: 6.
num_chunk_splits: 1170.
num_chunks_enlarged: 895.
num_purges: 0.
num_inconsistent_stats: 0.

CodeCache: size=49152Kb used=15076Kb max_used=15076Kb free=34075Kb
 bounds [0x000001f3b8900000, 0x000001f3b97c0000, 0x000001f3bb900000]
 total_blobs=5077 nmethods=4506 adapters=487
 compilation: enabled
              stopped_count=0, restarted_count=0
 full_count=0

Compilation events (20 events):
Event: 2.573 Thread 0x000001f3cd484800 4504   !   1       sun.nio.ch.FileChannelImpl$Closer::run (28 bytes)
Event: 2.573 Thread 0x000001f3cd506df0 nmethod 4494 0x000001f3b97b2b10 code [0x000001f3b97b2ca0, 0x000001f3b97b2d78]
Event: 2.573 Thread 0x000001f3c9acab80 nmethod 4495 0x000001f3b97b2e10 code [0x000001f3b97b2fa0, 0x000001f3b97b3108]
Event: 2.573 Thread 0x000001f3c92b6ce0 4505       1       java.io.FileDescriptor$1::close (5 bytes)
Event: 2.573 Thread 0x000001f3cd505070 nmethod 4496 0x000001f3b97b3190 code [0x000001f3b97b3320, 0x000001f3b97b3488]
Event: 2.573 Thread 0x000001f3c92b44b0 nmethod 4501 0x000001f3b97b3590 code [0x000001f3b97b3720, 0x000001f3b97b37f8]
Event: 2.573 Thread 0x000001f3cd505580 nmethod 4500 0x000001f3b97b3890 code [0x000001f3b97b3a40, 0x000001f3b97b3bf8]
Event: 2.573 Thread 0x000001f3cd484d10 nmethod 4499 0x000001f3b97b3d10 code [0x000001f3b97b3ec0, 0x000001f3b97b40a8]
Event: 2.574 Thread 0x000001f3c92b6ce0 nmethod 4505 0x000001f3b97b4210 code [0x000001f3b97b43c0, 0x000001f3b97b46d8]
Event: 2.574 Thread 0x000001f3cd4842f0 nmethod 4498 0x000001f3b97b4890 code [0x000001f3b97b4a60, 0x000001f3b97b4d28]
Event: 2.574 Thread 0x000001f3cd484800 nmethod 4504 0x000001f3b97b4f10 code [0x000001f3b97b50e0, 0x000001f3b97b54e8]
Event: 2.574 Thread 0x000001f3c9d969a0 nmethod 4503 0x000001f3b97b5710 code [0x000001f3b97b58c0, 0x000001f3b97b5bb8]
Event: 2.574 Thread 0x000001f3cd5260a0 nmethod 4493 0x000001f3b97b5d90 code [0x000001f3b97b6040, 0x000001f3b97b6bc8]
Event: 2.575 Thread 0x000001f3c90a9390 nmethod 4502 0x000001f3b97b7590 code [0x000001f3b97b7860, 0x000001f3b97b8228]
Event: 2.575 Thread 0x000001f3cd484d10 4506       1       java.util.ImmutableCollections$ListItr::hasNext (17 bytes)
Event: 2.575 Thread 0x000001f3cd484d10 nmethod 4506 0x000001f3b97b8810 code [0x000001f3b97b89a0, 0x000001f3b97b8a78]
Event: 2.575 Thread 0x000001f3cd506df0 4507       1       jdk.internal.jimage.BasicImageReader::getResource (24 bytes)
Event: 2.575 Thread 0x000001f3c92b6ce0 4508       1       java.nio.file.Files::newByteChannel (36 bytes)
Event: 2.575 Thread 0x000001f3cd506df0 nmethod 4507 0x000001f3b97b8b10 code [0x000001f3b97b8ce0, 0x000001f3b97b8fb8]
Event: 2.575 Thread 0x000001f3c92b44b0 4509       1       java.nio.file.Files::newByteChannel (11 bytes)

GC Heap History (20 events):
Event: 2.118 GC heap after
{Heap after GC invocations=14 (full 0):
 garbage-first heap   total 120832K, used 49886K [0x0000000700c00000, 0x0000000800000000)
  region size 2048K, 4 young (8192K), 4 survivors (8192K)
 Metaspace       used 38417K, committed 38720K, reserved 1089536K
  class space    used 4831K, committed 4992K, reserved 1048576K
}
Event: 2.236 GC heap before
{Heap before GC invocations=14 (full 0):
 garbage-first heap   total 120832K, used 84702K [0x0000000700c00000, 0x0000000800000000)
  region size 2048K, 21 young (43008K), 4 survivors (8192K)
 Metaspace       used 39232K, committed 39552K, reserved 1089536K
  class space    used 4955K, committed 5120K, reserved 1048576K
}
Event: 2.239 GC heap after
{Heap after GC invocations=15 (full 0):
 garbage-first heap   total 120832K, used 59022K [0x0000000700c00000, 0x0000000800000000)
  region size 2048K, 3 young (6144K), 3 survivors (6144K)
 Metaspace       used 39232K, committed 39552K, reserved 1089536K
  class space    used 4955K, committed 5120K, reserved 1048576K
}
Event: 2.273 GC heap before
{Heap before GC invocations=15 (full 0):
 garbage-first heap   total 120832K, used 83598K [0x0000000700c00000, 0x0000000800000000)
  region size 2048K, 16 young (32768K), 3 survivors (6144K)
 Metaspace       used 40238K, committed 40640K, reserved 1089536K
  class space    used 5062K, committed 5248K, reserved 1048576K
}
Event: 2.285 GC heap after
{Heap after GC invocations=16 (full 0):
 garbage-first heap   total 225280K, used 68349K [0x0000000700c00000, 0x0000000800000000)
  region size 2048K, 2 young (4096K), 2 survivors (4096K)
 Metaspace       used 40238K, committed 40640K, reserved 1089536K
  class space    used 5062K, committed 5248K, reserved 1048576K
}
Event: 2.308 GC heap before
{Heap before GC invocations=16 (full 0):
 garbage-first heap   total 225280K, used 140029K [0x0000000700c00000, 0x0000000800000000)
  region size 2048K, 38 young (77824K), 2 survivors (4096K)
 Metaspace       used 40263K, committed 40640K, reserved 1089536K
  class space    used 5065K, committed 5248K, reserved 1048576K
}
Event: 2.312 GC heap after
{Heap after GC invocations=17 (full 0):
 garbage-first heap   total 225280K, used 71527K [0x0000000700c00000, 0x0000000800000000)
  region size 2048K, 4 young (8192K), 4 survivors (8192K)
 Metaspace       used 40263K, committed 40640K, reserved 1089536K
  class space    used 5065K, committed 5248K, reserved 1048576K
}
Event: 2.331 GC heap before
{Heap before GC invocations=17 (full 0):
 garbage-first heap   total 225280K, used 153447K [0x0000000700c00000, 0x0000000800000000)
  region size 2048K, 45 young (92160K), 4 survivors (8192K)
 Metaspace       used 40290K, committed 40640K, reserved 1089536K
  class space    used 5071K, committed 5248K, reserved 1048576K
}
Event: 2.335 GC heap after
{Heap after GC invocations=18 (full 0):
 garbage-first heap   total 225280K, used 75143K [0x0000000700c00000, 0x0000000800000000)
  region size 2048K, 4 young (8192K), 4 survivors (8192K)
 Metaspace       used 40290K, committed 40640K, reserved 1089536K
  class space    used 5071K, committed 5248K, reserved 1048576K
}
Event: 2.352 GC heap before
{Heap before GC invocations=19 (full 0):
 garbage-first heap   total 225280K, used 159111K [0x0000000700c00000, 0x0000000800000000)
  region size 2048K, 46 young (94208K), 4 survivors (8192K)
 Metaspace       used 40332K, committed 40704K, reserved 1089536K
  class space    used 5080K, committed 5248K, reserved 1048576K
}
Event: 2.357 GC heap after
{Heap after GC invocations=20 (full 0):
 garbage-first heap   total 225280K, used 79522K [0x0000000700c00000, 0x0000000800000000)
  region size 2048K, 4 young (8192K), 4 survivors (8192K)
 Metaspace       used 40332K, committed 40704K, reserved 1089536K
  class space    used 5080K, committed 5248K, reserved 1048576K
}
Event: 2.368 GC heap before
{Heap before GC invocations=20 (full 0):
 garbage-first heap   total 225280K, used 165538K [0x0000000700c00000, 0x0000000800000000)
  region size 2048K, 47 young (96256K), 4 survivors (8192K)
 Metaspace       used 40405K, committed 40768K, reserved 1089536K
  class space    used 5088K, committed 5248K, reserved 1048576K
}
Event: 2.373 GC heap after
{Heap after GC invocations=21 (full 0):
 garbage-first heap   total 530432K, used 82399K [0x0000000700c00000, 0x0000000800000000)
  region size 2048K, 4 young (8192K), 4 survivors (8192K)
 Metaspace       used 40405K, committed 40768K, reserved 1089536K
  class space    used 5088K, committed 5248K, reserved 1048576K
}
Event: 2.430 GC heap before
{Heap before GC invocations=21 (full 0):
 garbage-first heap   total 530432K, used 389599K [0x0000000700c00000, 0x0000000800000000)
  region size 2048K, 155 young (317440K), 4 survivors (8192K)
 Metaspace       used 40933K, committed 41280K, reserved 1089536K
  class space    used 5127K, committed 5248K, reserved 1048576K
}
Event: 2.439 GC heap after
{Heap after GC invocations=22 (full 0):
 garbage-first heap   total 530432K, used 94883K [0x0000000700c00000, 0x0000000800000000)
  region size 2048K, 10 young (20480K), 10 survivors (20480K)
 Metaspace       used 40933K, committed 41280K, reserved 1089536K
  class space    used 5127K, committed 5248K, reserved 1048576K
}
Event: 2.475 GC heap before
{Heap before GC invocations=22 (full 0):
 garbage-first heap   total 530432K, used 389795K [0x0000000700c00000, 0x0000000800000000)
  region size 2048K, 155 young (317440K), 10 survivors (20480K)
 Metaspace       used 41380K, committed 41792K, reserved 1089536K
  class space    used 5167K, committed 5376K, reserved 1048576K
}
Event: 2.487 GC heap after
{Heap after GC invocations=23 (full 0):
 garbage-first heap   total 530432K, used 106699K [0x0000000700c00000, 0x0000000800000000)
  region size 2048K, 16 young (32768K), 16 survivors (32768K)
 Metaspace       used 41380K, committed 41792K, reserved 1089536K
  class space    used 5167K, committed 5376K, reserved 1048576K
}
Event: 2.524 GC heap before
{Heap before GC invocations=23 (full 0):
 garbage-first heap   total 530432K, used 389323K [0x0000000700c00000, 0x0000000800000000)
  region size 2048K, 155 young (317440K), 16 survivors (32768K)
 Metaspace       used 42248K, committed 42624K, reserved 1089536K
  class space    used 5256K, committed 5440K, reserved 1048576K
}
Event: 2.540 GC heap after
{Heap after GC invocations=24 (full 0):
 garbage-first heap   total 530432K, used 119960K [0x0000000700c00000, 0x0000000800000000)
  region size 2048K, 13 young (26624K), 13 survivors (26624K)
 Metaspace       used 42248K, committed 42624K, reserved 1089536K
  class space    used 5256K, committed 5440K, reserved 1048576K
}
Event: 2.575 GC heap before
{Heap before GC invocations=24 (full 0):
 garbage-first heap   total 530432K, used 408728K [0x0000000700c00000, 0x0000000800000000)
  region size 2048K, 155 young (317440K), 13 survivors (26624K)
 Metaspace       used 42862K, committed 43264K, reserved 1089536K
  class space    used 5338K, committed 5504K, reserved 1048576K
}

Dll operation events (9 events):
Event: 0.008 Loaded shared library c:\Users\pbj25\.vscode\extensions\redhat.java-1.13.0-win32-x64\jre\17.0.5-win32-x86_64\bin\java.dll
Event: 0.161 Loaded shared library C:\Users\pbj25\.vscode\extensions\redhat.java-1.13.0-win32-x64\jre\17.0.5-win32-x86_64\bin\net.dll
Event: 0.164 Loaded shared library C:\Users\pbj25\.vscode\extensions\redhat.java-1.13.0-win32-x64\jre\17.0.5-win32-x86_64\bin\nio.dll
Event: 0.168 Loaded shared library C:\Users\pbj25\.vscode\extensions\redhat.java-1.13.0-win32-x64\jre\17.0.5-win32-x86_64\bin\zip.dll
Event: 0.252 Loaded shared library c:\Users\pbj25\.vscode\extensions\redhat.java-1.13.0-win32-x64\jre\17.0.5-win32-x86_64\bin\verify.dll
Event: 0.257 Loaded shared library C:\Users\pbj25\.vscode\extensions\redhat.java-1.13.0-win32-x64\jre\17.0.5-win32-x86_64\bin\jimage.dll
Event: 0.785 Loaded shared library C:\Users\pbj25\.vscode\extensions\redhat.java-1.13.0-win32-x64\jre\17.0.5-win32-x86_64\bin\management.dll
Event: 0.787 Loaded shared library C:\Users\pbj25\.vscode\extensions\redhat.java-1.13.0-win32-x64\jre\17.0.5-win32-x86_64\bin\management_ext.dll
Event: 2.443 Loaded shared library C:\Users\pbj25\.vscode\extensions\redhat.java-1.13.0-win32-x64\jre\17.0.5-win32-x86_64\bin\sunmscapi.dll

Deoptimization events (18 events):
Event: 0.912 Thread 0x000001f3b5c71290 DEOPT PACKING pc=0x000001f3b8f01879 sp=0x000000f36affd760
Event: 0.912 Thread 0x000001f3b5c71290 DEOPT UNPACKING pc=0x000001f3b8952b43 sp=0x000000f36affcc40 mode 3
Event: 1.274 Thread 0x000001f3b5c71290 DEOPT PACKING pc=0x000001f3b9022e55 sp=0x000000f36affb650
Event: 1.274 Thread 0x000001f3b5c71290 DEOPT UNPACKING pc=0x000001f3b8952b43 sp=0x000000f36affab68 mode 3
Event: 1.595 Thread 0x000001f3b5c71290 DEOPT PACKING pc=0x000001f3b9092df9 sp=0x000000f36affcb40
Event: 1.595 Thread 0x000001f3b5c71290 DEOPT UNPACKING pc=0x000001f3b8952b43 sp=0x000000f36affc020 mode 3
Event: 1.785 Thread 0x000001f3ca9b0460 DEOPT PACKING pc=0x000001f3b91504ed sp=0x000000f36d7fd260
Event: 1.785 Thread 0x000001f3ca9b0460 DEOPT UNPACKING pc=0x000001f3b8952b43 sp=0x000000f36d7fc788 mode 3
Event: 1.831 Thread 0x000001f3ca9a06d0 DEOPT PACKING pc=0x000001f3b9166913 sp=0x000000f36d8fe7c0
Event: 1.831 Thread 0x000001f3ca9a06d0 DEOPT UNPACKING pc=0x000001f3b8952b43 sp=0x000000f36d8fdd08 mode 3
Event: 1.856 Thread 0x000001f3ca9711c0 DEOPT PACKING pc=0x000001f3b8eff689 sp=0x000000f36d6fdc20
Event: 1.856 Thread 0x000001f3ca9711c0 DEOPT UNPACKING pc=0x000001f3b8952b43 sp=0x000000f36d6fd0b0 mode 3
Event: 2.121 Thread 0x000001f3ca9c28f0 DEOPT PACKING pc=0x000001f3b925e21c sp=0x000000f36d9fe2c0
Event: 2.122 Thread 0x000001f3ca9c28f0 DEOPT UNPACKING pc=0x000001f3b8952b43 sp=0x000000f36d9fd7a0 mode 0
Event: 2.155 Thread 0x000001f3ca9b0460 DEOPT PACKING pc=0x000001f3b8efd11f sp=0x000000f36d7fece0
Event: 2.155 Thread 0x000001f3ca9b0460 DEOPT UNPACKING pc=0x000001f3b8952b43 sp=0x000000f36d7fe138 mode 3
Event: 2.358 Thread 0x000001f3caa94f00 DEOPT PACKING pc=0x000001f3b8b86f2c sp=0x000000f36f9fe200
Event: 2.358 Thread 0x000001f3caa94f00 DEOPT UNPACKING pc=0x000001f3b8952b43 sp=0x000000f36f9fd6c8 mode 0

Classes unloaded (0 events):
No events

Classes redefined (0 events):
No events

Internal exceptions (20 events):
Event: 1.855 Thread 0x000001f3caa2a620 Exception <a 'sun/nio/fs/WindowsException'{0x00000007030fc538}> (0x00000007030fc538) 
thrown [s\src\hotspot\share\prims\jni.cpp, line 516]
Event: 1.856 Thread 0x000001f3caa2a620 Exception <a 'sun/nio/fs/WindowsException'{0x00000007030fcf38}> (0x00000007030fcf38) 
thrown [s\src\hotspot\share\prims\jni.cpp, line 516]
Event: 1.856 Thread 0x000001f3caa2a620 Exception <a 'sun/nio/fs/WindowsException'{0x00000007030fd2f8}> (0x00000007030fd2f8) 
thrown [s\src\hotspot\share\prims\jni.cpp, line 516]
Event: 1.856 Thread 0x000001f3caa2a620 Exception <a 'sun/nio/fs/WindowsException'{0x00000007030fdcf8}> (0x00000007030fdcf8) 
thrown [s\src\hotspot\share\prims\jni.cpp, line 516]
Event: 1.856 Thread 0x000001f3caa2a620 Exception <a 'sun/nio/fs/WindowsException'{0x00000007030fe0a8}> (0x00000007030fe0a8) 
thrown [s\src\hotspot\share\prims\jni.cpp, line 516]
Event: 1.857 Thread 0x000001f3caa2a620 Exception <a 'sun/nio/fs/WindowsException'{0x00000007030feaa8}> (0x00000007030feaa8) 
thrown [s\src\hotspot\share\prims\jni.cpp, line 516]
Event: 1.857 Thread 0x000001f3caa2a620 Exception <a 'sun/nio/fs/WindowsException'{0x00000007030fee68}> (0x00000007030fee68) 
thrown [s\src\hotspot\share\prims\jni.cpp, line 516]
Event: 1.857 Thread 0x000001f3caa2a620 Exception <a 'sun/nio/fs/WindowsException'{0x00000007030ff890}> (0x00000007030ff890) 
thrown [s\src\hotspot\share\prims\jni.cpp, line 516]
Event: 1.857 Thread 0x000001f3caa2a620 Exception <a 'sun/nio/fs/WindowsException'{0x00000007030ffc70}> (0x00000007030ffc70) 
thrown [s\src\hotspot\share\prims\jni.cpp, line 516]
Event: 1.857 Thread 0x000001f3caa2a620 Exception <a 'sun/nio/fs/WindowsException'{0x00000007031006a8}> (0x00000007031006a8) 
thrown [s\src\hotspot\share\prims\jni.cpp, line 516]
Event: 1.858 Thread 0x000001f3caa2a620 Exception <a 'sun/nio/fs/WindowsException'{0x0000000703100a98}> (0x0000000703100a98) 
thrown [s\src\hotspot\share\prims\jni.cpp, line 516]
Event: 1.858 Thread 0x000001f3caa2a620 Exception <a 'sun/nio/fs/WindowsException'{0x00000007031014c0}> (0x00000007031014c0) 
thrown [s\src\hotspot\share\prims\jni.cpp, line 516]
Event: 1.858 Thread 0x000001f3caa2a620 Exception <a 'sun/nio/fs/WindowsException'{0x00000007031018b0}> (0x00000007031018b0) 
thrown [s\src\hotspot\share\prims\jni.cpp, line 516]
Event: 2.099 Thread 0x000001f3ca9b0460 Exception <a 'java/lang/NoSuchMethodError'{0x0000000705b439e8}: 'java.lang.Object java.lang.invoke.Invokers$Holder.invoke_MT(java.lang.Object, java.lang.Object, java.lang.Object)'> (0x0000000705b439e8) 
thrown [s\src\hotspot\share\interpreter\linkResolver.cpp, line 759]
Event: 2.150 Thread 0x000001f3ca9b0460 Exception <a 'java/lang/NoSuchMethodError'{0x00000007087b9a68}: 'java.lang.Object java.lang.invoke.DirectMethodHandle$Holder.newInvokeSpecial(java.lang.Object, java.lang.Object, int)'> (0x00000007087b9a68) 
thrown [s\src\hotspot\share\interpreter\linkResolver.cpp, line 759]
Event: 2.154 Thread 0x000001f3caa94a30 Exception <a 'java/lang/NoSuchMethodError'{0x0000000708448658}: 'java.lang.Object java.lang.invoke.Invokers$Holder.linkToTargetMethod(java.lang.Object, long, java.lang.Object)'> (0x0000000708448658) 
thrown [s\src\hotspot\share\interpreter\linkResolver.cpp, line 759]
Event: 2.160 Thread 0x000001f3caa94a30 Exception <a 'sun/nio/fs/WindowsException'{0x00000007085212f8}> (0x00000007085212f8) 
thrown [s\src\hotspot\share\prims\jni.cpp, line 516]
Event: 2.243 Thread 0x000001f3caa94f00 Exception <a 'java/lang/NoSuchMethodError'{0x0000000710b78d48}: 'void java.lang.invoke.DirectMethodHandle$Holder.invokeVirtual(java.lang.Object, java.lang.Object, java.lang.Object, java.lang.Object)'> (0x0000000710b78d48) 
thrown [s\src\hotspot\share\interpreter\linkResolver.cpp, line 759]
Event: 2.508 Thread 0x000001f3caa94f00 Exception <a 'sun/nio/fs/WindowsException'{0x00000007177085a8}> (0x00000007177085a8) 
thrown [s\src\hotspot\share\prims\jni.cpp, line 516]
Event: 2.516 Thread 0x000001f3caa94f00 Exception <a 'java/lang/NoSuchMethodError'{0x0000000713b5ddf8}: 'int java.lang.invoke.DirectMethodHandle$Holder.invokeStaticInit(java.lang.Object, java.lang.Object, java.lang.Object, java.lang.Object)'> (0x0000000713b5ddf8) 
thrown [s\src\hotspot\share\interpreter\linkResolver.cpp, line 759]

VM Operations (20 events):
Event: 2.362 Executing VM operation: HandshakeAllThreads done
Event: 2.366 Executing VM operation: G1CollectForAllocation
Event: 2.367 Executing VM operation: G1CollectForAllocation done
Event: 2.367 Executing VM operation: G1CollectForAllocation
Event: 2.373 Executing VM operation: G1CollectForAllocation done
Event: 2.413 Executing VM operation: HandshakeAllThreads
Event: 2.423 Executing VM operation: HandshakeAllThreads done
Event: 2.430 Executing VM operation: G1CollectForAllocation
Event: 2.439 Executing VM operation: G1CollectForAllocation done
Event: 2.474 Executing VM operation: G1CollectForAllocation
Event: 2.475 Executing VM operation: G1CollectForAllocation done
Event: 2.475 Executing VM operation: G1CollectForAllocation
Event: 2.487 Executing VM operation: G1CollectForAllocation done
Event: 2.509 Executing VM operation: HandshakeAllThreads
Event: 2.509 Executing VM operation: HandshakeAllThreads done
Event: 2.524 Executing VM operation: G1CollectForAllocation
Event: 2.524 Executing VM operation: G1CollectForAllocation done
Event: 2.524 Executing VM operation: G1CollectForAllocation
Event: 2.540 Executing VM operation: G1CollectForAllocation done
Event: 2.575 Executing VM operation: G1CollectForAllocation

Events (20 events):
Event: 2.573 loading class sun/security/ssl/CipherSuite$HashAlg
Event: 2.574 loading class sun/security/ssl/CipherSuite$HashAlg done
Event: 2.574 loading class sun/security/ssl/CipherSuite$MacAlg
Event: 2.574 loading class sun/security/ssl/CipherSuite$MacAlg done
Event: 2.574 loading class sun/security/ssl/CipherSuite$KeyExchange
Event: 2.574 loading class sun/security/ssl/CipherSuite$KeyExchange done
Event: 2.574 loading class sun/security/ssl/NamedGroup$NamedGroupSpec
Event: 2.574 loading class sun/security/ssl/NamedGroup$NamedGroupScheme
Event: 2.575 loading class sun/security/ssl/NamedGroup$NamedGroupScheme done
Event: 2.575 loading class sun/security/ssl/NamedGroup$NamedGroupSpec done
Event: 2.575 loading class sun/security/ssl/NamedGroup$ECDHEScheme
Event: 2.575 loading class sun/security/ssl/NamedGroup$ECDHEScheme done
Event: 2.575 loading class sun/security/ssl/NamedGroup
Event: 2.575 loading class sun/security/ssl/NamedGroup done
Event: 2.575 loading class sun/security/ssl/NamedGroup$FFDHEScheme
Event: 2.575 loading class sun/security/ssl/NamedGroup$FFDHEScheme done
Event: 2.575 loading class sun/security/ssl/NamedGroup$XDHScheme
Event: 2.575 loading class sun/security/ssl/NamedGroup$XDHScheme done
Event: 2.575 loading class sun/security/ssl/JsseJce
Event: 2.575 loading class sun/security/ssl/JsseJce done


Dynamic libraries:
0x00007ff60e470000 - 0x00007ff60e47e000 	c:\Users\pbj25\.vscode\extensions\redhat.java-1.13.0-win32-x64\jre\17.0.5-win32-x86_64\bin\java.exe
0x00007ffe04550000 - 0x00007ffe04748000 	C:\WINDOWS\SYSTEM32\ntdll.dll
0x00007ffe025a0000 - 0x00007ffe0265f000 	C:\WINDOWS\System32\KERNEL32.DLL
0x00007ffe021e0000 - 0x00007ffe024b2000 	C:\WINDOWS\System32\KERNELBASE.dll
0x00007ffe01c50000 - 0x00007ffe01d50000 	C:\WINDOWS\System32\ucrtbase.dll
0x00007ffdff370000 - 0x00007ffdff389000 	c:\Users\pbj25\.vscode\extensions\redhat.java-1.13.0-win32-x64\jre\17.0.5-win32-x86_64\bin\VCRUNTIME140.dll
0x00007ffdff3e0000 - 0x00007ffdff3f7000 	c:\Users\pbj25\.vscode\extensions\redhat.java-1.13.0-win32-x64\jre\17.0.5-win32-x86_64\bin\jli.dll
0x00007ffe02c20000 - 0x00007ffe02dbd000 	C:\WINDOWS\System32\USER32.dll
0x00007ffe02050000 - 0x00007ffe02072000 	C:\WINDOWS\System32\win32u.dll
0x00007ffe03e20000 - 0x00007ffe03e4b000 	C:\WINDOWS\System32\GDI32.dll
0x00007ffe01f40000 - 0x00007ffe0204f000 	C:\WINDOWS\System32\gdi32full.dll
0x00007ffdf0640000 - 0x00007ffdf08da000 	C:\WINDOWS\WinSxS\amd64_microsoft.windows.common-controls_6595b64144ccf1df_6.0.19041.1110_none_60b5254171f9507e\COMCTL32.dll
0x00007ffe01ea0000 - 0x00007ffe01f3d000 	C:\WINDOWS\System32\msvcp_win.dll
0x00007ffe03280000 - 0x00007ffe0331e000 	C:\WINDOWS\System32\msvcrt.dll
0x00007ffe02880000 - 0x00007ffe028b2000 	C:\WINDOWS\System32\IMM32.DLL
0x00007ffdff3b0000 - 0x00007ffdff3bc000 	c:\Users\pbj25\.vscode\extensions\redhat.java-1.13.0-win32-x64\jre\17.0.5-win32-x86_64\bin\vcruntime140_1.dll
0x00007ffddd410000 - 0x00007ffddd4a1000 	c:\Users\pbj25\.vscode\extensions\redhat.java-1.13.0-win32-x64\jre\17.0.5-win32-x86_64\bin\msvcp140.dll
0x00007ffd9a1e0000 - 0x00007ffd9ae24000 	c:\Users\pbj25\.vscode\extensions\redhat.java-1.13.0-win32-x64\jre\17.0.5-win32-x86_64\bin\server\jvm.dll
0x00007ffe033e0000 - 0x00007ffe0348e000 	C:\WINDOWS\System32\ADVAPI32.dll
0x00007ffe02660000 - 0x00007ffe026fc000 	C:\WINDOWS\System32\sechost.dll
0x00007ffe043e0000 - 0x00007ffe04505000 	C:\WINDOWS\System32\RPCRT4.dll
0x00007ffdfc800000 - 0x00007ffdfc80a000 	C:\WINDOWS\SYSTEM32\VERSION.dll
0x00007ffdfb2a0000 - 0x00007ffdfb2a9000 	C:\WINDOWS\SYSTEM32\WSOCK32.dll
0x00007ffdf7ec0000 - 0x00007ffdf7ee7000 	C:\WINDOWS\SYSTEM32\WINMM.dll
0x00007ffe03d00000 - 0x00007ffe03d6b000 	C:\WINDOWS\System32\WS2_32.dll
0x00007ffdffae0000 - 0x00007ffdffaf2000 	C:\WINDOWS\SYSTEM32\kernel.appcore.dll
0x00007ffdfd7f0000 - 0x00007ffdfd7fa000 	c:\Users\pbj25\.vscode\extensions\redhat.java-1.13.0-win32-x64\jre\17.0.5-win32-x86_64\bin\jimage.dll
0x00007ffdf68a0000 - 0x00007ffdf6a84000 	C:\WINDOWS\SYSTEM32\DBGHELP.DLL
0x00007ffdf0c70000 - 0x00007ffdf0c9c000 	C:\WINDOWS\SYSTEM32\dbgcore.DLL
0x00007ffe024c0000 - 0x00007ffe02542000 	C:\WINDOWS\System32\bcryptPrimitives.dll
0x00007ffdee1b0000 - 0x00007ffdee1d5000 	c:\Users\pbj25\.vscode\extensions\redhat.java-1.13.0-win32-x64\jre\17.0.5-win32-x86_64\bin\java.dll
0x00007ffdf7b70000 - 0x00007ffdf7b88000 	c:\Users\pbj25\.vscode\extensions\redhat.java-1.13.0-win32-x64\jre\17.0.5-win32-x86_64\bin\zip.dll
0x00007ffe034f0000 - 0x00007ffe03c33000 	C:\WINDOWS\System32\SHELL32.dll
0x00007ffdffce0000 - 0x00007ffe00472000 	C:\WINDOWS\SYSTEM32\windows.storage.dll
0x00007ffe02dc0000 - 0x00007ffe03114000 	C:\WINDOWS\System32\combase.dll
0x00007ffe015d0000 - 0x00007ffe01600000 	C:\WINDOWS\SYSTEM32\Wldp.dll
0x00007ffe03d70000 - 0x00007ffe03e1d000 	C:\WINDOWS\System32\SHCORE.dll
0x00007ffe02800000 - 0x00007ffe02855000 	C:\WINDOWS\System32\shlwapi.dll
0x00007ffe01b90000 - 0x00007ffe01baf000 	C:\WINDOWS\SYSTEM32\profapi.dll
0x00007ffdf4dd0000 - 0x00007ffdf4de9000 	C:\Users\pbj25\.vscode\extensions\redhat.java-1.13.0-win32-x64\jre\17.0.5-win32-x86_64\bin\net.dll
0x00007ffdfb320000 - 0x00007ffdfb42c000 	C:\WINDOWS\SYSTEM32\WINHTTP.dll
0x00007ffe013b0000 - 0x00007ffe0141a000 	C:\WINDOWS\system32\mswsock.dll
0x00007ffdf4c90000 - 0x00007ffdf4ca5000 	C:\Users\pbj25\.vscode\extensions\redhat.java-1.13.0-win32-x64\jre\17.0.5-win32-x86_64\bin\nio.dll
0x00007ffdfd750000 - 0x00007ffdfd760000 	c:\Users\pbj25\.vscode\extensions\redhat.java-1.13.0-win32-x64\jre\17.0.5-win32-x86_64\bin\verify.dll
0x00007ffdf7b10000 - 0x00007ffdf7b19000 	C:\Users\pbj25\.vscode\extensions\redhat.java-1.13.0-win32-x64\jre\17.0.5-win32-x86_64\bin\management.dll
0x00007ffdf7710000 - 0x00007ffdf771b000 	C:\Users\pbj25\.vscode\extensions\redhat.java-1.13.0-win32-x64\jre\17.0.5-win32-x86_64\bin\management_ext.dll
0x00007ffe03c40000 - 0x00007ffe03c48000 	C:\WINDOWS\System32\PSAPI.DLL
0x00007ffdea4e0000 - 0x00007ffdea4f7000 	C:\WINDOWS\system32\napinsp.dll
0x00007ffde7130000 - 0x00007ffde714b000 	C:\WINDOWS\system32\pnrpnsp.dll
0x00007ffde7400000 - 0x00007ffde7415000 	C:\WINDOWS\system32\wshbth.dll
0x00007ffdfd700000 - 0x00007ffdfd71d000 	C:\WINDOWS\system32\NLAapi.dll
0x00007ffe01070000 - 0x00007ffe010ab000 	C:\WINDOWS\SYSTEM32\IPHLPAPI.DLL
0x00007ffe010c0000 - 0x00007ffe0118a000 	C:\WINDOWS\SYSTEM32\DNSAPI.dll
0x00007ffe027e0000 - 0x00007ffe027e8000 	C:\WINDOWS\System32\NSI.dll
0x00007ffde73e0000 - 0x00007ffde73f2000 	C:\WINDOWS\System32\winrnr.dll
0x00007ffdfae50000 - 0x00007ffdfae5a000 	C:\Windows\System32\rasadhlp.dll
0x00007ffdfaae0000 - 0x00007ffdfab60000 	C:\WINDOWS\System32\fwpuclnt.dll
0x00007ffe01dc0000 - 0x00007ffe01de7000 	C:\WINDOWS\System32\bcrypt.dll
0x00007ffe01610000 - 0x00007ffe01628000 	C:\WINDOWS\SYSTEM32\CRYPTSP.dll
0x00007ffe00c80000 - 0x00007ffe00cb4000 	C:\WINDOWS\system32\rsaenh.dll
0x00007ffe01b10000 - 0x00007ffe01b3e000 	C:\WINDOWS\SYSTEM32\USERENV.dll
0x00007ffe01540000 - 0x00007ffe0154c000 	C:\WINDOWS\SYSTEM32\CRYPTBASE.dll
0x00007ffdfcb40000 - 0x00007ffdfcb57000 	C:\WINDOWS\SYSTEM32\dhcpcsvc6.DLL
0x00007ffdfcb10000 - 0x00007ffdfcb2d000 	C:\WINDOWS\SYSTEM32\dhcpcsvc.DLL
0x00007ffdf7560000 - 0x00007ffdf756e000 	C:\Users\pbj25\.vscode\extensions\redhat.java-1.13.0-win32-x64\jre\17.0.5-win32-x86_64\bin\sunmscapi.dll
0x00007ffe02080000 - 0x00007ffe021d6000 	C:\WINDOWS\System32\CRYPT32.dll
0x00007ffe01720000 - 0x00007ffe01747000 	C:\WINDOWS\SYSTEM32\ncrypt.dll
0x00007ffe016e0000 - 0x00007ffe0171b000 	C:\WINDOWS\SYSTEM32\NTASN1.dll

dbghelp: loaded successfully - version: 4.0.5 - missing functions: none
symbol engine: initialized successfully - sym options: 0x614 - pdb path: .;c:\Users\pbj25\.vscode\extensions\redhat.java-1.13.0-win32-x64\jre\17.0.5-win32-x86_64\bin;C:\WINDOWS\SYSTEM32;C:\WINDOWS\WinSxS\amd64_microsoft.windows.common-controls_6595b64144ccf1df_6.0.19041.1110_none_60b5254171f9507e;c:\Users\pbj25\.vscode\extensions\redhat.java-1.13.0-win32-x64\jre\17.0.5-win32-x86_64\bin\server

VM Arguments:
jvm_args: -Dsts.lsp.client=vscode -Dsts.log.file=/dev/null -XX:TieredStopAtLevel=1 -Xlog:jni+resolve=off -Dspring.config.location=file:c:\Users\pbj25\.vscode\extensions\pivotal.vscode-spring-boot-1.42.0\language-server\BOOT-INF\classes\application.properties 
java_command: org.springframework.ide.vscode.boot.app.BootLanguageServerBootApp
java_class_path (initial): c:\Users\pbj25\.vscode\extensions\pivotal.vscode-spring-boot-1.42.0\language-server\BOOT-INF\classes;c:\Users\pbj25\.vscode\extensions\pivotal.vscode-spring-boot-1.42.0\language-server\BOOT-INF\lib\annotations-23.1.0.jar;c:\Users\pbj25\.vscode\extensions\pivotal.vscode-spring-boot-1.42.0\language-server\BOOT-INF\lib\ant-1.10.12.jar;c:\Users\pbj25\.vscode\extensions\pivotal.vscode-spring-boot-1.42.0\language-server\BOOT-INF\lib\ant-launcher-1.10.12.jar;c:\Users\pbj25\.vscode\extensions\pivotal.vscode-spring-boot-1.42.0\language-server\BOOT-INF\lib\antlr-runtime-3.5.2.jar;c:\Users\pbj25\.vscode\extensions\pivotal.vscode-spring-boot-1.42.0\language-server\BOOT-INF\lib\antlr4-4.9.3.jar;c:\Users\pbj25\.vscode\extensions\pivotal.vscode-spring-boot-1.42.0\language-server\BOOT-INF\lib\antlr4-runtime-4.9.3.jar;c:\Users\pbj25\.vscode\extensions\pivotal.vscode-spring-boot-1.42.0\language-server\BOOT-INF\lib\apiguardian-api-1.1.2.jar;c:\Users\pbj25\.vscode\extensions\pivotal.vscode-spring-boot-1.42.0\language-server\BOOT-INF\lib\asm-9.4.jar;c:\Users\pbj25\.vscode\extensions\pivotal.vscode-spring-boot-1.42.0\language-server\BOOT-INF\lib\asm-analysis-9.4.jar;c:\Users\pbj25\.vscode\extensions\pivotal.vscode-spring-boot-1.42.0\language-server\BOOT-INF\lib\asm-tree-9.4.jar;c:\Users\pbj25\.vscode\extensions\pivotal.vscode-spring-boot-1.42.0\language-server\BOOT-INF\lib\asm-util-9.4.jar;c:\Users\pbj25\.vscode\extensions\pivotal.vscode-spring-boot-1.42.0\language-server\BOOT-INF\lib\caffeine-2.9.3.jar;c:\Users\pbj25\.vscode\extensions\pivotal.vscode-spring-boot-1.42.0\language-server\BOOT-INF\lib\checker-qual-3.12.0.jar;c:\Users\pbj25\.vscode\extensions\pivotal.vscode-spring-boot-1.42.0\language-server\BOOT-INF\lib\ci-environment-9.1.0.jar;c:\Users\pbj25\.vscode\extensions\pivotal.vscode-spring-boot-1.42.0\language-server\BOOT-INF\lib\classgraph-4.8.149.jar;c:\Users\pbj25\.vscode\extensions\pivotal.vscode-spring-boot-1.42.0\language-server\BOOT-INF\lib\comm
Launcher Type: SUN_STANDARD

[Global flags]
     intx CICompilerCount                          = 12                                        {product} {ergonomic}
     uint ConcGCThreads                            = 3                                         {product} {ergonomic}
     uint G1ConcRefinementThreads                  = 13                                        {product} {ergonomic}
   size_t G1HeapRegionSize                         = 2097152                                   {product} {ergonomic}
    uintx GCDrainStackTargetSize                   = 64                                        {product} {ergonomic}
   size_t InitialHeapSize                          = 268435456                                 {product} {ergonomic}
   size_t MarkStackSize                            = 4194304                                   {product} {ergonomic}
   size_t MaxHeapSize                              = 4282384384                                {product} {ergonomic}
   size_t MaxNewSize                               = 2569011200                                {product} {ergonomic}
   size_t MinHeapDeltaBytes                        = 2097152                                   {product} {ergonomic}
   size_t MinHeapSize                              = 8388608                                   {product} {ergonomic}
    uintx NonProfiledCodeHeapSize                  = 0                                      {pd product} {ergonomic}
     bool ProfileInterpreter                       = false                                  {pd product} {command line}
    uintx ProfiledCodeHeapSize                     = 0                                      {pd product} {ergonomic}
   size_t SoftMaxHeapSize                          = 4282384384                             {manageable} {ergonomic}
     intx TieredStopAtLevel                        = 1                                         {product} {command line}
     bool UseCompressedClassPointers               = true                           {product lp64_product} {ergonomic}
     bool UseCompressedOops                        = true                           {product lp64_product} {ergonomic}
     bool UseG1GC                                  = true                                      {product} {ergonomic}
     bool UseLargePagesIndividualAllocation        = false                                  {pd product} {ergonomic}

Logging:
Log output configuration:
 #0: stdout all=warning,jni+resolve=off uptime,level,tags
 #1: stderr all=off uptime,level,tags

Environment Variables:
JAVA_HOME=C:\Program Files\Java\jdk-17.0.5
PATH=C:\Program Files\Eclipse Adoptium\jdk-17.0.4.101-hotspot\bin;C:\WINDOWS\system32;C:\WINDOWS;C:\WINDOWS\System32\Wbem;C:\WINDOWS\System32\WindowsPowerShell\v1.0\;C:\WINDOWS\System32\OpenSSH\;C:\Program Files (x86)\NVIDIA Corporation\PhysX\Common;C:\Program Files\NVIDIA Corporation\NVIDIA NvDLISR;C:\Program Files\Java\jdk-17.0.5\bin;C:\Program Files\Git\cmd;C:\Program Files\nodejs\;C:\Develops\apache-maven-3.8.6\bin;C:\Program Files\MySQL\MySQL Shell 8.0\bin\;C:\Users\pbj25\AppData\Local\Programs\Python\Python39\Scripts\;C:\Users\pbj25\AppData\Local\Programs\Python\Python39\;C:\Users\pbj25\AppData\Local\Microsoft\WindowsApps;C:\Program Files\Bandizip\;C:\Users\pbj25\AppData\Local\Programs\Microsoft VS Code\bin;C:\Users\pbj25\AppData\Local\GitHubDesktop\bin;C:\Users\pbj25\AppData\Roaming\npm
USERNAME=pbj25
OS=Windows_NT
PROCESSOR_IDENTIFIER=AMD64 Family 23 Model 113 Stepping 0, AuthenticAMD
TMP=C:\Users\pbj25\AppData\Local\Temp
TEMP=C:\Users\pbj25\AppData\Local\Temp



---------------  S Y S T E M  ---------------

OS:
 Windows 10 , 64 bit Build 19041 (10.0.19041.2251)
OS uptime: 11 days 1:44 hours
Hyper-V role detected

CPU: total 16 (initial active 16) (16 cores per cpu, 2 threads per core) family 23 model 113 stepping 0 microcode 0x0, cx8, cmov, fxsr, ht, mmx, 3dnowpref, sse, sse2, sse3, ssse3, sse4a, sse4.1, sse4.2, popcnt, lzcnt, tsc, tscinvbit, avx, avx2, aes, clmul, bmi1, bmi2, adx, sha, fma, vzeroupper, clflush, clflushopt, hv

Memory: 4k page, system-wide physical 16332M (1763M free)
TotalPageFile size 26332M (AvailPageFile size 269M)
current process WorkingSet (physical memory assigned to process): 667M, peak: 667M
current process commit charge ("private bytes"): 707M, peak: 1599M

vm_info: OpenJDK 64-Bit Server VM (17.0.5+8) for windows-amd64 JRE (17.0.5+8), built on Oct 19 2022 04:48:13 by "temurin" with MS VC++ 16.7 (VS2019)

END.
