#
# There is insufficient memory for the Java Runtime Environment to continue.
# Native memory allocation (mmap) failed to map 910163968 bytes for G1 virtual space
# Possible reasons:
#   The system is out of physical RAM or swap space
#   The process is running with CompressedOops enabled, and the Java Heap may be blocking the growth of the native heap
# Possible solutions:
#   Reduce memory load on the system
#   Increase physical memory or swap space
#   Check if swap backing store is full
#   Decrease Java heap size (-Xmx/-Xms)
#   Decrease number of Java threads
#   Decrease Java thread stack sizes (-Xss)
#   Set larger code cache with -XX:ReservedCodeCacheSize=
#   JVM is running with Zero Based Compressed Oops mode in which the Java heap is
#     placed in the first 32GB address space. The Java Heap base address is the
#     maximum limit for the native heap growth. Please use -XX:HeapBaseMinAddress
#     to set the Java Heap base and to place the Java Heap above 32GB virtual address.
# This output file may be truncated or incomplete.
#
#  Out of Memory Error (os_windows.cpp:3548), pid=36732, tid=26936
#
# JRE version: OpenJDK Runtime Environment Temurin-17.0.5+8 (17.0.5+8) (build 17.0.5+8)
# Java VM: OpenJDK 64-Bit Server VM Temurin-17.0.5+8 (17.0.5+8, mixed mode, emulated-client, tiered, compressed oops, compressed class ptrs, g1 gc, windows-amd64)
# No core dump will be written. Minidumps are not enabled by default on client versions of Windows
#

---------------  S U M M A R Y ------------

Command Line: -Dsts.lsp.client=vscode -Dsts.log.file=/dev/null -XX:TieredStopAtLevel=1 -Xlog:jni+resolve=off -Dspring.config.location=file:c:\Users\pbj25\.vscode\extensions\pivotal.vscode-spring-boot-1.42.0\language-server\BOOT-INF\classes\application.properties org.springframework.ide.vscode.boot.app.BootLanguageServerBootApp

Host: AMD Ryzen 7 3700X 8-Core Processor             , 16 cores, 15G,  Windows 10 , 64 bit Build 19041 (10.0.19041.2251)
Time: Tue Dec 13 14:14:21 2022  Windows 10 , 64 bit Build 19041 (10.0.19041.2251) elapsed time: 2.930624 seconds (0d 0h 0m 2s)

---------------  T H R E A D  ---------------

Current thread (0x00000278d683aa90):  VMThread "VM Thread" [stack: 0x000000e0bac00000,0x000000e0bad00000] [id=26936]

Stack: [0x000000e0bac00000,0x000000e0bad00000]
Native frames: (J=compiled Java code, j=interpreted, Vv=VM code, C=native code)
V  [jvm.dll+0x676b3a]
V  [jvm.dll+0x831444]
V  [jvm.dll+0x832bee]
V  [jvm.dll+0x833253]
V  [jvm.dll+0x244ce5]
V  [jvm.dll+0x673a49]
V  [jvm.dll+0x66811a]
V  [jvm.dll+0x303ceb]
V  [jvm.dll+0x30b1e6]
V  [jvm.dll+0x35adbe]
V  [jvm.dll+0x35afef]
V  [jvm.dll+0x2dab88]
V  [jvm.dll+0x2d8e3c]
V  [jvm.dll+0x2d840c]
V  [jvm.dll+0x31c31b]
V  [jvm.dll+0x8376fb]
V  [jvm.dll+0x838434]
V  [jvm.dll+0x83894c]
V  [jvm.dll+0x838d24]
V  [jvm.dll+0x838df0]
V  [jvm.dll+0x7e17ea]
V  [jvm.dll+0x6759e5]
C  [ucrtbase.dll+0x21bb2]
C  [KERNEL32.DLL+0x174b4]
C  [ntdll.dll+0x526a1]

VM_Operation (0x000000e0bd5fe310): G1CollectForAllocation, mode: safepoint, requested by thread 0x00000278d81086a0


---------------  P R O C E S S  ---------------

Threads class SMR info:
_java_thread_list=0x00000278d7ff4370, length=61, elements={
0x00000278d686dc10, 0x00000278d686e4d0, 0x00000278d6892b30, 0x00000278d68936b0,
0x00000278d68a9060, 0x00000278d68ae1b0, 0x00000278d68aea70, 0x00000278d68ba880,
0x00000278d6a9f340, 0x00000278d6abdb40, 0x00000278d6ace2e0, 0x00000278d700edd0,
0x00000278d73e5a50, 0x00000278d73e2cc0, 0x00000278d78b3610, 0x00000278d7d8efd0,
0x00000278d7f73460, 0x00000278c32c5bd0, 0x00000278d7c0de40, 0x00000278d8045010,
0x00000278d8049900, 0x00000278d80c6030, 0x00000278d80d70f0, 0x00000278d80e8ae0,
0x00000278d81081d0, 0x00000278d8107360, 0x00000278d81086a0, 0x00000278d8107d00,
0x00000278d8108b70, 0x00000278d8107830, 0x00000278d8117890, 0x00000278d8116a20,
0x00000278d8119a40, 0x00000278d811a8b0, 0x00000278d8116ef0, 0x00000278d81156e0,
0x00000278d811b720, 0x00000278d8117d60, 0x00000278d8118230, 0x00000278d81173c0,
0x00000278d8114d40, 0x00000278d8115bb0, 0x00000278d811bbf0, 0x00000278d811a3e0,
0x00000278d8118700, 0x00000278d8119f10, 0x00000278d811ad80, 0x00000278d81143a0,
0x00000278d8116080, 0x00000278d8118bd0, 0x00000278d811b250, 0x00000278d73e3bf0,
0x00000278d73e5f60, 0x00000278d73e4100, 0x00000278d73e4610, 0x00000278d73e4b20,
0x00000278d73e31d0, 0x00000278d73e36e0, 0x00000278d8115210, 0x00000278d8116550,
0x00000278d81190a0
}

Java Threads: ( => current thread )
  0x00000278d686dc10 JavaThread "Reference Handler" daemon [_thread_blocked, id=28568, stack(0x000000e0bad00000,0x000000e0bae00000)]
  0x00000278d686e4d0 JavaThread "Finalizer" daemon [_thread_blocked, id=14112, stack(0x000000e0bae00000,0x000000e0baf00000)]
  0x00000278d6892b30 JavaThread "Signal Dispatcher" daemon [_thread_blocked, id=32484, stack(0x000000e0baf00000,0x000000e0bb000000)]
  0x00000278d68936b0 JavaThread "Attach Listener" daemon [_thread_blocked, id=14252, stack(0x000000e0bb000000,0x000000e0bb100000)]
  0x00000278d68a9060 JavaThread "Service Thread" daemon [_thread_blocked, id=37320, stack(0x000000e0bb100000,0x000000e0bb200000)]
  0x00000278d68ae1b0 JavaThread "Monitor Deflation Thread" daemon [_thread_blocked, id=33372, stack(0x000000e0bb200000,0x000000e0bb300000)]
  0x00000278d68aea70 JavaThread "C1 CompilerThread0" daemon [_thread_blocked, id=34036, stack(0x000000e0bb300000,0x000000e0bb400000)]
  0x00000278d68ba880 JavaThread "Sweeper thread" daemon [_thread_blocked, id=33164, stack(0x000000e0bb400000,0x000000e0bb500000)]
  0x00000278d6a9f340 JavaThread "C1 CompilerThread1" daemon [_thread_blocked, id=15384, stack(0x000000e0bb500000,0x000000e0bb600000)]
  0x00000278d6abdb40 JavaThread "Notification Thread" daemon [_thread_blocked, id=35740, stack(0x000000e0bb600000,0x000000e0bb700000)]
  0x00000278d6ace2e0 JavaThread "Common-Cleaner" daemon [_thread_blocked, id=12512, stack(0x000000e0bb800000,0x000000e0bb900000)]
  0x00000278d700edd0 JavaThread "C1 CompilerThread2" daemon [_thread_blocked, id=36220, stack(0x000000e0bb900000,0x000000e0bba00000)]
  0x00000278d73e5a50 JavaThread "C1 CompilerThread3" daemon [_thread_blocked, id=39480, stack(0x000000e0bba00000,0x000000e0bbb00000)]
  0x00000278d73e2cc0 JavaThread "C1 CompilerThread4" daemon [_thread_blocked, id=37876, stack(0x000000e0bbb00000,0x000000e0bbc00000)]
  0x00000278d78b3610 JavaThread "boundedElastic-evictor-1" daemon [_thread_blocked, id=21188, stack(0x000000e0bca00000,0x000000e0bcb00000)]
  0x00000278d7d8efd0 JavaThread "pool-11-thread-1" [_thread_blocked, id=35972, stack(0x000000e0bcb00000,0x000000e0bcc00000)]
  0x00000278d7f73460 JavaThread "LanguageServerApp-lifecycle" [_thread_blocked, id=29280, stack(0x000000e0bcc00000,0x000000e0bcd00000)]
  0x00000278c32c5bd0 JavaThread "DestroyJavaVM" [_thread_blocked, id=37868, stack(0x000000e0ba600000,0x000000e0ba700000)]
  0x00000278d7c0de40 JavaThread "pool-12-thread-1" [_thread_in_native, id=19648, stack(0x000000e0bcd00000,0x000000e0bce00000)]
  0x00000278d8045010 JavaThread "Simple-Language-Server main thread" daemon [_thread_blocked, id=29432, stack(0x000000e0bce00000,0x000000e0bcf00000)]
  0x00000278d8049900 JavaThread "ForkJoinPool.commonPool-worker-1" daemon [_thread_blocked, id=1932, stack(0x000000e0bcf00000,0x000000e0bd000000)]
  0x00000278d80c6030 JavaThread "parallel-1" daemon [_thread_blocked, id=38924, stack(0x000000e0bd000000,0x000000e0bd100000)]
  0x00000278d80d70f0 JavaThread "ClassGraph-worker-0" daemon [_thread_blocked, id=36320, stack(0x000000e0bd100000,0x000000e0bd200000)]
  0x00000278d80e8ae0 JavaThread "ClassGraph-worker-1" daemon [_thread_blocked, id=38808, stack(0x000000e0bd200000,0x000000e0bd300000)]
  0x00000278d81081d0 JavaThread "ClassGraph-worker-2" daemon [_thread_blocked, id=31584, stack(0x000000e0bd300000,0x000000e0bd400000)]
  0x00000278d8107360 JavaThread "ClassGraph-worker-3" daemon [_thread_blocked, id=22692, stack(0x000000e0bd400000,0x000000e0bd500000)]
  0x00000278d81086a0 JavaThread "ClassGraph-worker-4" daemon [_thread_blocked, id=34600, stack(0x000000e0bd500000,0x000000e0bd600000)]
  0x00000278d8107d00 JavaThread "ClassGraph-worker-5" daemon [_thread_blocked, id=18644, stack(0x000000e0bd600000,0x000000e0bd700000)]
  0x00000278d8108b70 JavaThread "ClassGraph-worker-6" daemon [_thread_blocked, id=36228, stack(0x000000e0bd700000,0x000000e0bd800000)]
  0x00000278d8107830 JavaThread "ClassGraph-worker-7" daemon [_thread_blocked, id=31604, stack(0x000000e0bd800000,0x000000e0bd900000)]
  0x00000278d8117890 JavaThread "ClassGraph-worker-8" daemon [_thread_blocked, id=37140, stack(0x000000e0bd900000,0x000000e0bda00000)]
  0x00000278d8116a20 JavaThread "ClassGraph-worker-9" daemon [_thread_blocked, id=15976, stack(0x000000e0bda00000,0x000000e0bdb00000)]
  0x00000278d8119a40 JavaThread "ClassGraph-worker-10" daemon [_thread_blocked, id=35032, stack(0x000000e0bdb00000,0x000000e0bdc00000)]
  0x00000278d811a8b0 JavaThread "ClassGraph-worker-11" daemon [_thread_blocked, id=38872, stack(0x000000e0bdc00000,0x000000e0bdd00000)]
  0x00000278d8116ef0 JavaThread "ClassGraph-worker-12" daemon [_thread_blocked, id=24280, stack(0x000000e0bdd00000,0x000000e0bde00000)]
  0x00000278d81156e0 JavaThread "ClassGraph-worker-13" daemon [_thread_blocked, id=39188, stack(0x000000e0bde00000,0x000000e0bdf00000)]
  0x00000278d811b720 JavaThread "ClassGraph-worker-14" daemon [_thread_blocked, id=37284, stack(0x000000e0bdf00000,0x000000e0be000000)]
  0x00000278d8117d60 JavaThread "ClassGraph-worker-15" daemon [_thread_blocked, id=35876, stack(0x000000e0be000000,0x000000e0be100000)]
  0x00000278d8118230 JavaThread "ClassGraph-worker-16" daemon [_thread_blocked, id=6056, stack(0x000000e0be100000,0x000000e0be200000)]
  0x00000278d81173c0 JavaThread "ClassGraph-worker-17" daemon [_thread_blocked, id=39120, stack(0x000000e0be200000,0x000000e0be300000)]
  0x00000278d8114d40 JavaThread "ClassGraph-worker-18" daemon [_thread_blocked, id=12056, stack(0x000000e0be300000,0x000000e0be400000)]
  0x00000278d8115bb0 JavaThread "ClassGraph-worker-19" daemon [_thread_blocked, id=24064, stack(0x000000e0be400000,0x000000e0be500000)]
  0x00000278d811bbf0 JavaThread "ClassGraph-worker-20" daemon [_thread_blocked, id=26632, stack(0x000000e0be500000,0x000000e0be600000)]
  0x00000278d811a3e0 JavaThread "ClassGraph-worker-21" daemon [_thread_blocked, id=28604, stack(0x000000e0be600000,0x000000e0be700000)]
  0x00000278d8118700 JavaThread "ClassGraph-worker-22" daemon [_thread_blocked, id=39676, stack(0x000000e0be700000,0x000000e0be800000)]
  0x00000278d8119f10 JavaThread "ClassGraph-worker-23" daemon [_thread_blocked, id=15376, stack(0x000000e0be800000,0x000000e0be900000)]
  0x00000278d811ad80 JavaThread "pool-6-thread-1" [_thread_blocked, id=38596, stack(0x000000e0bee00000,0x000000e0bef00000)]
  0x00000278d81143a0 JavaThread "pool-10-thread-1" [_thread_blocked, id=4708, stack(0x000000e0bef00000,0x000000e0bf000000)]
  0x00000278d8116080 JavaThread "parallel-2" daemon [_thread_blocked, id=25572, stack(0x000000e0bf000000,0x000000e0bf100000)]
  0x00000278d8118bd0 JavaThread "pool-10-thread-2" [_thread_blocked, id=36636, stack(0x000000e0bf100000,0x000000e0bf200000)]
  0x00000278d811b250 JavaThread "parallel-3" daemon [_thread_blocked, id=25896, stack(0x000000e0bf200000,0x000000e0bf300000)]
  0x00000278d73e3bf0 JavaThread "C1 CompilerThread5" daemon [_thread_blocked, id=34072, stack(0x000000e0bf300000,0x000000e0bf400000)]
  0x00000278d73e5f60 JavaThread "C1 CompilerThread6" daemon [_thread_blocked, id=37896, stack(0x000000e0bf400000,0x000000e0bf500000)]
  0x00000278d73e4100 JavaThread "C1 CompilerThread7" daemon [_thread_blocked, id=21716, stack(0x000000e0bf500000,0x000000e0bf600000)]
  0x00000278d73e4610 JavaThread "C1 CompilerThread8" daemon [_thread_blocked, id=9124, stack(0x000000e0bf600000,0x000000e0bf700000)]
  0x00000278d73e4b20 JavaThread "C1 CompilerThread9" daemon [_thread_blocked, id=7164, stack(0x000000e0bf700000,0x000000e0bf800000)]
  0x00000278d73e31d0 JavaThread "C1 CompilerThread10" daemon [_thread_blocked, id=33852, stack(0x000000e0bf800000,0x000000e0bf900000)]
  0x00000278d73e36e0 JavaThread "C1 CompilerThread11" daemon [_thread_blocked, id=38572, stack(0x000000e0bf900000,0x000000e0bfa00000)]
  0x00000278d8115210 JavaThread "Project-Reconciler-1" daemon [_thread_blocked, id=38368, stack(0x000000e0bfa00000,0x000000e0bfb00000)]
  0x00000278d8116550 JavaThread "Project-Reconciler-2" daemon [_thread_blocked, id=39108, stack(0x000000e0bfb00000,0x000000e0bfc00000)]
  0x00000278d81190a0 JavaThread "pool-10-thread-3" [_thread_blocked, id=19104, stack(0x000000e0bfc00000,0x000000e0bfd00000)]

Other Threads:
=>0x00000278d683aa90 VMThread "VM Thread" [stack: 0x000000e0bac00000,0x000000e0bad00000] [id=26936]
  0x00000278d6abe010 WatcherThread [stack: 0x000000e0bb700000,0x000000e0bb800000] [id=24848]
  0x00000278c3336cf0 GCTaskThread "GC Thread#0" [stack: 0x000000e0ba700000,0x000000e0ba800000] [id=24776]
  0x00000278d743ddf0 GCTaskThread "GC Thread#1" [stack: 0x000000e0bbc00000,0x000000e0bbd00000] [id=37960]
  0x00000278d743e0a0 GCTaskThread "GC Thread#2" [stack: 0x000000e0bbd00000,0x000000e0bbe00000] [id=30860]
  0x00000278d74ad870 GCTaskThread "GC Thread#3" [stack: 0x000000e0bbe00000,0x000000e0bbf00000] [id=35504]
  0x00000278d74ae750 GCTaskThread "GC Thread#4" [stack: 0x000000e0bbf00000,0x000000e0bc000000] [id=36200]
  0x00000278d74aee10 GCTaskThread "GC Thread#5" [stack: 0x000000e0bc000000,0x000000e0bc100000] [id=1536]
  0x00000278d7680820 GCTaskThread "GC Thread#6" [stack: 0x000000e0bc100000,0x000000e0bc200000] [id=35448]
  0x00000278d7680ad0 GCTaskThread "GC Thread#7" [stack: 0x000000e0bc200000,0x000000e0bc300000] [id=16412]
  0x00000278d7686780 GCTaskThread "GC Thread#8" [stack: 0x000000e0bc300000,0x000000e0bc400000] [id=23288]
  0x00000278d7686a30 GCTaskThread "GC Thread#9" [stack: 0x000000e0bc400000,0x000000e0bc500000] [id=32676]
  0x00000278d78a5460 GCTaskThread "GC Thread#10" [stack: 0x000000e0bc600000,0x000000e0bc700000] [id=22968]
  0x00000278d78a5710 GCTaskThread "GC Thread#11" [stack: 0x000000e0bc700000,0x000000e0bc800000] [id=36892]
  0x00000278d7cb7440 GCTaskThread "GC Thread#12" [stack: 0x000000e0bc500000,0x000000e0bc600000] [id=34968]
  0x00000278c3347980 ConcurrentGCThread "G1 Main Marker" [stack: 0x000000e0ba800000,0x000000e0ba900000] [id=13608]
  0x00000278c3348a30 ConcurrentGCThread "G1 Conc#0" [stack: 0x000000e0ba900000,0x000000e0baa00000] [id=34320]
  0x00000278d78204a0 ConcurrentGCThread "G1 Conc#1" [stack: 0x000000e0bc800000,0x000000e0bc900000] [id=21632]
  0x00000278d798b050 ConcurrentGCThread "G1 Conc#2" [stack: 0x000000e0bc900000,0x000000e0bca00000] [id=35224]
  0x00000278c338ec10 ConcurrentGCThread "G1 Refine#0" [stack: 0x000000e0baa00000,0x000000e0bab00000] [id=34580]
  0x00000278d808beb0 ConcurrentGCThread "G1 Refine#1" [stack: 0x000000e0be900000,0x000000e0bea00000] [id=30112]
  0x00000278d817e5c0 ConcurrentGCThread "G1 Refine#2" [stack: 0x000000e0bea00000,0x000000e0beb00000] [id=592]
  0x00000278d81aa3e0 ConcurrentGCThread "G1 Refine#3" [stack: 0x000000e0beb00000,0x000000e0bec00000] [id=39300]
  0x00000278dab9ad20 ConcurrentGCThread "G1 Refine#4" [stack: 0x000000e0bec00000,0x000000e0bed00000] [id=21796]
  0x00000278dab99060 ConcurrentGCThread "G1 Refine#5" [stack: 0x000000e0bed00000,0x000000e0bee00000] [id=15180]
  0x00000278d5cca820 ConcurrentGCThread "G1 Service" [stack: 0x000000e0bab00000,0x000000e0bac00000] [id=38848]

Threads with active compile tasks:

VM state: at safepoint (normal execution)

VM Mutex/Monitor currently owned by a thread:  ([mutex/lock_event])
[0x00000278c103cc90] Threads_lock - owner thread: 0x00000278d683aa90
[0x00000278c32c3520] Heap_lock - owner thread: 0x00000278d81086a0

Heap address: 0x0000000700c00000, size: 4084 MB, Compressed Oops mode: Zero based, Oop shift amount: 3

CDS archive(s) not mapped
Compressed class space mapped at: 0x0000000800000000-0x0000000840000000, reserved size: 1073741824
Narrow klass base: 0x0000000800000000, Narrow klass shift: 0, Narrow klass range: 0x40000000

GC Precious Log:
 CPUs: 16 total, 16 available
 Memory: 16332M
 Large Page Support: Disabled
 NUMA Support: Disabled
 Compressed Oops: Enabled (Zero based)
 Heap Region Size: 2M
 Heap Min Capacity: 8M
 Heap Initial Capacity: 256M
 Heap Max Capacity: 4084M
 Pre-touch: Disabled
 Parallel Workers: 13
 Concurrent Workers: 3
 Concurrent Refinement Workers: 13
 Periodic GC: Disabled

Heap:
 garbage-first heap   total 550912K, used 146690K [0x0000000700c00000, 0x0000000800000000)
  region size 2048K, 18 young (36864K), 18 survivors (36864K)
 Metaspace       used 47966K, committed 48384K, reserved 1097728K
  class space    used 6045K, committed 6208K, reserved 1048576K

Heap Regions: E=young(eden), S=young(survivor), O=old, HS=humongous(starts), HC=humongous(continues), CS=collection set, F=free, OA=open archive, CA=closed archive, TAMS=top-at-mark-start (previous, next)
|   0|0x0000000700c00000, 0x0000000700e00000, 0x0000000700e00000|100%| O|  |TAMS 0x0000000700e00000, 0x0000000700c00000| Untracked 
|   1|0x0000000700e00000, 0x0000000701000000, 0x0000000701000000|100%| O|  |TAMS 0x0000000701000000, 0x0000000700e00000| Untracked 
|   2|0x0000000701000000, 0x0000000701200000, 0x0000000701200000|100%| O|  |TAMS 0x0000000701200000, 0x0000000701000000| Untracked 
|   3|0x0000000701200000, 0x0000000701400000, 0x0000000701400000|100%| O|  |TAMS 0x0000000701200000, 0x0000000701200000| Untracked 
|   4|0x0000000701400000, 0x0000000701600000, 0x0000000701600000|100%| O|  |TAMS 0x0000000701600000, 0x0000000701400000| Untracked 
|   5|0x0000000701600000, 0x0000000701800000, 0x0000000701800000|100%| O|  |TAMS 0x0000000701800000, 0x0000000701600000| Untracked 
|   6|0x0000000701800000, 0x0000000701a00000, 0x0000000701a00000|100%| O|  |TAMS 0x0000000701a00000, 0x0000000701800000| Untracked 
|   7|0x0000000701a00000, 0x0000000701c00000, 0x0000000701c00000|100%| O|  |TAMS 0x0000000701a00000, 0x0000000701a00000| Untracked 
|   8|0x0000000701c00000, 0x0000000701e00000, 0x0000000701e00000|100%| O|  |TAMS 0x0000000701c00000, 0x0000000701c00000| Untracked 
|   9|0x0000000701e00000, 0x0000000702000000, 0x0000000702000000|100%| O|  |TAMS 0x0000000701e00000, 0x0000000701e00000| Untracked 
|  10|0x0000000702000000, 0x0000000702200000, 0x0000000702200000|100%| O|  |TAMS 0x00000007020db200, 0x0000000702000000| Untracked 
|  11|0x0000000702200000, 0x0000000702400000, 0x0000000702400000|100%| O|  |TAMS 0x0000000702200000, 0x0000000702200000| Untracked 
|  12|0x0000000702400000, 0x0000000702600000, 0x0000000702600000|100%| O|  |TAMS 0x0000000702400000, 0x0000000702400000| Untracked 
|  13|0x0000000702600000, 0x0000000702800000, 0x0000000702800000|100%| O|  |TAMS 0x0000000702600000, 0x0000000702600000| Untracked 
|  14|0x0000000702800000, 0x0000000702a00000, 0x0000000702a00000|100%| O|  |TAMS 0x0000000702800000, 0x0000000702800000| Untracked 
|  15|0x0000000702a00000, 0x0000000702c00000, 0x0000000702c00000|100%| O|  |TAMS 0x0000000702a00000, 0x0000000702a00000| Untracked 
|  16|0x0000000702c00000, 0x0000000702e00000, 0x0000000702e00000|100%| O|  |TAMS 0x0000000702c00000, 0x0000000702c00000| Untracked 
|  17|0x0000000702e00000, 0x0000000703000000, 0x0000000703000000|100%| O|  |TAMS 0x0000000702e00000, 0x0000000702e00000| Untracked 
|  18|0x0000000703000000, 0x0000000703200000, 0x0000000703200000|100%| O|  |TAMS 0x0000000703000000, 0x0000000703000000| Untracked 
|  19|0x0000000703200000, 0x0000000703400000, 0x0000000703400000|100%| O|  |TAMS 0x0000000703200000, 0x0000000703200000| Untracked 
|  20|0x0000000703400000, 0x0000000703600000, 0x0000000703600000|100%| O|  |TAMS 0x0000000703400000, 0x0000000703400000| Untracked 
|  21|0x0000000703600000, 0x0000000703800000, 0x0000000703800000|100%| O|  |TAMS 0x0000000703600000, 0x0000000703600000| Untracked 
|  22|0x0000000703800000, 0x0000000703a00000, 0x0000000703a00000|100%| O|  |TAMS 0x0000000703800000, 0x0000000703800000| Untracked 
|  23|0x0000000703a00000, 0x0000000703c00000, 0x0000000703c00000|100%| O|  |TAMS 0x0000000703a00000, 0x0000000703a00000| Untracked 
|  24|0x0000000703c00000, 0x0000000703e00000, 0x0000000703e00000|100%| O|  |TAMS 0x0000000703c00000, 0x0000000703c00000| Untracked 
|  25|0x0000000703e00000, 0x0000000704000000, 0x0000000704000000|100%| O|  |TAMS 0x0000000703e00000, 0x0000000703e00000| Untracked 
|  26|0x0000000704000000, 0x0000000704200000, 0x0000000704200000|100%| O|  |TAMS 0x0000000704000000, 0x0000000704000000| Untracked 
|  27|0x0000000704200000, 0x0000000704400000, 0x0000000704400000|100%| O|  |TAMS 0x0000000704200000, 0x0000000704200000| Untracked 
|  28|0x0000000704400000, 0x0000000704600000, 0x0000000704600000|100%| O|  |TAMS 0x0000000704400000, 0x0000000704400000| Untracked 
|  29|0x0000000704600000, 0x0000000704800000, 0x0000000704800000|100%| O|  |TAMS 0x0000000704600000, 0x0000000704600000| Untracked 
|  30|0x0000000704800000, 0x0000000704a00000, 0x0000000704a00000|100%| O|  |TAMS 0x0000000704800000, 0x0000000704800000| Untracked 
|  31|0x0000000704a00000, 0x0000000704c00000, 0x0000000704c00000|100%| O|  |TAMS 0x0000000704a00000, 0x0000000704a00000| Untracked 
|  32|0x0000000704c00000, 0x0000000704e00000, 0x0000000704e00000|100%| O|  |TAMS 0x0000000704c00000, 0x0000000704c00000| Untracked 
|  33|0x0000000704e00000, 0x0000000705000000, 0x0000000705000000|100%| O|  |TAMS 0x0000000704e00000, 0x0000000704e00000| Untracked 
|  34|0x0000000705000000, 0x0000000705200000, 0x0000000705200000|100%| O|  |TAMS 0x0000000705000000, 0x0000000705000000| Untracked 
|  35|0x0000000705200000, 0x0000000705400000, 0x0000000705400000|100%| O|  |TAMS 0x0000000705200000, 0x0000000705200000| Untracked 
|  36|0x0000000705400000, 0x0000000705600000, 0x0000000705600000|100%| O|  |TAMS 0x0000000705400000, 0x0000000705400000| Untracked 
|  37|0x0000000705600000, 0x0000000705800000, 0x0000000705800000|100%| O|  |TAMS 0x0000000705600000, 0x0000000705600000| Untracked 
|  38|0x0000000705800000, 0x0000000705a00000, 0x0000000705a00000|100%| O|  |TAMS 0x0000000705800000, 0x0000000705800000| Untracked 
|  39|0x0000000705a00000, 0x0000000705c00000, 0x0000000705c00000|100%| O|  |TAMS 0x0000000705a00000, 0x0000000705a00000| Untracked 
|  40|0x0000000705c00000, 0x0000000705e00000, 0x0000000705e00000|100%| O|  |TAMS 0x0000000705c00000, 0x0000000705c00000| Untracked 
|  41|0x0000000705e00000, 0x0000000706000000, 0x0000000706000000|100%| O|  |TAMS 0x0000000705e00000, 0x0000000705e00000| Untracked 
|  42|0x0000000706000000, 0x0000000706200000, 0x0000000706200000|100%| O|  |TAMS 0x0000000706000000, 0x0000000706000000| Untracked 
|  43|0x0000000706200000, 0x0000000706400000, 0x0000000706400000|100%| O|  |TAMS 0x0000000706200000, 0x0000000706200000| Untracked 
|  44|0x0000000706400000, 0x0000000706600000, 0x0000000706600000|100%| O|  |TAMS 0x0000000706400000, 0x0000000706400000| Untracked 
|  45|0x0000000706600000, 0x0000000706800000, 0x0000000706800000|100%| O|  |TAMS 0x0000000706600000, 0x0000000706600000| Untracked 
|  46|0x0000000706800000, 0x0000000706a00000, 0x0000000706a00000|100%| O|  |TAMS 0x0000000706800000, 0x0000000706800000| Untracked 
|  47|0x0000000706a00000, 0x0000000706c00000, 0x0000000706c00000|100%| O|  |TAMS 0x0000000706a00000, 0x0000000706a00000| Untracked 
|  48|0x0000000706c00000, 0x0000000706e00000, 0x0000000706e00000|100%| O|  |TAMS 0x0000000706c00000, 0x0000000706c00000| Untracked 
|  49|0x0000000706e00000, 0x0000000707000000, 0x0000000707000000|100%| O|  |TAMS 0x0000000706e00000, 0x0000000706e00000| Untracked 
|  50|0x0000000707000000, 0x0000000707200000, 0x0000000707200000|100%| O|  |TAMS 0x0000000707000000, 0x0000000707000000| Untracked 
|  51|0x0000000707200000, 0x0000000707400000, 0x0000000707400000|100%| O|  |TAMS 0x0000000707200000, 0x0000000707200000| Untracked 
|  52|0x0000000707400000, 0x0000000707600000, 0x0000000707600000|100%| O|  |TAMS 0x0000000707400000, 0x0000000707400000| Untracked 
|  53|0x0000000707600000, 0x00000007077a3600, 0x0000000707800000| 81%| O|  |TAMS 0x0000000707600000, 0x0000000707600000| Untracked 
|  54|0x0000000707800000, 0x0000000707800000, 0x0000000707a00000|  0%| F|  |TAMS 0x0000000707800000, 0x0000000707800000| Untracked 
|  55|0x0000000707a00000, 0x0000000707a00000, 0x0000000707c00000|  0%| F|  |TAMS 0x0000000707a00000, 0x0000000707a00000| Untracked 
|  56|0x0000000707c00000, 0x0000000707c00000, 0x0000000707e00000|  0%| F|  |TAMS 0x0000000707c00000, 0x0000000707c00000| Untracked 
|  57|0x0000000707e00000, 0x0000000707e00000, 0x0000000708000000|  0%| F|  |TAMS 0x0000000707e00000, 0x0000000707e00000| Untracked 
|  58|0x0000000708000000, 0x0000000708000000, 0x0000000708200000|  0%| F|  |TAMS 0x0000000708000000, 0x0000000708000000| Untracked 
|  59|0x0000000708200000, 0x0000000708200000, 0x0000000708400000|  0%| F|  |TAMS 0x0000000708200000, 0x0000000708200000| Untracked 
|  60|0x0000000708400000, 0x0000000708400000, 0x0000000708600000|  0%| F|  |TAMS 0x0000000708400000, 0x0000000708400000| Untracked 
|  61|0x0000000708600000, 0x0000000708600000, 0x0000000708800000|  0%| F|  |TAMS 0x0000000708600000, 0x0000000708600000| Untracked 
|  62|0x0000000708800000, 0x0000000708800000, 0x0000000708a00000|  0%| F|  |TAMS 0x0000000708800000, 0x0000000708800000| Untracked 
|  63|0x0000000708a00000, 0x0000000708a00000, 0x0000000708c00000|  0%| F|  |TAMS 0x0000000708a00000, 0x0000000708a00000| Untracked 
|  64|0x0000000708c00000, 0x0000000708c00000, 0x0000000708e00000|  0%| F|  |TAMS 0x0000000708c00000, 0x0000000708c00000| Untracked 
|  65|0x0000000708e00000, 0x0000000708e00000, 0x0000000709000000|  0%| F|  |TAMS 0x0000000708e00000, 0x0000000708e00000| Untracked 
|  66|0x0000000709000000, 0x0000000709000000, 0x0000000709200000|  0%| F|  |TAMS 0x0000000709000000, 0x0000000709000000| Untracked 
|  67|0x0000000709200000, 0x0000000709200000, 0x0000000709400000|  0%| F|  |TAMS 0x0000000709200000, 0x0000000709200000| Untracked 
|  68|0x0000000709400000, 0x0000000709400000, 0x0000000709600000|  0%| F|  |TAMS 0x0000000709400000, 0x0000000709400000| Untracked 
|  69|0x0000000709600000, 0x0000000709600000, 0x0000000709800000|  0%| F|  |TAMS 0x0000000709600000, 0x0000000709600000| Untracked 
|  70|0x0000000709800000, 0x0000000709800000, 0x0000000709a00000|  0%| F|  |TAMS 0x0000000709800000, 0x0000000709800000| Untracked 
|  71|0x0000000709a00000, 0x0000000709a00000, 0x0000000709c00000|  0%| F|  |TAMS 0x0000000709a00000, 0x0000000709a00000| Untracked 
|  72|0x0000000709c00000, 0x0000000709c00000, 0x0000000709e00000|  0%| F|  |TAMS 0x0000000709c00000, 0x0000000709c00000| Untracked 
|  73|0x0000000709e00000, 0x0000000709e00000, 0x000000070a000000|  0%| F|  |TAMS 0x0000000709e00000, 0x0000000709e00000| Untracked 
|  74|0x000000070a000000, 0x000000070a000000, 0x000000070a200000|  0%| F|  |TAMS 0x000000070a000000, 0x000000070a000000| Untracked 
|  75|0x000000070a200000, 0x000000070a200000, 0x000000070a400000|  0%| F|  |TAMS 0x000000070a200000, 0x000000070a200000| Untracked 
|  76|0x000000070a400000, 0x000000070a400000, 0x000000070a600000|  0%| F|  |TAMS 0x000000070a400000, 0x000000070a400000| Untracked 
|  77|0x000000070a600000, 0x000000070a600000, 0x000000070a800000|  0%| F|  |TAMS 0x000000070a600000, 0x000000070a600000| Untracked 
|  78|0x000000070a800000, 0x000000070a800000, 0x000000070aa00000|  0%| F|  |TAMS 0x000000070a800000, 0x000000070a800000| Untracked 
|  79|0x000000070aa00000, 0x000000070aa00000, 0x000000070ac00000|  0%| F|  |TAMS 0x000000070aa00000, 0x000000070aa00000| Untracked 
|  80|0x000000070ac00000, 0x000000070ac00000, 0x000000070ae00000|  0%| F|  |TAMS 0x000000070ac00000, 0x000000070ac00000| Untracked 
|  81|0x000000070ae00000, 0x000000070ae00000, 0x000000070b000000|  0%| F|  |TAMS 0x000000070ae00000, 0x000000070ae00000| Untracked 
|  82|0x000000070b000000, 0x000000070b000000, 0x000000070b200000|  0%| F|  |TAMS 0x000000070b000000, 0x000000070b000000| Untracked 
|  83|0x000000070b200000, 0x000000070b200000, 0x000000070b400000|  0%| F|  |TAMS 0x000000070b200000, 0x000000070b200000| Untracked 
|  84|0x000000070b400000, 0x000000070b400000, 0x000000070b600000|  0%| F|  |TAMS 0x000000070b400000, 0x000000070b400000| Untracked 
|  85|0x000000070b600000, 0x000000070b600000, 0x000000070b800000|  0%| F|  |TAMS 0x000000070b600000, 0x000000070b600000| Untracked 
|  86|0x000000070b800000, 0x000000070b800000, 0x000000070ba00000|  0%| F|  |TAMS 0x000000070b800000, 0x000000070b800000| Untracked 
|  87|0x000000070ba00000, 0x000000070ba00000, 0x000000070bc00000|  0%| F|  |TAMS 0x000000070ba00000, 0x000000070ba00000| Untracked 
|  88|0x000000070bc00000, 0x000000070bc00000, 0x000000070be00000|  0%| F|  |TAMS 0x000000070bc00000, 0x000000070bc00000| Untracked 
|  89|0x000000070be00000, 0x000000070be00000, 0x000000070c000000|  0%| F|  |TAMS 0x000000070be00000, 0x000000070be00000| Untracked 
|  90|0x000000070c000000, 0x000000070c19d5a0, 0x000000070c200000| 80%| S|CS|TAMS 0x000000070c000000, 0x000000070c000000| Complete 
|  91|0x000000070c200000, 0x000000070c400000, 0x000000070c400000|100%| S|CS|TAMS 0x000000070c200000, 0x000000070c200000| Complete 
|  92|0x000000070c400000, 0x000000070c600000, 0x000000070c600000|100%| S|CS|TAMS 0x000000070c400000, 0x000000070c400000| Complete 
|  93|0x000000070c600000, 0x000000070c800000, 0x000000070c800000|100%| S|CS|TAMS 0x000000070c600000, 0x000000070c600000| Complete 
|  94|0x000000070c800000, 0x000000070ca00000, 0x000000070ca00000|100%| S|CS|TAMS 0x000000070c800000, 0x000000070c800000| Complete 
|  95|0x000000070ca00000, 0x000000070cc00000, 0x000000070cc00000|100%| S|CS|TAMS 0x000000070ca00000, 0x000000070ca00000| Complete 
|  96|0x000000070cc00000, 0x000000070ce00000, 0x000000070ce00000|100%| S|CS|TAMS 0x000000070cc00000, 0x000000070cc00000| Complete 
|  97|0x000000070ce00000, 0x000000070d000000, 0x000000070d000000|100%| S|CS|TAMS 0x000000070ce00000, 0x000000070ce00000| Complete 
|  98|0x000000070d000000, 0x000000070d200000, 0x000000070d200000|100%| S|CS|TAMS 0x000000070d000000, 0x000000070d000000| Complete 
|  99|0x000000070d200000, 0x000000070d400000, 0x000000070d400000|100%| S|CS|TAMS 0x000000070d200000, 0x000000070d200000| Complete 
| 100|0x000000070d400000, 0x000000070d600000, 0x000000070d600000|100%| S|CS|TAMS 0x000000070d400000, 0x000000070d400000| Complete 
| 101|0x000000070d600000, 0x000000070d800000, 0x000000070d800000|100%| S|CS|TAMS 0x000000070d600000, 0x000000070d600000| Complete 
| 102|0x000000070d800000, 0x000000070d800000, 0x000000070da00000|  0%| F|  |TAMS 0x000000070d800000, 0x000000070d800000| Untracked 
| 103|0x000000070da00000, 0x000000070da00000, 0x000000070dc00000|  0%| F|  |TAMS 0x000000070da00000, 0x000000070da00000| Untracked 
| 104|0x000000070dc00000, 0x000000070dc00000, 0x000000070de00000|  0%| F|  |TAMS 0x000000070dc00000, 0x000000070dc00000| Untracked 
| 105|0x000000070de00000, 0x000000070de00000, 0x000000070e000000|  0%| F|  |TAMS 0x000000070de00000, 0x000000070de00000| Untracked 
| 106|0x000000070e000000, 0x000000070e000000, 0x000000070e200000|  0%| F|  |TAMS 0x000000070e000000, 0x000000070e000000| Untracked 
| 107|0x000000070e200000, 0x000000070e200000, 0x000000070e400000|  0%| F|  |TAMS 0x000000070e200000, 0x000000070e200000| Untracked 
| 108|0x000000070e400000, 0x000000070e400000, 0x000000070e600000|  0%| F|  |TAMS 0x000000070e400000, 0x000000070e400000| Untracked 
| 109|0x000000070e600000, 0x000000070e600000, 0x000000070e800000|  0%| F|  |TAMS 0x000000070e600000, 0x000000070e600000| Untracked 
| 110|0x000000070e800000, 0x000000070e800000, 0x000000070ea00000|  0%| F|  |TAMS 0x000000070e800000, 0x000000070e800000| Untracked 
| 111|0x000000070ea00000, 0x000000070ea00000, 0x000000070ec00000|  0%| F|  |TAMS 0x000000070ea00000, 0x000000070ea00000| Untracked 
| 112|0x000000070ec00000, 0x000000070ec00000, 0x000000070ee00000|  0%| F|  |TAMS 0x000000070ec00000, 0x000000070ec00000| Untracked 
| 113|0x000000070ee00000, 0x000000070f000000, 0x000000070f000000|100%| S|CS|TAMS 0x000000070ee00000, 0x000000070ee00000| Complete 
| 114|0x000000070f000000, 0x000000070f200000, 0x000000070f200000|100%| S|CS|TAMS 0x000000070f000000, 0x000000070f000000| Complete 
| 115|0x000000070f200000, 0x000000070f400000, 0x000000070f400000|100%| S|CS|TAMS 0x000000070f200000, 0x000000070f200000| Complete 
| 116|0x000000070f400000, 0x000000070f600000, 0x000000070f600000|100%| S|CS|TAMS 0x000000070f400000, 0x000000070f400000| Complete 
| 117|0x000000070f600000, 0x000000070f800000, 0x000000070f800000|100%| S|CS|TAMS 0x000000070f600000, 0x000000070f600000| Complete 
| 118|0x000000070f800000, 0x000000070fa00000, 0x000000070fa00000|100%| S|CS|TAMS 0x000000070f800000, 0x000000070f800000| Complete 
| 119|0x000000070fa00000, 0x000000070fa00000, 0x000000070fc00000|  0%| F|  |TAMS 0x000000070fa00000, 0x000000070fa00000| Untracked 
| 120|0x000000070fc00000, 0x000000070fc00000, 0x000000070fe00000|  0%| F|  |TAMS 0x000000070fc00000, 0x000000070fc00000| Untracked 
| 121|0x000000070fe00000, 0x000000070fe00000, 0x0000000710000000|  0%| F|  |TAMS 0x000000070fe00000, 0x000000070fe00000| Untracked 
| 122|0x0000000710000000, 0x0000000710000000, 0x0000000710200000|  0%| F|  |TAMS 0x0000000710000000, 0x0000000710000000| Untracked 
| 123|0x0000000710200000, 0x0000000710200000, 0x0000000710400000|  0%| F|  |TAMS 0x0000000710200000, 0x0000000710200000| Untracked 
| 124|0x0000000710400000, 0x0000000710400000, 0x0000000710600000|  0%| F|  |TAMS 0x0000000710400000, 0x0000000710400000| Untracked 
| 125|0x0000000710600000, 0x0000000710600000, 0x0000000710800000|  0%| F|  |TAMS 0x0000000710600000, 0x0000000710600000| Untracked 
| 126|0x0000000710800000, 0x0000000710800000, 0x0000000710a00000|  0%| F|  |TAMS 0x0000000710800000, 0x0000000710800000| Untracked 
| 127|0x0000000710a00000, 0x0000000710a00000, 0x0000000710c00000|  0%| F|  |TAMS 0x0000000710a00000, 0x0000000710a00000| Untracked 
| 128|0x0000000710c00000, 0x0000000710c00000, 0x0000000710e00000|  0%| F|  |TAMS 0x0000000710c00000, 0x0000000710c00000| Untracked 
| 129|0x0000000710e00000, 0x0000000710e00000, 0x0000000711000000|  0%| F|  |TAMS 0x0000000710e00000, 0x0000000710e00000| Untracked 
| 130|0x0000000711000000, 0x0000000711000000, 0x0000000711200000|  0%| F|  |TAMS 0x0000000711000000, 0x0000000711000000| Untracked 
| 131|0x0000000711200000, 0x0000000711200000, 0x0000000711400000|  0%| F|  |TAMS 0x0000000711200000, 0x0000000711200000| Untracked 
| 132|0x0000000711400000, 0x0000000711400000, 0x0000000711600000|  0%| F|  |TAMS 0x0000000711400000, 0x0000000711400000| Untracked 
| 133|0x0000000711600000, 0x0000000711600000, 0x0000000711800000|  0%| F|  |TAMS 0x0000000711600000, 0x0000000711600000| Untracked 
| 134|0x0000000711800000, 0x0000000711800000, 0x0000000711a00000|  0%| F|  |TAMS 0x0000000711800000, 0x0000000711800000| Untracked 
| 135|0x0000000711a00000, 0x0000000711a00000, 0x0000000711c00000|  0%| F|  |TAMS 0x0000000711a00000, 0x0000000711a00000| Untracked 
| 136|0x0000000711c00000, 0x0000000711c00000, 0x0000000711e00000|  0%| F|  |TAMS 0x0000000711c00000, 0x0000000711c00000| Untracked 
| 137|0x0000000711e00000, 0x0000000711e00000, 0x0000000712000000|  0%| F|  |TAMS 0x0000000711e00000, 0x0000000711e00000| Untracked 
| 138|0x0000000712000000, 0x0000000712000000, 0x0000000712200000|  0%| F|  |TAMS 0x0000000712000000, 0x0000000712000000| Untracked 
| 139|0x0000000712200000, 0x0000000712200000, 0x0000000712400000|  0%| F|  |TAMS 0x0000000712200000, 0x0000000712200000| Untracked 
| 140|0x0000000712400000, 0x0000000712400000, 0x0000000712600000|  0%| F|  |TAMS 0x0000000712400000, 0x0000000712400000| Untracked 
| 141|0x0000000712600000, 0x0000000712600000, 0x0000000712800000|  0%| F|  |TAMS 0x0000000712600000, 0x0000000712600000| Untracked 
| 142|0x0000000712800000, 0x0000000712800000, 0x0000000712a00000|  0%| F|  |TAMS 0x0000000712800000, 0x0000000712800000| Untracked 
| 143|0x0000000712a00000, 0x0000000712a00000, 0x0000000712c00000|  0%| F|  |TAMS 0x0000000712a00000, 0x0000000712a00000| Untracked 
| 144|0x0000000712c00000, 0x0000000712c00000, 0x0000000712e00000|  0%| F|  |TAMS 0x0000000712c00000, 0x0000000712c00000| Untracked 
| 145|0x0000000712e00000, 0x0000000712e00000, 0x0000000713000000|  0%| F|  |TAMS 0x0000000712e00000, 0x0000000712e00000| Untracked 
| 146|0x0000000713000000, 0x0000000713000000, 0x0000000713200000|  0%| F|  |TAMS 0x0000000713000000, 0x0000000713000000| Untracked 
| 147|0x0000000713200000, 0x0000000713200000, 0x0000000713400000|  0%| F|  |TAMS 0x0000000713200000, 0x0000000713200000| Untracked 
| 148|0x0000000713400000, 0x0000000713400000, 0x0000000713600000|  0%| F|  |TAMS 0x0000000713400000, 0x0000000713400000| Untracked 
| 149|0x0000000713600000, 0x0000000713600000, 0x0000000713800000|  0%| F|  |TAMS 0x0000000713600000, 0x0000000713600000| Untracked 
| 150|0x0000000713800000, 0x0000000713800000, 0x0000000713a00000|  0%| F|  |TAMS 0x0000000713800000, 0x0000000713800000| Untracked 
| 151|0x0000000713a00000, 0x0000000713a00000, 0x0000000713c00000|  0%| F|  |TAMS 0x0000000713a00000, 0x0000000713a00000| Untracked 
| 152|0x0000000713c00000, 0x0000000713c00000, 0x0000000713e00000|  0%| F|  |TAMS 0x0000000713c00000, 0x0000000713c00000| Untracked 
| 153|0x0000000713e00000, 0x0000000713e00000, 0x0000000714000000|  0%| F|  |TAMS 0x0000000713e00000, 0x0000000713e00000| Untracked 
| 154|0x0000000714000000, 0x0000000714000000, 0x0000000714200000|  0%| F|  |TAMS 0x0000000714000000, 0x0000000714000000| Untracked 
| 155|0x0000000714200000, 0x0000000714200000, 0x0000000714400000|  0%| F|  |TAMS 0x0000000714200000, 0x0000000714200000| Untracked 
| 156|0x0000000714400000, 0x0000000714400000, 0x0000000714600000|  0%| F|  |TAMS 0x0000000714400000, 0x0000000714400000| Untracked 
| 157|0x0000000714600000, 0x0000000714600000, 0x0000000714800000|  0%| F|  |TAMS 0x0000000714600000, 0x0000000714600000| Untracked 
| 158|0x0000000714800000, 0x0000000714800000, 0x0000000714a00000|  0%| F|  |TAMS 0x0000000714800000, 0x0000000714800000| Untracked 
| 159|0x0000000714a00000, 0x0000000714a00000, 0x0000000714c00000|  0%| F|  |TAMS 0x0000000714a00000, 0x0000000714a00000| Untracked 
| 160|0x0000000714c00000, 0x0000000714c00000, 0x0000000714e00000|  0%| F|  |TAMS 0x0000000714c00000, 0x0000000714c00000| Untracked 
| 161|0x0000000714e00000, 0x0000000714e00000, 0x0000000715000000|  0%| F|  |TAMS 0x0000000714e00000, 0x0000000714e00000| Untracked 
| 162|0x0000000715000000, 0x0000000715000000, 0x0000000715200000|  0%| F|  |TAMS 0x0000000715000000, 0x0000000715000000| Untracked 
| 163|0x0000000715200000, 0x0000000715200000, 0x0000000715400000|  0%| F|  |TAMS 0x0000000715200000, 0x0000000715200000| Untracked 
| 164|0x0000000715400000, 0x0000000715400000, 0x0000000715600000|  0%| F|  |TAMS 0x0000000715400000, 0x0000000715400000| Untracked 
| 165|0x0000000715600000, 0x0000000715600000, 0x0000000715800000|  0%| F|  |TAMS 0x0000000715600000, 0x0000000715600000| Untracked 
| 166|0x0000000715800000, 0x0000000715800000, 0x0000000715a00000|  0%| F|  |TAMS 0x0000000715800000, 0x0000000715800000| Untracked 
| 167|0x0000000715a00000, 0x0000000715a00000, 0x0000000715c00000|  0%| F|  |TAMS 0x0000000715a00000, 0x0000000715a00000| Untracked 
| 168|0x0000000715c00000, 0x0000000715c00000, 0x0000000715e00000|  0%| F|  |TAMS 0x0000000715c00000, 0x0000000715c00000| Untracked 
| 169|0x0000000715e00000, 0x0000000715e00000, 0x0000000716000000|  0%| F|  |TAMS 0x0000000715e00000, 0x0000000715e00000| Untracked 
| 170|0x0000000716000000, 0x0000000716000000, 0x0000000716200000|  0%| F|  |TAMS 0x0000000716000000, 0x0000000716000000| Untracked 
| 171|0x0000000716200000, 0x0000000716200000, 0x0000000716400000|  0%| F|  |TAMS 0x0000000716200000, 0x0000000716200000| Untracked 
| 172|0x0000000716400000, 0x0000000716400000, 0x0000000716600000|  0%| F|  |TAMS 0x0000000716400000, 0x0000000716400000| Untracked 
| 173|0x0000000716600000, 0x0000000716600000, 0x0000000716800000|  0%| F|  |TAMS 0x0000000716600000, 0x0000000716600000| Untracked 
| 174|0x0000000716800000, 0x0000000716800000, 0x0000000716a00000|  0%| F|  |TAMS 0x0000000716800000, 0x0000000716800000| Untracked 
| 175|0x0000000716a00000, 0x0000000716a00000, 0x0000000716c00000|  0%| F|  |TAMS 0x0000000716a00000, 0x0000000716a00000| Untracked 
| 176|0x0000000716c00000, 0x0000000716c00000, 0x0000000716e00000|  0%| F|  |TAMS 0x0000000716c00000, 0x0000000716c00000| Untracked 
| 177|0x0000000716e00000, 0x0000000716e00000, 0x0000000717000000|  0%| F|  |TAMS 0x0000000716e00000, 0x0000000716e00000| Untracked 
| 178|0x0000000717000000, 0x0000000717000000, 0x0000000717200000|  0%| F|  |TAMS 0x0000000717000000, 0x0000000717000000| Untracked 
| 179|0x0000000717200000, 0x0000000717200000, 0x0000000717400000|  0%| F|  |TAMS 0x0000000717200000, 0x0000000717200000| Untracked 
| 180|0x0000000717400000, 0x0000000717400000, 0x0000000717600000|  0%| F|  |TAMS 0x0000000717400000, 0x0000000717400000| Untracked 
| 181|0x0000000717600000, 0x0000000717600000, 0x0000000717800000|  0%| F|  |TAMS 0x0000000717600000, 0x0000000717600000| Untracked 
| 182|0x0000000717800000, 0x0000000717800000, 0x0000000717a00000|  0%| F|  |TAMS 0x0000000717800000, 0x0000000717800000| Untracked 
| 183|0x0000000717a00000, 0x0000000717a00000, 0x0000000717c00000|  0%| F|  |TAMS 0x0000000717a00000, 0x0000000717a00000| Untracked 
| 184|0x0000000717c00000, 0x0000000717c00000, 0x0000000717e00000|  0%| F|  |TAMS 0x0000000717c00000, 0x0000000717c00000| Untracked 
| 185|0x0000000717e00000, 0x0000000717e00000, 0x0000000718000000|  0%| F|  |TAMS 0x0000000717e00000, 0x0000000717e00000| Untracked 
| 186|0x0000000718000000, 0x0000000718000000, 0x0000000718200000|  0%| F|  |TAMS 0x0000000718000000, 0x0000000718000000| Untracked 
| 187|0x0000000718200000, 0x0000000718200000, 0x0000000718400000|  0%| F|  |TAMS 0x0000000718200000, 0x0000000718200000| Untracked 
| 188|0x0000000718400000, 0x0000000718400000, 0x0000000718600000|  0%| F|  |TAMS 0x0000000718400000, 0x0000000718400000| Untracked 
| 189|0x0000000718600000, 0x0000000718600000, 0x0000000718800000|  0%| F|  |TAMS 0x0000000718600000, 0x0000000718600000| Untracked 
| 190|0x0000000718800000, 0x0000000718800000, 0x0000000718a00000|  0%| F|  |TAMS 0x0000000718800000, 0x0000000718800000| Untracked 
| 191|0x0000000718a00000, 0x0000000718a00000, 0x0000000718c00000|  0%| F|  |TAMS 0x0000000718a00000, 0x0000000718a00000| Untracked 
| 192|0x0000000718c00000, 0x0000000718c00000, 0x0000000718e00000|  0%| F|  |TAMS 0x0000000718c00000, 0x0000000718c00000| Untracked 
| 193|0x0000000718e00000, 0x0000000718e00000, 0x0000000719000000|  0%| F|  |TAMS 0x0000000718e00000, 0x0000000718e00000| Untracked 
| 194|0x0000000719000000, 0x0000000719000000, 0x0000000719200000|  0%| F|  |TAMS 0x0000000719000000, 0x0000000719000000| Untracked 
| 195|0x0000000719200000, 0x0000000719200000, 0x0000000719400000|  0%| F|  |TAMS 0x0000000719200000, 0x0000000719200000| Untracked 
| 196|0x0000000719400000, 0x0000000719400000, 0x0000000719600000|  0%| F|  |TAMS 0x0000000719400000, 0x0000000719400000| Untracked 
| 197|0x0000000719600000, 0x0000000719600000, 0x0000000719800000|  0%| F|  |TAMS 0x0000000719600000, 0x0000000719600000| Untracked 
| 198|0x0000000719800000, 0x0000000719800000, 0x0000000719a00000|  0%| F|  |TAMS 0x0000000719800000, 0x0000000719800000| Untracked 
| 199|0x0000000719a00000, 0x0000000719a00000, 0x0000000719c00000|  0%| F|  |TAMS 0x0000000719a00000, 0x0000000719a00000| Untracked 
| 200|0x0000000719c00000, 0x0000000719c00000, 0x0000000719e00000|  0%| F|  |TAMS 0x0000000719c00000, 0x0000000719c00000| Untracked 
| 201|0x0000000719e00000, 0x0000000719e00000, 0x000000071a000000|  0%| F|  |TAMS 0x0000000719e00000, 0x0000000719e00000| Untracked 
| 202|0x000000071a000000, 0x000000071a000000, 0x000000071a200000|  0%| F|  |TAMS 0x000000071a000000, 0x000000071a000000| Untracked 
| 203|0x000000071a200000, 0x000000071a200000, 0x000000071a400000|  0%| F|  |TAMS 0x000000071a200000, 0x000000071a200000| Untracked 
| 204|0x000000071a400000, 0x000000071a400000, 0x000000071a600000|  0%| F|  |TAMS 0x000000071a400000, 0x000000071a400000| Untracked 
| 205|0x000000071a600000, 0x000000071a600000, 0x000000071a800000|  0%| F|  |TAMS 0x000000071a600000, 0x000000071a600000| Untracked 
| 206|0x000000071a800000, 0x000000071a800000, 0x000000071aa00000|  0%| F|  |TAMS 0x000000071a800000, 0x000000071a800000| Untracked 
| 207|0x000000071aa00000, 0x000000071aa00000, 0x000000071ac00000|  0%| F|  |TAMS 0x000000071aa00000, 0x000000071aa00000| Untracked 
| 208|0x000000071ac00000, 0x000000071ac00000, 0x000000071ae00000|  0%| F|  |TAMS 0x000000071ac00000, 0x000000071ac00000| Untracked 
| 209|0x000000071ae00000, 0x000000071ae00000, 0x000000071b000000|  0%| F|  |TAMS 0x000000071ae00000, 0x000000071ae00000| Untracked 
| 210|0x000000071b000000, 0x000000071b000000, 0x000000071b200000|  0%| F|  |TAMS 0x000000071b000000, 0x000000071b000000| Untracked 
| 211|0x000000071b200000, 0x000000071b200000, 0x000000071b400000|  0%| F|  |TAMS 0x000000071b200000, 0x000000071b200000| Untracked 
| 212|0x000000071b400000, 0x000000071b400000, 0x000000071b600000|  0%| F|  |TAMS 0x000000071b400000, 0x000000071b400000| Untracked 
| 213|0x000000071b600000, 0x000000071b600000, 0x000000071b800000|  0%| F|  |TAMS 0x000000071b600000, 0x000000071b600000| Untracked 
| 214|0x000000071b800000, 0x000000071b800000, 0x000000071ba00000|  0%| F|  |TAMS 0x000000071b800000, 0x000000071b800000| Untracked 
| 215|0x000000071ba00000, 0x000000071ba00000, 0x000000071bc00000|  0%| F|  |TAMS 0x000000071ba00000, 0x000000071ba00000| Untracked 
| 216|0x000000071bc00000, 0x000000071bc00000, 0x000000071be00000|  0%| F|  |TAMS 0x000000071bc00000, 0x000000071bc00000| Untracked 
| 217|0x000000071be00000, 0x000000071be00000, 0x000000071c000000|  0%| F|  |TAMS 0x000000071be00000, 0x000000071be00000| Untracked 
| 218|0x000000071c000000, 0x000000071c000000, 0x000000071c200000|  0%| F|  |TAMS 0x000000071c000000, 0x000000071c000000| Untracked 
| 219|0x000000071c200000, 0x000000071c200000, 0x000000071c400000|  0%| F|  |TAMS 0x000000071c200000, 0x000000071c200000| Untracked 
| 220|0x000000071c400000, 0x000000071c400000, 0x000000071c600000|  0%| F|  |TAMS 0x000000071c400000, 0x000000071c400000| Untracked 
| 221|0x000000071c600000, 0x000000071c600000, 0x000000071c800000|  0%| F|  |TAMS 0x000000071c600000, 0x000000071c600000| Untracked 
| 222|0x000000071c800000, 0x000000071c800000, 0x000000071ca00000|  0%| F|  |TAMS 0x000000071c800000, 0x000000071c800000| Untracked 
| 223|0x000000071ca00000, 0x000000071ca00000, 0x000000071cc00000|  0%| F|  |TAMS 0x000000071ca00000, 0x000000071ca00000| Untracked 
| 224|0x000000071cc00000, 0x000000071cc00000, 0x000000071ce00000|  0%| F|  |TAMS 0x000000071cc00000, 0x000000071cc00000| Untracked 
| 225|0x000000071ce00000, 0x000000071ce00000, 0x000000071d000000|  0%| F|  |TAMS 0x000000071ce00000, 0x000000071ce00000| Untracked 
| 226|0x000000071d000000, 0x000000071d000000, 0x000000071d200000|  0%| F|  |TAMS 0x000000071d000000, 0x000000071d000000| Untracked 
| 227|0x000000071d200000, 0x000000071d200000, 0x000000071d400000|  0%| F|  |TAMS 0x000000071d200000, 0x000000071d200000| Untracked 
| 228|0x000000071d400000, 0x000000071d400000, 0x000000071d600000|  0%| F|  |TAMS 0x000000071d400000, 0x000000071d400000| Untracked 
| 229|0x000000071d600000, 0x000000071d600000, 0x000000071d800000|  0%| F|  |TAMS 0x000000071d600000, 0x000000071d600000| Untracked 
| 230|0x000000071d800000, 0x000000071d800000, 0x000000071da00000|  0%| F|  |TAMS 0x000000071d800000, 0x000000071d800000| Untracked 
| 231|0x000000071da00000, 0x000000071da00000, 0x000000071dc00000|  0%| F|  |TAMS 0x000000071da00000, 0x000000071da00000| Untracked 
| 232|0x000000071dc00000, 0x000000071dc00000, 0x000000071de00000|  0%| F|  |TAMS 0x000000071dc00000, 0x000000071dc00000| Untracked 
| 233|0x000000071de00000, 0x000000071de00000, 0x000000071e000000|  0%| F|  |TAMS 0x000000071de00000, 0x000000071de00000| Untracked 
| 234|0x000000071e000000, 0x000000071e000000, 0x000000071e200000|  0%| F|  |TAMS 0x000000071e000000, 0x000000071e000000| Untracked 
| 235|0x000000071e200000, 0x000000071e200000, 0x000000071e400000|  0%| F|  |TAMS 0x000000071e200000, 0x000000071e200000| Untracked 
| 236|0x000000071e400000, 0x000000071e400000, 0x000000071e600000|  0%| F|  |TAMS 0x000000071e400000, 0x000000071e400000| Untracked 
| 237|0x000000071e600000, 0x000000071e600000, 0x000000071e800000|  0%| F|  |TAMS 0x000000071e600000, 0x000000071e600000| Untracked 
| 238|0x000000071e800000, 0x000000071e800000, 0x000000071ea00000|  0%| F|  |TAMS 0x000000071e800000, 0x000000071e800000| Untracked 
| 239|0x000000071ea00000, 0x000000071ea00000, 0x000000071ec00000|  0%| F|  |TAMS 0x000000071ea00000, 0x000000071ea00000| Untracked 
| 240|0x000000071ec00000, 0x000000071ec00000, 0x000000071ee00000|  0%| F|  |TAMS 0x000000071ec00000, 0x000000071ec00000| Untracked 
| 241|0x000000071ee00000, 0x000000071ee00000, 0x000000071f000000|  0%| F|  |TAMS 0x000000071ee00000, 0x000000071ee00000| Untracked 
| 242|0x000000071f000000, 0x000000071f000000, 0x000000071f200000|  0%| F|  |TAMS 0x000000071f000000, 0x000000071f000000| Untracked 
| 243|0x000000071f200000, 0x000000071f200000, 0x000000071f400000|  0%| F|  |TAMS 0x000000071f200000, 0x000000071f200000| Untracked 
| 244|0x000000071f400000, 0x000000071f400000, 0x000000071f600000|  0%| F|  |TAMS 0x000000071f400000, 0x000000071f400000| Untracked 
| 245|0x000000071f600000, 0x000000071f600000, 0x000000071f800000|  0%| F|  |TAMS 0x000000071f600000, 0x000000071f600000| Untracked 
| 246|0x000000071f800000, 0x000000071f800000, 0x000000071fa00000|  0%| F|  |TAMS 0x000000071f800000, 0x000000071f800000| Untracked 
| 247|0x000000071fa00000, 0x000000071fa00000, 0x000000071fc00000|  0%| F|  |TAMS 0x000000071fa00000, 0x000000071fa00000| Untracked 
| 248|0x000000071fc00000, 0x000000071fc00000, 0x000000071fe00000|  0%| F|  |TAMS 0x000000071fc00000, 0x000000071fc00000| Untracked 
| 249|0x000000071fe00000, 0x000000071fe00000, 0x0000000720000000|  0%| F|  |TAMS 0x000000071fe00000, 0x000000071fe00000| Untracked 
| 250|0x0000000720000000, 0x0000000720000000, 0x0000000720200000|  0%| F|  |TAMS 0x0000000720000000, 0x0000000720000000| Untracked 
| 251|0x0000000720200000, 0x0000000720200000, 0x0000000720400000|  0%| F|  |TAMS 0x0000000720200000, 0x0000000720200000| Untracked 
| 252|0x0000000720400000, 0x0000000720400000, 0x0000000720600000|  0%| F|  |TAMS 0x0000000720400000, 0x0000000720400000| Untracked 
| 253|0x0000000720600000, 0x0000000720600000, 0x0000000720800000|  0%| F|  |TAMS 0x0000000720600000, 0x0000000720600000| Untracked 
| 254|0x0000000720800000, 0x0000000720800000, 0x0000000720a00000|  0%| F|  |TAMS 0x0000000720800000, 0x0000000720800000| Untracked 
| 255|0x0000000720a00000, 0x0000000720a00000, 0x0000000720c00000|  0%| F|  |TAMS 0x0000000720a00000, 0x0000000720a00000| Untracked 
| 256|0x0000000720c00000, 0x0000000720c00000, 0x0000000720e00000|  0%| F|  |TAMS 0x0000000720c00000, 0x0000000720c00000| Untracked 
| 257|0x0000000720e00000, 0x0000000720e00000, 0x0000000721000000|  0%| F|  |TAMS 0x0000000720e00000, 0x0000000720e00000| Untracked 
| 258|0x0000000721000000, 0x0000000721000000, 0x0000000721200000|  0%| F|  |TAMS 0x0000000721000000, 0x0000000721000000| Untracked 
| 259|0x0000000721200000, 0x0000000721200000, 0x0000000721400000|  0%| F|  |TAMS 0x0000000721200000, 0x0000000721200000| Untracked 
| 260|0x0000000721400000, 0x0000000721400000, 0x0000000721600000|  0%| F|  |TAMS 0x0000000721400000, 0x0000000721400000| Untracked 
| 261|0x0000000721600000, 0x0000000721600000, 0x0000000721800000|  0%| F|  |TAMS 0x0000000721600000, 0x0000000721600000| Untracked 
| 262|0x0000000721800000, 0x0000000721800000, 0x0000000721a00000|  0%| F|  |TAMS 0x0000000721800000, 0x0000000721800000| Untracked 
| 263|0x0000000721a00000, 0x0000000721a00000, 0x0000000721c00000|  0%| F|  |TAMS 0x0000000721a00000, 0x0000000721a00000| Untracked 
| 264|0x0000000721c00000, 0x0000000721c00000, 0x0000000721e00000|  0%| F|  |TAMS 0x0000000721c00000, 0x0000000721c00000| Untracked 
| 265|0x0000000721e00000, 0x0000000721e00000, 0x0000000722000000|  0%| F|  |TAMS 0x0000000721e00000, 0x0000000721e00000| Untracked 
| 266|0x0000000722000000, 0x0000000722000000, 0x0000000722200000|  0%| F|  |TAMS 0x0000000722000000, 0x0000000722000000| Untracked 
| 267|0x0000000722200000, 0x0000000722200000, 0x0000000722400000|  0%| F|  |TAMS 0x0000000722200000, 0x0000000722200000| Untracked 
| 268|0x0000000722400000, 0x0000000722400000, 0x0000000722600000|  0%| F|  |TAMS 0x0000000722400000, 0x0000000722400000| Untracked 

Card table byte_map: [0x00000278c9dc0000,0x00000278ca5c0000] _byte_map_base: 0x00000278c65ba000

Marking Bits (Prev, Next): (CMBitMap*) 0x00000278c3337110, (CMBitMap*) 0x00000278c3337150
 Prev Bits: [0x00000278cadc0000, 0x00000278ced90000)
 Next Bits: [0x00000278ced90000, 0x00000278d2d60000)

Polling page: 0x00000278c12d0000

Metaspace:

Usage:
  Non-class:     40.94 MB used.
      Class:      5.90 MB used.
       Both:     46.84 MB used.

Virtual space:
  Non-class space:       48.00 MB reserved,      41.19 MB ( 86%) committed,  6 nodes.
      Class space:        1.00 GB reserved,       6.06 MB ( <1%) committed,  1 nodes.
             Both:        1.05 GB reserved,      47.25 MB (  4%) committed. 

Chunk freelists:
   Non-Class:  2.66 MB
       Class:  1.94 MB
        Both:  4.59 MB

MaxMetaspaceSize: unlimited
CompressedClassSpaceSize: 1.00 GB
Initial GC threshold: 21.00 MB
Current GC threshold: 59.38 MB
CDS: off
MetaspaceReclaimPolicy: balanced
 - commit_granule_bytes: 65536.
 - commit_granule_words: 8192.
 - virtual_space_node_default_size: 1048576.
 - enlarge_chunks_in_place: 1.
 - new_chunks_are_fully_committed: 0.
 - uncommit_free_chunks: 1.
 - use_allocation_guard: 0.
 - handle_deallocations: 1.


Internal statistics:

num_allocs_failed_limit: 6.
num_arena_births: 406.
num_arena_deaths: 0.
num_vsnodes_births: 7.
num_vsnodes_deaths: 0.
num_space_committed: 756.
num_space_uncommitted: 0.
num_chunks_returned_to_freelist: 6.
num_chunks_taken_from_freelist: 1889.
num_chunk_merges: 6.
num_chunk_splits: 1276.
num_chunks_enlarged: 923.
num_purges: 0.
num_inconsistent_stats: 0.

CodeCache: size=49152Kb used=15533Kb max_used=15533Kb free=33618Kb
 bounds [0x00000278c5f50000, 0x00000278c6e80000, 0x00000278c8f50000]
 total_blobs=5347 nmethods=4752 adapters=511
 compilation: enabled
              stopped_count=0, restarted_count=0
 full_count=0

Compilation events (20 events):
Event: 2.904 Thread 0x00000278d73e4100 4751       1       sun.security.util.SecurityProviderConstants::getAliases (65 bytes)
Event: 2.904 Thread 0x00000278d73e4100 nmethod 4751 0x00000278c6e75a90 code [0x00000278c6e75ca0, 0x00000278c6e76208]
Event: 2.906 Thread 0x00000278d700edd0 4752       1       java.util.regex.Pattern::Range (37 bytes)
Event: 2.906 Thread 0x00000278d73e2cc0 4753       1       java.lang.invoke.Invokers$Holder::linkToTargetMethod (10 bytes)
Event: 2.906 Thread 0x00000278d73e4610 4754       1       java.lang.invoke.DirectMethodHandle$Holder::newInvokeSpecial (24 bytes)
Event: 2.906 Thread 0x00000278d68aea70 4755       1       java.util.regex.Pattern$$Lambda$25/0x0000000800148ba8::<init> (15 bytes)
Event: 2.906 Thread 0x00000278d68aea70 nmethod 4755 0x00000278c6e76490 code [0x00000278c6e76620, 0x00000278c6e766f8]
Event: 2.906 Thread 0x00000278d73e2cc0 nmethod 4753 0x00000278c6e76790 code [0x00000278c6e76940, 0x00000278c6e76a58]
Event: 2.906 Thread 0x00000278d700edd0 nmethod 4752 0x00000278c6e76b10 code [0x00000278c6e76cc0, 0x00000278c6e76e58]
Event: 2.906 Thread 0x00000278d73e4610 nmethod 4754 0x00000278c6e76f90 code [0x00000278c6e77140, 0x00000278c6e772e8]
Event: 2.909 Thread 0x00000278d73e5a50 4756       1       java.util.Objects::checkFromToIndex (8 bytes)
Event: 2.909 Thread 0x00000278d6a9f340 4757       1       jdk.internal.util.Preconditions::checkFromToIndex (24 bytes)
Event: 2.909 Thread 0x00000278d73e5a50 nmethod 4756 0x00000278c6e77e90 code [0x00000278c6e78020, 0x00000278c6e78128]
Event: 2.909 Thread 0x00000278d6a9f340 nmethod 4757 0x00000278c6e78a10 code [0x00000278c6e78be0, 0x00000278c6e79078]
Event: 2.910 Thread 0x00000278d73e31d0 4758       1       java.math.BigInteger::<init> (38 bytes)
Event: 2.910 Thread 0x00000278d73e31d0 nmethod 4758 0x00000278c6e79290 code [0x00000278c6e79440, 0x00000278c6e79688]
Event: 2.911 Thread 0x00000278d6a9f340 4759       1       java.math.MutableBigInteger::<init> (21 bytes)
Event: 2.911 Thread 0x00000278d6a9f340 nmethod 4759 0x00000278c6e7ab10 code [0x00000278c6e7aca0, 0x00000278c6e7add8]
Event: 2.911 Thread 0x00000278d73e4b20 4760       1       java.math.MutableBigInteger::compare (106 bytes)
Event: 2.912 Thread 0x00000278d73e4b20 nmethod 4760 0x00000278c6e7ae90 code [0x00000278c6e7b040, 0x00000278c6e7b298]

GC Heap History (20 events):
Event: 2.270 GC heap after
{Heap after GC invocations=11 (full 0):
 garbage-first heap   total 122880K, used 42471K [0x0000000700c00000, 0x0000000800000000)
  region size 2048K, 5 young (10240K), 5 survivors (10240K)
 Metaspace       used 37742K, committed 38016K, reserved 1089536K
  class space    used 4755K, committed 4864K, reserved 1048576K
}
Event: 2.273 GC heap before
{Heap before GC invocations=11 (full 0):
 garbage-first heap   total 122880K, used 44519K [0x0000000700c00000, 0x0000000800000000)
  region size 2048K, 6 young (12288K), 5 survivors (10240K)
 Metaspace       used 37770K, committed 38016K, reserved 1089536K
  class space    used 4763K, committed 4864K, reserved 1048576K
}
Event: 2.277 GC heap after
{Heap after GC invocations=12 (full 0):
 garbage-first heap   total 122880K, used 44726K [0x0000000700c00000, 0x0000000800000000)
  region size 2048K, 1 young (2048K), 1 survivors (2048K)
 Metaspace       used 37770K, committed 38016K, reserved 1089536K
  class space    used 4763K, committed 4864K, reserved 1048576K
}
Event: 2.397 GC heap before
{Heap before GC invocations=12 (full 0):
 garbage-first heap   total 122880K, used 85686K [0x0000000700c00000, 0x0000000800000000)
  region size 2048K, 21 young (43008K), 1 survivors (2048K)
 Metaspace       used 39039K, committed 39424K, reserved 1089536K
  class space    used 4924K, committed 5120K, reserved 1048576K
}
Event: 2.400 GC heap after
{Heap after GC invocations=13 (full 0):
 garbage-first heap   total 262144K, used 51113K [0x0000000700c00000, 0x0000000800000000)
  region size 2048K, 3 young (6144K), 3 survivors (6144K)
 Metaspace       used 39039K, committed 39424K, reserved 1089536K
  class space    used 4924K, committed 5120K, reserved 1048576K
}
Event: 2.507 GC heap before
{Heap before GC invocations=13 (full 0):
 garbage-first heap   total 262144K, used 188329K [0x0000000700c00000, 0x0000000800000000)
  region size 2048K, 71 young (145408K), 3 survivors (6144K)
 Metaspace       used 40164K, committed 40576K, reserved 1089536K
  class space    used 5041K, committed 5248K, reserved 1048576K
}
Event: 2.522 GC heap after
{Heap after GC invocations=14 (full 0):
 garbage-first heap   total 262144K, used 71178K [0x0000000700c00000, 0x0000000800000000)
  region size 2048K, 9 young (18432K), 9 survivors (18432K)
 Metaspace       used 40164K, committed 40576K, reserved 1089536K
  class space    used 5041K, committed 5248K, reserved 1048576K
}
Event: 2.542 GC heap before
{Heap before GC invocations=14 (full 0):
 garbage-first heap   total 262144K, used 175626K [0x0000000700c00000, 0x0000000800000000)
  region size 2048K, 61 young (124928K), 9 survivors (18432K)
 Metaspace       used 40187K, committed 40576K, reserved 1089536K
  class space    used 5046K, committed 5248K, reserved 1048576K
}
Event: 2.548 GC heap after
{Heap after GC invocations=15 (full 0):
 garbage-first heap   total 262144K, used 76539K [0x0000000700c00000, 0x0000000800000000)
  region size 2048K, 3 young (6144K), 3 survivors (6144K)
 Metaspace       used 40187K, committed 40576K, reserved 1089536K
  class space    used 5046K, committed 5248K, reserved 1048576K
}
Event: 2.568 GC heap before
{Heap before GC invocations=15 (full 0):
 garbage-first heap   total 262144K, used 185083K [0x0000000700c00000, 0x0000000800000000)
  region size 2048K, 57 young (116736K), 3 survivors (6144K)
 Metaspace       used 40225K, committed 40576K, reserved 1089536K
  class space    used 5059K, committed 5248K, reserved 1048576K
}
Event: 2.572 GC heap after
{Heap after GC invocations=16 (full 0):
 garbage-first heap   total 262144K, used 80375K [0x0000000700c00000, 0x0000000800000000)
  region size 2048K, 5 young (10240K), 5 survivors (10240K)
 Metaspace       used 40225K, committed 40576K, reserved 1089536K
  class space    used 5059K, committed 5248K, reserved 1048576K
}
Event: 2.594 GC heap before
{Heap before GC invocations=16 (full 0):
 garbage-first heap   total 262144K, used 193015K [0x0000000700c00000, 0x0000000800000000)
  region size 2048K, 61 young (124928K), 5 survivors (10240K)
 Metaspace       used 40299K, committed 40640K, reserved 1089536K
  class space    used 5069K, committed 5248K, reserved 1048576K
}
Event: 2.601 GC heap after
{Heap after GC invocations=17 (full 0):
 garbage-first heap   total 550912K, used 85851K [0x0000000700c00000, 0x0000000800000000)
  region size 2048K, 5 young (10240K), 5 survivors (10240K)
 Metaspace       used 40299K, committed 40640K, reserved 1089536K
  class space    used 5069K, committed 5248K, reserved 1048576K
}
Event: 2.667 GC heap before
{Heap before GC invocations=17 (full 0):
 garbage-first heap   total 550912K, used 403291K [0x0000000700c00000, 0x0000000800000000)
  region size 2048K, 161 young (329728K), 5 survivors (10240K)
 Metaspace       used 40805K, committed 41152K, reserved 1089536K
  class space    used 5108K, committed 5248K, reserved 1048576K
}
Event: 2.675 GC heap after
{Heap after GC invocations=18 (full 0):
 garbage-first heap   total 550912K, used 98803K [0x0000000700c00000, 0x0000000800000000)
  region size 2048K, 12 young (24576K), 12 survivors (24576K)
 Metaspace       used 40805K, committed 41152K, reserved 1089536K
  class space    used 5108K, committed 5248K, reserved 1048576K
}
Event: 2.711 GC heap before
{Heap before GC invocations=18 (full 0):
 garbage-first heap   total 550912K, used 401907K [0x0000000700c00000, 0x0000000800000000)
  region size 2048K, 161 young (329728K), 12 survivors (24576K)
 Metaspace       used 41033K, committed 41408K, reserved 1089536K
  class space    used 5122K, committed 5312K, reserved 1048576K
}
Event: 2.724 GC heap after
{Heap after GC invocations=19 (full 0):
 garbage-first heap   total 550912K, used 111195K [0x0000000700c00000, 0x0000000800000000)
  region size 2048K, 16 young (32768K), 16 survivors (32768K)
 Metaspace       used 41033K, committed 41408K, reserved 1089536K
  class space    used 5122K, committed 5312K, reserved 1048576K
}
Event: 2.760 GC heap before
{Heap before GC invocations=19 (full 0):
 garbage-first heap   total 550912K, used 406107K [0x0000000700c00000, 0x0000000800000000)
  region size 2048K, 161 young (329728K), 16 survivors (32768K)
 Metaspace       used 41102K, committed 41472K, reserved 1089536K
  class space    used 5131K, committed 5312K, reserved 1048576K
}
Event: 2.775 GC heap after
{Heap after GC invocations=20 (full 0):
 garbage-first heap   total 550912K, used 127989K [0x0000000700c00000, 0x0000000800000000)
  region size 2048K, 15 young (30720K), 15 survivors (30720K)
 Metaspace       used 41102K, committed 41472K, reserved 1089536K
  class space    used 5131K, committed 5312K, reserved 1048576K
}
Event: 2.916 GC heap before
{Heap before GC invocations=20 (full 0):
 garbage-first heap   total 550912K, used 424949K [0x0000000700c00000, 0x0000000800000000)
  region size 2048K, 161 young (329728K), 15 survivors (30720K)
 Metaspace       used 47966K, committed 48384K, reserved 1097728K
  class space    used 6045K, committed 6208K, reserved 1048576K
}

Dll operation events (9 events):
Event: 0.008 Loaded shared library c:\Users\pbj25\.vscode\extensions\redhat.java-1.13.0-win32-x64\jre\17.0.5-win32-x86_64\bin\java.dll
Event: 0.154 Loaded shared library C:\Users\pbj25\.vscode\extensions\redhat.java-1.13.0-win32-x64\jre\17.0.5-win32-x86_64\bin\net.dll
Event: 0.156 Loaded shared library C:\Users\pbj25\.vscode\extensions\redhat.java-1.13.0-win32-x64\jre\17.0.5-win32-x86_64\bin\nio.dll
Event: 0.162 Loaded shared library C:\Users\pbj25\.vscode\extensions\redhat.java-1.13.0-win32-x64\jre\17.0.5-win32-x86_64\bin\zip.dll
Event: 0.249 Loaded shared library c:\Users\pbj25\.vscode\extensions\redhat.java-1.13.0-win32-x64\jre\17.0.5-win32-x86_64\bin\verify.dll
Event: 0.254 Loaded shared library C:\Users\pbj25\.vscode\extensions\redhat.java-1.13.0-win32-x64\jre\17.0.5-win32-x86_64\bin\jimage.dll
Event: 0.850 Loaded shared library C:\Users\pbj25\.vscode\extensions\redhat.java-1.13.0-win32-x64\jre\17.0.5-win32-x86_64\bin\management.dll
Event: 0.851 Loaded shared library C:\Users\pbj25\.vscode\extensions\redhat.java-1.13.0-win32-x64\jre\17.0.5-win32-x86_64\bin\management_ext.dll
Event: 2.899 Loaded shared library C:\Users\pbj25\.vscode\extensions\redhat.java-1.13.0-win32-x64\jre\17.0.5-win32-x86_64\bin\sunmscapi.dll

Deoptimization events (16 events):
Event: 1.013 Thread 0x00000278c32c5bd0 DEOPT PACKING pc=0x00000278c65517f9 sp=0x000000e0ba6fd0f0
Event: 1.013 Thread 0x00000278c32c5bd0 DEOPT UNPACKING pc=0x00000278c5fa2b43 sp=0x000000e0ba6fc5d0 mode 3
Event: 1.426 Thread 0x00000278c32c5bd0 DEOPT PACKING pc=0x00000278c6673455 sp=0x000000e0ba6fafe0
Event: 1.426 Thread 0x00000278c32c5bd0 DEOPT UNPACKING pc=0x00000278c5fa2b43 sp=0x000000e0ba6fa4f8 mode 3
Event: 1.768 Thread 0x00000278c32c5bd0 DEOPT PACKING pc=0x00000278c66e22f9 sp=0x000000e0ba6fc4d0
Event: 1.768 Thread 0x00000278c32c5bd0 DEOPT UNPACKING pc=0x00000278c5fa2b43 sp=0x000000e0ba6fb9b0 mode 3
Event: 1.991 Thread 0x00000278d8045010 DEOPT PACKING pc=0x00000278c679fded sp=0x000000e0bcefd3a0
Event: 1.991 Thread 0x00000278d8045010 DEOPT UNPACKING pc=0x00000278c5fa2b43 sp=0x000000e0bcefc8c8 mode 3
Event: 2.043 Thread 0x00000278d8049900 DEOPT PACKING pc=0x00000278c67b5f13 sp=0x000000e0bcffe370
Event: 2.043 Thread 0x00000278d8049900 DEOPT UNPACKING pc=0x00000278c5fa2b43 sp=0x000000e0bcffd8b8 mode 3
Event: 2.067 Thread 0x00000278d7c0de40 DEOPT PACKING pc=0x00000278c654f609 sp=0x000000e0bcdfd790
Event: 2.067 Thread 0x00000278d7c0de40 DEOPT UNPACKING pc=0x00000278c5fa2b43 sp=0x000000e0bcdfcc20 mode 3
Event: 2.373 Thread 0x00000278d8045010 DEOPT PACKING pc=0x00000278c654d39f sp=0x000000e0bcefee20
Event: 2.373 Thread 0x00000278d8045010 DEOPT UNPACKING pc=0x00000278c5fa2b43 sp=0x000000e0bcefe278 mode 3
Event: 2.624 Thread 0x00000278d8118bd0 DEOPT PACKING pc=0x00000278c614a12c sp=0x000000e0bf1fe1f0
Event: 2.624 Thread 0x00000278d8118bd0 DEOPT UNPACKING pc=0x00000278c5fa2b43 sp=0x000000e0bf1fd6b8 mode 0

Classes unloaded (0 events):
No events

Classes redefined (0 events):
No events

Internal exceptions (20 events):
Event: 2.071 Thread 0x00000278d80e8ae0 Exception <a 'sun/nio/fs/WindowsException'{0x0000000707863aa8}> (0x0000000707863aa8) 
thrown [s\src\hotspot\share\prims\jni.cpp, line 516]
Event: 2.071 Thread 0x00000278d80e8ae0 Exception <a 'sun/nio/fs/WindowsException'{0x00000007078644a8}> (0x00000007078644a8) 
thrown [s\src\hotspot\share\prims\jni.cpp, line 516]
Event: 2.072 Thread 0x00000278d80e8ae0 Exception <a 'sun/nio/fs/WindowsException'{0x0000000707864858}> (0x0000000707864858) 
thrown [s\src\hotspot\share\prims\jni.cpp, line 516]
Event: 2.072 Thread 0x00000278d80e8ae0 Exception <a 'sun/nio/fs/WindowsException'{0x0000000707865258}> (0x0000000707865258) 
thrown [s\src\hotspot\share\prims\jni.cpp, line 516]
Event: 2.073 Thread 0x00000278d80e8ae0 Exception <a 'sun/nio/fs/WindowsException'{0x0000000707865618}> (0x0000000707865618) 
thrown [s\src\hotspot\share\prims\jni.cpp, line 516]
Event: 2.073 Thread 0x00000278d80e8ae0 Exception <a 'sun/nio/fs/WindowsException'{0x0000000707866040}> (0x0000000707866040) 
thrown [s\src\hotspot\share\prims\jni.cpp, line 516]
Event: 2.073 Thread 0x00000278d80e8ae0 Exception <a 'sun/nio/fs/WindowsException'{0x0000000707866420}> (0x0000000707866420) 
thrown [s\src\hotspot\share\prims\jni.cpp, line 516]
Event: 2.073 Thread 0x00000278d80e8ae0 Exception <a 'sun/nio/fs/WindowsException'{0x0000000707866e58}> (0x0000000707866e58) 
thrown [s\src\hotspot\share\prims\jni.cpp, line 516]
Event: 2.074 Thread 0x00000278d80e8ae0 Exception <a 'sun/nio/fs/WindowsException'{0x0000000707867248}> (0x0000000707867248) 
thrown [s\src\hotspot\share\prims\jni.cpp, line 516]
Event: 2.074 Thread 0x00000278d80e8ae0 Exception <a 'sun/nio/fs/WindowsException'{0x0000000707867c70}> (0x0000000707867c70) 
thrown [s\src\hotspot\share\prims\jni.cpp, line 516]
Event: 2.074 Thread 0x00000278d80e8ae0 Exception <a 'sun/nio/fs/WindowsException'{0x0000000707868060}> (0x0000000707868060) 
thrown [s\src\hotspot\share\prims\jni.cpp, line 516]
Event: 2.321 Thread 0x00000278d8045010 Exception <a 'java/lang/NoSuchMethodError'{0x000000070670a508}: 'java.lang.Object java.lang.invoke.Invokers$Holder.invoke_MT(java.lang.Object, java.lang.Object, java.lang.Object)'> (0x000000070670a508) 
thrown [s\src\hotspot\share\interpreter\linkResolver.cpp, line 759]
Event: 2.368 Thread 0x00000278d8045010 Exception <a 'java/lang/NoSuchMethodError'{0x0000000705f70948}: 'java.lang.Object java.lang.invoke.DirectMethodHandle$Holder.newInvokeSpecial(java.lang.Object, java.lang.Object, int)'> (0x0000000705f70948) 
thrown [s\src\hotspot\share\interpreter\linkResolver.cpp, line 759]
Event: 2.371 Thread 0x00000278d811ad80 Exception <a 'java/lang/NoSuchMethodError'{0x0000000705c08c78}: 'java.lang.Object java.lang.invoke.Invokers$Holder.linkToTargetMethod(java.lang.Object, long, java.lang.Object)'> (0x0000000705c08c78) 
thrown [s\src\hotspot\share\interpreter\linkResolver.cpp, line 759]
Event: 2.377 Thread 0x00000278d811ad80 Exception <a 'sun/nio/fs/WindowsException'{0x0000000705d07148}> (0x0000000705d07148) 
thrown [s\src\hotspot\share\prims\jni.cpp, line 516]
Event: 2.457 Thread 0x00000278d8118bd0 Exception <a 'java/lang/NoSuchMethodError'{0x000000070ef7cd38}: 'void java.lang.invoke.DirectMethodHandle$Holder.invokeVirtual(java.lang.Object, java.lang.Object, java.lang.Object, java.lang.Object)'> (0x000000070ef7cd38) 
thrown [s\src\hotspot\share\interpreter\linkResolver.cpp, line 759]
Event: 2.803 Thread 0x00000278d8118bd0 Exception <a 'sun/nio/fs/WindowsException'{0x00000007183b7600}> (0x00000007183b7600) 
thrown [s\src\hotspot\share\prims\jni.cpp, line 516]
Event: 2.811 Thread 0x00000278d8118bd0 Exception <a 'java/lang/NoSuchMethodError'{0x0000000717d50120}: 'int java.lang.invoke.DirectMethodHandle$Holder.invokeStaticInit(java.lang.Object, java.lang.Object, java.lang.Object, java.lang.Object)'> (0x0000000717d50120) 
thrown [s\src\hotspot\share\interpreter\linkResolver.cpp, line 759]
Event: 2.839 Thread 0x00000278d8114d40 Exception <a 'sun/nio/fs/WindowsException'{0x0000000716bfe4f8}> (0x0000000716bfe4f8) 
thrown [s\src\hotspot\share\prims\jni.cpp, line 516]
Event: 2.839 Thread 0x00000278d8114d40 Exception <a 'sun/nio/fs/WindowsException'{0x0000000716bfe8c8}> (0x0000000716bfe8c8) 
thrown [s\src\hotspot\share\prims\jni.cpp, line 516]

VM Operations (20 events):
Event: 2.628 Executing VM operation: HandshakeAllThreads done
Event: 2.645 Executing VM operation: HandshakeAllThreads
Event: 2.667 Executing VM operation: HandshakeAllThreads done
Event: 2.667 Executing VM operation: G1CollectForAllocation
Event: 2.675 Executing VM operation: G1CollectForAllocation done
Event: 2.710 Executing VM operation: G1CollectForAllocation
Event: 2.711 Executing VM operation: G1CollectForAllocation done
Event: 2.711 Executing VM operation: G1CollectForAllocation
Event: 2.724 Executing VM operation: G1CollectForAllocation done
Event: 2.759 Executing VM operation: G1CollectForAllocation
Event: 2.760 Executing VM operation: G1CollectForAllocation done
Event: 2.760 Executing VM operation: G1CollectForAllocation
Event: 2.775 Executing VM operation: G1CollectForAllocation done
Event: 2.805 Executing VM operation: HandshakeAllThreads
Event: 2.805 Executing VM operation: HandshakeAllThreads done
Event: 2.859 Executing VM operation: HandshakeAllThreads
Event: 2.859 Executing VM operation: HandshakeAllThreads done
Event: 2.859 Executing VM operation: HandshakeAllThreads
Event: 2.859 Executing VM operation: HandshakeAllThreads done
Event: 2.915 Executing VM operation: G1CollectForAllocation

Events (20 events):
Event: 2.912 loading class sun/security/ssl/SignatureScheme$SigAlgParamSpec
Event: 2.912 loading class sun/security/ssl/SignatureScheme$SigAlgParamSpec done
Event: 2.913 loading class java/security/spec/MGF1ParameterSpec
Event: 2.913 loading class java/security/spec/MGF1ParameterSpec done
Event: 2.913 loading class sun/security/rsa/RSAPSSSignature
Event: 2.913 loading class sun/security/rsa/RSAPSSSignature done
Event: 2.913 loading class sun/security/rsa/PSSParameters
Event: 2.913 loading class sun/security/rsa/PSSParameters done
Event: 2.913 loading class sun/security/provider/DSA$SHA256withDSA
Event: 2.913 loading class sun/security/provider/DSA
Event: 2.914 loading class sun/security/provider/DSA done
Event: 2.914 loading class sun/security/provider/DSA$SHA256withDSA done
Event: 2.914 loading class sun/security/provider/SHA2$SHA224
Event: 2.914 loading class sun/security/provider/SHA2$SHA224 done
Event: 2.914 loading class sun/security/rsa/RSASignature$SHA224withRSA
Event: 2.914 loading class sun/security/rsa/RSASignature$SHA224withRSA done
Event: 2.914 loading class sun/security/provider/DSA$SHA224withDSA
Event: 2.914 loading class sun/security/provider/DSA$SHA224withDSA done
Event: 2.914 loading class sun/security/ssl/SessionId
Event: 2.914 loading class sun/security/ssl/SessionId done


Dynamic libraries:
0x00007ff60e470000 - 0x00007ff60e47e000 	c:\Users\pbj25\.vscode\extensions\redhat.java-1.13.0-win32-x64\jre\17.0.5-win32-x86_64\bin\java.exe
0x00007ffe04550000 - 0x00007ffe04748000 	C:\WINDOWS\SYSTEM32\ntdll.dll
0x00007ffe025a0000 - 0x00007ffe0265f000 	C:\WINDOWS\System32\KERNEL32.DLL
0x00007ffe021e0000 - 0x00007ffe024b2000 	C:\WINDOWS\System32\KERNELBASE.dll
0x00007ffe01c50000 - 0x00007ffe01d50000 	C:\WINDOWS\System32\ucrtbase.dll
0x00007ffdfd750000 - 0x00007ffdfd769000 	c:\Users\pbj25\.vscode\extensions\redhat.java-1.13.0-win32-x64\jre\17.0.5-win32-x86_64\bin\VCRUNTIME140.dll
0x00007ffdff370000 - 0x00007ffdff387000 	c:\Users\pbj25\.vscode\extensions\redhat.java-1.13.0-win32-x64\jre\17.0.5-win32-x86_64\bin\jli.dll
0x00007ffe02c20000 - 0x00007ffe02dbd000 	C:\WINDOWS\System32\USER32.dll
0x00007ffe02050000 - 0x00007ffe02072000 	C:\WINDOWS\System32\win32u.dll
0x00007ffe03e20000 - 0x00007ffe03e4b000 	C:\WINDOWS\System32\GDI32.dll
0x00007ffe01f40000 - 0x00007ffe0204f000 	C:\WINDOWS\System32\gdi32full.dll
0x00007ffdf0640000 - 0x00007ffdf08da000 	C:\WINDOWS\WinSxS\amd64_microsoft.windows.common-controls_6595b64144ccf1df_6.0.19041.1110_none_60b5254171f9507e\COMCTL32.dll
0x00007ffe01ea0000 - 0x00007ffe01f3d000 	C:\WINDOWS\System32\msvcp_win.dll
0x00007ffe03280000 - 0x00007ffe0331e000 	C:\WINDOWS\System32\msvcrt.dll
0x00007ffe02880000 - 0x00007ffe028b2000 	C:\WINDOWS\System32\IMM32.DLL
0x00007ffdff3e0000 - 0x00007ffdff3ec000 	c:\Users\pbj25\.vscode\extensions\redhat.java-1.13.0-win32-x64\jre\17.0.5-win32-x86_64\bin\vcruntime140_1.dll
0x00007ffddd410000 - 0x00007ffddd4a1000 	c:\Users\pbj25\.vscode\extensions\redhat.java-1.13.0-win32-x64\jre\17.0.5-win32-x86_64\bin\msvcp140.dll
0x00007ffd9a1e0000 - 0x00007ffd9ae24000 	c:\Users\pbj25\.vscode\extensions\redhat.java-1.13.0-win32-x64\jre\17.0.5-win32-x86_64\bin\server\jvm.dll
0x00007ffe033e0000 - 0x00007ffe0348e000 	C:\WINDOWS\System32\ADVAPI32.dll
0x00007ffe02660000 - 0x00007ffe026fc000 	C:\WINDOWS\System32\sechost.dll
0x00007ffe043e0000 - 0x00007ffe04505000 	C:\WINDOWS\System32\RPCRT4.dll
0x00007ffdfb2a0000 - 0x00007ffdfb2a9000 	C:\WINDOWS\SYSTEM32\WSOCK32.dll
0x00007ffdf7ec0000 - 0x00007ffdf7ee7000 	C:\WINDOWS\SYSTEM32\WINMM.dll
0x00007ffdfc800000 - 0x00007ffdfc80a000 	C:\WINDOWS\SYSTEM32\VERSION.dll
0x00007ffe03d00000 - 0x00007ffe03d6b000 	C:\WINDOWS\System32\WS2_32.dll
0x00007ffdffae0000 - 0x00007ffdffaf2000 	C:\WINDOWS\SYSTEM32\kernel.appcore.dll
0x00007ffdff3b0000 - 0x00007ffdff3ba000 	c:\Users\pbj25\.vscode\extensions\redhat.java-1.13.0-win32-x64\jre\17.0.5-win32-x86_64\bin\jimage.dll
0x00007ffdf68a0000 - 0x00007ffdf6a84000 	C:\WINDOWS\SYSTEM32\DBGHELP.DLL
0x00007ffdf0c70000 - 0x00007ffdf0c9c000 	C:\WINDOWS\SYSTEM32\dbgcore.DLL
0x00007ffe024c0000 - 0x00007ffe02542000 	C:\WINDOWS\System32\bcryptPrimitives.dll
0x00007ffde5a40000 - 0x00007ffde5a65000 	c:\Users\pbj25\.vscode\extensions\redhat.java-1.13.0-win32-x64\jre\17.0.5-win32-x86_64\bin\java.dll
0x00007ffdf7b70000 - 0x00007ffdf7b88000 	c:\Users\pbj25\.vscode\extensions\redhat.java-1.13.0-win32-x64\jre\17.0.5-win32-x86_64\bin\zip.dll
0x00007ffe034f0000 - 0x00007ffe03c33000 	C:\WINDOWS\System32\SHELL32.dll
0x00007ffdffce0000 - 0x00007ffe00472000 	C:\WINDOWS\SYSTEM32\windows.storage.dll
0x00007ffe02dc0000 - 0x00007ffe03114000 	C:\WINDOWS\System32\combase.dll
0x00007ffe015d0000 - 0x00007ffe01600000 	C:\WINDOWS\SYSTEM32\Wldp.dll
0x00007ffe03d70000 - 0x00007ffe03e1d000 	C:\WINDOWS\System32\SHCORE.dll
0x00007ffe02800000 - 0x00007ffe02855000 	C:\WINDOWS\System32\shlwapi.dll
0x00007ffe01b90000 - 0x00007ffe01baf000 	C:\WINDOWS\SYSTEM32\profapi.dll
0x00007ffdf4dd0000 - 0x00007ffdf4de9000 	C:\Users\pbj25\.vscode\extensions\redhat.java-1.13.0-win32-x64\jre\17.0.5-win32-x86_64\bin\net.dll
0x00007ffdfb320000 - 0x00007ffdfb42c000 	C:\WINDOWS\SYSTEM32\WINHTTP.dll
0x00007ffe013b0000 - 0x00007ffe0141a000 	C:\WINDOWS\system32\mswsock.dll
0x00007ffdf4c90000 - 0x00007ffdf4ca5000 	C:\Users\pbj25\.vscode\extensions\redhat.java-1.13.0-win32-x64\jre\17.0.5-win32-x86_64\bin\nio.dll
0x00007ffdf7b10000 - 0x00007ffdf7b20000 	c:\Users\pbj25\.vscode\extensions\redhat.java-1.13.0-win32-x64\jre\17.0.5-win32-x86_64\bin\verify.dll
0x00007ffdf7710000 - 0x00007ffdf7719000 	C:\Users\pbj25\.vscode\extensions\redhat.java-1.13.0-win32-x64\jre\17.0.5-win32-x86_64\bin\management.dll
0x00007ffdf7560000 - 0x00007ffdf756b000 	C:\Users\pbj25\.vscode\extensions\redhat.java-1.13.0-win32-x64\jre\17.0.5-win32-x86_64\bin\management_ext.dll
0x00007ffe03c40000 - 0x00007ffe03c48000 	C:\WINDOWS\System32\PSAPI.DLL
0x00007ffdea4e0000 - 0x00007ffdea4f7000 	C:\WINDOWS\system32\napinsp.dll
0x00007ffde7130000 - 0x00007ffde714b000 	C:\WINDOWS\system32\pnrpnsp.dll
0x00007ffde7400000 - 0x00007ffde7415000 	C:\WINDOWS\system32\wshbth.dll
0x00007ffdfd700000 - 0x00007ffdfd71d000 	C:\WINDOWS\system32\NLAapi.dll
0x00007ffe01070000 - 0x00007ffe010ab000 	C:\WINDOWS\SYSTEM32\IPHLPAPI.DLL
0x00007ffe010c0000 - 0x00007ffe0118a000 	C:\WINDOWS\SYSTEM32\DNSAPI.dll
0x00007ffe027e0000 - 0x00007ffe027e8000 	C:\WINDOWS\System32\NSI.dll
0x00007ffde73e0000 - 0x00007ffde73f2000 	C:\WINDOWS\System32\winrnr.dll
0x00007ffdfae50000 - 0x00007ffdfae5a000 	C:\Windows\System32\rasadhlp.dll
0x00007ffdfaae0000 - 0x00007ffdfab60000 	C:\WINDOWS\System32\fwpuclnt.dll
0x00007ffe01dc0000 - 0x00007ffe01de7000 	C:\WINDOWS\System32\bcrypt.dll
0x00007ffe01610000 - 0x00007ffe01628000 	C:\WINDOWS\SYSTEM32\CRYPTSP.dll
0x00007ffe00c80000 - 0x00007ffe00cb4000 	C:\WINDOWS\system32\rsaenh.dll
0x00007ffe01b10000 - 0x00007ffe01b3e000 	C:\WINDOWS\SYSTEM32\USERENV.dll
0x00007ffe01540000 - 0x00007ffe0154c000 	C:\WINDOWS\SYSTEM32\CRYPTBASE.dll
0x00007ffdfcb40000 - 0x00007ffdfcb57000 	C:\WINDOWS\SYSTEM32\dhcpcsvc6.DLL
0x00007ffdfcb10000 - 0x00007ffdfcb2d000 	C:\WINDOWS\SYSTEM32\dhcpcsvc.DLL
0x00007ffdf4c00000 - 0x00007ffdf4c0e000 	C:\Users\pbj25\.vscode\extensions\redhat.java-1.13.0-win32-x64\jre\17.0.5-win32-x86_64\bin\sunmscapi.dll
0x00007ffe02080000 - 0x00007ffe021d6000 	C:\WINDOWS\System32\CRYPT32.dll
0x00007ffe01720000 - 0x00007ffe01747000 	C:\WINDOWS\SYSTEM32\ncrypt.dll
0x00007ffe016e0000 - 0x00007ffe0171b000 	C:\WINDOWS\SYSTEM32\NTASN1.dll

dbghelp: loaded successfully - version: 4.0.5 - missing functions: none
symbol engine: initialized successfully - sym options: 0x614 - pdb path: .;c:\Users\pbj25\.vscode\extensions\redhat.java-1.13.0-win32-x64\jre\17.0.5-win32-x86_64\bin;C:\WINDOWS\SYSTEM32;C:\WINDOWS\WinSxS\amd64_microsoft.windows.common-controls_6595b64144ccf1df_6.0.19041.1110_none_60b5254171f9507e;c:\Users\pbj25\.vscode\extensions\redhat.java-1.13.0-win32-x64\jre\17.0.5-win32-x86_64\bin\server

VM Arguments:
jvm_args: -Dsts.lsp.client=vscode -Dsts.log.file=/dev/null -XX:TieredStopAtLevel=1 -Xlog:jni+resolve=off -Dspring.config.location=file:c:\Users\pbj25\.vscode\extensions\pivotal.vscode-spring-boot-1.42.0\language-server\BOOT-INF\classes\application.properties 
java_command: org.springframework.ide.vscode.boot.app.BootLanguageServerBootApp
java_class_path (initial): c:\Users\pbj25\.vscode\extensions\pivotal.vscode-spring-boot-1.42.0\language-server\BOOT-INF\classes;c:\Users\pbj25\.vscode\extensions\pivotal.vscode-spring-boot-1.42.0\language-server\BOOT-INF\lib\annotations-23.1.0.jar;c:\Users\pbj25\.vscode\extensions\pivotal.vscode-spring-boot-1.42.0\language-server\BOOT-INF\lib\ant-1.10.12.jar;c:\Users\pbj25\.vscode\extensions\pivotal.vscode-spring-boot-1.42.0\language-server\BOOT-INF\lib\ant-launcher-1.10.12.jar;c:\Users\pbj25\.vscode\extensions\pivotal.vscode-spring-boot-1.42.0\language-server\BOOT-INF\lib\antlr-runtime-3.5.2.jar;c:\Users\pbj25\.vscode\extensions\pivotal.vscode-spring-boot-1.42.0\language-server\BOOT-INF\lib\antlr4-4.9.3.jar;c:\Users\pbj25\.vscode\extensions\pivotal.vscode-spring-boot-1.42.0\language-server\BOOT-INF\lib\antlr4-runtime-4.9.3.jar;c:\Users\pbj25\.vscode\extensions\pivotal.vscode-spring-boot-1.42.0\language-server\BOOT-INF\lib\apiguardian-api-1.1.2.jar;c:\Users\pbj25\.vscode\extensions\pivotal.vscode-spring-boot-1.42.0\language-server\BOOT-INF\lib\asm-9.4.jar;c:\Users\pbj25\.vscode\extensions\pivotal.vscode-spring-boot-1.42.0\language-server\BOOT-INF\lib\asm-analysis-9.4.jar;c:\Users\pbj25\.vscode\extensions\pivotal.vscode-spring-boot-1.42.0\language-server\BOOT-INF\lib\asm-tree-9.4.jar;c:\Users\pbj25\.vscode\extensions\pivotal.vscode-spring-boot-1.42.0\language-server\BOOT-INF\lib\asm-util-9.4.jar;c:\Users\pbj25\.vscode\extensions\pivotal.vscode-spring-boot-1.42.0\language-server\BOOT-INF\lib\caffeine-2.9.3.jar;c:\Users\pbj25\.vscode\extensions\pivotal.vscode-spring-boot-1.42.0\language-server\BOOT-INF\lib\checker-qual-3.12.0.jar;c:\Users\pbj25\.vscode\extensions\pivotal.vscode-spring-boot-1.42.0\language-server\BOOT-INF\lib\ci-environment-9.1.0.jar;c:\Users\pbj25\.vscode\extensions\pivotal.vscode-spring-boot-1.42.0\language-server\BOOT-INF\lib\classgraph-4.8.149.jar;c:\Users\pbj25\.vscode\extensions\pivotal.vscode-spring-boot-1.42.0\language-server\BOOT-INF\lib\comm
Launcher Type: SUN_STANDARD

[Global flags]
     intx CICompilerCount                          = 12                                        {product} {ergonomic}
     uint ConcGCThreads                            = 3                                         {product} {ergonomic}
     uint G1ConcRefinementThreads                  = 13                                        {product} {ergonomic}
   size_t G1HeapRegionSize                         = 2097152                                   {product} {ergonomic}
    uintx GCDrainStackTargetSize                   = 64                                        {product} {ergonomic}
   size_t InitialHeapSize                          = 268435456                                 {product} {ergonomic}
   size_t MarkStackSize                            = 4194304                                   {product} {ergonomic}
   size_t MaxHeapSize                              = 4282384384                                {product} {ergonomic}
   size_t MaxNewSize                               = 2569011200                                {product} {ergonomic}
   size_t MinHeapDeltaBytes                        = 2097152                                   {product} {ergonomic}
   size_t MinHeapSize                              = 8388608                                   {product} {ergonomic}
    uintx NonProfiledCodeHeapSize                  = 0                                      {pd product} {ergonomic}
     bool ProfileInterpreter                       = false                                  {pd product} {command line}
    uintx ProfiledCodeHeapSize                     = 0                                      {pd product} {ergonomic}
   size_t SoftMaxHeapSize                          = 4282384384                             {manageable} {ergonomic}
     intx TieredStopAtLevel                        = 1                                         {product} {command line}
     bool UseCompressedClassPointers               = true                           {product lp64_product} {ergonomic}
     bool UseCompressedOops                        = true                           {product lp64_product} {ergonomic}
     bool UseG1GC                                  = true                                      {product} {ergonomic}
     bool UseLargePagesIndividualAllocation        = false                                  {pd product} {ergonomic}

Logging:
Log output configuration:
 #0: stdout all=warning,jni+resolve=off uptime,level,tags
 #1: stderr all=off uptime,level,tags

Environment Variables:
JAVA_HOME=C:\Program Files\Java\jdk-17.0.5
PATH=C:\Program Files\Eclipse Adoptium\jdk-17.0.4.101-hotspot\bin;C:\WINDOWS\system32;C:\WINDOWS;C:\WINDOWS\System32\Wbem;C:\WINDOWS\System32\WindowsPowerShell\v1.0\;C:\WINDOWS\System32\OpenSSH\;C:\Program Files (x86)\NVIDIA Corporation\PhysX\Common;C:\Program Files\NVIDIA Corporation\NVIDIA NvDLISR;C:\Program Files\Java\jdk-17.0.5\bin;C:\Program Files\Git\cmd;C:\Program Files\nodejs\;C:\Develops\apache-maven-3.8.6\bin;C:\Program Files\MySQL\MySQL Shell 8.0\bin\;C:\Users\pbj25\AppData\Local\Programs\Python\Python39\Scripts\;C:\Users\pbj25\AppData\Local\Programs\Python\Python39\;C:\Users\pbj25\AppData\Local\Microsoft\WindowsApps;C:\Program Files\Bandizip\;C:\Users\pbj25\AppData\Local\Programs\Microsoft VS Code\bin;C:\Users\pbj25\AppData\Local\GitHubDesktop\bin;C:\Users\pbj25\AppData\Roaming\npm
USERNAME=pbj25
OS=Windows_NT
PROCESSOR_IDENTIFIER=AMD64 Family 23 Model 113 Stepping 0, AuthenticAMD
TMP=C:\Users\pbj25\AppData\Local\Temp
TEMP=C:\Users\pbj25\AppData\Local\Temp



---------------  S Y S T E M  ---------------

OS:
 Windows 10 , 64 bit Build 19041 (10.0.19041.2251)
OS uptime: 11 days 1:42 hours
Hyper-V role detected

CPU: total 16 (initial active 16) (16 cores per cpu, 2 threads per core) family 23 model 113 stepping 0 microcode 0x0, cx8, cmov, fxsr, ht, mmx, 3dnowpref, sse, sse2, sse3, ssse3, sse4a, sse4.1, sse4.2, popcnt, lzcnt, tsc, tscinvbit, avx, avx2, aes, clmul, bmi1, bmi2, adx, sha, fma, vzeroupper, clflush, clflushopt, hv

Memory: 4k page, system-wide physical 16332M (1499M free)
TotalPageFile size 26332M (AvailPageFile size 247M)
current process WorkingSet (physical memory assigned to process): 705M, peak: 705M
current process commit charge ("private bytes"): 734M, peak: 1602M

vm_info: OpenJDK 64-Bit Server VM (17.0.5+8) for windows-amd64 JRE (17.0.5+8), built on Oct 19 2022 04:48:13 by "temurin" with MS VC++ 16.7 (VS2019)

END.
