#
# There is insufficient memory for the Java Runtime Environment to continue.
# Native memory allocation (mmap) failed to map 643825664 bytes for G1 virtual space
# Possible reasons:
#   The system is out of physical RAM or swap space
#   The process is running with CompressedOops enabled, and the Java Heap may be blocking the growth of the native heap
# Possible solutions:
#   Reduce memory load on the system
#   Increase physical memory or swap space
#   Check if swap backing store is full
#   Decrease Java heap size (-Xmx/-Xms)
#   Decrease number of Java threads
#   Decrease Java thread stack sizes (-Xss)
#   Set larger code cache with -XX:ReservedCodeCacheSize=
#   JVM is running with Zero Based Compressed Oops mode in which the Java heap is
#     placed in the first 32GB address space. The Java Heap base address is the
#     maximum limit for the native heap growth. Please use -XX:HeapBaseMinAddress
#     to set the Java Heap base and to place the Java Heap above 32GB virtual address.
# This output file may be truncated or incomplete.
#
#  Out of Memory Error (os_windows.cpp:3548), pid=32084, tid=19416
#
# JRE version: OpenJDK Runtime Environment Temurin-17.0.5+8 (17.0.5+8) (build 17.0.5+8)
# Java VM: OpenJDK 64-Bit Server VM Temurin-17.0.5+8 (17.0.5+8, mixed mode, emulated-client, tiered, compressed oops, compressed class ptrs, g1 gc, windows-amd64)
# No core dump will be written. Minidumps are not enabled by default on client versions of Windows
#

---------------  S U M M A R Y ------------

Command Line: -Dsts.lsp.client=vscode -Dsts.log.file=/dev/null -XX:TieredStopAtLevel=1 -Xlog:jni+resolve=off -Dspring.config.location=file:c:\Users\pbj25\.vscode\extensions\pivotal.vscode-spring-boot-1.42.0\language-server\BOOT-INF\classes\application.properties org.springframework.ide.vscode.boot.app.BootLanguageServerBootApp

Host: AMD Ryzen 7 3700X 8-Core Processor             , 16 cores, 15G,  Windows 10 , 64 bit Build 19041 (10.0.19041.2251)
Time: Tue Dec 13 14:14:12 2022  Windows 10 , 64 bit Build 19041 (10.0.19041.2251) elapsed time: 3.269900 seconds (0d 0h 0m 3s)

---------------  T H R E A D  ---------------

Current thread (0x000002856b02e290):  VMThread "VM Thread" [stack: 0x000000d3cb600000,0x000000d3cb700000] [id=19416]

Stack: [0x000000d3cb600000,0x000000d3cb700000]
Native frames: (J=compiled Java code, j=interpreted, Vv=VM code, C=native code)
V  [jvm.dll+0x676b3a]
V  [jvm.dll+0x831444]
V  [jvm.dll+0x832bee]
V  [jvm.dll+0x833253]
V  [jvm.dll+0x244ce5]
V  [jvm.dll+0x673a49]
V  [jvm.dll+0x66811a]
V  [jvm.dll+0x303ceb]
V  [jvm.dll+0x30b1e6]
V  [jvm.dll+0x35adbe]
V  [jvm.dll+0x35afef]
V  [jvm.dll+0x2dab88]
V  [jvm.dll+0x2d8e3c]
V  [jvm.dll+0x2d840c]
V  [jvm.dll+0x31c31b]
V  [jvm.dll+0x8376fb]
V  [jvm.dll+0x838434]
V  [jvm.dll+0x83894c]
V  [jvm.dll+0x838d24]
V  [jvm.dll+0x838df0]
V  [jvm.dll+0x7e17ea]
V  [jvm.dll+0x6759e5]
C  [ucrtbase.dll+0x21bb2]
C  [KERNEL32.DLL+0x174b4]
C  [ntdll.dll+0x526a1]

VM_Operation (0x000000d3ceefdeb0): G1CollectForAllocation, mode: safepoint, requested by thread 0x000002856ca5a3f0


---------------  P R O C E S S  ---------------

Threads class SMR info:
_java_thread_list=0x000002856f059b50, length=61, elements={
0x000002856b05b420, 0x000002856b05c1a0, 0x000002856b08a800, 0x000002856b08d390,
0x000002856b08ec60, 0x000002856b08f520, 0x000002856b08fde0, 0x000002856b091420,
0x000002856b2a3b60, 0x000002856b2ad100, 0x000002856b2b5960, 0x000002856b2b5e30,
0x000002856bd5dd60, 0x000002856bd51410, 0x000002856c5ccf30, 0x000002856c64e240,
0x000002856c879cb0, 0x000002856c8c9fa0, 0x0000028557c216a0, 0x000002856c8cb480,
0x000002856c963bf0, 0x000002856c9654f0, 0x000002856ca3be90, 0x000002856ca3b9c0,
0x000002856ca3a680, 0x000002856ca3ab50, 0x000002856ca3d1d0, 0x000002856ca3b4f0,
0x000002856ca3b020, 0x000002856ca3c360, 0x000002856ca3c830, 0x000002856ca3cd00,
0x000002856ca3d6a0, 0x000002856ca3db70, 0x000002856ca3e040, 0x000002856ca556f0,
0x000002856ca56560, 0x000002856ca56f00, 0x000002856ca56a30, 0x000002856ca59f20,
0x000002856ca573d0, 0x000002856ca5a3f0, 0x000002856ca58710, 0x000002856ca57d70,
0x000002856ca55220, 0x000002856ca5a8c0, 0x000002856ca54880, 0x000002856ca59a50,
0x000002856ca54d50, 0x000002856ca578a0, 0x000002856ca55bc0, 0x000002856ca5b730,
0x000002856ca59580, 0x000002856ca5b260, 0x000002856f57e380, 0x000002856f5138e0,
0x000002856f588920, 0x000002856f570870, 0x000002856f585090, 0x000002856f4df4e0,
0x000002856ca5ad90
}

Java Threads: ( => current thread )
  0x000002856b05b420 JavaThread "Reference Handler" daemon [_thread_blocked, id=26904, stack(0x000000d3cb700000,0x000000d3cb800000)]
  0x000002856b05c1a0 JavaThread "Finalizer" daemon [_thread_blocked, id=37388, stack(0x000000d3cb800000,0x000000d3cb900000)]
  0x000002856b08a800 JavaThread "Signal Dispatcher" daemon [_thread_blocked, id=14452, stack(0x000000d3cb900000,0x000000d3cba00000)]
  0x000002856b08d390 JavaThread "Attach Listener" daemon [_thread_blocked, id=35652, stack(0x000000d3cba00000,0x000000d3cbb00000)]
  0x000002856b08ec60 JavaThread "Service Thread" daemon [_thread_blocked, id=39192, stack(0x000000d3cbb00000,0x000000d3cbc00000)]
  0x000002856b08f520 JavaThread "Monitor Deflation Thread" daemon [_thread_blocked, id=21888, stack(0x000000d3cbc00000,0x000000d3cbd00000)]
  0x000002856b08fde0 JavaThread "C1 CompilerThread0" daemon [_thread_blocked, id=29040, stack(0x000000d3cbd00000,0x000000d3cbe00000)]
  0x000002856b091420 JavaThread "Sweeper thread" daemon [_thread_blocked, id=25052, stack(0x000000d3cbe00000,0x000000d3cbf00000)]
  0x000002856b2a3b60 JavaThread "C1 CompilerThread1" daemon [_thread_blocked, id=32516, stack(0x000000d3cbf00000,0x000000d3cc000000)]
  0x000002856b2ad100 JavaThread "C1 CompilerThread2" daemon [_thread_blocked, id=38492, stack(0x000000d3cc000000,0x000000d3cc100000)]
  0x000002856b2b5960 JavaThread "Notification Thread" daemon [_thread_blocked, id=3432, stack(0x000000d3cc100000,0x000000d3cc200000)]
  0x000002856b2b5e30 JavaThread "Common-Cleaner" daemon [_thread_blocked, id=36604, stack(0x000000d3cc300000,0x000000d3cc400000)]
  0x000002856bd5dd60 JavaThread "C1 CompilerThread3" daemon [_thread_blocked, id=31332, stack(0x000000d3cc400000,0x000000d3cc500000)]
  0x000002856bd51410 JavaThread "C1 CompilerThread4" daemon [_thread_blocked, id=28972, stack(0x000000d3cc500000,0x000000d3cc600000)]
  0x000002856c5ccf30 JavaThread "C1 CompilerThread5" daemon [_thread_blocked, id=39112, stack(0x000000d3cd400000,0x000000d3cd500000)]
  0x000002856c64e240 JavaThread "boundedElastic-evictor-1" daemon [_thread_blocked, id=37904, stack(0x000000d3cd500000,0x000000d3cd600000)]
  0x000002856c879cb0 JavaThread "pool-11-thread-1" [_thread_blocked, id=5396, stack(0x000000d3cd600000,0x000000d3cd700000)]
  0x000002856c8c9fa0 JavaThread "LanguageServerApp-lifecycle" [_thread_blocked, id=36168, stack(0x000000d3cd700000,0x000000d3cd800000)]
  0x0000028557c216a0 JavaThread "DestroyJavaVM" [_thread_blocked, id=33884, stack(0x000000d3cb000000,0x000000d3cb100000)]
  0x000002856c8cb480 JavaThread "pool-12-thread-1" [_thread_in_native, id=24428, stack(0x000000d3cd800000,0x000000d3cd900000)]
  0x000002856c963bf0 JavaThread "Simple-Language-Server main thread" daemon [_thread_blocked, id=20056, stack(0x000000d3cd900000,0x000000d3cda00000)]
  0x000002856c9654f0 JavaThread "ForkJoinPool.commonPool-worker-1" daemon [_thread_blocked, id=36076, stack(0x000000d3cda00000,0x000000d3cdb00000)]
  0x000002856ca3be90 JavaThread "ClassGraph-worker-0" daemon [_thread_blocked, id=36352, stack(0x000000d3cdb00000,0x000000d3cdc00000)]
  0x000002856ca3b9c0 JavaThread "ClassGraph-worker-1" daemon [_thread_blocked, id=20428, stack(0x000000d3cdc00000,0x000000d3cdd00000)]
  0x000002856ca3a680 JavaThread "ClassGraph-worker-2" daemon [_thread_blocked, id=8128, stack(0x000000d3cdd00000,0x000000d3cde00000)]
  0x000002856ca3ab50 JavaThread "ClassGraph-worker-3" daemon [_thread_blocked, id=38720, stack(0x000000d3cde00000,0x000000d3cdf00000)]
  0x000002856ca3d1d0 JavaThread "ClassGraph-worker-4" daemon [_thread_blocked, id=12444, stack(0x000000d3cdf00000,0x000000d3ce000000)]
  0x000002856ca3b4f0 JavaThread "parallel-1" daemon [_thread_blocked, id=36272, stack(0x000000d3ce000000,0x000000d3ce100000)]
  0x000002856ca3b020 JavaThread "ClassGraph-worker-5" daemon [_thread_blocked, id=18428, stack(0x000000d3ce100000,0x000000d3ce200000)]
  0x000002856ca3c360 JavaThread "ClassGraph-worker-6" daemon [_thread_blocked, id=17096, stack(0x000000d3ce200000,0x000000d3ce300000)]
  0x000002856ca3c830 JavaThread "ClassGraph-worker-7" daemon [_thread_blocked, id=39216, stack(0x000000d3ce300000,0x000000d3ce400000)]
  0x000002856ca3cd00 JavaThread "ClassGraph-worker-8" daemon [_thread_blocked, id=968, stack(0x000000d3ce400000,0x000000d3ce500000)]
  0x000002856ca3d6a0 JavaThread "ClassGraph-worker-9" daemon [_thread_blocked, id=38076, stack(0x000000d3ce500000,0x000000d3ce600000)]
  0x000002856ca3db70 JavaThread "ClassGraph-worker-10" daemon [_thread_blocked, id=39556, stack(0x000000d3ce600000,0x000000d3ce700000)]
  0x000002856ca3e040 JavaThread "ClassGraph-worker-11" daemon [_thread_blocked, id=21168, stack(0x000000d3ce700000,0x000000d3ce800000)]
  0x000002856ca556f0 JavaThread "ClassGraph-worker-12" daemon [_thread_blocked, id=34984, stack(0x000000d3ce800000,0x000000d3ce900000)]
  0x000002856ca56560 JavaThread "ClassGraph-worker-13" daemon [_thread_blocked, id=24184, stack(0x000000d3ce900000,0x000000d3cea00000)]
  0x000002856ca56f00 JavaThread "ClassGraph-worker-14" daemon [_thread_blocked, id=32812, stack(0x000000d3cea00000,0x000000d3ceb00000)]
  0x000002856ca56a30 JavaThread "ClassGraph-worker-15" daemon [_thread_blocked, id=25480, stack(0x000000d3ceb00000,0x000000d3cec00000)]
  0x000002856ca59f20 JavaThread "ClassGraph-worker-16" daemon [_thread_blocked, id=2928, stack(0x000000d3cec00000,0x000000d3ced00000)]
  0x000002856ca573d0 JavaThread "ClassGraph-worker-17" daemon [_thread_blocked, id=38884, stack(0x000000d3ced00000,0x000000d3cee00000)]
  0x000002856ca5a3f0 JavaThread "ClassGraph-worker-18" daemon [_thread_blocked, id=33976, stack(0x000000d3cee00000,0x000000d3cef00000)]
  0x000002856ca58710 JavaThread "ClassGraph-worker-19" daemon [_thread_blocked, id=38176, stack(0x000000d3cef00000,0x000000d3cf000000)]
  0x000002856ca57d70 JavaThread "ClassGraph-worker-20" daemon [_thread_blocked, id=26220, stack(0x000000d3cf000000,0x000000d3cf100000)]
  0x000002856ca55220 JavaThread "ClassGraph-worker-21" daemon [_thread_blocked, id=10404, stack(0x000000d3cf100000,0x000000d3cf200000)]
  0x000002856ca5a8c0 JavaThread "ClassGraph-worker-22" daemon [_thread_blocked, id=28448, stack(0x000000d3cf200000,0x000000d3cf300000)]
  0x000002856ca54880 JavaThread "ClassGraph-worker-23" daemon [_thread_blocked, id=33468, stack(0x000000d3cf300000,0x000000d3cf400000)]
  0x000002856ca59a50 JavaThread "pool-6-thread-1" [_thread_blocked, id=28988, stack(0x000000d3cfa00000,0x000000d3cfb00000)]
  0x000002856ca54d50 JavaThread "pool-10-thread-1" [_thread_blocked, id=15596, stack(0x000000d3cfb00000,0x000000d3cfc00000)]
  0x000002856ca578a0 JavaThread "parallel-2" daemon [_thread_blocked, id=1128, stack(0x000000d3cfc00000,0x000000d3cfd00000)]
  0x000002856ca55bc0 JavaThread "pool-10-thread-2" [_thread_blocked, id=21392, stack(0x000000d3cfd00000,0x000000d3cfe00000)]
  0x000002856ca5b730 JavaThread "parallel-3" daemon [_thread_blocked, id=32972, stack(0x000000d3cfe00000,0x000000d3cff00000)]
  0x000002856ca59580 JavaThread "Project-Reconciler-1" daemon [_thread_blocked, id=29656, stack(0x000000d3cff00000,0x000000d3d0000000)]
  0x000002856ca5b260 JavaThread "pool-10-thread-3" [_thread_blocked, id=38248, stack(0x000000d3d0000000,0x000000d3d0100000)]
  0x000002856f57e380 JavaThread "C1 CompilerThread6" daemon [_thread_blocked, id=10124, stack(0x000000d3d0100000,0x000000d3d0200000)]
  0x000002856f5138e0 JavaThread "C1 CompilerThread7" daemon [_thread_blocked, id=19720, stack(0x000000d3d0200000,0x000000d3d0300000)]
  0x000002856f588920 JavaThread "C1 CompilerThread8" daemon [_thread_blocked, id=39536, stack(0x000000d3d0300000,0x000000d3d0400000)]
  0x000002856f570870 JavaThread "C1 CompilerThread9" daemon [_thread_blocked, id=35820, stack(0x000000d3d0400000,0x000000d3d0500000)]
  0x000002856f585090 JavaThread "C1 CompilerThread10" daemon [_thread_blocked, id=27832, stack(0x000000d3d0500000,0x000000d3d0600000)]
  0x000002856f4df4e0 JavaThread "C1 CompilerThread11" daemon [_thread_blocked, id=35244, stack(0x000000d3d0600000,0x000000d3d0700000)]
  0x000002856ca5ad90 JavaThread "Project-Reconciler-2" daemon [_thread_blocked, id=17144, stack(0x000000d3d0700000,0x000000d3d0800000)]

Other Threads:
=>0x000002856b02e290 VMThread "VM Thread" [stack: 0x000000d3cb600000,0x000000d3cb700000] [id=19416]
  0x000002856b280010 WatcherThread [stack: 0x000000d3cc200000,0x000000d3cc300000] [id=39144]
  0x0000028557c92100 GCTaskThread "GC Thread#0" [stack: 0x000000d3cb100000,0x000000d3cb200000] [id=37072]
  0x000002856bdcb020 GCTaskThread "GC Thread#1" [stack: 0x000000d3cc600000,0x000000d3cc700000] [id=25820]
  0x000002856bdcb2d0 GCTaskThread "GC Thread#2" [stack: 0x000000d3cc700000,0x000000d3cc800000] [id=39912]
  0x000002856bdcb580 GCTaskThread "GC Thread#3" [stack: 0x000000d3cc800000,0x000000d3cc900000] [id=11060]
  0x000002856bdcb830 GCTaskThread "GC Thread#4" [stack: 0x000000d3cc900000,0x000000d3cca00000] [id=39772]
  0x000002856bdcbae0 GCTaskThread "GC Thread#5" [stack: 0x000000d3cca00000,0x000000d3ccb00000] [id=34860]
  0x000002856bff6f70 GCTaskThread "GC Thread#6" [stack: 0x000000d3ccb00000,0x000000d3ccc00000] [id=38480]
  0x000002856bff7220 GCTaskThread "GC Thread#7" [stack: 0x000000d3ccc00000,0x000000d3ccd00000] [id=27576]
  0x000002856bff74d0 GCTaskThread "GC Thread#8" [stack: 0x000000d3ccd00000,0x000000d3cce00000] [id=24968]
  0x000002856bff7d90 GCTaskThread "GC Thread#9" [stack: 0x000000d3cce00000,0x000000d3ccf00000] [id=24992]
  0x000002856c0ec840 GCTaskThread "GC Thread#10" [stack: 0x000000d3cd000000,0x000000d3cd100000] [id=21572]
  0x000002856c1917a0 GCTaskThread "GC Thread#11" [stack: 0x000000d3cd100000,0x000000d3cd200000] [id=16796]
  0x000002856c5a2870 GCTaskThread "GC Thread#12" [stack: 0x000000d3ccf00000,0x000000d3cd000000] [id=29104]
  0x0000028557ca2e90 ConcurrentGCThread "G1 Main Marker" [stack: 0x000000d3cb200000,0x000000d3cb300000] [id=920]
  0x0000028557ca3f50 ConcurrentGCThread "G1 Conc#0" [stack: 0x000000d3cb300000,0x000000d3cb400000] [id=39712]
  0x000002856c276050 ConcurrentGCThread "G1 Conc#1" [stack: 0x000000d3cd200000,0x000000d3cd300000] [id=7448]
  0x000002856c123b10 ConcurrentGCThread "G1 Conc#2" [stack: 0x000000d3cd300000,0x000000d3cd400000] [id=24260]
  0x0000028557cee470 ConcurrentGCThread "G1 Refine#0" [stack: 0x000000d3cb400000,0x000000d3cb500000] [id=32272]
  0x000002856f3db050 ConcurrentGCThread "G1 Refine#1" [stack: 0x000000d3cf400000,0x000000d3cf500000] [id=28908]
  0x000002856ee89c10 ConcurrentGCThread "G1 Refine#2" [stack: 0x000000d3cf500000,0x000000d3cf600000] [id=17896]
  0x000002856f3a9eb0 ConcurrentGCThread "G1 Refine#3" [stack: 0x000000d3cf600000,0x000000d3cf700000] [id=1828]
  0x000002856ee54770 ConcurrentGCThread "G1 Refine#4" [stack: 0x000000d3cf700000,0x000000d3cf800000] [id=9776]
  0x000002856cae9bc0 ConcurrentGCThread "G1 Refine#5" [stack: 0x000000d3cf800000,0x000000d3cf900000] [id=22536]
  0x000002856ca44aa0 ConcurrentGCThread "G1 Refine#6" [stack: 0x000000d3cf900000,0x000000d3cfa00000] [id=37444]
  0x000002856a602170 ConcurrentGCThread "G1 Service" [stack: 0x000000d3cb500000,0x000000d3cb600000] [id=22728]

Threads with active compile tasks:

VM state: at safepoint (normal execution)

VM Mutex/Monitor currently owned by a thread:  ([mutex/lock_event])
[0x0000028557c1e1b0] Threads_lock - owner thread: 0x000002856b02e290
[0x0000028557c1cf20] Heap_lock - owner thread: 0x000002856ca5a3f0

Heap address: 0x0000000700c00000, size: 4084 MB, Compressed Oops mode: Zero based, Oop shift amount: 3

CDS archive(s) not mapped
Compressed class space mapped at: 0x0000000800000000-0x0000000840000000, reserved size: 1073741824
Narrow klass base: 0x0000000800000000, Narrow klass shift: 0, Narrow klass range: 0x40000000

GC Precious Log:
 CPUs: 16 total, 16 available
 Memory: 16332M
 Large Page Support: Disabled
 NUMA Support: Disabled
 Compressed Oops: Enabled (Zero based)
 Heap Region Size: 2M
 Heap Min Capacity: 8M
 Heap Initial Capacity: 256M
 Heap Max Capacity: 4084M
 Pre-touch: Disabled
 Parallel Workers: 13
 Concurrent Workers: 3
 Concurrent Refinement Workers: 13
 Periodic GC: Disabled

Heap:
 garbage-first heap   total 432128K, used 117844K [0x0000000700c00000, 0x0000000800000000)
  region size 2048K, 10 young (20480K), 10 survivors (20480K)
 Metaspace       used 42043K, committed 42432K, reserved 1089536K
  class space    used 5217K, committed 5376K, reserved 1048576K

Heap Regions: E=young(eden), S=young(survivor), O=old, HS=humongous(starts), HC=humongous(continues), CS=collection set, F=free, OA=open archive, CA=closed archive, TAMS=top-at-mark-start (previous, next)
|   0|0x0000000700c00000, 0x0000000700e00000, 0x0000000700e00000|100%| O|  |TAMS 0x0000000700e00000, 0x0000000700c00000| Untracked 
|   1|0x0000000700e00000, 0x0000000701000000, 0x0000000701000000|100%| O|  |TAMS 0x0000000701000000, 0x0000000700e00000| Untracked 
|   2|0x0000000701000000, 0x0000000701200000, 0x0000000701200000|100%| O|  |TAMS 0x0000000701200000, 0x0000000701000000| Untracked 
|   3|0x0000000701200000, 0x00000007013e0c00, 0x0000000701400000| 93%| O|  |TAMS 0x00000007013e0c00, 0x0000000701200000| Untracked 
|   4|0x0000000701400000, 0x0000000701600000, 0x0000000701600000|100%| O|  |TAMS 0x0000000701600000, 0x0000000701400000| Untracked 
|   5|0x0000000701600000, 0x0000000701800000, 0x0000000701800000|100%| O|  |TAMS 0x0000000701800000, 0x0000000701600000| Untracked 
|   6|0x0000000701800000, 0x0000000701a00000, 0x0000000701a00000|100%| O|  |TAMS 0x0000000701a00000, 0x0000000701800000| Untracked 
|   7|0x0000000701a00000, 0x0000000701c00000, 0x0000000701c00000|100%| O|  |TAMS 0x0000000701c00000, 0x0000000701a00000| Untracked 
|   8|0x0000000701c00000, 0x0000000701e00000, 0x0000000701e00000|100%| O|  |TAMS 0x0000000701e00000, 0x0000000701c00000| Untracked 
|   9|0x0000000701e00000, 0x0000000702000000, 0x0000000702000000|100%| O|  |TAMS 0x0000000702000000, 0x0000000701e00000| Untracked 
|  10|0x0000000702000000, 0x00000007020e3800, 0x0000000702200000| 44%| O|  |TAMS 0x00000007020e3800, 0x0000000702000000| Untracked 
|  11|0x0000000702200000, 0x0000000702400000, 0x0000000702400000|100%| O|  |TAMS 0x0000000702200000, 0x0000000702200000| Untracked 
|  12|0x0000000702400000, 0x0000000702600000, 0x0000000702600000|100%| O|  |TAMS 0x0000000702400000, 0x0000000702400000| Untracked 
|  13|0x0000000702600000, 0x0000000702800000, 0x0000000702800000|100%| O|  |TAMS 0x0000000702600000, 0x0000000702600000| Untracked 
|  14|0x0000000702800000, 0x0000000702a00000, 0x0000000702a00000|100%| O|  |TAMS 0x0000000702800000, 0x0000000702800000| Untracked 
|  15|0x0000000702a00000, 0x0000000702c00000, 0x0000000702c00000|100%| O|  |TAMS 0x0000000702a00000, 0x0000000702a00000| Untracked 
|  16|0x0000000702c00000, 0x0000000702e00000, 0x0000000702e00000|100%| O|  |TAMS 0x0000000702c00000, 0x0000000702c00000| Untracked 
|  17|0x0000000702e00000, 0x0000000703000000, 0x0000000703000000|100%| O|  |TAMS 0x0000000702e00000, 0x0000000702e00000| Untracked 
|  18|0x0000000703000000, 0x0000000703200000, 0x0000000703200000|100%| O|  |TAMS 0x0000000703000000, 0x0000000703000000| Untracked 
|  19|0x0000000703200000, 0x0000000703400000, 0x0000000703400000|100%| O|  |TAMS 0x0000000703200000, 0x0000000703200000| Untracked 
|  20|0x0000000703400000, 0x0000000703600000, 0x0000000703600000|100%| O|  |TAMS 0x0000000703400000, 0x0000000703400000| Untracked 
|  21|0x0000000703600000, 0x0000000703800000, 0x0000000703800000|100%| O|  |TAMS 0x0000000703600000, 0x0000000703600000| Untracked 
|  22|0x0000000703800000, 0x0000000703a00000, 0x0000000703a00000|100%| O|  |TAMS 0x0000000703800000, 0x0000000703800000| Untracked 
|  23|0x0000000703a00000, 0x0000000703c00000, 0x0000000703c00000|100%| O|  |TAMS 0x0000000703a00000, 0x0000000703a00000| Untracked 
|  24|0x0000000703c00000, 0x0000000703e00000, 0x0000000703e00000|100%| O|  |TAMS 0x0000000703c00000, 0x0000000703c00000| Untracked 
|  25|0x0000000703e00000, 0x0000000704000000, 0x0000000704000000|100%| O|  |TAMS 0x0000000703e00000, 0x0000000703e00000| Untracked 
|  26|0x0000000704000000, 0x0000000704200000, 0x0000000704200000|100%| O|  |TAMS 0x0000000704000000, 0x0000000704000000| Untracked 
|  27|0x0000000704200000, 0x0000000704400000, 0x0000000704400000|100%| O|  |TAMS 0x0000000704200000, 0x0000000704200000| Untracked 
|  28|0x0000000704400000, 0x0000000704600000, 0x0000000704600000|100%| O|  |TAMS 0x0000000704400000, 0x0000000704400000| Untracked 
|  29|0x0000000704600000, 0x0000000704800000, 0x0000000704800000|100%| O|  |TAMS 0x0000000704600000, 0x0000000704600000| Untracked 
|  30|0x0000000704800000, 0x0000000704a00000, 0x0000000704a00000|100%| O|  |TAMS 0x0000000704800000, 0x0000000704800000| Untracked 
|  31|0x0000000704a00000, 0x0000000704c00000, 0x0000000704c00000|100%| O|  |TAMS 0x0000000704a00000, 0x0000000704a00000| Untracked 
|  32|0x0000000704c00000, 0x0000000704e00000, 0x0000000704e00000|100%| O|  |TAMS 0x0000000704c00000, 0x0000000704c00000| Untracked 
|  33|0x0000000704e00000, 0x0000000705000000, 0x0000000705000000|100%| O|  |TAMS 0x0000000704e00000, 0x0000000704e00000| Untracked 
|  34|0x0000000705000000, 0x0000000705200000, 0x0000000705200000|100%| O|  |TAMS 0x0000000705000000, 0x0000000705000000| Untracked 
|  35|0x0000000705200000, 0x0000000705400000, 0x0000000705400000|100%| O|  |TAMS 0x0000000705200000, 0x0000000705200000| Untracked 
|  36|0x0000000705400000, 0x0000000705600000, 0x0000000705600000|100%| O|  |TAMS 0x0000000705400000, 0x0000000705400000| Untracked 
|  37|0x0000000705600000, 0x0000000705800000, 0x0000000705800000|100%| O|  |TAMS 0x0000000705600000, 0x0000000705600000| Untracked 
|  38|0x0000000705800000, 0x0000000705a00000, 0x0000000705a00000|100%| O|  |TAMS 0x0000000705800000, 0x0000000705800000| Untracked 
|  39|0x0000000705a00000, 0x0000000705c00000, 0x0000000705c00000|100%| O|  |TAMS 0x0000000705a00000, 0x0000000705a00000| Untracked 
|  40|0x0000000705c00000, 0x0000000705e00000, 0x0000000705e00000|100%| O|  |TAMS 0x0000000705c00000, 0x0000000705c00000| Untracked 
|  41|0x0000000705e00000, 0x0000000706000000, 0x0000000706000000|100%| O|  |TAMS 0x0000000705e00000, 0x0000000705e00000| Untracked 
|  42|0x0000000706000000, 0x0000000706200000, 0x0000000706200000|100%| O|  |TAMS 0x0000000706000000, 0x0000000706000000| Untracked 
|  43|0x0000000706200000, 0x0000000706400000, 0x0000000706400000|100%| O|  |TAMS 0x0000000706200000, 0x0000000706200000| Untracked 
|  44|0x0000000706400000, 0x0000000706600000, 0x0000000706600000|100%| O|  |TAMS 0x0000000706400000, 0x0000000706400000| Untracked 
|  45|0x0000000706600000, 0x0000000706800000, 0x0000000706800000|100%| O|  |TAMS 0x0000000706600000, 0x0000000706600000| Untracked 
|  46|0x0000000706800000, 0x0000000706a00000, 0x0000000706a00000|100%| O|  |TAMS 0x0000000706800000, 0x0000000706800000| Untracked 
|  47|0x0000000706a00000, 0x0000000706c00000, 0x0000000706c00000|100%| O|  |TAMS 0x0000000706a00000, 0x0000000706a00000| Untracked 
|  48|0x0000000706c00000, 0x0000000706c5a000, 0x0000000706e00000| 17%| O|  |TAMS 0x0000000706c00000, 0x0000000706c00000| Untracked 
|  49|0x0000000706e00000, 0x0000000706e00000, 0x0000000707000000|  0%| F|  |TAMS 0x0000000706e00000, 0x0000000706e00000| Untracked 
|  50|0x0000000707000000, 0x0000000707000000, 0x0000000707200000|  0%| F|  |TAMS 0x0000000707000000, 0x0000000707000000| Untracked 
|  51|0x0000000707200000, 0x0000000707200000, 0x0000000707400000|  0%| F|  |TAMS 0x0000000707200000, 0x0000000707200000| Untracked 
|  52|0x0000000707400000, 0x0000000707400000, 0x0000000707600000|  0%| F|  |TAMS 0x0000000707400000, 0x0000000707400000| Untracked 
|  53|0x0000000707600000, 0x0000000707600000, 0x0000000707800000|  0%| F|  |TAMS 0x0000000707600000, 0x0000000707600000| Untracked 
|  54|0x0000000707800000, 0x0000000707800000, 0x0000000707a00000|  0%| F|  |TAMS 0x0000000707800000, 0x0000000707800000| Untracked 
|  55|0x0000000707a00000, 0x0000000707a00000, 0x0000000707c00000|  0%| F|  |TAMS 0x0000000707a00000, 0x0000000707a00000| Untracked 
|  56|0x0000000707c00000, 0x0000000707c00000, 0x0000000707e00000|  0%| F|  |TAMS 0x0000000707c00000, 0x0000000707c00000| Untracked 
|  57|0x0000000707e00000, 0x0000000707e00000, 0x0000000708000000|  0%| F|  |TAMS 0x0000000707e00000, 0x0000000707e00000| Untracked 
|  58|0x0000000708000000, 0x0000000708000000, 0x0000000708200000|  0%| F|  |TAMS 0x0000000708000000, 0x0000000708000000| Untracked 
|  59|0x0000000708200000, 0x0000000708200000, 0x0000000708400000|  0%| F|  |TAMS 0x0000000708200000, 0x0000000708200000| Untracked 
|  60|0x0000000708400000, 0x0000000708400000, 0x0000000708600000|  0%| F|  |TAMS 0x0000000708400000, 0x0000000708400000| Untracked 
|  61|0x0000000708600000, 0x0000000708600000, 0x0000000708800000|  0%| F|  |TAMS 0x0000000708600000, 0x0000000708600000| Untracked 
|  62|0x0000000708800000, 0x0000000708800000, 0x0000000708a00000|  0%| F|  |TAMS 0x0000000708800000, 0x0000000708800000| Untracked 
|  63|0x0000000708a00000, 0x0000000708a00000, 0x0000000708c00000|  0%| F|  |TAMS 0x0000000708a00000, 0x0000000708a00000| Untracked 
|  64|0x0000000708c00000, 0x0000000708c00000, 0x0000000708e00000|  0%| F|  |TAMS 0x0000000708c00000, 0x0000000708c00000| Untracked 
|  65|0x0000000708e00000, 0x0000000708e00000, 0x0000000709000000|  0%| F|  |TAMS 0x0000000708e00000, 0x0000000708e00000| Untracked 
|  66|0x0000000709000000, 0x0000000709000000, 0x0000000709200000|  0%| F|  |TAMS 0x0000000709000000, 0x0000000709000000| Untracked 
|  67|0x0000000709200000, 0x0000000709200000, 0x0000000709400000|  0%| F|  |TAMS 0x0000000709200000, 0x0000000709200000| Untracked 
|  68|0x0000000709400000, 0x0000000709400000, 0x0000000709600000|  0%| F|  |TAMS 0x0000000709400000, 0x0000000709400000| Untracked 
|  69|0x0000000709600000, 0x0000000709600000, 0x0000000709800000|  0%| F|  |TAMS 0x0000000709600000, 0x0000000709600000| Untracked 
|  70|0x0000000709800000, 0x0000000709800000, 0x0000000709a00000|  0%| F|  |TAMS 0x0000000709800000, 0x0000000709800000| Untracked 
|  71|0x0000000709a00000, 0x0000000709a00000, 0x0000000709c00000|  0%| F|  |TAMS 0x0000000709a00000, 0x0000000709a00000| Untracked 
|  72|0x0000000709c00000, 0x0000000709c00000, 0x0000000709e00000|  0%| F|  |TAMS 0x0000000709c00000, 0x0000000709c00000| Untracked 
|  73|0x0000000709e00000, 0x0000000709e00000, 0x000000070a000000|  0%| F|  |TAMS 0x0000000709e00000, 0x0000000709e00000| Untracked 
|  74|0x000000070a000000, 0x000000070a000000, 0x000000070a200000|  0%| F|  |TAMS 0x000000070a000000, 0x000000070a000000| Untracked 
|  75|0x000000070a200000, 0x000000070a3f6d68, 0x000000070a400000| 98%| S|CS|TAMS 0x000000070a200000, 0x000000070a200000| Complete 
|  76|0x000000070a400000, 0x000000070a600000, 0x000000070a600000|100%| S|CS|TAMS 0x000000070a400000, 0x000000070a400000| Complete 
|  77|0x000000070a600000, 0x000000070a800000, 0x000000070a800000|100%| S|CS|TAMS 0x000000070a600000, 0x000000070a600000| Complete 
|  78|0x000000070a800000, 0x000000070aa00000, 0x000000070aa00000|100%| S|CS|TAMS 0x000000070a800000, 0x000000070a800000| Complete 
|  79|0x000000070aa00000, 0x000000070ac00000, 0x000000070ac00000|100%| S|CS|TAMS 0x000000070aa00000, 0x000000070aa00000| Complete 
|  80|0x000000070ac00000, 0x000000070ae00000, 0x000000070ae00000|100%| S|CS|TAMS 0x000000070ac00000, 0x000000070ac00000| Complete 
|  81|0x000000070ae00000, 0x000000070b000000, 0x000000070b000000|100%| S|CS|TAMS 0x000000070ae00000, 0x000000070ae00000| Complete 
|  82|0x000000070b000000, 0x000000070b200000, 0x000000070b200000|100%| S|CS|TAMS 0x000000070b000000, 0x000000070b000000| Complete 
|  83|0x000000070b200000, 0x000000070b400000, 0x000000070b400000|100%| S|CS|TAMS 0x000000070b200000, 0x000000070b200000| Complete 
|  84|0x000000070b400000, 0x000000070b600000, 0x000000070b600000|100%| S|CS|TAMS 0x000000070b400000, 0x000000070b400000| Complete 
|  85|0x000000070b600000, 0x000000070b600000, 0x000000070b800000|  0%| F|  |TAMS 0x000000070b600000, 0x000000070b600000| Untracked 
|  86|0x000000070b800000, 0x000000070b800000, 0x000000070ba00000|  0%| F|  |TAMS 0x000000070b800000, 0x000000070b800000| Untracked 
|  87|0x000000070ba00000, 0x000000070ba00000, 0x000000070bc00000|  0%| F|  |TAMS 0x000000070ba00000, 0x000000070ba00000| Untracked 
|  88|0x000000070bc00000, 0x000000070bc00000, 0x000000070be00000|  0%| F|  |TAMS 0x000000070bc00000, 0x000000070bc00000| Untracked 
|  89|0x000000070be00000, 0x000000070be00000, 0x000000070c000000|  0%| F|  |TAMS 0x000000070be00000, 0x000000070be00000| Untracked 
|  90|0x000000070c000000, 0x000000070c000000, 0x000000070c200000|  0%| F|  |TAMS 0x000000070c000000, 0x000000070c000000| Untracked 
|  91|0x000000070c200000, 0x000000070c200000, 0x000000070c400000|  0%| F|  |TAMS 0x000000070c200000, 0x000000070c200000| Untracked 
|  92|0x000000070c400000, 0x000000070c400000, 0x000000070c600000|  0%| F|  |TAMS 0x000000070c400000, 0x000000070c400000| Untracked 
|  93|0x000000070c600000, 0x000000070c600000, 0x000000070c800000|  0%| F|  |TAMS 0x000000070c600000, 0x000000070c600000| Untracked 
|  94|0x000000070c800000, 0x000000070c800000, 0x000000070ca00000|  0%| F|  |TAMS 0x000000070c800000, 0x000000070c800000| Untracked 
|  95|0x000000070ca00000, 0x000000070ca00000, 0x000000070cc00000|  0%| F|  |TAMS 0x000000070ca00000, 0x000000070ca00000| Untracked 
|  96|0x000000070cc00000, 0x000000070cc00000, 0x000000070ce00000|  0%| F|  |TAMS 0x000000070cc00000, 0x000000070cc00000| Untracked 
|  97|0x000000070ce00000, 0x000000070ce00000, 0x000000070d000000|  0%| F|  |TAMS 0x000000070ce00000, 0x000000070ce00000| Untracked 
|  98|0x000000070d000000, 0x000000070d000000, 0x000000070d200000|  0%| F|  |TAMS 0x000000070d000000, 0x000000070d000000| Untracked 
|  99|0x000000070d200000, 0x000000070d200000, 0x000000070d400000|  0%| F|  |TAMS 0x000000070d200000, 0x000000070d200000| Untracked 
| 100|0x000000070d400000, 0x000000070d400000, 0x000000070d600000|  0%| F|  |TAMS 0x000000070d400000, 0x000000070d400000| Untracked 
| 101|0x000000070d600000, 0x000000070d600000, 0x000000070d800000|  0%| F|  |TAMS 0x000000070d600000, 0x000000070d600000| Untracked 
| 102|0x000000070d800000, 0x000000070d800000, 0x000000070da00000|  0%| F|  |TAMS 0x000000070d800000, 0x000000070d800000| Untracked 
| 103|0x000000070da00000, 0x000000070da00000, 0x000000070dc00000|  0%| F|  |TAMS 0x000000070da00000, 0x000000070da00000| Untracked 
| 104|0x000000070dc00000, 0x000000070dc00000, 0x000000070de00000|  0%| F|  |TAMS 0x000000070dc00000, 0x000000070dc00000| Untracked 
| 105|0x000000070de00000, 0x000000070de00000, 0x000000070e000000|  0%| F|  |TAMS 0x000000070de00000, 0x000000070de00000| Untracked 
| 106|0x000000070e000000, 0x000000070e000000, 0x000000070e200000|  0%| F|  |TAMS 0x000000070e000000, 0x000000070e000000| Untracked 
| 107|0x000000070e200000, 0x000000070e200000, 0x000000070e400000|  0%| F|  |TAMS 0x000000070e200000, 0x000000070e200000| Untracked 
| 108|0x000000070e400000, 0x000000070e400000, 0x000000070e600000|  0%| F|  |TAMS 0x000000070e400000, 0x000000070e400000| Untracked 
| 109|0x000000070e600000, 0x000000070e600000, 0x000000070e800000|  0%| F|  |TAMS 0x000000070e600000, 0x000000070e600000| Untracked 
| 110|0x000000070e800000, 0x000000070e800000, 0x000000070ea00000|  0%| F|  |TAMS 0x000000070e800000, 0x000000070e800000| Untracked 
| 111|0x000000070ea00000, 0x000000070ea00000, 0x000000070ec00000|  0%| F|  |TAMS 0x000000070ea00000, 0x000000070ea00000| Untracked 
| 112|0x000000070ec00000, 0x000000070ec00000, 0x000000070ee00000|  0%| F|  |TAMS 0x000000070ec00000, 0x000000070ec00000| Untracked 
| 113|0x000000070ee00000, 0x000000070ee00000, 0x000000070f000000|  0%| F|  |TAMS 0x000000070ee00000, 0x000000070ee00000| Untracked 
| 114|0x000000070f000000, 0x000000070f000000, 0x000000070f200000|  0%| F|  |TAMS 0x000000070f000000, 0x000000070f000000| Untracked 
| 115|0x000000070f200000, 0x000000070f200000, 0x000000070f400000|  0%| F|  |TAMS 0x000000070f200000, 0x000000070f200000| Untracked 
| 116|0x000000070f400000, 0x000000070f400000, 0x000000070f600000|  0%| F|  |TAMS 0x000000070f400000, 0x000000070f400000| Untracked 
| 117|0x000000070f600000, 0x000000070f600000, 0x000000070f800000|  0%| F|  |TAMS 0x000000070f600000, 0x000000070f600000| Untracked 
| 118|0x000000070f800000, 0x000000070f800000, 0x000000070fa00000|  0%| F|  |TAMS 0x000000070f800000, 0x000000070f800000| Untracked 
| 119|0x000000070fa00000, 0x000000070fa00000, 0x000000070fc00000|  0%| F|  |TAMS 0x000000070fa00000, 0x000000070fa00000| Untracked 
| 120|0x000000070fc00000, 0x000000070fc00000, 0x000000070fe00000|  0%| F|  |TAMS 0x000000070fc00000, 0x000000070fc00000| Untracked 
| 121|0x000000070fe00000, 0x000000070fe00000, 0x0000000710000000|  0%| F|  |TAMS 0x000000070fe00000, 0x000000070fe00000| Untracked 
| 122|0x0000000710000000, 0x0000000710000000, 0x0000000710200000|  0%| F|  |TAMS 0x0000000710000000, 0x0000000710000000| Untracked 
| 123|0x0000000710200000, 0x0000000710200000, 0x0000000710400000|  0%| F|  |TAMS 0x0000000710200000, 0x0000000710200000| Untracked 
| 124|0x0000000710400000, 0x0000000710400000, 0x0000000710600000|  0%| F|  |TAMS 0x0000000710400000, 0x0000000710400000| Untracked 
| 125|0x0000000710600000, 0x0000000710600000, 0x0000000710800000|  0%| F|  |TAMS 0x0000000710600000, 0x0000000710600000| Untracked 
| 126|0x0000000710800000, 0x0000000710800000, 0x0000000710a00000|  0%| F|  |TAMS 0x0000000710800000, 0x0000000710800000| Untracked 
| 127|0x0000000710a00000, 0x0000000710a00000, 0x0000000710c00000|  0%| F|  |TAMS 0x0000000710a00000, 0x0000000710a00000| Untracked 
| 128|0x0000000710c00000, 0x0000000710c00000, 0x0000000710e00000|  0%| F|  |TAMS 0x0000000710c00000, 0x0000000710c00000| Untracked 
| 129|0x0000000710e00000, 0x0000000710e00000, 0x0000000711000000|  0%| F|  |TAMS 0x0000000710e00000, 0x0000000710e00000| Untracked 
| 130|0x0000000711000000, 0x0000000711000000, 0x0000000711200000|  0%| F|  |TAMS 0x0000000711000000, 0x0000000711000000| Untracked 
| 131|0x0000000711200000, 0x0000000711200000, 0x0000000711400000|  0%| F|  |TAMS 0x0000000711200000, 0x0000000711200000| Untracked 
| 132|0x0000000711400000, 0x0000000711400000, 0x0000000711600000|  0%| F|  |TAMS 0x0000000711400000, 0x0000000711400000| Untracked 
| 133|0x0000000711600000, 0x0000000711600000, 0x0000000711800000|  0%| F|  |TAMS 0x0000000711600000, 0x0000000711600000| Untracked 
| 134|0x0000000711800000, 0x0000000711800000, 0x0000000711a00000|  0%| F|  |TAMS 0x0000000711800000, 0x0000000711800000| Untracked 
| 135|0x0000000711a00000, 0x0000000711a00000, 0x0000000711c00000|  0%| F|  |TAMS 0x0000000711a00000, 0x0000000711a00000| Untracked 
| 136|0x0000000711c00000, 0x0000000711c00000, 0x0000000711e00000|  0%| F|  |TAMS 0x0000000711c00000, 0x0000000711c00000| Untracked 
| 137|0x0000000711e00000, 0x0000000711e00000, 0x0000000712000000|  0%| F|  |TAMS 0x0000000711e00000, 0x0000000711e00000| Untracked 
| 138|0x0000000712000000, 0x0000000712000000, 0x0000000712200000|  0%| F|  |TAMS 0x0000000712000000, 0x0000000712000000| Untracked 
| 139|0x0000000712200000, 0x0000000712200000, 0x0000000712400000|  0%| F|  |TAMS 0x0000000712200000, 0x0000000712200000| Untracked 
| 140|0x0000000712400000, 0x0000000712400000, 0x0000000712600000|  0%| F|  |TAMS 0x0000000712400000, 0x0000000712400000| Untracked 
| 141|0x0000000712600000, 0x0000000712600000, 0x0000000712800000|  0%| F|  |TAMS 0x0000000712600000, 0x0000000712600000| Untracked 
| 142|0x0000000712800000, 0x0000000712800000, 0x0000000712a00000|  0%| F|  |TAMS 0x0000000712800000, 0x0000000712800000| Untracked 
| 143|0x0000000712a00000, 0x0000000712a00000, 0x0000000712c00000|  0%| F|  |TAMS 0x0000000712a00000, 0x0000000712a00000| Untracked 
| 144|0x0000000712c00000, 0x0000000712c00000, 0x0000000712e00000|  0%| F|  |TAMS 0x0000000712c00000, 0x0000000712c00000| Untracked 
| 145|0x0000000712e00000, 0x0000000712e00000, 0x0000000713000000|  0%| F|  |TAMS 0x0000000712e00000, 0x0000000712e00000| Untracked 
| 146|0x0000000713000000, 0x0000000713000000, 0x0000000713200000|  0%| F|  |TAMS 0x0000000713000000, 0x0000000713000000| Untracked 
| 147|0x0000000713200000, 0x0000000713200000, 0x0000000713400000|  0%| F|  |TAMS 0x0000000713200000, 0x0000000713200000| Untracked 
| 148|0x0000000713400000, 0x0000000713400000, 0x0000000713600000|  0%| F|  |TAMS 0x0000000713400000, 0x0000000713400000| Untracked 
| 149|0x0000000713600000, 0x0000000713600000, 0x0000000713800000|  0%| F|  |TAMS 0x0000000713600000, 0x0000000713600000| Untracked 
| 150|0x0000000713800000, 0x0000000713800000, 0x0000000713a00000|  0%| F|  |TAMS 0x0000000713800000, 0x0000000713800000| Untracked 
| 151|0x0000000713a00000, 0x0000000713a00000, 0x0000000713c00000|  0%| F|  |TAMS 0x0000000713a00000, 0x0000000713a00000| Untracked 
| 152|0x0000000713c00000, 0x0000000713c00000, 0x0000000713e00000|  0%| F|  |TAMS 0x0000000713c00000, 0x0000000713c00000| Untracked 
| 153|0x0000000713e00000, 0x0000000713e00000, 0x0000000714000000|  0%| F|  |TAMS 0x0000000713e00000, 0x0000000713e00000| Untracked 
| 154|0x0000000714000000, 0x0000000714000000, 0x0000000714200000|  0%| F|  |TAMS 0x0000000714000000, 0x0000000714000000| Untracked 
| 155|0x0000000714200000, 0x0000000714200000, 0x0000000714400000|  0%| F|  |TAMS 0x0000000714200000, 0x0000000714200000| Untracked 
| 156|0x0000000714400000, 0x0000000714400000, 0x0000000714600000|  0%| F|  |TAMS 0x0000000714400000, 0x0000000714400000| Untracked 
| 157|0x0000000714600000, 0x0000000714600000, 0x0000000714800000|  0%| F|  |TAMS 0x0000000714600000, 0x0000000714600000| Untracked 
| 158|0x0000000714800000, 0x0000000714800000, 0x0000000714a00000|  0%| F|  |TAMS 0x0000000714800000, 0x0000000714800000| Untracked 
| 159|0x0000000714a00000, 0x0000000714a00000, 0x0000000714c00000|  0%| F|  |TAMS 0x0000000714a00000, 0x0000000714a00000| Untracked 
| 160|0x0000000714c00000, 0x0000000714c00000, 0x0000000714e00000|  0%| F|  |TAMS 0x0000000714c00000, 0x0000000714c00000| Untracked 
| 161|0x0000000714e00000, 0x0000000714e00000, 0x0000000715000000|  0%| F|  |TAMS 0x0000000714e00000, 0x0000000714e00000| Untracked 
| 162|0x0000000715000000, 0x0000000715000000, 0x0000000715200000|  0%| F|  |TAMS 0x0000000715000000, 0x0000000715000000| Untracked 
| 163|0x0000000715200000, 0x0000000715200000, 0x0000000715400000|  0%| F|  |TAMS 0x0000000715200000, 0x0000000715200000| Untracked 
| 164|0x0000000715400000, 0x0000000715400000, 0x0000000715600000|  0%| F|  |TAMS 0x0000000715400000, 0x0000000715400000| Untracked 
| 165|0x0000000715600000, 0x0000000715600000, 0x0000000715800000|  0%| F|  |TAMS 0x0000000715600000, 0x0000000715600000| Untracked 
| 166|0x0000000715800000, 0x0000000715800000, 0x0000000715a00000|  0%| F|  |TAMS 0x0000000715800000, 0x0000000715800000| Untracked 
| 167|0x0000000715a00000, 0x0000000715a00000, 0x0000000715c00000|  0%| F|  |TAMS 0x0000000715a00000, 0x0000000715a00000| Untracked 
| 168|0x0000000715c00000, 0x0000000715c00000, 0x0000000715e00000|  0%| F|  |TAMS 0x0000000715c00000, 0x0000000715c00000| Untracked 
| 169|0x0000000715e00000, 0x0000000715e00000, 0x0000000716000000|  0%| F|  |TAMS 0x0000000715e00000, 0x0000000715e00000| Untracked 
| 170|0x0000000716000000, 0x0000000716000000, 0x0000000716200000|  0%| F|  |TAMS 0x0000000716000000, 0x0000000716000000| Untracked 
| 171|0x0000000716200000, 0x0000000716200000, 0x0000000716400000|  0%| F|  |TAMS 0x0000000716200000, 0x0000000716200000| Untracked 
| 172|0x0000000716400000, 0x0000000716400000, 0x0000000716600000|  0%| F|  |TAMS 0x0000000716400000, 0x0000000716400000| Untracked 
| 173|0x0000000716600000, 0x0000000716600000, 0x0000000716800000|  0%| F|  |TAMS 0x0000000716600000, 0x0000000716600000| Untracked 
| 174|0x0000000716800000, 0x0000000716800000, 0x0000000716a00000|  0%| F|  |TAMS 0x0000000716800000, 0x0000000716800000| Untracked 
| 175|0x0000000716a00000, 0x0000000716a00000, 0x0000000716c00000|  0%| F|  |TAMS 0x0000000716a00000, 0x0000000716a00000| Untracked 
| 176|0x0000000716c00000, 0x0000000716c00000, 0x0000000716e00000|  0%| F|  |TAMS 0x0000000716c00000, 0x0000000716c00000| Untracked 
| 177|0x0000000716e00000, 0x0000000716e00000, 0x0000000717000000|  0%| F|  |TAMS 0x0000000716e00000, 0x0000000716e00000| Untracked 
| 178|0x0000000717000000, 0x0000000717000000, 0x0000000717200000|  0%| F|  |TAMS 0x0000000717000000, 0x0000000717000000| Untracked 
| 179|0x0000000717200000, 0x0000000717200000, 0x0000000717400000|  0%| F|  |TAMS 0x0000000717200000, 0x0000000717200000| Untracked 
| 180|0x0000000717400000, 0x0000000717400000, 0x0000000717600000|  0%| F|  |TAMS 0x0000000717400000, 0x0000000717400000| Untracked 
| 181|0x0000000717600000, 0x0000000717600000, 0x0000000717800000|  0%| F|  |TAMS 0x0000000717600000, 0x0000000717600000| Untracked 
| 182|0x0000000717800000, 0x0000000717800000, 0x0000000717a00000|  0%| F|  |TAMS 0x0000000717800000, 0x0000000717800000| Untracked 
| 183|0x0000000717a00000, 0x0000000717a00000, 0x0000000717c00000|  0%| F|  |TAMS 0x0000000717a00000, 0x0000000717a00000| Untracked 
| 184|0x0000000717c00000, 0x0000000717c00000, 0x0000000717e00000|  0%| F|  |TAMS 0x0000000717c00000, 0x0000000717c00000| Untracked 
| 185|0x0000000717e00000, 0x0000000717e00000, 0x0000000718000000|  0%| F|  |TAMS 0x0000000717e00000, 0x0000000717e00000| Untracked 
| 186|0x0000000718000000, 0x0000000718000000, 0x0000000718200000|  0%| F|  |TAMS 0x0000000718000000, 0x0000000718000000| Untracked 
| 187|0x0000000718200000, 0x0000000718200000, 0x0000000718400000|  0%| F|  |TAMS 0x0000000718200000, 0x0000000718200000| Untracked 
| 188|0x0000000718400000, 0x0000000718400000, 0x0000000718600000|  0%| F|  |TAMS 0x0000000718400000, 0x0000000718400000| Untracked 
| 189|0x0000000718600000, 0x0000000718600000, 0x0000000718800000|  0%| F|  |TAMS 0x0000000718600000, 0x0000000718600000| Untracked 
| 190|0x0000000718800000, 0x0000000718800000, 0x0000000718a00000|  0%| F|  |TAMS 0x0000000718800000, 0x0000000718800000| Untracked 
| 191|0x0000000718a00000, 0x0000000718a00000, 0x0000000718c00000|  0%| F|  |TAMS 0x0000000718a00000, 0x0000000718a00000| Untracked 
| 192|0x0000000718c00000, 0x0000000718c00000, 0x0000000718e00000|  0%| F|  |TAMS 0x0000000718c00000, 0x0000000718c00000| Untracked 
| 193|0x0000000718e00000, 0x0000000718e00000, 0x0000000719000000|  0%| F|  |TAMS 0x0000000718e00000, 0x0000000718e00000| Untracked 
| 194|0x0000000719000000, 0x0000000719000000, 0x0000000719200000|  0%| F|  |TAMS 0x0000000719000000, 0x0000000719000000| Untracked 
| 195|0x0000000719200000, 0x0000000719200000, 0x0000000719400000|  0%| F|  |TAMS 0x0000000719200000, 0x0000000719200000| Untracked 
| 196|0x0000000719400000, 0x0000000719400000, 0x0000000719600000|  0%| F|  |TAMS 0x0000000719400000, 0x0000000719400000| Untracked 
| 197|0x0000000719600000, 0x0000000719600000, 0x0000000719800000|  0%| F|  |TAMS 0x0000000719600000, 0x0000000719600000| Untracked 
| 198|0x0000000719800000, 0x0000000719800000, 0x0000000719a00000|  0%| F|  |TAMS 0x0000000719800000, 0x0000000719800000| Untracked 
| 199|0x0000000719a00000, 0x0000000719a00000, 0x0000000719c00000|  0%| F|  |TAMS 0x0000000719a00000, 0x0000000719a00000| Untracked 
| 200|0x0000000719c00000, 0x0000000719c00000, 0x0000000719e00000|  0%| F|  |TAMS 0x0000000719c00000, 0x0000000719c00000| Untracked 
| 201|0x0000000719e00000, 0x0000000719e00000, 0x000000071a000000|  0%| F|  |TAMS 0x0000000719e00000, 0x0000000719e00000| Untracked 
| 202|0x000000071a000000, 0x000000071a000000, 0x000000071a200000|  0%| F|  |TAMS 0x000000071a000000, 0x000000071a000000| Untracked 
| 203|0x000000071a200000, 0x000000071a200000, 0x000000071a400000|  0%| F|  |TAMS 0x000000071a200000, 0x000000071a200000| Untracked 
| 204|0x000000071a400000, 0x000000071a400000, 0x000000071a600000|  0%| F|  |TAMS 0x000000071a400000, 0x000000071a400000| Untracked 
| 205|0x000000071a600000, 0x000000071a600000, 0x000000071a800000|  0%| F|  |TAMS 0x000000071a600000, 0x000000071a600000| Untracked 
| 206|0x000000071a800000, 0x000000071a800000, 0x000000071aa00000|  0%| F|  |TAMS 0x000000071a800000, 0x000000071a800000| Untracked 
| 207|0x000000071aa00000, 0x000000071aa00000, 0x000000071ac00000|  0%| F|  |TAMS 0x000000071aa00000, 0x000000071aa00000| Untracked 
| 208|0x000000071ac00000, 0x000000071ac00000, 0x000000071ae00000|  0%| F|  |TAMS 0x000000071ac00000, 0x000000071ac00000| Untracked 
| 209|0x000000071ae00000, 0x000000071ae00000, 0x000000071b000000|  0%| F|  |TAMS 0x000000071ae00000, 0x000000071ae00000| Untracked 
| 210|0x000000071b000000, 0x000000071b000000, 0x000000071b200000|  0%| F|  |TAMS 0x000000071b000000, 0x000000071b000000| Untracked 

Card table byte_map: [0x000002855e710000,0x000002855ef10000] _byte_map_base: 0x000002855af0a000

Marking Bits (Prev, Next): (CMBitMap*) 0x0000028557c92620, (CMBitMap*) 0x0000028557c92660
 Prev Bits: [0x000002855f710000, 0x00000285636e0000)
 Next Bits: [0x00000285636e0000, 0x00000285676b0000)

Polling page: 0x0000028555940000

Metaspace:

Usage:
  Non-class:     35.96 MB used.
      Class:      5.10 MB used.
       Both:     41.06 MB used.

Virtual space:
  Non-class space:       40.00 MB reserved,      36.19 MB ( 90%) committed,  5 nodes.
      Class space:        1.00 GB reserved,       5.25 MB ( <1%) committed,  1 nodes.
             Both:        1.04 GB reserved,      41.44 MB (  4%) committed. 

Chunk freelists:
   Non-Class:  3.53 MB
       Class:  2.57 MB
        Both:  6.10 MB

MaxMetaspaceSize: unlimited
CompressedClassSpaceSize: 1.00 GB
Initial GC threshold: 21.00 MB
Current GC threshold: 59.38 MB
CDS: off
MetaspaceReclaimPolicy: balanced
 - commit_granule_bytes: 65536.
 - commit_granule_words: 8192.
 - virtual_space_node_default_size: 1048576.
 - enlarge_chunks_in_place: 1.
 - new_chunks_are_fully_committed: 0.
 - uncommit_free_chunks: 1.
 - use_allocation_guard: 0.
 - handle_deallocations: 1.


Internal statistics:

num_allocs_failed_limit: 8.
num_arena_births: 394.
num_arena_deaths: 0.
num_vsnodes_births: 6.
num_vsnodes_deaths: 0.
num_space_committed: 663.
num_space_uncommitted: 0.
num_chunks_returned_to_freelist: 8.
num_chunks_taken_from_freelist: 1628.
num_chunk_merges: 8.
num_chunk_splits: 1140.
num_chunks_enlarged: 887.
num_purges: 0.
num_inconsistent_stats: 0.

CodeCache: size=49152Kb used=15012Kb max_used=15012Kb free=34139Kb
 bounds [0x000002855a8b0000, 0x000002855b760000, 0x000002855d8b0000]
 total_blobs=5030 nmethods=4464 adapters=482
 compilation: enabled
              stopped_count=0, restarted_count=0
 full_count=0

Compilation events (20 events):
Event: 3.165 Thread 0x000002856b2ad100 4455       1       jdk.internal.jimage.ImageReader::ensureOpen (18 bytes)
Event: 3.166 Thread 0x000002856b2ad100 nmethod 4455 0x000002855b752a90 code [0x000002855b752c20, 0x000002855b752d88]
Event: 3.166 Thread 0x000002856f4df4e0 4456   !   1       java.lang.ClassLoader::loadClass (121 bytes)
Event: 3.167 Thread 0x000002856f4df4e0 nmethod 4456 0x000002855b752e10 code [0x000002855b7530e0, 0x000002855b753ed8]
Event: 3.168 Thread 0x000002856f57e380 4457   !   1       io.github.classgraph.ModuleReaderProxy::<init> (74 bytes)
Event: 3.169 Thread 0x000002856f57e380 nmethod 4457 0x000002855b754990 code [0x000002855b754ba0, 0x000002855b755158]
Event: 3.169 Thread 0x000002856f4df4e0 4458       1       io.github.classgraph.ModuleRef::open (9 bytes)
Event: 3.169 Thread 0x000002856f4df4e0 nmethod 4458 0x000002855b755490 code [0x000002855b755620, 0x000002855b755768]
Event: 3.169 Thread 0x000002856c5ccf30 4459       1       nonapi.io.github.classgraph.fastzipfilereader.NestedJarHandler$5$1::newInstance (8 bytes)
Event: 3.170 Thread 0x000002856c5ccf30 nmethod 4459 0x000002855b755810 code [0x000002855b7559a0, 0x000002855b755ae8]
Event: 3.177 Thread 0x000002856f57e380 4460       1       nonapi.io.github.classgraph.fastzipfilereader.NestedJarHandler$5$1::newInstance (5 bytes)
Event: 3.178 Thread 0x000002856f57e380 nmethod 4460 0x000002855b755c10 code [0x000002855b755da0, 0x000002855b755ee8]
Event: 3.178 Thread 0x000002856f4df4e0 4461   !   1       java.util.concurrent.locks.AbstractQueuedSynchronizer::acquire (407 bytes)
Event: 3.180 Thread 0x000002856f57e380 4462       1       jdk.internal.module.SystemModuleFinders$2::get (5 bytes)
Event: 3.181 Thread 0x000002856f57e380 nmethod 4462 0x000002855b756010 code [0x000002855b7561a0, 0x000002855b756348]
Event: 3.181 Thread 0x000002856f570870 4463       1       sun.security.jca.ProviderList::getProvider (22 bytes)
Event: 3.181 Thread 0x000002856f4df4e0 nmethod 4461 0x000002855b756410 code [0x000002855b7566a0, 0x000002855b757958]
Event: 3.181 Thread 0x000002856f570870 nmethod 4463 0x000002855b758090 code [0x000002855b758240, 0x000002855b758368]
Event: 3.189 Thread 0x000002856c5ccf30 4464   !   1       jdk.internal.reflect.GeneratedMethodAccessor26::invoke (61 bytes)
Event: 3.221 Thread 0x000002856c5ccf30 nmethod 4464 0x000002855b758790 code [0x000002855b7589a0, 0x000002855b758e48]

GC Heap History (20 events):
Event: 2.685 GC heap after
{Heap after GC invocations=13 (full 0):
 garbage-first heap   total 122880K, used 41352K [0x0000000700c00000, 0x0000000800000000)
  region size 2048K, 5 young (10240K), 5 survivors (10240K)
 Metaspace       used 37536K, committed 37824K, reserved 1089536K
  class space    used 4747K, committed 4864K, reserved 1048576K
}
Event: 2.764 GC heap before
{Heap before GC invocations=13 (full 0):
 garbage-first heap   total 122880K, used 78216K [0x0000000700c00000, 0x0000000800000000)
  region size 2048K, 24 young (49152K), 5 survivors (10240K)
 Metaspace       used 38418K, committed 38720K, reserved 1089536K
  class space    used 4832K, committed 4992K, reserved 1048576K
}
Event: 2.770 GC heap after
{Heap after GC invocations=14 (full 0):
 garbage-first heap   total 122880K, used 49351K [0x0000000700c00000, 0x0000000800000000)
  region size 2048K, 3 young (6144K), 3 survivors (6144K)
 Metaspace       used 38418K, committed 38720K, reserved 1089536K
  class space    used 4832K, committed 4992K, reserved 1048576K
}
Event: 2.887 GC heap before
{Heap before GC invocations=14 (full 0):
 garbage-first heap   total 122880K, used 82119K [0x0000000700c00000, 0x0000000800000000)
  region size 2048K, 20 young (40960K), 3 survivors (6144K)
 Metaspace       used 39286K, committed 39680K, reserved 1089536K
  class space    used 4963K, committed 5120K, reserved 1048576K
}
Event: 2.892 GC heap after
{Heap after GC invocations=15 (full 0):
 garbage-first heap   total 202752K, used 58443K [0x0000000700c00000, 0x0000000800000000)
  region size 2048K, 3 young (6144K), 3 survivors (6144K)
 Metaspace       used 39286K, committed 39680K, reserved 1089536K
  class space    used 4963K, committed 5120K, reserved 1048576K
}
Event: 2.951 GC heap before
{Heap before GC invocations=15 (full 0):
 garbage-first heap   total 202752K, used 134219K [0x0000000700c00000, 0x0000000800000000)
  region size 2048K, 41 young (83968K), 3 survivors (6144K)
 Metaspace       used 40641K, committed 41024K, reserved 1089536K
  class space    used 5111K, committed 5312K, reserved 1048576K
}
Event: 2.964 GC heap after
{Heap after GC invocations=16 (full 0):
 garbage-first heap   total 202752K, used 70810K [0x0000000700c00000, 0x0000000800000000)
  region size 2048K, 6 young (12288K), 6 survivors (12288K)
 Metaspace       used 40641K, committed 41024K, reserved 1089536K
  class space    used 5111K, committed 5312K, reserved 1048576K
}
Event: 2.978 GC heap before
{Heap before GC invocations=16 (full 0):
 garbage-first heap   total 202752K, used 138394K [0x0000000700c00000, 0x0000000800000000)
  region size 2048K, 40 young (81920K), 6 survivors (12288K)
 Metaspace       used 40660K, committed 41088K, reserved 1089536K
  class space    used 5114K, committed 5312K, reserved 1048576K
}
Event: 2.982 GC heap after
{Heap after GC invocations=17 (full 0):
 garbage-first heap   total 202752K, used 75081K [0x0000000700c00000, 0x0000000800000000)
  region size 2048K, 2 young (4096K), 2 survivors (4096K)
 Metaspace       used 40660K, committed 41088K, reserved 1089536K
  class space    used 5114K, committed 5312K, reserved 1048576K
}
Event: 2.999 GC heap before
{Heap before GC invocations=17 (full 0):
 garbage-first heap   total 202752K, used 144713K [0x0000000700c00000, 0x0000000800000000)
  region size 2048K, 37 young (75776K), 2 survivors (4096K)
 Metaspace       used 40730K, committed 41088K, reserved 1089536K
  class space    used 5117K, committed 5312K, reserved 1048576K
}
Event: 3.002 GC heap after
{Heap after GC invocations=18 (full 0):
 garbage-first heap   total 202752K, used 77438K [0x0000000700c00000, 0x0000000800000000)
  region size 2048K, 4 young (8192K), 4 survivors (8192K)
 Metaspace       used 40730K, committed 41088K, reserved 1089536K
  class space    used 5117K, committed 5312K, reserved 1048576K
}
Event: 3.014 GC heap before
{Heap before GC invocations=18 (full 0):
 garbage-first heap   total 202752K, used 147070K [0x0000000700c00000, 0x0000000800000000)
  region size 2048K, 39 young (79872K), 4 survivors (8192K)
 Metaspace       used 41068K, committed 41472K, reserved 1089536K
  class space    used 5117K, committed 5312K, reserved 1048576K
}
Event: 3.020 GC heap after
{Heap after GC invocations=19 (full 0):
 garbage-first heap   total 432128K, used 80559K [0x0000000700c00000, 0x0000000800000000)
  region size 2048K, 4 young (8192K), 4 survivors (8192K)
 Metaspace       used 41068K, committed 41472K, reserved 1089536K
  class space    used 5117K, committed 5312K, reserved 1048576K
}
Event: 3.077 GC heap before
{Heap before GC invocations=19 (full 0):
 garbage-first heap   total 432128K, used 275119K [0x0000000700c00000, 0x0000000800000000)
  region size 2048K, 100 young (204800K), 4 survivors (8192K)
 Metaspace       used 41301K, committed 41728K, reserved 1089536K
  class space    used 5148K, committed 5312K, reserved 1048576K
}
Event: 3.090 GC heap after
{Heap after GC invocations=20 (full 0):
 garbage-first heap   total 432128K, used 87746K [0x0000000700c00000, 0x0000000800000000)
  region size 2048K, 7 young (14336K), 7 survivors (14336K)
 Metaspace       used 41301K, committed 41728K, reserved 1089536K
  class space    used 5148K, committed 5312K, reserved 1048576K
}
Event: 3.152 GC heap before
{Heap before GC invocations=20 (full 0):
 garbage-first heap   total 432128K, used 329410K [0x0000000700c00000, 0x0000000800000000)
  region size 2048K, 126 young (258048K), 7 survivors (14336K)
 Metaspace       used 41566K, committed 41984K, reserved 1089536K
  class space    used 5173K, committed 5376K, reserved 1048576K
}
Event: 3.162 GC heap after
{Heap after GC invocations=21 (full 0):
 garbage-first heap   total 432128K, used 98139K [0x0000000700c00000, 0x0000000800000000)
  region size 2048K, 12 young (24576K), 12 survivors (24576K)
 Metaspace       used 41566K, committed 41984K, reserved 1089536K
  class space    used 5173K, committed 5376K, reserved 1048576K
}
Event: 3.209 GC heap before
{Heap before GC invocations=21 (full 0):
 garbage-first heap   total 432128K, used 329563K [0x0000000700c00000, 0x0000000800000000)
  region size 2048K, 126 young (258048K), 12 survivors (24576K)
 Metaspace       used 41943K, committed 42304K, reserved 1089536K
  class space    used 5207K, committed 5376K, reserved 1048576K
}
Event: 3.221 GC heap after
{Heap after GC invocations=22 (full 0):
 garbage-first heap   total 432128K, used 107176K [0x0000000700c00000, 0x0000000800000000)
  region size 2048K, 10 young (20480K), 10 survivors (20480K)
 Metaspace       used 41943K, committed 42304K, reserved 1089536K
  class space    used 5207K, committed 5376K, reserved 1048576K
}
Event: 3.256 GC heap before
{Heap before GC invocations=22 (full 0):
 garbage-first heap   total 432128K, used 342696K [0x0000000700c00000, 0x0000000800000000)
  region size 2048K, 126 young (258048K), 10 survivors (20480K)
 Metaspace       used 42043K, committed 42432K, reserved 1089536K
  class space    used 5217K, committed 5376K, reserved 1048576K
}

Dll operation events (8 events):
Event: 0.010 Loaded shared library c:\Users\pbj25\.vscode\extensions\redhat.java-1.13.0-win32-x64\jre\17.0.5-win32-x86_64\bin\java.dll
Event: 0.204 Loaded shared library C:\Users\pbj25\.vscode\extensions\redhat.java-1.13.0-win32-x64\jre\17.0.5-win32-x86_64\bin\net.dll
Event: 0.207 Loaded shared library C:\Users\pbj25\.vscode\extensions\redhat.java-1.13.0-win32-x64\jre\17.0.5-win32-x86_64\bin\nio.dll
Event: 0.214 Loaded shared library C:\Users\pbj25\.vscode\extensions\redhat.java-1.13.0-win32-x64\jre\17.0.5-win32-x86_64\bin\zip.dll
Event: 0.342 Loaded shared library c:\Users\pbj25\.vscode\extensions\redhat.java-1.13.0-win32-x64\jre\17.0.5-win32-x86_64\bin\verify.dll
Event: 0.350 Loaded shared library C:\Users\pbj25\.vscode\extensions\redhat.java-1.13.0-win32-x64\jre\17.0.5-win32-x86_64\bin\jimage.dll
Event: 1.157 Loaded shared library C:\Users\pbj25\.vscode\extensions\redhat.java-1.13.0-win32-x64\jre\17.0.5-win32-x86_64\bin\management.dll
Event: 1.159 Loaded shared library C:\Users\pbj25\.vscode\extensions\redhat.java-1.13.0-win32-x64\jre\17.0.5-win32-x86_64\bin\management_ext.dll

Deoptimization events (16 events):
Event: 1.349 Thread 0x0000028557c216a0 DEOPT PACKING pc=0x000002855aeb0f79 sp=0x000000d3cb0fd7a0
Event: 1.349 Thread 0x0000028557c216a0 DEOPT UNPACKING pc=0x000002855a902b43 sp=0x000000d3cb0fcc80 mode 3
Event: 1.765 Thread 0x0000028557c216a0 DEOPT PACKING pc=0x000002855b060355 sp=0x000000d3cb0fb690
Event: 1.765 Thread 0x0000028557c216a0 DEOPT UNPACKING pc=0x000002855a902b43 sp=0x000000d3cb0faba8 mode 3
Event: 2.119 Thread 0x0000028557c216a0 DEOPT PACKING pc=0x000002855b0cf1f9 sp=0x000000d3cb0fcb80
Event: 2.119 Thread 0x0000028557c216a0 DEOPT UNPACKING pc=0x000002855a902b43 sp=0x000000d3cb0fc060 mode 3
Event: 2.376 Thread 0x000002856c9654f0 DEOPT PACKING pc=0x000002855b18a9ed sp=0x000000d3cdafe5f0
Event: 2.376 Thread 0x000002856c9654f0 DEOPT UNPACKING pc=0x000002855a902b43 sp=0x000000d3cdafdb08 mode 3
Event: 2.438 Thread 0x000002856c9654f0 DEOPT PACKING pc=0x000002855b1a2a93 sp=0x000000d3cdafe5f0
Event: 2.438 Thread 0x000002856c9654f0 DEOPT UNPACKING pc=0x000002855a902b43 sp=0x000000d3cdafdb38 mode 3
Event: 2.486 Thread 0x000002856c8cb480 DEOPT PACKING pc=0x000002855aeae709 sp=0x000000d3cd8fd890
Event: 2.486 Thread 0x000002856c8cb480 DEOPT UNPACKING pc=0x000002855a902b43 sp=0x000000d3cd8fcd20 mode 3
Event: 2.807 Thread 0x000002856c963bf0 DEOPT PACKING pc=0x000002855aeac19f sp=0x000000d3cd9ff290
Event: 2.807 Thread 0x000002856c963bf0 DEOPT UNPACKING pc=0x000002855a902b43 sp=0x000000d3cd9fe6e8 mode 3
Event: 2.927 Thread 0x000002856ca55bc0 DEOPT PACKING pc=0x000002855ab36eac sp=0x000000d3cfdfe0d0
Event: 2.927 Thread 0x000002856ca55bc0 DEOPT UNPACKING pc=0x000002855a902b43 sp=0x000000d3cfdfd598 mode 0

Classes unloaded (0 events):
No events

Classes redefined (0 events):
No events

Internal exceptions (20 events):
Event: 2.476 Thread 0x000002856ca3b9c0 Exception <a 'sun/nio/fs/WindowsException'{0x0000000703198b08}> (0x0000000703198b08) 
thrown [s\src\hotspot\share\prims\jni.cpp, line 516]
Event: 2.477 Thread 0x000002856ca3b9c0 Exception <a 'sun/nio/fs/WindowsException'{0x0000000703199508}> (0x0000000703199508) 
thrown [s\src\hotspot\share\prims\jni.cpp, line 516]
Event: 2.477 Thread 0x000002856ca3b9c0 Exception <a 'sun/nio/fs/WindowsException'{0x00000007031998c8}> (0x00000007031998c8) 
thrown [s\src\hotspot\share\prims\jni.cpp, line 516]
Event: 2.477 Thread 0x000002856ca3b9c0 Exception <a 'sun/nio/fs/WindowsException'{0x000000070319a2c8}> (0x000000070319a2c8) 
thrown [s\src\hotspot\share\prims\jni.cpp, line 516]
Event: 2.477 Thread 0x000002856ca3b9c0 Exception <a 'sun/nio/fs/WindowsException'{0x000000070319a678}> (0x000000070319a678) 
thrown [s\src\hotspot\share\prims\jni.cpp, line 516]
Event: 2.477 Thread 0x000002856ca3b9c0 Exception <a 'sun/nio/fs/WindowsException'{0x000000070319b078}> (0x000000070319b078) 
thrown [s\src\hotspot\share\prims\jni.cpp, line 516]
Event: 2.477 Thread 0x000002856ca3b9c0 Exception <a 'sun/nio/fs/WindowsException'{0x000000070319b438}> (0x000000070319b438) 
thrown [s\src\hotspot\share\prims\jni.cpp, line 516]
Event: 2.478 Thread 0x000002856ca3b9c0 Exception <a 'sun/nio/fs/WindowsException'{0x000000070319be60}> (0x000000070319be60) 
thrown [s\src\hotspot\share\prims\jni.cpp, line 516]
Event: 2.479 Thread 0x000002856ca3b9c0 Exception <a 'sun/nio/fs/WindowsException'{0x000000070319c240}> (0x000000070319c240) 
thrown [s\src\hotspot\share\prims\jni.cpp, line 516]
Event: 2.480 Thread 0x000002856ca3b9c0 Exception <a 'sun/nio/fs/WindowsException'{0x000000070319cc78}> (0x000000070319cc78) 
thrown [s\src\hotspot\share\prims\jni.cpp, line 516]
Event: 2.480 Thread 0x000002856ca3b9c0 Exception <a 'sun/nio/fs/WindowsException'{0x000000070319d068}> (0x000000070319d068) 
thrown [s\src\hotspot\share\prims\jni.cpp, line 516]
Event: 2.480 Thread 0x000002856ca3b9c0 Exception <a 'sun/nio/fs/WindowsException'{0x000000070319da90}> (0x000000070319da90) 
thrown [s\src\hotspot\share\prims\jni.cpp, line 516]
Event: 2.480 Thread 0x000002856ca3b9c0 Exception <a 'sun/nio/fs/WindowsException'{0x00000007031c86e8}> (0x00000007031c86e8) 
thrown [s\src\hotspot\share\prims\jni.cpp, line 516]
Event: 2.750 Thread 0x000002856c963bf0 Exception <a 'java/lang/NoSuchMethodError'{0x0000000706182320}: 'java.lang.Object java.lang.invoke.Invokers$Holder.invoke_MT(java.lang.Object, java.lang.Object, java.lang.Object)'> (0x0000000706182320) 
thrown [s\src\hotspot\share\interpreter\linkResolver.cpp, line 759]
Event: 2.803 Thread 0x000002856c963bf0 Exception <a 'java/lang/NoSuchMethodError'{0x000000070e99fb88}: 'java.lang.Object java.lang.invoke.DirectMethodHandle$Holder.newInvokeSpecial(java.lang.Object, java.lang.Object, int)'> (0x000000070e99fb88) 
thrown [s\src\hotspot\share\interpreter\linkResolver.cpp, line 759]
Event: 2.807 Thread 0x000002856ca59a50 Exception <a 'java/lang/NoSuchMethodError'{0x0000000708854720}: 'java.lang.Object java.lang.invoke.Invokers$Holder.linkToTargetMethod(java.lang.Object, long, java.lang.Object)'> (0x0000000708854720) 
thrown [s\src\hotspot\share\interpreter\linkResolver.cpp, line 759]
Event: 2.813 Thread 0x000002856ca59a50 Exception <a 'sun/nio/fs/WindowsException'{0x0000000708927f10}> (0x0000000708927f10) 
thrown [s\src\hotspot\share\prims\jni.cpp, line 516]
Event: 2.894 Thread 0x000002856ca55bc0 Exception <a 'java/lang/NoSuchMethodError'{0x0000000710a17e08}: 'void java.lang.invoke.DirectMethodHandle$Holder.invokeVirtual(java.lang.Object, java.lang.Object, java.lang.Object, java.lang.Object)'> (0x0000000710a17e08) 
thrown [s\src\hotspot\share\interpreter\linkResolver.cpp, line 759]
Event: 3.097 Thread 0x000002856ca55bc0 Exception <a 'sun/nio/fs/WindowsException'{0x000000071994a608}> (0x000000071994a608) 
thrown [s\src\hotspot\share\prims\jni.cpp, line 516]
Event: 3.221 Thread 0x000002856ca55bc0 Exception <a 'java/lang/NoSuchMethodError'{0x000000071b068ee0}: 'int java.lang.invoke.DirectMethodHandle$Holder.invokeStaticInit(java.lang.Object, java.lang.Object, java.lang.Object, java.lang.Object)'> (0x000000071b068ee0) 
thrown [s\src\hotspot\share\interpreter\linkResolver.cpp, line 759]

VM Operations (20 events):
Event: 3.014 Executing VM operation: HandshakeAllThreads done
Event: 3.014 Executing VM operation: G1CollectForAllocation
Event: 3.020 Executing VM operation: G1CollectForAllocation done
Event: 3.039 Executing VM operation: HandshakeAllThreads
Event: 3.040 Executing VM operation: HandshakeAllThreads done
Event: 3.071 Executing VM operation: G1CollectForAllocation
Event: 3.092 Executing VM operation: G1CollectForAllocation done
Event: 3.099 Executing VM operation: HandshakeAllThreads
Event: 3.100 Executing VM operation: HandshakeAllThreads done
Event: 3.149 Executing VM operation: G1CollectForAllocation
Event: 3.152 Executing VM operation: G1CollectForAllocation done
Event: 3.152 Executing VM operation: G1CollectForAllocation
Event: 3.162 Executing VM operation: G1CollectForAllocation done
Event: 3.196 Executing VM operation: G1CollectForAllocation
Event: 3.209 Executing VM operation: G1CollectForAllocation done
Event: 3.209 Executing VM operation: G1CollectForAllocation
Event: 3.221 Executing VM operation: G1CollectForAllocation done
Event: 3.254 Executing VM operation: G1CollectForAllocation
Event: 3.256 Executing VM operation: G1CollectForAllocation done
Event: 3.256 Executing VM operation: G1CollectForAllocation

Events (20 events):
Event: 3.180 loading class com/sun/crypto/provider/SymmetricCipher done
Event: 3.180 loading class com/sun/crypto/provider/DESCrypt done
Event: 3.180 loading class com/sun/crypto/provider/ElectronicCodeBook
Event: 3.180 loading class com/sun/crypto/provider/FeedbackCipher
Event: 3.180 loading class com/sun/crypto/provider/FeedbackCipher done
Event: 3.180 loading class com/sun/crypto/provider/ElectronicCodeBook done
Event: 3.180 loading class com/sun/crypto/provider/PKCS5Padding
Event: 3.180 loading class com/sun/crypto/provider/Padding
Event: 3.180 loading class com/sun/crypto/provider/Padding done
Event: 3.180 loading class com/sun/crypto/provider/PKCS5Padding done
Event: 3.180 loading class com/sun/crypto/provider/CipherBlockChaining
Event: 3.180 loading class com/sun/crypto/provider/CipherBlockChaining done
Event: 3.181 loading class sun/security/ssl/SSLCipher$T11BlockReadCipherGenerator
Event: 3.181 loading class sun/security/ssl/SSLCipher$T11BlockReadCipherGenerator done
Event: 3.181 loading class sun/security/ssl/SSLCipher$T11BlockWriteCipherGenerator
Event: 3.181 loading class sun/security/ssl/SSLCipher$T11BlockWriteCipherGenerator done
Event: 3.181 loading class javax/crypto/JceSecurityManager
Event: 3.181 loading class javax/crypto/JceSecurityManager done
Event: 3.221 loading class java/util/ResourceBundle$Control$1
Event: 3.221 loading class java/util/ResourceBundle$Control$1 done


Dynamic libraries:
0x00007ff60e470000 - 0x00007ff60e47e000 	c:\Users\pbj25\.vscode\extensions\redhat.java-1.13.0-win32-x64\jre\17.0.5-win32-x86_64\bin\java.exe
0x00007ffe04550000 - 0x00007ffe04748000 	C:\WINDOWS\SYSTEM32\ntdll.dll
0x00007ffe025a0000 - 0x00007ffe0265f000 	C:\WINDOWS\System32\KERNEL32.DLL
0x00007ffe021e0000 - 0x00007ffe024b2000 	C:\WINDOWS\System32\KERNELBASE.dll
0x00007ffe01c50000 - 0x00007ffe01d50000 	C:\WINDOWS\System32\ucrtbase.dll
0x00007ffdff370000 - 0x00007ffdff387000 	c:\Users\pbj25\.vscode\extensions\redhat.java-1.13.0-win32-x64\jre\17.0.5-win32-x86_64\bin\jli.dll
0x00007ffe02c20000 - 0x00007ffe02dbd000 	C:\WINDOWS\System32\USER32.dll
0x00007ffe02050000 - 0x00007ffe02072000 	C:\WINDOWS\System32\win32u.dll
0x00007ffe03e20000 - 0x00007ffe03e4b000 	C:\WINDOWS\System32\GDI32.dll
0x00007ffe01f40000 - 0x00007ffe0204f000 	C:\WINDOWS\System32\gdi32full.dll
0x00007ffe01ea0000 - 0x00007ffe01f3d000 	C:\WINDOWS\System32\msvcp_win.dll
0x00007ffdfd750000 - 0x00007ffdfd769000 	c:\Users\pbj25\.vscode\extensions\redhat.java-1.13.0-win32-x64\jre\17.0.5-win32-x86_64\bin\VCRUNTIME140.dll
0x00007ffdf0640000 - 0x00007ffdf08da000 	C:\WINDOWS\WinSxS\amd64_microsoft.windows.common-controls_6595b64144ccf1df_6.0.19041.1110_none_60b5254171f9507e\COMCTL32.dll
0x00007ffe03280000 - 0x00007ffe0331e000 	C:\WINDOWS\System32\msvcrt.dll
0x00007ffe02880000 - 0x00007ffe028b2000 	C:\WINDOWS\System32\IMM32.DLL
0x00007ffdff3e0000 - 0x00007ffdff3ec000 	c:\Users\pbj25\.vscode\extensions\redhat.java-1.13.0-win32-x64\jre\17.0.5-win32-x86_64\bin\vcruntime140_1.dll
0x00007ffddd410000 - 0x00007ffddd4a1000 	c:\Users\pbj25\.vscode\extensions\redhat.java-1.13.0-win32-x64\jre\17.0.5-win32-x86_64\bin\msvcp140.dll
0x00007ffd9a1e0000 - 0x00007ffd9ae24000 	c:\Users\pbj25\.vscode\extensions\redhat.java-1.13.0-win32-x64\jre\17.0.5-win32-x86_64\bin\server\jvm.dll
0x00007ffe033e0000 - 0x00007ffe0348e000 	C:\WINDOWS\System32\ADVAPI32.dll
0x00007ffe02660000 - 0x00007ffe026fc000 	C:\WINDOWS\System32\sechost.dll
0x00007ffe043e0000 - 0x00007ffe04505000 	C:\WINDOWS\System32\RPCRT4.dll
0x00007ffdfb2a0000 - 0x00007ffdfb2a9000 	C:\WINDOWS\SYSTEM32\WSOCK32.dll
0x00007ffe03d00000 - 0x00007ffe03d6b000 	C:\WINDOWS\System32\WS2_32.dll
0x00007ffdfc800000 - 0x00007ffdfc80a000 	C:\WINDOWS\SYSTEM32\VERSION.dll
0x00007ffdf7ec0000 - 0x00007ffdf7ee7000 	C:\WINDOWS\SYSTEM32\WINMM.dll
0x00007ffdffae0000 - 0x00007ffdffaf2000 	C:\WINDOWS\SYSTEM32\kernel.appcore.dll
0x00007ffdff3b0000 - 0x00007ffdff3ba000 	c:\Users\pbj25\.vscode\extensions\redhat.java-1.13.0-win32-x64\jre\17.0.5-win32-x86_64\bin\jimage.dll
0x00007ffdf68a0000 - 0x00007ffdf6a84000 	C:\WINDOWS\SYSTEM32\DBGHELP.DLL
0x00007ffdf0c70000 - 0x00007ffdf0c9c000 	C:\WINDOWS\SYSTEM32\dbgcore.DLL
0x00007ffe024c0000 - 0x00007ffe02542000 	C:\WINDOWS\System32\bcryptPrimitives.dll
0x00007ffde5a40000 - 0x00007ffde5a65000 	c:\Users\pbj25\.vscode\extensions\redhat.java-1.13.0-win32-x64\jre\17.0.5-win32-x86_64\bin\java.dll
0x00007ffdf7b70000 - 0x00007ffdf7b88000 	c:\Users\pbj25\.vscode\extensions\redhat.java-1.13.0-win32-x64\jre\17.0.5-win32-x86_64\bin\zip.dll
0x00007ffe034f0000 - 0x00007ffe03c33000 	C:\WINDOWS\System32\SHELL32.dll
0x00007ffdffce0000 - 0x00007ffe00472000 	C:\WINDOWS\SYSTEM32\windows.storage.dll
0x00007ffe02dc0000 - 0x00007ffe03114000 	C:\WINDOWS\System32\combase.dll
0x00007ffe015d0000 - 0x00007ffe01600000 	C:\WINDOWS\SYSTEM32\Wldp.dll
0x00007ffe03d70000 - 0x00007ffe03e1d000 	C:\WINDOWS\System32\SHCORE.dll
0x00007ffe02800000 - 0x00007ffe02855000 	C:\WINDOWS\System32\shlwapi.dll
0x00007ffe01b90000 - 0x00007ffe01baf000 	C:\WINDOWS\SYSTEM32\profapi.dll
0x00007ffdf4dd0000 - 0x00007ffdf4de9000 	C:\Users\pbj25\.vscode\extensions\redhat.java-1.13.0-win32-x64\jre\17.0.5-win32-x86_64\bin\net.dll
0x00007ffdfb320000 - 0x00007ffdfb42c000 	C:\WINDOWS\SYSTEM32\WINHTTP.dll
0x00007ffe013b0000 - 0x00007ffe0141a000 	C:\WINDOWS\system32\mswsock.dll
0x00007ffdf4c90000 - 0x00007ffdf4ca5000 	C:\Users\pbj25\.vscode\extensions\redhat.java-1.13.0-win32-x64\jre\17.0.5-win32-x86_64\bin\nio.dll
0x00007ffdf7b10000 - 0x00007ffdf7b20000 	c:\Users\pbj25\.vscode\extensions\redhat.java-1.13.0-win32-x64\jre\17.0.5-win32-x86_64\bin\verify.dll
0x00007ffdf7710000 - 0x00007ffdf7719000 	C:\Users\pbj25\.vscode\extensions\redhat.java-1.13.0-win32-x64\jre\17.0.5-win32-x86_64\bin\management.dll
0x00007ffdf7560000 - 0x00007ffdf756b000 	C:\Users\pbj25\.vscode\extensions\redhat.java-1.13.0-win32-x64\jre\17.0.5-win32-x86_64\bin\management_ext.dll
0x00007ffe03c40000 - 0x00007ffe03c48000 	C:\WINDOWS\System32\PSAPI.DLL
0x00007ffdea4e0000 - 0x00007ffdea4f7000 	C:\WINDOWS\system32\napinsp.dll
0x00007ffde7130000 - 0x00007ffde714b000 	C:\WINDOWS\system32\pnrpnsp.dll
0x00007ffde7400000 - 0x00007ffde7415000 	C:\WINDOWS\system32\wshbth.dll
0x00007ffdfd700000 - 0x00007ffdfd71d000 	C:\WINDOWS\system32\NLAapi.dll
0x00007ffe01070000 - 0x00007ffe010ab000 	C:\WINDOWS\SYSTEM32\IPHLPAPI.DLL
0x00007ffe010c0000 - 0x00007ffe0118a000 	C:\WINDOWS\SYSTEM32\DNSAPI.dll
0x00007ffe027e0000 - 0x00007ffe027e8000 	C:\WINDOWS\System32\NSI.dll
0x00007ffde73e0000 - 0x00007ffde73f2000 	C:\WINDOWS\System32\winrnr.dll
0x00007ffdfae50000 - 0x00007ffdfae5a000 	C:\Windows\System32\rasadhlp.dll
0x00007ffdfaae0000 - 0x00007ffdfab60000 	C:\WINDOWS\System32\fwpuclnt.dll
0x00007ffe01dc0000 - 0x00007ffe01de7000 	C:\WINDOWS\System32\bcrypt.dll
0x00007ffe01610000 - 0x00007ffe01628000 	C:\WINDOWS\SYSTEM32\CRYPTSP.dll
0x00007ffe00c80000 - 0x00007ffe00cb4000 	C:\WINDOWS\system32\rsaenh.dll
0x00007ffe01b10000 - 0x00007ffe01b3e000 	C:\WINDOWS\SYSTEM32\USERENV.dll
0x00007ffe01540000 - 0x00007ffe0154c000 	C:\WINDOWS\SYSTEM32\CRYPTBASE.dll
0x00007ffdfcb40000 - 0x00007ffdfcb57000 	C:\WINDOWS\SYSTEM32\dhcpcsvc6.DLL
0x00007ffdfcb10000 - 0x00007ffdfcb2d000 	C:\WINDOWS\SYSTEM32\dhcpcsvc.DLL

dbghelp: loaded successfully - version: 4.0.5 - missing functions: none
symbol engine: initialized successfully - sym options: 0x614 - pdb path: .;c:\Users\pbj25\.vscode\extensions\redhat.java-1.13.0-win32-x64\jre\17.0.5-win32-x86_64\bin;C:\WINDOWS\SYSTEM32;C:\WINDOWS\WinSxS\amd64_microsoft.windows.common-controls_6595b64144ccf1df_6.0.19041.1110_none_60b5254171f9507e;c:\Users\pbj25\.vscode\extensions\redhat.java-1.13.0-win32-x64\jre\17.0.5-win32-x86_64\bin\server

VM Arguments:
jvm_args: -Dsts.lsp.client=vscode -Dsts.log.file=/dev/null -XX:TieredStopAtLevel=1 -Xlog:jni+resolve=off -Dspring.config.location=file:c:\Users\pbj25\.vscode\extensions\pivotal.vscode-spring-boot-1.42.0\language-server\BOOT-INF\classes\application.properties 
java_command: org.springframework.ide.vscode.boot.app.BootLanguageServerBootApp
java_class_path (initial): c:\Users\pbj25\.vscode\extensions\pivotal.vscode-spring-boot-1.42.0\language-server\BOOT-INF\classes;c:\Users\pbj25\.vscode\extensions\pivotal.vscode-spring-boot-1.42.0\language-server\BOOT-INF\lib\annotations-23.1.0.jar;c:\Users\pbj25\.vscode\extensions\pivotal.vscode-spring-boot-1.42.0\language-server\BOOT-INF\lib\ant-1.10.12.jar;c:\Users\pbj25\.vscode\extensions\pivotal.vscode-spring-boot-1.42.0\language-server\BOOT-INF\lib\ant-launcher-1.10.12.jar;c:\Users\pbj25\.vscode\extensions\pivotal.vscode-spring-boot-1.42.0\language-server\BOOT-INF\lib\antlr-runtime-3.5.2.jar;c:\Users\pbj25\.vscode\extensions\pivotal.vscode-spring-boot-1.42.0\language-server\BOOT-INF\lib\antlr4-4.9.3.jar;c:\Users\pbj25\.vscode\extensions\pivotal.vscode-spring-boot-1.42.0\language-server\BOOT-INF\lib\antlr4-runtime-4.9.3.jar;c:\Users\pbj25\.vscode\extensions\pivotal.vscode-spring-boot-1.42.0\language-server\BOOT-INF\lib\apiguardian-api-1.1.2.jar;c:\Users\pbj25\.vscode\extensions\pivotal.vscode-spring-boot-1.42.0\language-server\BOOT-INF\lib\asm-9.4.jar;c:\Users\pbj25\.vscode\extensions\pivotal.vscode-spring-boot-1.42.0\language-server\BOOT-INF\lib\asm-analysis-9.4.jar;c:\Users\pbj25\.vscode\extensions\pivotal.vscode-spring-boot-1.42.0\language-server\BOOT-INF\lib\asm-tree-9.4.jar;c:\Users\pbj25\.vscode\extensions\pivotal.vscode-spring-boot-1.42.0\language-server\BOOT-INF\lib\asm-util-9.4.jar;c:\Users\pbj25\.vscode\extensions\pivotal.vscode-spring-boot-1.42.0\language-server\BOOT-INF\lib\caffeine-2.9.3.jar;c:\Users\pbj25\.vscode\extensions\pivotal.vscode-spring-boot-1.42.0\language-server\BOOT-INF\lib\checker-qual-3.12.0.jar;c:\Users\pbj25\.vscode\extensions\pivotal.vscode-spring-boot-1.42.0\language-server\BOOT-INF\lib\ci-environment-9.1.0.jar;c:\Users\pbj25\.vscode\extensions\pivotal.vscode-spring-boot-1.42.0\language-server\BOOT-INF\lib\classgraph-4.8.149.jar;c:\Users\pbj25\.vscode\extensions\pivotal.vscode-spring-boot-1.42.0\language-server\BOOT-INF\lib\comm
Launcher Type: SUN_STANDARD

[Global flags]
     intx CICompilerCount                          = 12                                        {product} {ergonomic}
     uint ConcGCThreads                            = 3                                         {product} {ergonomic}
     uint G1ConcRefinementThreads                  = 13                                        {product} {ergonomic}
   size_t G1HeapRegionSize                         = 2097152                                   {product} {ergonomic}
    uintx GCDrainStackTargetSize                   = 64                                        {product} {ergonomic}
   size_t InitialHeapSize                          = 268435456                                 {product} {ergonomic}
   size_t MarkStackSize                            = 4194304                                   {product} {ergonomic}
   size_t MaxHeapSize                              = 4282384384                                {product} {ergonomic}
   size_t MaxNewSize                               = 2569011200                                {product} {ergonomic}
   size_t MinHeapDeltaBytes                        = 2097152                                   {product} {ergonomic}
   size_t MinHeapSize                              = 8388608                                   {product} {ergonomic}
    uintx NonProfiledCodeHeapSize                  = 0                                      {pd product} {ergonomic}
     bool ProfileInterpreter                       = false                                  {pd product} {command line}
    uintx ProfiledCodeHeapSize                     = 0                                      {pd product} {ergonomic}
   size_t SoftMaxHeapSize                          = 4282384384                             {manageable} {ergonomic}
     intx TieredStopAtLevel                        = 1                                         {product} {command line}
     bool UseCompressedClassPointers               = true                           {product lp64_product} {ergonomic}
     bool UseCompressedOops                        = true                           {product lp64_product} {ergonomic}
     bool UseG1GC                                  = true                                      {product} {ergonomic}
     bool UseLargePagesIndividualAllocation        = false                                  {pd product} {ergonomic}

Logging:
Log output configuration:
 #0: stdout all=warning,jni+resolve=off uptime,level,tags
 #1: stderr all=off uptime,level,tags

Environment Variables:
JAVA_HOME=C:\Program Files\Java\jdk-17.0.5
PATH=C:\Program Files\Eclipse Adoptium\jdk-17.0.4.101-hotspot\bin;C:\WINDOWS\system32;C:\WINDOWS;C:\WINDOWS\System32\Wbem;C:\WINDOWS\System32\WindowsPowerShell\v1.0\;C:\WINDOWS\System32\OpenSSH\;C:\Program Files (x86)\NVIDIA Corporation\PhysX\Common;C:\Program Files\NVIDIA Corporation\NVIDIA NvDLISR;C:\Program Files\Java\jdk-17.0.5\bin;C:\Program Files\Git\cmd;C:\Program Files\nodejs\;C:\Develops\apache-maven-3.8.6\bin;C:\Program Files\MySQL\MySQL Shell 8.0\bin\;C:\Users\pbj25\AppData\Local\Programs\Python\Python39\Scripts\;C:\Users\pbj25\AppData\Local\Programs\Python\Python39\;C:\Users\pbj25\AppData\Local\Microsoft\WindowsApps;C:\Program Files\Bandizip\;C:\Users\pbj25\AppData\Local\Programs\Microsoft VS Code\bin;C:\Users\pbj25\AppData\Local\GitHubDesktop\bin;C:\Users\pbj25\AppData\Roaming\npm
USERNAME=pbj25
OS=Windows_NT
PROCESSOR_IDENTIFIER=AMD64 Family 23 Model 113 Stepping 0, AuthenticAMD
TMP=C:\Users\pbj25\AppData\Local\Temp
TEMP=C:\Users\pbj25\AppData\Local\Temp



---------------  S Y S T E M  ---------------

OS:
 Windows 10 , 64 bit Build 19041 (10.0.19041.2251)
OS uptime: 11 days 1:42 hours
Hyper-V role detected

CPU: total 16 (initial active 16) (16 cores per cpu, 2 threads per core) family 23 model 113 stepping 0 microcode 0x0, cx8, cmov, fxsr, ht, mmx, 3dnowpref, sse, sse2, sse3, ssse3, sse4a, sse4.1, sse4.2, popcnt, lzcnt, tsc, tscinvbit, avx, avx2, aes, clmul, bmi1, bmi2, adx, sha, fma, vzeroupper, clflush, clflushopt, hv

Memory: 4k page, system-wide physical 16332M (1603M free)
TotalPageFile size 26332M (AvailPageFile size 316M)
current process WorkingSet (physical memory assigned to process): 565M, peak: 565M
current process commit charge ("private bytes"): 606M, peak: 1220M

vm_info: OpenJDK 64-Bit Server VM (17.0.5+8) for windows-amd64 JRE (17.0.5+8), built on Oct 19 2022 04:48:13 by "temurin" with MS VC++ 16.7 (VS2019)

END.
